2024-12-13 00:43:04,900 [ERROR] LogOutputStream:75 - [STDERR_REDIRECT] 
2024-12-13 08:48:30,208 [INFO] Activator:176 - 


2024-12-13 08:48:30,223 [INFO] Activator:177 - !SESSION log4j initialized
2024-12-13 08:48:49,191 [INFO] LogOutputStream:77 - [STDOUT_REDIRECT] 
2024-12-13 08:49:43,062 [INFO] ApplicationProperties:184 - Using Application install path: D:\ST\STM32CubeIDE_1.16.0\STM32CubeIDE\plugins\com.st.stm32cube.common.mx_6.12.1.202409122256
2024-12-13 08:49:43,153 [INFO] DbMcusXml:78 - Set database path to: D:\ST\STM32CubeIDE_1.16.0\STM32CubeIDE\plugins\com.st.stm32cube.common.mx_6.12.1.202409122256\\db\/mcu/
2024-12-13 08:49:43,154 [INFO] ApiDb:274 - Set plugin database path to: D:\ST\STM32CubeIDE_1.16.0\STM32CubeIDE\plugins\com.st.stm32cube.common.mx_6.12.1.202409122256\\db\/plugins/boardmanager/
2024-12-13 08:49:43,155 [WARN] ApiDb:259 - Overriding images path with different value:  => D:\ST\STM32CubeIDE_1.16.0\STM32CubeIDE\plugins\com.st.stm32cube.common.mx_6.12.1.202409122256\\db\/plugins/mcufinder/images/
2024-12-13 08:49:43,283 [INFO] ApiDb:250 - Set database path to: C:\Users\Asus\.stmcufinder\plugins\mcufinder//mcu/
2024-12-13 08:49:43,285 [INFO] DbMcusAds:125 - Set database path to: C:\Users\Asus\.stmcufinder\plugins\mcufinder//mcu/
2024-12-13 08:49:43,307 [INFO] CrossReferenceDbSqlite:203 - Set database path to: C:\Users\Asus\.stmcufinder\plugins\mcufinder//mcu/cs/
2024-12-13 08:49:43,732 [INFO] RulesReader:64 - Compatibility file has been processed (297 Rules)
2024-12-13 08:49:44,098 [INFO] DbMcusXml:78 - Set database path to: D:\ST\STM32CubeIDE_1.16.0\STM32CubeIDE\plugins\com.st.stm32cube.common.mx_6.12.1.202409122256\\db\/mcu/
2024-12-13 08:49:44,099 [INFO] ApiDb:274 - Set plugin database path to: D:\ST\STM32CubeIDE_1.16.0\STM32CubeIDE\plugins\com.st.stm32cube.common.mx_6.12.1.202409122256\\db\/plugins/boardmanager/
2024-12-13 08:49:44,099 [INFO] ApiDb:261 - Set plugin images path to: D:\ST\STM32CubeIDE_1.16.0\STM32CubeIDE\plugins\com.st.stm32cube.common.mx_6.12.1.202409122256\\db\/plugins/mcufinder/images/
2024-12-13 08:49:44,099 [WARN] DbFile:41 - Overriding database path with different value: C:\Users\Asus\.stmcufinder\plugins\mcufinder/ => C:\Users\Asus\.stmcufinder\plugins\mcufinder
2024-12-13 08:49:44,099 [INFO] ApiDb:250 - Set database path to: C:\Users\Asus\.stmcufinder\plugins\mcufinder//mcu/
2024-12-13 08:49:44,100 [WARN] DbFile:41 - Overriding database path with different value: C:\Users\Asus\.stmcufinder\plugins\mcufinder/ => C:\Users\Asus\.stmcufinder\plugins\mcufinder
2024-12-13 08:49:44,100 [INFO] DbMcusAds:125 - Set database path to: C:\Users\Asus\.stmcufinder\plugins\mcufinder//mcu/
2024-12-13 08:49:44,100 [WARN] DbFile:41 - Overriding database path with different value: C:\Users\Asus\.stmcufinder\plugins\mcufinder/ => C:\Users\Asus\.stmcufinder\plugins\mcufinder
2024-12-13 08:49:44,100 [WARN] DbFile:41 - Overriding database path with different value: C:\Users\Asus\.stmcufinder\plugins\mcufinder/ => C:\Users\Asus\.stmcufinder\plugins\mcufinder
2024-12-13 08:49:44,100 [INFO] CrossReferenceDbSqlite:203 - Set database path to: C:\Users\Asus\.stmcufinder\plugins\mcufinder//mcu/cs/
2024-12-13 08:49:44,319 [INFO] MainPanel:268 - HeapMemory: 268435456
2024-12-13 08:49:44,989 [INFO] DbMcusXml:78 - Set database path to: D:\ST\STM32CubeIDE_1.16.0\STM32CubeIDE\plugins\com.st.stm32cube.common.mx_6.12.1.202409122256\\db\/mcu/
2024-12-13 08:49:44,989 [INFO] ApiDb:274 - Set plugin database path to: D:\ST\STM32CubeIDE_1.16.0\STM32CubeIDE\plugins\com.st.stm32cube.common.mx_6.12.1.202409122256\\db\/plugins/boardmanager/
2024-12-13 08:49:44,989 [INFO] ApiDb:261 - Set plugin images path to: D:\ST\STM32CubeIDE_1.16.0\STM32CubeIDE\plugins\com.st.stm32cube.common.mx_6.12.1.202409122256\\db\/plugins/mcufinder/images/
2024-12-13 08:49:44,990 [WARN] DbFile:41 - Overriding database path with different value: C:\Users\Asus\.stmcufinder\plugins\mcufinder/ => C:\Users\Asus\.stmcufinder\plugins\mcufinder
2024-12-13 08:49:44,991 [INFO] ApiDb:250 - Set database path to: C:\Users\Asus\.stmcufinder\plugins\mcufinder//mcu/
2024-12-13 08:49:44,991 [WARN] DbFile:41 - Overriding database path with different value: C:\Users\Asus\.stmcufinder\plugins\mcufinder/ => C:\Users\Asus\.stmcufinder\plugins\mcufinder
2024-12-13 08:49:44,991 [INFO] DbMcusAds:125 - Set database path to: C:\Users\Asus\.stmcufinder\plugins\mcufinder//mcu/
2024-12-13 08:49:44,992 [WARN] DbFile:41 - Overriding database path with different value: C:\Users\Asus\.stmcufinder\plugins\mcufinder/ => C:\Users\Asus\.stmcufinder\plugins\mcufinder
2024-12-13 08:49:44,992 [WARN] DbFile:41 - Overriding database path with different value: C:\Users\Asus\.stmcufinder\plugins\mcufinder/ => C:\Users\Asus\.stmcufinder\plugins\mcufinder
2024-12-13 08:49:44,992 [INFO] CrossReferenceDbSqlite:203 - Set database path to: C:\Users\Asus\.stmcufinder\plugins\mcufinder//mcu/cs/
2024-12-13 08:49:45,045 [INFO] ApplicationProperties:184 - Using Application install path: D:\ST\STM32CubeIDE_1.16.0\STM32CubeIDE\plugins\com.st.stm32cube.common.mx_6.12.1.202409122256
2024-12-13 08:49:45,049 [INFO] PluginManage:196 - Search for loadable plugins [exclusion list=, ]
2024-12-13 08:49:45,054 [INFO] PluginManage:310 - Check plugin analytics
2024-12-13 08:49:55,157 [INFO] AnalyticsPlugin:253 - Accepted Software Licenses: STM32CubeMX.6.5.0
2024-12-13 08:49:55,158 [INFO] AnalyticsPlugin:255 - Accepted CMSIS Pack Licenses: 
2024-12-13 08:49:55,158 [INFO] AnalyticsPlugin:257 - Accepted Firmware Licenses: FW.F4.1.27.0,FW.F4.1.28.0
2024-12-13 08:49:55,166 [INFO] PluginManage:359 - Loaded plugin analytics (category:tool,tabindex:-1)
2024-12-13 08:49:55,167 [INFO] PluginManage:310 - Check plugin cadmodel
2024-12-13 08:49:55,269 [INFO] CADModel:105 - Init CAD model plugin
2024-12-13 08:49:55,270 [INFO] PluginManage:359 - Loaded plugin cadmodel (category:power,tabindex:5)
2024-12-13 08:49:55,270 [INFO] PluginManage:310 - Check plugin clock
2024-12-13 08:49:55,342 [INFO] PluginManage:359 - Loaded plugin clock (category:base,tabindex:2)
2024-12-13 08:49:55,343 [INFO] PluginManage:310 - Check plugin ddr
2024-12-13 08:49:55,361 [INFO] PluginManage:359 - Loaded plugin ddr (category:tool,tabindex:6)
2024-12-13 08:49:55,362 [INFO] PluginManage:310 - Check plugin filemanager
2024-12-13 08:49:55,863 [INFO] PluginManage:359 - Loaded plugin filemanager (category:base,tabindex:10)
2024-12-13 08:49:55,863 [INFO] PluginManage:310 - Check plugin ipmanager
2024-12-13 08:49:55,898 [INFO] PluginManage:359 - Loaded plugin ipmanager (category:base,tabindex:5)
2024-12-13 08:49:55,899 [INFO] PluginManage:310 - Check plugin lpbam
2024-12-13 08:49:55,951 [INFO] PluginManage:359 - Loaded plugin lpbam (category:base,tabindex:0)
2024-12-13 08:49:55,951 [INFO] PluginManage:310 - Check plugin memorymap
2024-12-13 08:49:56,039 [INFO] PluginManage:359 - Loaded plugin memorymap (category:base,tabindex:4)
2024-12-13 08:49:56,039 [INFO] PluginManage:310 - Check plugin pinoutandconfiguration
2024-12-13 08:49:56,122 [INFO] PluginManage:359 - Loaded plugin pinoutandconfiguration (category:base,tabindex:1)
2024-12-13 08:49:56,123 [INFO] PluginManage:310 - Check plugin pinoutconfig
2024-12-13 08:49:56,427 [WARN] SupportedApi:132 - Cannot load RTOS API schema: s4s-elt-must-match.1: The content of 'definitions' must match (annotation?, (simpleType | complexType)?, (unique | key | keyref)*)). A problem was found starting at: attribute.
2024-12-13 08:49:56,857 [INFO] PluginManage:359 - Loaded plugin pinoutconfig (category:base,tabindex:0)
2024-12-13 08:49:56,857 [INFO] PluginManage:310 - Check plugin power
2024-12-13 08:49:56,948 [INFO] PluginManage:359 - Loaded plugin power (category:power,tabindex:4)
2024-12-13 08:49:56,948 [INFO] PluginManage:310 - Check plugin projectmanager
2024-12-13 08:49:57,003 [INFO] PluginManage:359 - Loaded plugin projectmanager (category:projectmanager,tabindex:4)
2024-12-13 08:49:57,003 [INFO] PluginManage:310 - Check plugin rif
2024-12-13 08:49:57,061 [INFO] PluginManage:359 - Loaded plugin rif (category:base,tabindex:3)
2024-12-13 08:49:57,062 [INFO] PluginManage:310 - Check plugin thirdparty
2024-12-13 08:49:57,917 [INFO] PluginManage:359 - Loaded plugin thirdparty (category:base,tabindex:-1)
2024-12-13 08:49:57,917 [WARN] IntegrityCheckThread:84 - waiting for thirdparty lock release [integrity check]
2024-12-13 08:49:57,917 [INFO] PluginManage:310 - Check plugin tools
2024-12-13 08:49:57,918 [INFO] IntegrityCheckThread:86 - entering critical section [integrity check]
2024-12-13 08:49:57,919 [INFO] ThirdPartyUpdaterWithRetryManager:70 - Updater plugin not ready yet. [1/15]
2024-12-13 08:49:58,019 [INFO] PluginManage:359 - Loaded plugin tools (category:base,tabindex:7)
2024-12-13 08:49:58,019 [INFO] PluginManage:310 - Check plugin tutovideos
2024-12-13 08:49:58,807 [INFO] PluginManage:359 - Loaded plugin tutovideos (category:base,tabindex:-1)
2024-12-13 08:49:58,807 [INFO] PluginManage:310 - Check plugin updater
2024-12-13 08:49:58,865 [INFO] PluginManage:359 - Loaded plugin updater (category:base,tabindex:12)
2024-12-13 08:49:58,865 [INFO] PluginManage:310 - Check plugin userauth
2024-12-13 08:49:58,898 [INFO] UserAuth:113 - Init User Auth plugin
2024-12-13 08:49:58,898 [INFO] PluginManage:359 - Loaded plugin userauth (category:base,tabindex:14)
2024-12-13 08:49:58,900 [INFO] PluginManage:283 - PluginManage : Loaded plugins [18]
2024-12-13 08:49:59,550 [INFO] PinOutPanel:1561 - setPackage(No Configuration,No Configuration)
2024-12-13 08:49:59,801 [INFO] CADModel:165 - CPN selected for project level
2024-12-13 08:49:59,802 [INFO] CADModel:114 - Register for checkConnection events
2024-12-13 08:49:59,910 [INFO] IPUIPlugin:80 - create IPUIPlugin
2024-12-13 08:49:59,910 [INFO] PluginManager:220 - loadIPPluginJar : add adc
2024-12-13 08:50:00,026 [INFO] IPUIPlugin:80 - create IPUIPlugin
2024-12-13 08:50:00,027 [INFO] PluginManager:220 - loadIPPluginJar : add aes
2024-12-13 08:50:00,239 [INFO] IPUIPlugin:80 - create IPUIPlugin
2024-12-13 08:50:00,239 [INFO] PluginManager:220 - loadIPPluginJar : add can
2024-12-13 08:50:00,385 [INFO] IPUIPlugin:80 - create IPUIPlugin
2024-12-13 08:50:00,385 [INFO] PluginManager:220 - loadIPPluginJar : add comp
2024-12-13 08:50:00,518 [INFO] IPUIPlugin:80 - create IPUIPlugin
2024-12-13 08:50:00,519 [INFO] PluginManager:220 - loadIPPluginJar : add cryp
2024-12-13 08:50:00,600 [INFO] IPUIPlugin:80 - create IPUIPlugin
2024-12-13 08:50:00,601 [INFO] PluginManager:220 - loadIPPluginJar : add ddr_ctrl_phy
2024-12-13 08:50:00,708 [INFO] IPUIPlugin:80 - create IPUIPlugin
2024-12-13 08:50:00,708 [INFO] PluginManager:220 - loadIPPluginJar : add dfsdm
2024-12-13 08:50:00,756 [INFO] IPUIPlugin:80 - create IPUIPlugin
2024-12-13 08:50:00,757 [INFO] PluginManager:220 - loadIPPluginJar : add dma
2024-12-13 08:50:00,867 [INFO] IPUIPlugin:80 - create IPUIPlugin
2024-12-13 08:50:00,867 [INFO] PluginManager:220 - loadIPPluginJar : add dma3
2024-12-13 08:50:00,933 [INFO] ThirdPartyUpdaterWithRetryManager:70 - Updater plugin not ready yet. [2/15]
2024-12-13 08:50:01,084 [INFO] IPUIPlugin:80 - create IPUIPlugin
2024-12-13 08:50:01,085 [INFO] PluginManager:220 - loadIPPluginJar : add extmemmanager
2024-12-13 08:50:01,212 [INFO] IPUIPlugin:80 - create IPUIPlugin
2024-12-13 08:50:01,212 [INFO] PluginManager:220 - loadIPPluginJar : add fatfs
2024-12-13 08:50:01,373 [INFO] IPUIPlugin:80 - create IPUIPlugin
2024-12-13 08:50:01,374 [INFO] PluginManager:220 - loadIPPluginJar : add fmc
2024-12-13 08:50:01,511 [INFO] IPUIPlugin:80 - create IPUIPlugin
2024-12-13 08:50:01,512 [INFO] PluginManager:220 - loadIPPluginJar : add freertos
2024-12-13 08:50:01,569 [INFO] IPUIPlugin:80 - create IPUIPlugin
2024-12-13 08:50:01,570 [INFO] PluginManager:220 - loadIPPluginJar : add genericplugin
2024-12-13 08:50:01,845 [INFO] IPUIPlugin:80 - create IPUIPlugin
2024-12-13 08:50:01,845 [INFO] PluginManager:220 - loadIPPluginJar : add gfxmmu
2024-12-13 08:50:02,300 [INFO] IPUIPlugin:80 - create IPUIPlugin
2024-12-13 08:50:02,301 [INFO] PluginManager:220 - loadIPPluginJar : add gic
2024-12-13 08:50:02,413 [INFO] IPUIPlugin:80 - create IPUIPlugin
2024-12-13 08:50:02,414 [INFO] PluginManager:220 - loadIPPluginJar : add gpio
2024-12-13 08:50:02,682 [INFO] IPUIPlugin:80 - create IPUIPlugin
2024-12-13 08:50:02,682 [INFO] PluginManager:220 - loadIPPluginJar : add gtzc
2024-12-13 08:50:02,821 [INFO] IPUIPlugin:80 - create IPUIPlugin
2024-12-13 08:50:02,821 [INFO] PluginManager:220 - loadIPPluginJar : add hash
2024-12-13 08:50:03,084 [INFO] IPUIPlugin:80 - create IPUIPlugin
2024-12-13 08:50:03,085 [INFO] PluginManager:220 - loadIPPluginJar : add i2c
2024-12-13 08:50:03,214 [INFO] IPUIPlugin:80 - create IPUIPlugin
2024-12-13 08:50:03,214 [INFO] PluginManager:220 - loadIPPluginJar : add i2s
2024-12-13 08:50:03,385 [INFO] IPUIPlugin:80 - create IPUIPlugin
2024-12-13 08:50:03,386 [INFO] PluginManager:220 - loadIPPluginJar : add i3c
2024-12-13 08:50:03,672 [INFO] IPUIPlugin:80 - create IPUIPlugin
2024-12-13 08:50:03,672 [INFO] PluginManager:220 - loadIPPluginJar : add ipddr
2024-12-13 08:50:03,939 [INFO] ThirdPartyUpdaterWithRetryManager:70 - Updater plugin not ready yet. [3/15]
2024-12-13 08:50:04,043 [INFO] IPUIPlugin:80 - create IPUIPlugin
2024-12-13 08:50:04,043 [INFO] PluginManager:220 - loadIPPluginJar : add linkedlist
2024-12-13 08:50:04,130 [INFO] IPUIPlugin:80 - create IPUIPlugin
2024-12-13 08:50:04,130 [INFO] PluginManager:220 - loadIPPluginJar : add lorawan
2024-12-13 08:50:04,219 [INFO] IPUIPlugin:80 - create IPUIPlugin
2024-12-13 08:50:04,220 [INFO] PluginManager:220 - loadIPPluginJar : add ltdc
2024-12-13 08:50:04,270 [INFO] IPUIPlugin:80 - create IPUIPlugin
2024-12-13 08:50:04,271 [INFO] PluginManager:220 - loadIPPluginJar : add mdma
2024-12-13 08:50:04,306 [INFO] IPUIPlugin:80 - create IPUIPlugin
2024-12-13 08:50:04,306 [INFO] PluginManager:220 - loadIPPluginJar : add nvic
2024-12-13 08:50:04,405 [INFO] IPUIPlugin:80 - create IPUIPlugin
2024-12-13 08:50:04,405 [INFO] PluginManager:220 - loadIPPluginJar : add opamp
2024-12-13 08:50:04,578 [INFO] IPUIPlugin:80 - create IPUIPlugin
2024-12-13 08:50:04,578 [INFO] PluginManager:220 - loadIPPluginJar : add openamp
2024-12-13 08:50:04,788 [INFO] IPUIPlugin:80 - create IPUIPlugin
2024-12-13 08:50:04,788 [INFO] PluginManager:220 - loadIPPluginJar : add pdm2pcm
2024-12-13 08:50:04,833 [INFO] IPUIPlugin:80 - create IPUIPlugin
2024-12-13 08:50:04,839 [INFO] PluginManager:220 - loadIPPluginJar : add plateformsettings
2024-12-13 08:50:04,901 [INFO] IPUIPlugin:80 - create IPUIPlugin
2024-12-13 08:50:04,902 [INFO] PluginManager:220 - loadIPPluginJar : add quadspi
2024-12-13 08:50:04,978 [INFO] IPUIPlugin:80 - create IPUIPlugin
2024-12-13 08:50:04,992 [INFO] PluginManager:220 - loadIPPluginJar : add radio
2024-12-13 08:50:05,038 [INFO] IPUIPlugin:80 - create IPUIPlugin
2024-12-13 08:50:05,038 [INFO] PluginManager:220 - loadIPPluginJar : add resmgrutility
2024-12-13 08:50:05,186 [INFO] IPUIPlugin:80 - create IPUIPlugin
2024-12-13 08:50:05,186 [INFO] PluginManager:220 - loadIPPluginJar : add sai
2024-12-13 08:50:05,294 [INFO] IPUIPlugin:80 - create IPUIPlugin
2024-12-13 08:50:05,295 [INFO] PluginManager:220 - loadIPPluginJar : add spi
2024-12-13 08:50:05,560 [INFO] IPUIPlugin:80 - create IPUIPlugin
2024-12-13 08:50:05,560 [INFO] PluginManager:220 - loadIPPluginJar : add stm32_wpan
2024-12-13 08:50:05,680 [INFO] IPUIPlugin:80 - create IPUIPlugin
2024-12-13 08:50:05,680 [INFO] PluginManager:220 - loadIPPluginJar : add tim
2024-12-13 08:50:05,869 [INFO] IPUIPlugin:80 - create IPUIPlugin
2024-12-13 08:50:05,869 [INFO] PluginManager:220 - loadIPPluginJar : add touchsensing
2024-12-13 08:50:05,950 [INFO] IPUIPlugin:80 - create IPUIPlugin
2024-12-13 08:50:05,950 [INFO] PluginManager:220 - loadIPPluginJar : add tracer_emb
2024-12-13 08:50:06,032 [INFO] IPUIPlugin:80 - create IPUIPlugin
2024-12-13 08:50:06,032 [INFO] PluginManager:220 - loadIPPluginJar : add ts
2024-12-13 08:50:06,095 [INFO] IPUIPlugin:80 - create IPUIPlugin
2024-12-13 08:50:06,095 [INFO] PluginManager:220 - loadIPPluginJar : add tsc
2024-12-13 08:50:06,156 [INFO] IPUIPlugin:80 - create IPUIPlugin
2024-12-13 08:50:06,156 [INFO] PluginManager:220 - loadIPPluginJar : add ucpd
2024-12-13 08:50:06,311 [INFO] IPUIPlugin:80 - create IPUIPlugin
2024-12-13 08:50:06,311 [INFO] PluginManager:220 - loadIPPluginJar : add usart
2024-12-13 08:50:06,586 [INFO] IPUIPlugin:80 - create IPUIPlugin
2024-12-13 08:50:06,586 [INFO] PluginManager:220 - loadIPPluginJar : add usbx
2024-12-13 08:50:06,943 [INFO] ThirdPartyUpdaterWithRetryManager:70 - Updater plugin not ready yet. [4/15]
2024-12-13 08:50:06,966 [INFO] CADModel:165 - CPN selected for project level
2024-12-13 08:50:06,967 [INFO] CADModel:114 - Register for checkConnection events
2024-12-13 08:50:06,968 [FATAL] Updater:334 - Updater called before beeing initialized
2024-12-13 08:50:06,969 [ERROR] CADModel:125 - Updater not yet initialized, retry later 
2024-12-13 08:50:07,682 [INFO] CADModel:165 - CPN selected for project level
2024-12-13 08:50:07,682 [INFO] CADModel:114 - Register for checkConnection events
2024-12-13 08:50:07,682 [FATAL] Updater:334 - Updater called before beeing initialized
2024-12-13 08:50:07,683 [ERROR] CADModel:125 - Updater not yet initialized, retry later 
2024-12-13 08:50:07,692 [FATAL] Updater:334 - Updater called before beeing initialized
2024-12-13 08:50:07,956 [FATAL] Updater:334 - Updater called before beeing initialized
2024-12-13 08:50:07,983 [INFO] DbMcusAds:53 - JSON generation date=Fri Sep 20 20:04:23 ICT 2024 (1726837463113)
2024-12-13 08:50:07,983 [FATAL] Updater:334 - Updater called before beeing initialized
2024-12-13 08:50:08,311 [WARN] DetailPanel:346 - Failed to get advertising image, set to default
2024-12-13 08:50:08,648 [FATAL] Updater:334 - Updater called before beeing initialized
2024-12-13 08:50:08,652 [FATAL] Updater:334 - Updater called before beeing initialized
2024-12-13 08:50:08,653 [FATAL] Updater:334 - Updater called before beeing initialized
2024-12-13 08:50:08,653 [WARN] DetailPanel:346 - Failed to get advertising image, set to default
2024-12-13 08:50:08,655 [FATAL] Updater:334 - Updater called before beeing initialized
2024-12-13 08:50:08,931 [ERROR] Updater:1164 - MainUpdater not yet initialized. External WinMGr cannot be set.
2024-12-13 08:50:08,996 [INFO] Updater:1100 - Updater Version found : 6.12.1
2024-12-13 08:50:09,057 [INFO] ApplicationProperties:184 - Using Application install path: D:\ST\STM32CubeIDE_1.16.0\STM32CubeIDE\plugins\com.st.stm32cube.common.mx_6.12.1.202409122256
2024-12-13 08:50:09,946 [FATAL] Updater:334 - Updater called before beeing initialized
2024-12-13 08:50:09,947 [ERROR] IntegrityCheckThread:130 - Cannot retrieve database content from updater: error 21
2024-12-13 08:50:09,947 [INFO] ThirdParty:978 - Integrity check success = false
2024-12-13 08:50:09,947 [INFO] IntegrityCheckThread:100 - exiting critical section [integrity check]
2024-12-13 08:50:09,947 [INFO] IntegrityCheckThread:103 - End integrity checks thread
2024-12-13 08:50:10,133 [INFO] MainUpdater:2873 - connection check result : 10
2024-12-13 08:50:10,135 [INFO] MainUpdater:290 - Updater Check For Update Now.
2024-12-13 08:50:10,135 [INFO] MicroXplorer:498 - Change Database Version : DB.6.0.121
2024-12-13 08:50:10,203 [INFO] McuFinderGlobals:63 - Set McuFinder mode to 2 (CubeIDE integrated)
2024-12-13 08:50:10,219 [INFO] UserAuth:417 - Internet connection configuration mode: 1
2024-12-13 08:50:10,370 [INFO] JxBrowserEngine:152 - Initiate JxBrowser Engine with user profile folder
2024-12-13 08:50:10,785 [INFO] CheckServerUpdateThread:120 - End of CheckServer Thread
2024-12-13 08:50:26,209 [INFO] WebApp:167 - Instantiating new browser for Auth
2024-12-13 08:50:28,162 [INFO] WebApp:448 - Apply proxy settings
2024-12-13 08:50:28,163 [INFO] WebApp:533 - Chromium requires no authentication
2024-12-13 08:50:28,192 [INFO] WebApp:476 - Direct internet connection detected
2024-12-13 08:50:28,253 [INFO] WebApp:869 - Register for checkConnection events
2024-12-13 08:50:28,253 [INFO] WebApp:448 - Apply proxy settings
2024-12-13 08:50:28,254 [INFO] WebApp:533 - Chromium requires no authentication
2024-12-13 08:50:28,254 [INFO] WebApp:476 - Direct internet connection detected
2024-12-13 08:50:28,655 [INFO] WebApp:186 - Connection restablished
2024-12-13 08:50:29,192 [INFO] WebApp:220 - Starting web application
2024-12-13 08:50:29,198 [INFO] WebApp:578 - Web application path used D:\ST\STM32CubeIDE_1.16.0\STM32CubeIDE\plugins\com.st.stm32cube.common.mx_6.12.1.202409122256\db\plugins\mcufinder\reactClient1\index.html
2024-12-13 08:50:29,972 [INFO] UserAuth:417 - Internet connection configuration mode: 1
2024-12-13 20:37:43,691 [INFO] WebApp:189 - Connection lost
2024-12-13 20:37:44,643 [INFO] WebApp:186 - Connection restablished
