2024-12-09 00:22:41,376 [ERROR] LogOutputStream:75 - [STDERR_REDIRECT] 
2024-12-09 10:08:46,131 [INFO] Activator:176 - 


2024-12-09 10:08:46,145 [INFO] Activator:177 - !SESSION log4j initialized
2024-12-09 10:09:05,441 [INFO] LogOutputStream:77 - [STDOUT_REDIRECT] 
2024-12-09 10:09:43,899 [INFO] ApplicationProperties:184 - Using Application install path: D:\ST\STM32CubeIDE_1.16.0\STM32CubeIDE\plugins\com.st.stm32cube.common.mx_6.12.1.202409122256
2024-12-09 10:09:43,967 [INFO] DbMcusXml:78 - Set database path to: D:\ST\STM32CubeIDE_1.16.0\STM32CubeIDE\plugins\com.st.stm32cube.common.mx_6.12.1.202409122256\\db\/mcu/
2024-12-09 10:09:43,968 [INFO] ApiDb:274 - Set plugin database path to: D:\ST\STM32CubeIDE_1.16.0\STM32CubeIDE\plugins\com.st.stm32cube.common.mx_6.12.1.202409122256\\db\/plugins/boardmanager/
2024-12-09 10:09:43,969 [WARN] ApiDb:259 - Overriding images path with different value:  => D:\ST\STM32CubeIDE_1.16.0\STM32CubeIDE\plugins\com.st.stm32cube.common.mx_6.12.1.202409122256\\db\/plugins/mcufinder/images/
2024-12-09 10:09:44,099 [INFO] ApiDb:250 - Set database path to: C:\Users\Asus\.stmcufinder\plugins\mcufinder//mcu/
2024-12-09 10:09:44,101 [INFO] DbMcusAds:125 - Set database path to: C:\Users\Asus\.stmcufinder\plugins\mcufinder//mcu/
2024-12-09 10:09:44,120 [INFO] CrossReferenceDbSqlite:203 - Set database path to: C:\Users\Asus\.stmcufinder\plugins\mcufinder//mcu/cs/
2024-12-09 10:09:44,438 [INFO] RulesReader:64 - Compatibility file has been processed (297 Rules)
2024-12-09 10:09:44,710 [INFO] DbMcusXml:78 - Set database path to: D:\ST\STM32CubeIDE_1.16.0\STM32CubeIDE\plugins\com.st.stm32cube.common.mx_6.12.1.202409122256\\db\/mcu/
2024-12-09 10:09:44,711 [INFO] ApiDb:274 - Set plugin database path to: D:\ST\STM32CubeIDE_1.16.0\STM32CubeIDE\plugins\com.st.stm32cube.common.mx_6.12.1.202409122256\\db\/plugins/boardmanager/
2024-12-09 10:09:44,711 [INFO] ApiDb:261 - Set plugin images path to: D:\ST\STM32CubeIDE_1.16.0\STM32CubeIDE\plugins\com.st.stm32cube.common.mx_6.12.1.202409122256\\db\/plugins/mcufinder/images/
2024-12-09 10:09:44,712 [WARN] DbFile:41 - Overriding database path with different value: C:\Users\Asus\.stmcufinder\plugins\mcufinder/ => C:\Users\Asus\.stmcufinder\plugins\mcufinder
2024-12-09 10:09:44,712 [INFO] ApiDb:250 - Set database path to: C:\Users\Asus\.stmcufinder\plugins\mcufinder//mcu/
2024-12-09 10:09:44,712 [WARN] DbFile:41 - Overriding database path with different value: C:\Users\Asus\.stmcufinder\plugins\mcufinder/ => C:\Users\Asus\.stmcufinder\plugins\mcufinder
2024-12-09 10:09:44,713 [INFO] DbMcusAds:125 - Set database path to: C:\Users\Asus\.stmcufinder\plugins\mcufinder//mcu/
2024-12-09 10:09:44,713 [WARN] DbFile:41 - Overriding database path with different value: C:\Users\Asus\.stmcufinder\plugins\mcufinder/ => C:\Users\Asus\.stmcufinder\plugins\mcufinder
2024-12-09 10:09:44,713 [WARN] DbFile:41 - Overriding database path with different value: C:\Users\Asus\.stmcufinder\plugins\mcufinder/ => C:\Users\Asus\.stmcufinder\plugins\mcufinder
2024-12-09 10:09:44,713 [INFO] CrossReferenceDbSqlite:203 - Set database path to: C:\Users\Asus\.stmcufinder\plugins\mcufinder//mcu/cs/
2024-12-09 10:09:44,940 [INFO] MainPanel:268 - HeapMemory: 268435456
2024-12-09 10:09:45,424 [INFO] DbMcusXml:78 - Set database path to: D:\ST\STM32CubeIDE_1.16.0\STM32CubeIDE\plugins\com.st.stm32cube.common.mx_6.12.1.202409122256\\db\/mcu/
2024-12-09 10:09:45,424 [INFO] ApiDb:274 - Set plugin database path to: D:\ST\STM32CubeIDE_1.16.0\STM32CubeIDE\plugins\com.st.stm32cube.common.mx_6.12.1.202409122256\\db\/plugins/boardmanager/
2024-12-09 10:09:45,424 [INFO] ApiDb:261 - Set plugin images path to: D:\ST\STM32CubeIDE_1.16.0\STM32CubeIDE\plugins\com.st.stm32cube.common.mx_6.12.1.202409122256\\db\/plugins/mcufinder/images/
2024-12-09 10:09:45,424 [WARN] DbFile:41 - Overriding database path with different value: C:\Users\Asus\.stmcufinder\plugins\mcufinder/ => C:\Users\Asus\.stmcufinder\plugins\mcufinder
2024-12-09 10:09:45,424 [INFO] ApiDb:250 - Set database path to: C:\Users\Asus\.stmcufinder\plugins\mcufinder//mcu/
2024-12-09 10:09:45,426 [WARN] DbFile:41 - Overriding database path with different value: C:\Users\Asus\.stmcufinder\plugins\mcufinder/ => C:\Users\Asus\.stmcufinder\plugins\mcufinder
2024-12-09 10:09:45,426 [INFO] DbMcusAds:125 - Set database path to: C:\Users\Asus\.stmcufinder\plugins\mcufinder//mcu/
2024-12-09 10:09:45,426 [WARN] DbFile:41 - Overriding database path with different value: C:\Users\Asus\.stmcufinder\plugins\mcufinder/ => C:\Users\Asus\.stmcufinder\plugins\mcufinder
2024-12-09 10:09:45,426 [WARN] DbFile:41 - Overriding database path with different value: C:\Users\Asus\.stmcufinder\plugins\mcufinder/ => C:\Users\Asus\.stmcufinder\plugins\mcufinder
2024-12-09 10:09:45,426 [INFO] CrossReferenceDbSqlite:203 - Set database path to: C:\Users\Asus\.stmcufinder\plugins\mcufinder//mcu/cs/
2024-12-09 10:09:45,464 [INFO] ApplicationProperties:184 - Using Application install path: D:\ST\STM32CubeIDE_1.16.0\STM32CubeIDE\plugins\com.st.stm32cube.common.mx_6.12.1.202409122256
2024-12-09 10:09:45,467 [INFO] PluginManage:196 - Search for loadable plugins [exclusion list=, ]
2024-12-09 10:09:45,471 [INFO] PluginManage:310 - Check plugin analytics
2024-12-09 10:09:55,441 [INFO] AnalyticsPlugin:253 - Accepted Software Licenses: STM32CubeMX.6.5.0
2024-12-09 10:09:55,441 [INFO] AnalyticsPlugin:255 - Accepted CMSIS Pack Licenses: 
2024-12-09 10:09:55,441 [INFO] AnalyticsPlugin:257 - Accepted Firmware Licenses: FW.F4.1.27.0,FW.F4.1.28.0
2024-12-09 10:09:55,450 [INFO] PluginManage:359 - Loaded plugin analytics (category:tool,tabindex:-1)
2024-12-09 10:09:55,450 [INFO] PluginManage:310 - Check plugin cadmodel
2024-12-09 10:09:55,506 [INFO] CADModel:105 - Init CAD model plugin
2024-12-09 10:09:55,506 [INFO] PluginManage:359 - Loaded plugin cadmodel (category:power,tabindex:5)
2024-12-09 10:09:55,506 [INFO] PluginManage:310 - Check plugin clock
2024-12-09 10:09:55,562 [INFO] PluginManage:359 - Loaded plugin clock (category:base,tabindex:2)
2024-12-09 10:09:55,562 [INFO] PluginManage:310 - Check plugin ddr
2024-12-09 10:09:55,587 [INFO] PluginManage:359 - Loaded plugin ddr (category:tool,tabindex:6)
2024-12-09 10:09:55,587 [INFO] PluginManage:310 - Check plugin filemanager
2024-12-09 10:09:55,894 [INFO] PluginManage:359 - Loaded plugin filemanager (category:base,tabindex:10)
2024-12-09 10:09:55,895 [INFO] PluginManage:310 - Check plugin ipmanager
2024-12-09 10:09:55,917 [INFO] PluginManage:359 - Loaded plugin ipmanager (category:base,tabindex:5)
2024-12-09 10:09:55,918 [INFO] PluginManage:310 - Check plugin lpbam
2024-12-09 10:09:55,987 [INFO] PluginManage:359 - Loaded plugin lpbam (category:base,tabindex:0)
2024-12-09 10:09:55,987 [INFO] PluginManage:310 - Check plugin memorymap
2024-12-09 10:09:56,064 [INFO] PluginManage:359 - Loaded plugin memorymap (category:base,tabindex:4)
2024-12-09 10:09:56,064 [INFO] PluginManage:310 - Check plugin pinoutandconfiguration
2024-12-09 10:09:56,112 [INFO] PluginManage:359 - Loaded plugin pinoutandconfiguration (category:base,tabindex:1)
2024-12-09 10:09:56,112 [INFO] PluginManage:310 - Check plugin pinoutconfig
2024-12-09 10:09:56,330 [WARN] SupportedApi:132 - Cannot load RTOS API schema: s4s-elt-must-match.1: The content of 'definitions' must match (annotation?, (simpleType | complexType)?, (unique | key | keyref)*)). A problem was found starting at: attribute.
2024-12-09 10:09:56,664 [INFO] PluginManage:359 - Loaded plugin pinoutconfig (category:base,tabindex:0)
2024-12-09 10:09:56,664 [INFO] PluginManage:310 - Check plugin power
2024-12-09 10:09:56,770 [INFO] PluginManage:359 - Loaded plugin power (category:power,tabindex:4)
2024-12-09 10:09:56,771 [INFO] PluginManage:310 - Check plugin projectmanager
2024-12-09 10:09:56,820 [INFO] PluginManage:359 - Loaded plugin projectmanager (category:projectmanager,tabindex:4)
2024-12-09 10:09:56,820 [INFO] PluginManage:310 - Check plugin rif
2024-12-09 10:09:56,882 [INFO] PluginManage:359 - Loaded plugin rif (category:base,tabindex:3)
2024-12-09 10:09:56,883 [INFO] PluginManage:310 - Check plugin thirdparty
2024-12-09 10:09:57,646 [INFO] PluginManage:359 - Loaded plugin thirdparty (category:base,tabindex:-1)
2024-12-09 10:09:57,646 [INFO] PluginManage:310 - Check plugin tools
2024-12-09 10:09:57,646 [WARN] IntegrityCheckThread:84 - waiting for thirdparty lock release [integrity check]
2024-12-09 10:09:57,647 [INFO] IntegrityCheckThread:86 - entering critical section [integrity check]
2024-12-09 10:09:57,647 [INFO] ThirdPartyUpdaterWithRetryManager:70 - Updater plugin not ready yet. [1/15]
2024-12-09 10:09:57,722 [INFO] PluginManage:359 - Loaded plugin tools (category:base,tabindex:7)
2024-12-09 10:09:57,722 [INFO] PluginManage:310 - Check plugin tutovideos
2024-12-09 10:09:58,135 [INFO] PluginManage:359 - Loaded plugin tutovideos (category:base,tabindex:-1)
2024-12-09 10:09:58,136 [INFO] PluginManage:310 - Check plugin updater
2024-12-09 10:09:58,202 [INFO] PluginManage:359 - Loaded plugin updater (category:base,tabindex:12)
2024-12-09 10:09:58,202 [INFO] PluginManage:310 - Check plugin userauth
2024-12-09 10:09:58,263 [INFO] UserAuth:113 - Init User Auth plugin
2024-12-09 10:09:58,264 [INFO] PluginManage:359 - Loaded plugin userauth (category:base,tabindex:14)
2024-12-09 10:09:58,264 [INFO] PluginManage:283 - PluginManage : Loaded plugins [18]
2024-12-09 10:09:58,742 [INFO] PinOutPanel:1561 - setPackage(No Configuration,No Configuration)
2024-12-09 10:09:58,922 [INFO] CADModel:165 - CPN selected for project level
2024-12-09 10:09:58,922 [INFO] CADModel:114 - Register for checkConnection events
2024-12-09 10:09:58,990 [INFO] IPUIPlugin:80 - create IPUIPlugin
2024-12-09 10:09:58,991 [INFO] PluginManager:220 - loadIPPluginJar : add adc
2024-12-09 10:09:59,059 [INFO] IPUIPlugin:80 - create IPUIPlugin
2024-12-09 10:09:59,059 [INFO] PluginManager:220 - loadIPPluginJar : add aes
2024-12-09 10:09:59,124 [INFO] IPUIPlugin:80 - create IPUIPlugin
2024-12-09 10:09:59,124 [INFO] PluginManager:220 - loadIPPluginJar : add can
2024-12-09 10:09:59,217 [INFO] IPUIPlugin:80 - create IPUIPlugin
2024-12-09 10:09:59,218 [INFO] PluginManager:220 - loadIPPluginJar : add comp
2024-12-09 10:09:59,296 [INFO] IPUIPlugin:80 - create IPUIPlugin
2024-12-09 10:09:59,296 [INFO] PluginManager:220 - loadIPPluginJar : add cryp
2024-12-09 10:09:59,332 [INFO] IPUIPlugin:80 - create IPUIPlugin
2024-12-09 10:09:59,333 [INFO] PluginManager:220 - loadIPPluginJar : add ddr_ctrl_phy
2024-12-09 10:09:59,396 [INFO] IPUIPlugin:80 - create IPUIPlugin
2024-12-09 10:09:59,396 [INFO] PluginManager:220 - loadIPPluginJar : add dfsdm
2024-12-09 10:09:59,424 [INFO] IPUIPlugin:80 - create IPUIPlugin
2024-12-09 10:09:59,424 [INFO] PluginManager:220 - loadIPPluginJar : add dma
2024-12-09 10:09:59,522 [INFO] IPUIPlugin:80 - create IPUIPlugin
2024-12-09 10:09:59,523 [INFO] PluginManager:220 - loadIPPluginJar : add dma3
2024-12-09 10:09:59,616 [INFO] IPUIPlugin:80 - create IPUIPlugin
2024-12-09 10:09:59,616 [INFO] PluginManager:220 - loadIPPluginJar : add extmemmanager
2024-12-09 10:09:59,675 [INFO] IPUIPlugin:80 - create IPUIPlugin
2024-12-09 10:09:59,675 [INFO] PluginManager:220 - loadIPPluginJar : add fatfs
2024-12-09 10:09:59,765 [INFO] IPUIPlugin:80 - create IPUIPlugin
2024-12-09 10:09:59,765 [INFO] PluginManager:220 - loadIPPluginJar : add fmc
2024-12-09 10:09:59,796 [INFO] IPUIPlugin:80 - create IPUIPlugin
2024-12-09 10:09:59,797 [INFO] PluginManager:220 - loadIPPluginJar : add freertos
2024-12-09 10:09:59,843 [INFO] IPUIPlugin:80 - create IPUIPlugin
2024-12-09 10:09:59,843 [INFO] PluginManager:220 - loadIPPluginJar : add genericplugin
2024-12-09 10:10:00,086 [INFO] IPUIPlugin:80 - create IPUIPlugin
2024-12-09 10:10:00,086 [INFO] PluginManager:220 - loadIPPluginJar : add gfxmmu
2024-12-09 10:10:00,524 [INFO] IPUIPlugin:80 - create IPUIPlugin
2024-12-09 10:10:00,526 [INFO] PluginManager:220 - loadIPPluginJar : add gic
2024-12-09 10:10:00,556 [INFO] IPUIPlugin:80 - create IPUIPlugin
2024-12-09 10:10:00,556 [INFO] PluginManager:220 - loadIPPluginJar : add gpio
2024-12-09 10:10:00,650 [INFO] ThirdPartyUpdaterWithRetryManager:70 - Updater plugin not ready yet. [2/15]
2024-12-09 10:10:00,767 [INFO] IPUIPlugin:80 - create IPUIPlugin
2024-12-09 10:10:00,767 [INFO] PluginManager:220 - loadIPPluginJar : add gtzc
2024-12-09 10:10:00,853 [INFO] IPUIPlugin:80 - create IPUIPlugin
2024-12-09 10:10:00,853 [INFO] PluginManager:220 - loadIPPluginJar : add hash
2024-12-09 10:10:00,999 [INFO] IPUIPlugin:80 - create IPUIPlugin
2024-12-09 10:10:00,999 [INFO] PluginManager:220 - loadIPPluginJar : add i2c
2024-12-09 10:10:01,084 [INFO] IPUIPlugin:80 - create IPUIPlugin
2024-12-09 10:10:01,084 [INFO] PluginManager:220 - loadIPPluginJar : add i2s
2024-12-09 10:10:01,177 [INFO] IPUIPlugin:80 - create IPUIPlugin
2024-12-09 10:10:01,178 [INFO] PluginManager:220 - loadIPPluginJar : add i3c
2024-12-09 10:10:01,453 [INFO] IPUIPlugin:80 - create IPUIPlugin
2024-12-09 10:10:01,453 [INFO] PluginManager:220 - loadIPPluginJar : add ipddr
2024-12-09 10:10:01,717 [INFO] IPUIPlugin:80 - create IPUIPlugin
2024-12-09 10:10:01,718 [INFO] PluginManager:220 - loadIPPluginJar : add linkedlist
2024-12-09 10:10:01,784 [INFO] IPUIPlugin:80 - create IPUIPlugin
2024-12-09 10:10:01,784 [INFO] PluginManager:220 - loadIPPluginJar : add lorawan
2024-12-09 10:10:01,864 [INFO] IPUIPlugin:80 - create IPUIPlugin
2024-12-09 10:10:01,864 [INFO] PluginManager:220 - loadIPPluginJar : add ltdc
2024-12-09 10:10:01,891 [INFO] IPUIPlugin:80 - create IPUIPlugin
2024-12-09 10:10:01,892 [INFO] PluginManager:220 - loadIPPluginJar : add mdma
2024-12-09 10:10:01,916 [INFO] IPUIPlugin:80 - create IPUIPlugin
2024-12-09 10:10:01,916 [INFO] PluginManager:220 - loadIPPluginJar : add nvic
2024-12-09 10:10:02,016 [INFO] IPUIPlugin:80 - create IPUIPlugin
2024-12-09 10:10:02,016 [INFO] PluginManager:220 - loadIPPluginJar : add opamp
2024-12-09 10:10:02,164 [INFO] IPUIPlugin:80 - create IPUIPlugin
2024-12-09 10:10:02,166 [INFO] PluginManager:220 - loadIPPluginJar : add openamp
2024-12-09 10:10:02,259 [INFO] IPUIPlugin:80 - create IPUIPlugin
2024-12-09 10:10:02,260 [INFO] PluginManager:220 - loadIPPluginJar : add pdm2pcm
2024-12-09 10:10:02,284 [INFO] IPUIPlugin:80 - create IPUIPlugin
2024-12-09 10:10:02,286 [INFO] PluginManager:220 - loadIPPluginJar : add plateformsettings
2024-12-09 10:10:02,323 [INFO] IPUIPlugin:80 - create IPUIPlugin
2024-12-09 10:10:02,323 [INFO] PluginManager:220 - loadIPPluginJar : add quadspi
2024-12-09 10:10:02,371 [INFO] IPUIPlugin:80 - create IPUIPlugin
2024-12-09 10:10:02,374 [INFO] PluginManager:220 - loadIPPluginJar : add radio
2024-12-09 10:10:02,411 [INFO] IPUIPlugin:80 - create IPUIPlugin
2024-12-09 10:10:02,411 [INFO] PluginManager:220 - loadIPPluginJar : add resmgrutility
2024-12-09 10:10:02,554 [INFO] IPUIPlugin:80 - create IPUIPlugin
2024-12-09 10:10:02,556 [INFO] PluginManager:220 - loadIPPluginJar : add sai
2024-12-09 10:10:02,655 [INFO] IPUIPlugin:80 - create IPUIPlugin
2024-12-09 10:10:02,656 [INFO] PluginManager:220 - loadIPPluginJar : add spi
2024-12-09 10:10:02,811 [INFO] IPUIPlugin:80 - create IPUIPlugin
2024-12-09 10:10:02,811 [INFO] PluginManager:220 - loadIPPluginJar : add stm32_wpan
2024-12-09 10:10:02,859 [INFO] IPUIPlugin:80 - create IPUIPlugin
2024-12-09 10:10:02,859 [INFO] PluginManager:220 - loadIPPluginJar : add tim
2024-12-09 10:10:03,016 [INFO] IPUIPlugin:80 - create IPUIPlugin
2024-12-09 10:10:03,016 [INFO] PluginManager:220 - loadIPPluginJar : add touchsensing
2024-12-09 10:10:03,088 [INFO] IPUIPlugin:80 - create IPUIPlugin
2024-12-09 10:10:03,088 [INFO] PluginManager:220 - loadIPPluginJar : add tracer_emb
2024-12-09 10:10:03,142 [INFO] IPUIPlugin:80 - create IPUIPlugin
2024-12-09 10:10:03,142 [INFO] PluginManager:220 - loadIPPluginJar : add ts
2024-12-09 10:10:03,189 [INFO] IPUIPlugin:80 - create IPUIPlugin
2024-12-09 10:10:03,189 [INFO] PluginManager:220 - loadIPPluginJar : add tsc
2024-12-09 10:10:03,238 [INFO] IPUIPlugin:80 - create IPUIPlugin
2024-12-09 10:10:03,238 [INFO] PluginManager:220 - loadIPPluginJar : add ucpd
2024-12-09 10:10:03,336 [INFO] IPUIPlugin:80 - create IPUIPlugin
2024-12-09 10:10:03,336 [INFO] PluginManager:220 - loadIPPluginJar : add usart
2024-12-09 10:10:03,458 [INFO] IPUIPlugin:80 - create IPUIPlugin
2024-12-09 10:10:03,458 [INFO] PluginManager:220 - loadIPPluginJar : add usbx
2024-12-09 10:10:03,653 [INFO] ThirdPartyUpdaterWithRetryManager:70 - Updater plugin not ready yet. [3/15]
2024-12-09 10:10:03,671 [INFO] CADModel:165 - CPN selected for project level
2024-12-09 10:10:03,672 [INFO] CADModel:114 - Register for checkConnection events
2024-12-09 10:10:03,672 [FATAL] Updater:334 - Updater called before beeing initialized
2024-12-09 10:10:03,672 [ERROR] CADModel:125 - Updater not yet initialized, retry later 
2024-12-09 10:10:04,078 [INFO] CADModel:165 - CPN selected for project level
2024-12-09 10:10:04,078 [INFO] CADModel:114 - Register for checkConnection events
2024-12-09 10:10:04,079 [FATAL] Updater:334 - Updater called before beeing initialized
2024-12-09 10:10:04,079 [ERROR] CADModel:125 - Updater not yet initialized, retry later 
2024-12-09 10:10:04,082 [FATAL] Updater:334 - Updater called before beeing initialized
2024-12-09 10:10:04,292 [FATAL] Updater:334 - Updater called before beeing initialized
2024-12-09 10:10:04,306 [INFO] DbMcusAds:53 - JSON generation date=Fri Sep 20 20:04:23 ICT 2024 (1726837463113)
2024-12-09 10:10:04,306 [FATAL] Updater:334 - Updater called before beeing initialized
2024-12-09 10:10:04,552 [WARN] DetailPanel:346 - Failed to get advertising image, set to default
2024-12-09 10:10:04,728 [FATAL] Updater:334 - Updater called before beeing initialized
2024-12-09 10:10:04,731 [FATAL] Updater:334 - Updater called before beeing initialized
2024-12-09 10:10:04,731 [FATAL] Updater:334 - Updater called before beeing initialized
2024-12-09 10:10:04,731 [WARN] DetailPanel:346 - Failed to get advertising image, set to default
2024-12-09 10:10:04,733 [FATAL] Updater:334 - Updater called before beeing initialized
2024-12-09 10:10:05,052 [ERROR] Updater:1164 - MainUpdater not yet initialized. External WinMGr cannot be set.
2024-12-09 10:10:05,116 [INFO] Updater:1100 - Updater Version found : 6.12.1
2024-12-09 10:10:05,153 [INFO] ApplicationProperties:184 - Using Application install path: D:\ST\STM32CubeIDE_1.16.0\STM32CubeIDE\plugins\com.st.stm32cube.common.mx_6.12.1.202409122256
2024-12-09 10:10:05,937 [INFO] MainUpdater:2873 - connection check result : 10
2024-12-09 10:10:05,939 [INFO] MainUpdater:290 - Updater Check For Update Now.
2024-12-09 10:10:05,939 [INFO] MicroXplorer:498 - Change Database Version : DB.6.0.121
2024-12-09 10:10:05,999 [INFO] McuFinderGlobals:63 - Set McuFinder mode to 2 (CubeIDE integrated)
2024-12-09 10:10:06,014 [INFO] UserAuth:417 - Internet connection configuration mode: 1
2024-12-09 10:10:06,138 [INFO] JxBrowserEngine:152 - Initiate JxBrowser Engine with user profile folder
2024-12-09 10:10:06,434 [INFO] CheckServerUpdateThread:120 - End of CheckServer Thread
2024-12-09 10:10:07,300 [WARN] PackLoader:240 - Cannot read IP mode file for STMicroelectronics.FP-SNS-MOTENVWB1.1.4.0
2024-12-09 10:10:07,326 [WARN] PackLoader:240 - Cannot read IP mode file for STMicroelectronics.FP-ATR-ASTRA1.2.0.1
2024-12-09 10:10:07,352 [WARN] PackLoader:240 - Cannot read IP mode file for STMicroelectronics.X-CUBE-SMBUS.2.1.0
2024-12-09 10:10:07,383 [WARN] PackLoader:240 - Cannot read IP mode file for STMicroelectronics.X-CUBE-WB05N.1.1.0
2024-12-09 10:10:07,474 [WARN] PackLoader:240 - Cannot read IP mode file for STMicroelectronics.X-CUBE-AZRTOS-F7.1.1.0
2024-12-09 10:10:07,693 [WARN] PackLoader:240 - Cannot read IP mode file for STMicroelectronics.X-CUBE-MEMS1.11.0.0
2024-12-09 10:10:08,045 [WARN] PackLoader:240 - Cannot read IP mode file for STMicroelectronics.FP-SNS-FLIGHT1.5.0.2
2024-12-09 10:10:08,075 [WARN] PackLoader:240 - Cannot read IP mode file for STMicroelectronics.X-CUBE-DISPLAY.3.0.0
2024-12-09 10:10:08,119 [WARN] PackLoader:240 - Cannot read IP mode file for STMicroelectronics.X-CUBE-BLE1.7.0.0
2024-12-09 10:10:08,151 [WARN] PackLoader:240 - Cannot read IP mode file for STMicroelectronics.X-CUBE-NFC10.1.0.0
2024-12-09 10:10:08,191 [WARN] PackLoader:240 - Cannot read IP mode file for STMicroelectronics.X-CUBE-BLEMGR.4.0.0
2024-12-09 10:10:08,227 [WARN] PackLoader:240 - Cannot read IP mode file for emotas.I-CUBE-CANOPEN.1.3.0
2024-12-09 10:10:08,258 [WARN] PackLoader:240 - Cannot read IP mode file for STMicroelectronics.X-CUBE-BLEMGR.3.1.0
2024-12-09 10:10:08,291 [WARN] PackLoader:240 - Cannot read IP mode file for STMicroelectronics.FP-SNS-SMARTAG2.1.2.0
2024-12-09 10:10:08,329 [INFO] LogOutputStream:77 - [STDOUT_REDIRECT] 1 : Invalid condition id : UX_CORESTACK_Condition cause : null
2024-12-09 10:10:08,330 [INFO] LogOutputStream:77 - [STDOUT_REDIRECT] 1 : Invalid condition id : UX_CORESTACK_Condition cause : null
2024-12-09 10:10:08,333 [INFO] LogOutputStream:77 - [STDOUT_REDIRECT] 1 : Invalid condition id : UX_CORESTACK_Condition cause : null
2024-12-09 10:10:08,336 [INFO] LogOutputStream:77 - [STDOUT_REDIRECT] 1 : Invalid condition id : UX_CORESTACK_Condition cause : null
2024-12-09 10:10:08,340 [INFO] LogOutputStream:77 - [STDOUT_REDIRECT] 1 : Invalid condition id : UX_CORESTACK_Condition cause : null
2024-12-09 10:10:08,360 [WARN] PackLoader:240 - Cannot read IP mode file for STMicroelectronics.X-CUBE-AZRTOS-WL.2.0.0
2024-12-09 10:10:08,400 [WARN] PackLoader:240 - Cannot read IP mode file for STMicroelectronics.FP-SNS-MOTENV1.5.0.0
2024-12-09 10:10:08,432 [WARN] PackLoader:240 - Cannot read IP mode file for wolfSSL.I-CUBE-wolfMQTT.1.19.0
2024-12-09 10:10:08,476 [WARN] PackLoader:240 - Cannot read IP mode file for WES.I-CUBE-Cesium.1.3.0
2024-12-09 10:10:08,515 [WARN] PackLoader:240 - Cannot read IP mode file for STMicroelectronics.X-CUBE-BLE2.3.3.0
2024-12-09 10:10:08,553 [WARN] PackLoader:240 - Cannot read IP mode file for STMicroelectronics.X-CUBE-NFC9.1.0.0
2024-12-09 10:10:08,625 [WARN] PackLoader:240 - Cannot read IP mode file for STMicroelectronics.X-CUBE-TCPP.4.1.0
2024-12-09 10:10:08,722 [WARN] PackLoader:240 - Cannot read IP mode file for STMicroelectronics.X-CUBE-AZRTOS-G0.1.1.0
2024-12-09 10:10:08,761 [WARN] PackLoader:240 - Cannot read IP mode file for STMicroelectronics.X-CUBE-SAFEA1.1.2.2
2024-12-09 10:10:08,840 [WARN] PackLoader:240 - Cannot read IP mode file for STMicroelectronics.X-CUBE-NFC4.3.0.0
2024-12-09 10:10:08,929 [WARN] PackLoader:240 - Cannot read IP mode file for EmbeddedOffice.I-CUBE-FS-RTOS.1.0.1
2024-12-09 10:10:08,930 [ERROR] ConditionMgr:805 - Attr not supported : Dmpu
2024-12-09 10:10:08,930 [ERROR] ConditionMgr:805 - Attr not supported : Dmpu
2024-12-09 10:10:08,930 [ERROR] ConditionMgr:805 - Attr not supported : Dmpu
2024-12-09 10:10:08,932 [ERROR] ConditionMgr:805 - Attr not supported : Dmpu
2024-12-09 10:10:08,932 [ERROR] ConditionMgr:805 - Attr not supported : Dmpu
2024-12-09 10:10:08,932 [ERROR] ConditionMgr:805 - Attr not supported : Dmpu
2024-12-09 10:10:08,932 [ERROR] ConditionMgr:805 - Attr not supported : Dmpu
2024-12-09 10:10:08,932 [ERROR] ConditionMgr:805 - Attr not supported : Dmpu
2024-12-09 10:10:08,932 [ERROR] ConditionMgr:805 - Attr not supported : Dmpu
2024-12-09 10:10:08,932 [ERROR] ConditionMgr:805 - Attr not supported : Dmpu
2024-12-09 10:10:08,932 [ERROR] ConditionMgr:805 - Attr not supported : Dmpu
2024-12-09 10:10:08,932 [ERROR] ConditionMgr:805 - Attr not supported : Dmpu
2024-12-09 10:10:08,933 [ERROR] ConditionMgr:805 - Attr not supported : Dmpu
2024-12-09 10:10:08,933 [ERROR] ConditionMgr:805 - Attr not supported : Dmpu
2024-12-09 10:10:08,933 [ERROR] ConditionMgr:805 - Attr not supported : Dmpu
2024-12-09 10:10:08,933 [ERROR] ConditionMgr:805 - Attr not supported : Dmpu
2024-12-09 10:10:08,933 [ERROR] ConditionMgr:805 - Attr not supported : Dmpu
2024-12-09 10:10:08,933 [ERROR] ConditionMgr:805 - Attr not supported : Dmpu
2024-12-09 10:10:08,933 [ERROR] ConditionMgr:805 - Attr not supported : Dmpu
2024-12-09 10:10:08,933 [ERROR] ConditionMgr:805 - Attr not supported : Dmpu
2024-12-09 10:10:08,933 [ERROR] ConditionMgr:805 - Attr not supported : Dmpu
2024-12-09 10:10:08,934 [ERROR] ConditionMgr:805 - Attr not supported : Dmpu
2024-12-09 10:10:08,934 [ERROR] ConditionMgr:805 - Attr not supported : Dmpu
2024-12-09 10:10:08,934 [ERROR] ConditionMgr:805 - Attr not supported : Dmpu
2024-12-09 10:10:08,934 [ERROR] ConditionMgr:805 - Attr not supported : Dmpu
2024-12-09 10:10:08,934 [ERROR] ConditionMgr:805 - Attr not supported : Dmpu
2024-12-09 10:10:08,934 [ERROR] ConditionMgr:805 - Attr not supported : Dmpu
2024-12-09 10:10:08,935 [ERROR] ConditionMgr:805 - Attr not supported : Dmpu
2024-12-09 10:10:08,935 [ERROR] ConditionMgr:805 - Attr not supported : Dmpu
2024-12-09 10:10:08,935 [ERROR] ConditionMgr:805 - Attr not supported : Dmpu
2024-12-09 10:10:08,935 [ERROR] ConditionMgr:805 - Attr not supported : Dmpu
2024-12-09 10:10:08,935 [ERROR] ConditionMgr:805 - Attr not supported : Dmpu
2024-12-09 10:10:08,935 [ERROR] ConditionMgr:805 - Attr not supported : Dmpu
2024-12-09 10:10:08,935 [ERROR] ConditionMgr:805 - Attr not supported : Dmpu
2024-12-09 10:10:08,935 [ERROR] ConditionMgr:805 - Attr not supported : Dmpu
2024-12-09 10:10:08,935 [ERROR] ConditionMgr:805 - Attr not supported : Dmpu
2024-12-09 10:10:08,936 [ERROR] ConditionMgr:805 - Attr not supported : Dmpu
2024-12-09 10:10:08,936 [ERROR] ConditionMgr:805 - Attr not supported : Dmpu
2024-12-09 10:10:08,936 [ERROR] ConditionMgr:805 - Attr not supported : Dmpu
2024-12-09 10:10:08,936 [ERROR] ConditionMgr:805 - Attr not supported : Dmpu
2024-12-09 10:10:08,936 [ERROR] ConditionMgr:805 - Attr not supported : Dmpu
2024-12-09 10:10:08,936 [ERROR] ConditionMgr:805 - Attr not supported : Dmpu
2024-12-09 10:10:08,936 [ERROR] ConditionMgr:805 - Attr not supported : Dmpu
2024-12-09 10:10:08,936 [ERROR] ConditionMgr:805 - Attr not supported : Dmpu
2024-12-09 10:10:08,936 [ERROR] ConditionMgr:805 - Attr not supported : Dmpu
2024-12-09 10:10:08,937 [ERROR] ConditionMgr:805 - Attr not supported : Dmpu
2024-12-09 10:10:08,937 [ERROR] ConditionMgr:805 - Attr not supported : Dmpu
2024-12-09 10:10:08,937 [ERROR] ConditionMgr:805 - Attr not supported : Dmpu
2024-12-09 10:10:08,937 [ERROR] ConditionMgr:805 - Attr not supported : Dmpu
2024-12-09 10:10:08,937 [ERROR] ConditionMgr:805 - Attr not supported : Dmpu
2024-12-09 10:10:08,937 [ERROR] ConditionMgr:805 - Attr not supported : Dmpu
2024-12-09 10:10:08,937 [ERROR] ConditionMgr:805 - Attr not supported : Dmpu
2024-12-09 10:10:08,938 [ERROR] ConditionMgr:805 - Attr not supported : Dmpu
2024-12-09 10:10:08,938 [ERROR] ConditionMgr:805 - Attr not supported : Dmpu
2024-12-09 10:10:08,938 [ERROR] ConditionMgr:805 - Attr not supported : Dmpu
2024-12-09 10:10:08,938 [ERROR] ConditionMgr:805 - Attr not supported : Dmpu
2024-12-09 10:10:08,938 [ERROR] ConditionMgr:805 - Attr not supported : Dmpu
2024-12-09 10:10:08,938 [ERROR] ConditionMgr:805 - Attr not supported : Dmpu
2024-12-09 10:10:08,938 [ERROR] ConditionMgr:805 - Attr not supported : Dmpu
2024-12-09 10:10:08,939 [ERROR] ConditionMgr:805 - Attr not supported : Dmpu
2024-12-09 10:10:08,939 [ERROR] ConditionMgr:805 - Attr not supported : Dmpu
2024-12-09 10:10:08,939 [ERROR] ConditionMgr:805 - Attr not supported : Dmpu
2024-12-09 10:10:08,939 [ERROR] ConditionMgr:805 - Attr not supported : Dmpu
2024-12-09 10:10:08,939 [ERROR] ConditionMgr:805 - Attr not supported : Dmpu
2024-12-09 10:10:08,970 [WARN] PackLoader:240 - Cannot read IP mode file for RealThread.X-CUBE-RT-Thread_Nano.4.1.1
2024-12-09 10:10:09,000 [WARN] PackLoader:240 - Cannot read IP mode file for STMicroelectronics.FP-ATR-SIGFOX1.3.2.0
2024-12-09 10:10:09,031 [WARN] PackLoader:240 - Cannot read IP mode file for wolfSSL.I-CUBE-wolfSSL.5.7.2
2024-12-09 10:10:09,068 [WARN] ConditionMgr:438 - getConditionDescription Invalid condition id : Cortex-A Device cause : null
2024-12-09 10:10:09,169 [WARN] ConditionMgr:1039 - genDependencies : Invalid condition id : Cortex-A Device cause : null
2024-12-09 10:10:09,170 [WARN] ConditionMgr:1039 - genDependencies : Invalid condition id : Cortex-A Device cause : null
2024-12-09 10:10:09,170 [WARN] ConditionMgr:1039 - genDependencies : Invalid condition id : Cortex-A Device cause : null
2024-12-09 10:10:09,205 [WARN] PackLoader:240 - Cannot read IP mode file for STMicroelectronics.X-CUBE-EEPRMA1.5.1.0
2024-12-09 10:10:09,234 [WARN] PackLoader:240 - Cannot read IP mode file for ITTIA_DB.I-CUBE-ITTIADB.8.9.0
2024-12-09 10:10:09,315 [WARN] PackLoader:240 - Cannot read IP mode file for SEGGER.I-CUBE-embOS.1.3.1
2024-12-09 10:10:09,417 [WARN] PackLoader:240 - Cannot read IP mode file for STMicroelectronics.X-CUBE-ALGOBUILD.1.4.0
2024-12-09 10:10:09,445 [WARN] PackLoader:240 - Cannot read IP mode file for STMicroelectronics.X-CUBE-AI.9.1.0
2024-12-09 10:10:09,487 [WARN] PackLoader:240 - Cannot read IP mode file for STMicroelectronics.X-CUBE-GNSS1.6.0.0
2024-12-09 10:10:09,568 [WARN] PackLoader:240 - Cannot read IP mode file for STMicroelectronics.X-CUBE-AZRTOS-F4.1.1.0
2024-12-09 10:10:09,631 [WARN] PackLoader:240 - Cannot read IP mode file for STMicroelectronics.X-CUBE-ISPU.2.1.0
2024-12-09 10:10:09,669 [WARN] PackLoader:240 - Cannot read IP mode file for STMicroelectronics.X-CUBE-FREERTOS.1.2.0
2024-12-09 10:10:09,733 [WARN] PackLoader:240 - Cannot read IP mode file for STMicroelectronics.X-CUBE-AZRTOS-L5.2.0.0
2024-12-09 10:10:09,775 [WARN] PackLoader:240 - Cannot read IP mode file for STMicroelectronics.X-CUBE-NFC6.3.1.0
2024-12-09 10:10:09,814 [WARN] PackLoader:240 - Cannot read IP mode file for STMicroelectronics.X-CUBE-DPower.1.2.0
2024-12-09 10:10:09,843 [WARN] PackLoader:240 - Cannot read IP mode file for STMicroelectronics.X-CUBE-AI.9.0.0
2024-12-09 10:10:09,876 [WARN] PackLoader:240 - Cannot read IP mode file for STMicroelectronics.X-CUBE-NFC7.1.0.1
2024-12-09 10:10:09,922 [WARN] PackLoader:240 - Cannot read IP mode file for wolfSSL.I-CUBE-wolfTPM.3.2.0
2024-12-09 10:10:09,996 [WARN] ConditionMgr:438 - getConditionDescription Invalid condition id : LAN8742 Phy interface Condition cause : null
2024-12-09 10:10:09,997 [WARN] PackLoader:240 - Cannot read IP mode file for STMicroelectronics.X-CUBE-AZRTOS-L4.2.0.0
2024-12-09 10:10:09,999 [WARN] ConditionMgr:1039 - genDependencies : Invalid condition id : LAN8742 Phy interface Condition cause : null
2024-12-09 10:10:09,999 [WARN] ConditionMgr:1039 - genDependencies : Invalid condition id : LAN8742 Phy interface Condition cause : null
2024-12-09 10:10:10,000 [WARN] ConditionMgr:1039 - genDependencies : Invalid condition id : LAN8742 Phy interface Condition cause : null
2024-12-09 10:10:10,034 [WARN] PackLoader:240 - Cannot read IP mode file for STMicroelectronics.X-CUBE-SFXS2LP1.4.0.0
2024-12-09 10:10:10,100 [WARN] PackLoader:240 - Cannot read IP mode file for STMicroelectronics.X-CUBE-AZRTOS-H7.3.3.0
2024-12-09 10:10:10,166 [WARN] PackLoader:240 - Cannot read IP mode file for STMicroelectronics.X-CUBE-IPS.3.0.0
2024-12-09 10:10:10,237 [WARN] ConditionMgr:438 - getConditionDescription Invalid condition id : UX DEVICE CLASS RTOS Condition cause : null
2024-12-09 10:10:10,238 [WARN] ConditionMgr:438 - getConditionDescription Invalid condition id : UX DEVICE CLASS RTOS Condition cause : null
2024-12-09 10:10:10,244 [WARN] PackLoader:240 - Cannot read IP mode file for STMicroelectronics.X-CUBE-AZRTOS-WB.2.0.0
2024-12-09 10:10:10,244 [WARN] ConditionMgr:1039 - genDependencies : Invalid condition id : UX DEVICE CLASS RTOS Condition cause : null
2024-12-09 10:10:10,246 [WARN] ConditionMgr:1039 - genDependencies : Invalid condition id : UX DEVICE CLASS RTOS Condition cause : null
2024-12-09 10:10:10,247 [WARN] ConditionMgr:1039 - genDependencies : Invalid condition id : UX DEVICE CLASS RTOS Condition cause : null
2024-12-09 10:10:10,247 [WARN] ConditionMgr:1039 - genDependencies : Invalid condition id : UX DEVICE CLASS RTOS Condition cause : null
2024-12-09 10:10:10,247 [WARN] ConditionMgr:1039 - genDependencies : Invalid condition id : UX DEVICE CLASS RTOS Condition cause : null
2024-12-09 10:10:10,281 [WARN] PackLoader:240 - Cannot read IP mode file for STMicroelectronics.X-CUBE-GNSS1.7.0.0
2024-12-09 10:10:10,311 [WARN] PackLoader:240 - Cannot read IP mode file for STMicroelectronics.FP-SNS-STBOX1.2.0.0
2024-12-09 10:10:10,358 [WARN] PackLoader:240 - Cannot read IP mode file for STMicroelectronics.X-CUBE-SUBG2.5.0.0
2024-12-09 10:10:10,397 [WARN] PackLoader:240 - Cannot read IP mode file for Cesanta.I-CUBE-Mongoose.7.13.0
2024-12-09 10:10:10,504 [WARN] PackLoader:240 - Cannot read IP mode file for STMicroelectronics.X-CUBE-AZRTOS-G4.2.0.0
2024-12-09 10:10:10,563 [WARN] PackLoader:240 - Cannot read IP mode file for STMicroelectronics.X-CUBE-ISPU.2.0.0
2024-12-09 10:10:10,596 [WARN] PackLoader:240 - Cannot read IP mode file for STMicroelectronics.X-CUBE-ALS.1.0.2
2024-12-09 10:10:10,712 [WARN] PackLoader:240 - Cannot read IP mode file for STMicroelectronics.X-CUBE-MEMS1.10.0.0
2024-12-09 10:10:10,992 [WARN] PackLoader:240 - Cannot read IP mode file for STMicroelectronics.X-CUBE-TOUCHGFX.4.24.0
2024-12-09 10:10:11,016 [WARN] PackLoader:240 - Cannot read IP mode file for STMicroelectronics.X-CUBE-TOUCHGFX.4.24.1
2024-12-09 10:10:11,039 [WARN] PackLoader:240 - Cannot read IP mode file for portGmbH.I-Cube-SoM-uGOAL.1.1.0
2024-12-09 10:10:11,102 [WARN] PackLoader:240 - Cannot read IP mode file for STMicroelectronics.X-CUBE-AZRTOS-H7RS.1.0.0
2024-12-09 10:10:11,134 [WARN] PackLoader:240 - Cannot read IP mode file for STMicroelectronics.FP-ATR-ASTRA1.2.0.0
2024-12-09 10:10:11,183 [WARN] PackLoader:240 - Cannot read IP mode file for STMicroelectronics.X-CUBE-TOF1.3.4.2
2024-12-09 10:10:11,264 [WARN] PackLoader:240 - Cannot read IP mode file for STMicroelectronics.X-CUBE-AZRTOS-H7.3.2.0
2024-12-09 10:10:11,322 [WARN] PackLoader:240 - Cannot read IP mode file for Infineon.AIROC-Wi-Fi-Bluetooth-STM32.1.6.0
2024-12-09 10:10:11,350 [WARN] PackLoader:240 - Cannot read IP mode file for wolfSSL.I-CUBE-wolfSSH.1.4.17
2024-12-09 10:10:11,351 [INFO] ThirdParty:978 - Integrity check success = true
2024-12-09 10:10:11,351 [INFO] IntegrityCheckThread:100 - exiting critical section [integrity check]
2024-12-09 10:10:11,351 [INFO] IntegrityCheckThread:103 - End integrity checks thread
2024-12-09 10:10:20,800 [INFO] WebApp:167 - Instantiating new browser for Auth
2024-12-09 10:10:22,920 [INFO] WebApp:448 - Apply proxy settings
2024-12-09 10:10:22,921 [INFO] WebApp:533 - Chromium requires no authentication
2024-12-09 10:10:22,963 [INFO] WebApp:476 - Direct internet connection detected
2024-12-09 10:10:23,056 [INFO] WebApp:869 - Register for checkConnection events
2024-12-09 10:10:23,056 [INFO] WebApp:448 - Apply proxy settings
2024-12-09 10:10:23,057 [INFO] WebApp:533 - Chromium requires no authentication
2024-12-09 10:10:23,058 [INFO] WebApp:476 - Direct internet connection detected
2024-12-09 10:10:23,709 [INFO] WebApp:220 - Starting web application
2024-12-09 10:10:23,710 [INFO] WebApp:578 - Web application path used D:\ST\STM32CubeIDE_1.16.0\STM32CubeIDE\plugins\com.st.stm32cube.common.mx_6.12.1.202409122256\db\plugins\mcufinder\reactClient1\index.html
2024-12-09 10:10:23,785 [INFO] WebApp:186 - Connection restablished
2024-12-09 10:10:24,623 [INFO] UserAuth:417 - Internet connection configuration mode: 1
