2024-12-16 00:29:30,023 [INFO] MainUpdater:2873 - connection check result : 10
2024-12-16 00:29:30,830 [INFO] McuFinderGlobals:76 - Set McuFinderConnectedMode to true
2024-12-16 00:29:31,411 [INFO] ServerAccessManage:473 - Download File mcusAds.json._tmp_
2024-12-16 00:29:31,572 [INFO] LoadUrlFilesThread:156 - End of LoadUrlFiles Thread
2024-12-16 00:29:33,192 [INFO] ServerAccessManage:473 - Download File cube-finder-db.zip
2024-12-16 00:29:34,298 [INFO] FileExtend:240 - Unzip File : cube-finder-db.zip
2024-12-16 00:29:34,299 [INFO] FileExtend:255 - Standard Zip Deflate
2024-12-16 00:29:36,994 [INFO] LoadUrlFilesThread:156 - End of LoadUrlFiles Thread
2024-12-16 00:29:38,000 [INFO] ServerAccessManage:473 - Download File crdb.zip
2024-12-16 00:29:39,208 [INFO] FileExtend:240 - Unzip File : crdb.zip
2024-12-16 00:29:39,209 [INFO] FileExtend:255 - Standard Zip Deflate
2024-12-16 00:29:39,386 [INFO] LoadUrlFilesThread:156 - End of LoadUrlFiles Thread
2024-12-16 00:29:40,581 [INFO] ServerAccessManage:473 - Download File tutoVideoDB.zip
2024-12-16 00:29:40,589 [INFO] FileExtend:240 - Unzip File : tutoVideoDB.zip
2024-12-16 00:29:40,590 [INFO] FileExtend:255 - Standard Zip Deflate
2024-12-16 00:29:40,745 [INFO] LoadUrlFilesThread:156 - End of LoadUrlFiles Thread
2024-12-16 00:29:40,797 [WARN] DbFile:41 - Overriding database path with different value: C:\Users\Asus\.stmcufinder\plugins\mcufinder/ => C:\Users\Asus\.stmcufinder\plugins\mcufinder
2024-12-16 00:29:40,919 [INFO] ServerAccessManage:473 - Download File api_config.json
2024-12-16 00:29:41,029 [INFO] LoadUrlFilesThread:156 - End of LoadUrlFiles Thread
2024-12-16 00:29:41,044 [INFO] DbMcusAds:53 - JSON generation date=Fri Sep 20 20:04:23 ICT 2024 (1726837463113)
2024-12-16 00:29:41,056 [INFO] ApiDb:448 - Save user favorites file C:\Users\Asus/.stm32cubeide/favorites.mcus.txt: 0 item(s)
2024-12-16 00:29:41,056 [INFO] ApiDb:452 - User favorites MCUs=[]
2024-12-16 00:29:41,107 [INFO] ApiDb:581 - Connected to CubeFinder SQLite database (C:\Users\Asus\.stmcufinder\plugins\mcufinder\mcu\cube-finder-db.db)
2024-12-16 00:29:41,199 [INFO] ApiDb:668 - CubeFinder database Data Model version=2.1
2024-12-16 00:29:41,199 [INFO] ApiDb:669 - CubeFinder database Configuration version=3.0.39
2024-12-16 00:29:41,199 [INFO] ApiDb:670 - CubeFinder database generation date=2024-11-21 (1732182206)
2024-12-16 00:29:41,199 [INFO] ApiDb:671 - CubeFinder database FW Pack versions=[FP-ATR-ASTRA1_V2.0.0, FP-SNS-FLIGHT1_V5.0.2, FP-SNS-MOTENV1_V5.0.0, FP-SNS-MOTENVWB1_V1.4.0, FP-SNS-SMARTAG2_V1.2.0, FP-SNS-STBOX1_V2.0.0, STM32Cube_FW_C0_V1.3.0, STM32Cube_FW_F4_V1.28.1, STM32Cube_FW_F7_V1.17.2, STM32Cube_FW_G0_V1.6.2, STM32Cube_FW_G4_V1.6.1, STM32Cube_FW_H5_V1.4.0, STM32Cube_FW_H7RS_V1.1.0, STM32Cube_FW_H7_V1.12.0, STM32Cube_FW_L0_V1.12.2, STM32Cube_FW_L4_V1.18.1, STM32Cube_FW_L5_V1.5.1, STM32Cube_FW_N6_V1.0.0, STM32Cube_FW_U0_V1.2.0, STM32Cube_FW_U3_V1.0.0, STM32Cube_FW_U5_V1.7.0, STM32Cube_FW_WB0_V1.1.0, STM32Cube_FW_WBA_V1.5.0, STM32Cube_FW_WB_V1.21.0, STM32Cube_FW_WL3_V1.0.0, STM32Cube_FW_WL_V1.3.0, X-CUBE-ALGOBUILD_V1.4.0, X-CUBE-ALS_V1.0.2, X-CUBE-AZRTOS-F4_V1.1.0, X-CUBE-AZRTOS-F7_V1.1.0, X-CUBE-AZRTOS-G0_V1.1.0, X-CUBE-AZRTOS-G4_V2.0.0, X-CUBE-AZRTOS-H7RS_V1.0.0, X-CUBE-AZRTOS-H7_V3.3.0, X-CUBE-AZRTOS-L4_V2.0.0, X-CUBE-AZRTOS-L5_V2.0.0, X-CUBE-AZRTOS-WB_V2.0.0, X-CUBE-AZRTOS-WL_V2.0.0, X-CUBE-BLE1_V7.0.0, X-CUBE-BLE2_V3.3.0, X-CUBE-BLEMGR_V3.1.0, X-CUBE-EEPRMA1_V5.1.0, X-CUBE-FREERTOS_V1.2.0, X-CUBE-GNSS1_V6.0.0, X-CUBE-MEMS1_V11.0.0, X-CUBE-NFC4_V3.0.0, X-CUBE-NFC7_V1.0.1, X-CUBE-SFXS2LP1_V4.0.0, X-CUBE-SUBG2_V5.0.0, X-CUBE-TOF1_V3.4.2]
2024-12-16 00:29:44,633 [INFO] ApiDb:240 - Found 646 in-development CPN: [B-G473E-ZEST1S, B-WB1M-WPAN1, B-WL5M-SUBG1, NUCLEO-C031C6, NUCLEO-C071RB, NUCLEO-H503RB, NUCLEO-H533RE, NUCLEO-H563ZI, NUCLEO-H7S3L8, NUCLEO-U031R8, NUCLEO-U083RC, NUCLEO-U545RE-Q, NUCLEO-U5A5ZJ-Q, NUCLEO-WB05KZ, NUCLEO-WB07CC, NUCLEO-WB09KE, NUCLEO-WBA52CG, NUCLEO-WBA55CG, STEVAL-PROTEUS1, STEVAL-SMARTAG2, STEVAL-STWINBX1, STM320518-EVAL, STM32C0116-DK, STM32C011D6Y3TR, STM32C011D6Y6TR, STM32C011F4P3, STM32C011F4P6, STM32C011F4U3, STM32C011F4U6TR, STM32C011F6P3, STM32C011F6P6, STM32C011F6U3, STM32C011F6U6TR, STM32C011J4M3, STM32C011J4M6, STM32C011J6M3, STM32C011J6M6, STM32C0316-DK, STM32C031C4T3, STM32C031C4T6, STM32C031C4U3, STM32C031C4U6, STM32C031C6T3, STM32C031C6T6, STM32C031C6U3, STM32C031C6U6, STM32C031F4P3, STM32C031F4P6, STM32C031F6P3, STM32C031F6P6, STM32C031G4U3, STM32C031G4U6, STM32C031G6U3, STM32C031G6U6, STM32C031K4T3, STM32C031K4T6, STM32C031K4U3, STM32C031K4U6, STM32C031K6T3, STM32C031K6T6, STM32C031K6U3, STM32C031K6U6, STM32C071C8T6, STM32C071C8T6N, STM32C071C8U6, STM32C071C8U6N, STM32C071CBT6, STM32C071CBT6N, STM32C071CBU6, STM32C071CBU6N, STM32C071F8P6, STM32C071F8P6N, STM32C071FBP6, STM32C071FBP6N, STM32C071FBY6TR, STM32C071G8U6, STM32C071G8U6N, STM32C071GBU6, STM32C071GBU6N, STM32C071K8T6, STM32C071K8T6N, STM32C071K8U6, STM32C071K8U6N, STM32C071KBT6, STM32C071KBT6N, STM32C071KBU6, STM32C071KBU6N, STM32C071R8T6, STM32C071R8T6N, STM32C071RBI6N, STM32C071RBT6, STM32C071RBT6N, STM32G071K8TXN, STM32G071K8UXN, STM32G081GBU6N, STM32G081KBT6N, STM32G081KBUXN, STM32G0B1CCT6N, STM32G0B1KCT6, STM32G0B1NEY6TR, STM32G0B1RCT6N, STM32G0C1CCT6, STM32G0C1CCT6N, STM32G0C1CCU6N, STM32G0C1CET6N, STM32G0C1CEU6N, STM32G0C1KCT6, STM32G0C1NEY6TR, STM32G0C1RCI6N, STM32G0C1RCT6N, STM32G0C1REI6N, STM32G0C1RET6N, STM32G0C1VCI6, STM32G0C1VEI6, STM32G411C6T3, STM32G411C6T6, STM32G411C6U3, STM32G411C6U6, STM32G411C8T3, STM32G411C8T6, STM32G411C8U3, STM32G411C8U6, STM32G411CBT3, STM32G411CBT6, STM32G411CBU3, STM32G411CBU6, STM32G411K6T3, STM32G411K6T6, STM32G411K6U3, STM32G411K6U6, STM32G411K8T3, STM32G411K8T6, STM32G411K8U3, STM32G411K8U6, STM32G411KBT3, STM32G411KBT6, STM32G411KBU3, STM32G411KBU6, STM32G411M6T3, STM32G411M6T6, STM32G411M8T3, STM32G411M8T6, STM32G411MBT3, STM32G411MBT6, STM32G411R6T3, STM32G411R6T6, STM32G411R8T3, STM32G411R8T6, STM32G411RBT3, STM32G411RBT6, STM32G414CBT3, STM32G414CBT6, STM32G414CBU3, STM32G414CBU6, STM32G414CCT3, STM32G414CCT6, STM32G414CCU3, STM32G414CCU6, STM32G414MBT3, STM32G414MBT6, STM32G414MCT3, STM32G414MCT6, STM32G414RBT3, STM32G414RBT6, STM32G414RCT3, STM32G414RCT6, STM32G414VBT3, STM32G414VBT6, STM32G414VCT3, STM32G414VCT6, STM32G431CBT3Z, STM32G431RBT3Z, STM32G471CCT6, STM32G471CCU6, STM32G471CET3, STM32G471CET6, STM32G471CEU3, STM32G471CEU6, STM32G471MCT6, STM32G471MET3, STM32G471MET6, STM32G471MEY6TR, STM32G471QCT6, STM32G471QET3, STM32G471RCT6, STM32G471RET3, STM32G471RET6, STM32G471VCH6, STM32G471VCI6, STM32G471VCT6, STM32G471VEH3, STM32G471VEH6, STM32G471VEI3, STM32G471VEI6, STM32G471VET3, STM32G471VET6, STM32G473QET3Z, STM32G473RET3Z, STM32G474CCT6, STM32G491RET3Z, STM32H503CBT6, STM32H503CBU6, STM32H503EBY6TR, STM32H503KBU6, STM32H503RBT6, STM32H523CCT6, STM32H523CCU6, STM32H523CET6, STM32H523CEU6, STM32H523HEY6TR, STM32H523RCT6, STM32H523RET6, STM32H523VCI6, STM32H523VCT6, STM32H523VEI6, STM32H523VET6, STM32H523ZCJ6, STM32H523ZCT6, STM32H523ZEJ6, STM32H523ZET6, STM32H533CET6, STM32H533CEU6, STM32H533HEY6TR, STM32H533RET6, STM32H533VEI6, STM32H533VET6, STM32H533ZEJ6, STM32H533ZET6, STM32H562AGI6, STM32H562AII6, STM32H562IGK6, STM32H562IGT6, STM32H562IIK6, STM32H562IIT6, STM32H562RGT6, STM32H562RGV6, STM32H562RIT6, STM32H562RIV6, STM32H562VGT6, STM32H562VIT6, STM32H562ZGT6, STM32H562ZIT6, STM32H563AGI6, STM32H563AII3Q, STM32H563AII6, STM32H563IGK6, STM32H563IGT6, STM32H563IIK3Q, STM32H563IIK6, STM32H563IIT3Q, STM32H563IIT6, STM32H563MIY3QTR, STM32H563RGT6, STM32H563RGV6, STM32H563RIT6, STM32H563RIV6, STM32H563VGT6, STM32H563VIT3Q, STM32H563VIT6, STM32H563ZGT6, STM32H563ZIT3Q, STM32H563ZIT6, STM32H573AII3Q, STM32H573AII6, STM32H573I-DK, STM32H573IIK3Q, STM32H573IIK6, STM32H573IIT3Q, STM32H573IIT6, STM32H573MIY3QTR, STM32H573RIT6, STM32H573RIV6, STM32H573VIT3Q, STM32H573VIT6, STM32H573ZIT3Q, STM32H573ZIT6, STM32H7R3A8I6, STM32H7R3I8K6, STM32H7R3I8T6, STM32H7R3L8H6, STM32H7R3L8H6H, STM32H7R3R8V6, STM32H7R3V8H6, STM32H7R3V8T6, STM32H7R3V8Y6TR, STM32H7R3Z8J6, STM32H7R3Z8T6, STM32H7R7A8I6, STM32H7R7I8K6, STM32H7R7I8T6, STM32H7R7L8H6, STM32H7R7L8H6H, STM32H7R7Z8J6, STM32H7S3A8I6, STM32H7S3I8K6, STM32H7S3I8T6, STM32H7S3L8H6, STM32H7S3L8H6H, STM32H7S3R8V6, STM32H7S3V8H6, STM32H7S3V8T6, STM32H7S3V8Y6TR, STM32H7S3Z8J6, STM32H7S3Z8T6, STM32H7S78-DK, STM32H7S7A8I6, STM32H7S7I8K6, STM32H7S7I8T6, STM32H7S7L8H6, STM32H7S7L8H6H, STM32H7S7Z8J6, STM32L4R5QGI6STR, STM32MP131AAE3, STM32MP131AAF3, STM32MP131AAG3, STM32MP131CAE3, STM32MP131CAF3, STM32MP131CAG3, STM32MP131DAE7, STM32MP131DAF7, STM32MP131DAG7, STM32MP131FAE7, STM32MP131FAF7, STM32MP131FAG7, STM32MP133AAE3, STM32MP133AAF3, STM32MP133AAG3, STM32MP133CAE3, STM32MP133CAF3, STM32MP133CAG3, STM32MP133DAE7, STM32MP133DAF7, STM32MP133DAG7, STM32MP133FAE7, STM32MP133FAF7, STM32MP133FAG7, STM32MP135AAE3, STM32MP135AAF3, STM32MP135AAG3, STM32MP135CAE3, STM32MP135CAF3, STM32MP135CAG3, STM32MP135DAE7, STM32MP135DAF7, STM32MP135DAG7, STM32MP135F-DK, STM32MP135FAE7, STM32MP135FAF7, STM32MP135FAF7T, STM32MP135FAF7U, STM32MP135FAG7, STM32MP251AAI3, STM32MP251AAK3, STM32MP251AAL3, STM32MP251CAI3, STM32MP251CAK3, STM32MP251CAL3, STM32MP251DAI3, STM32MP251DAK3, STM32MP251DAL3, STM32MP251FAI3, STM32MP251FAK3, STM32MP251FAL3, STM32MP253AAI3, STM32MP253AAK3, STM32MP253AAL3, STM32MP253CAI3, STM32MP253CAK3, STM32MP253CAL3, STM32MP253DAI3, STM32MP253DAK3, STM32MP253DAL3, STM32MP253FAI3, STM32MP253FAK3, STM32MP253FAL3, STM32MP255AAI3, STM32MP255AAK3, STM32MP255AAL3, STM32MP255CAI3, STM32MP255CAK3, STM32MP255CAL3, STM32MP255DAI3, STM32MP255DAK3, STM32MP255DAL3, STM32MP255FAI3, STM32MP255FAK3, STM32MP255FAL3, STM32MP257AAI3, STM32MP257AAK3, STM32MP257AAL3, STM32MP257CAI3, STM32MP257CAK3, STM32MP257CAL3, STM32MP257DAI3, STM32MP257DAK3, STM32MP257DAL3, STM32MP257F-DK, STM32MP257F-EV1, STM32MP257FAI3, STM32MP257FAK3, STM32MP257FAL3, STM32U031C6T6, STM32U031C6U6, STM32U031C8T6, STM32U031C8U6, STM32U031F4P6, STM32U031F6P6, STM32U031F8P6, STM32U031G6Y6TR, STM32U031G8Y6TR, STM32U031K4U6, STM32U031K6U6, STM32U031K8U6, STM32U031R6I6, STM32U031R6T6, STM32U031R8I6, STM32U031R8T6, STM32U073C8T6, STM32U073C8U6, STM32U073CBT6, STM32U073CBU6, STM32U073CCT6, STM32U073CCU6, STM32U073H8Y6TR, STM32U073HBY6TR, STM32U073HCY6TR, STM32U073K8U6, STM32U073KBU6, STM32U073KCU6, STM32U073M8I6, STM32U073M8T6, STM32U073MBI6, STM32U073MBT6, STM32U073MCI6, STM32U073MCT6, STM32U073R8I6, STM32U073R8T6, STM32U073RBI6, STM32U073RBT6, STM32U073RCI6, STM32U073RCT6, STM32U083C-DK, STM32U083CCT6, STM32U083CCU6, STM32U083HCY6TR, STM32U083KCU6, STM32U083MCI6, STM32U083MCT6, STM32U083RCI6, STM32U083RCT6, STM32U535CBT6, STM32U535CBT6Q, STM32U535CBU6, STM32U535CBU6Q, STM32U535CCT6, STM32U535CCT6Q, STM32U535CCU6, STM32U535CCU6Q, STM32U535CET6, STM32U535CET6Q, STM32U535CEU6, STM32U535CEU6Q, STM32U535JEY6QTR, STM32U535NCY6QTR, STM32U535NEY6QTR, STM32U535RBI6, STM32U535RBI6Q, STM32U535RBT6, STM32U535RBT6Q, STM32U535RCI6, STM32U535RCI6Q, STM32U535RCT6, STM32U535RCT6Q, STM32U535REI6, STM32U535REI6Q, STM32U535RET6, STM32U535RET6Q, STM32U535VCI6, STM32U535VCI6Q, STM32U535VCT6, STM32U535VCT6Q, STM32U535VEI6, STM32U535VEI6Q, STM32U535VET6, STM32U535VET6Q, STM32U545CET6, STM32U545CET6Q, STM32U545CEU6, STM32U545CEU6Q, STM32U545JEY6QTR, STM32U545NEY6QTR, STM32U545REI6, STM32U545REI6Q, STM32U545RET6, STM32U545RET6Q, STM32U545VEI6, STM32U545VEI6Q, STM32U545VET6, STM32U545VET6Q, STM32U595AIH6, STM32U595AIH6Q, STM32U595AJH6, STM32U595AJH6Q, STM32U595QII6, STM32U595QII6Q, STM32U595QJI6, STM32U595QJI6Q, STM32U595RIT6, STM32U595RIT6Q, STM32U595RJT6, STM32U595RJT6Q, STM32U595VIT6, STM32U595VIT6Q, STM32U595VJT6, STM32U595VJT6Q, STM32U595ZIT6, STM32U595ZIT6Q, STM32U595ZIY6QTR, STM32U595ZJT6, STM32U595ZJT6Q, STM32U595ZJY6QTR, STM32U599BJY6QTR, STM32U599NIH6Q, STM32U599NJH6Q, STM32U599VIT6Q, STM32U599VJT6, STM32U599VJT6Q, STM32U599ZIT6Q, STM32U599ZIY6QTR, STM32U599ZJT6Q, STM32U599ZJY6QTR, STM32U5A5AJH6, STM32U5A5AJH6Q, STM32U5A5QII3Q , STM32U5A5QJI6, STM32U5A5QJI6Q, STM32U5A5RJT6, STM32U5A5RJT6Q, STM32U5A5VJT6, STM32U5A5VJT6Q, STM32U5A5ZJT6, STM32U5A5ZJT6Q, STM32U5A5ZJY6QTR, STM32U5A9BJY6QTR, STM32U5A9J-DK, STM32U5A9NJH6Q, STM32U5A9VJT6Q, STM32U5A9ZJT6Q, STM32U5A9ZJY6QTR, STM32U5F7VIT6, STM32U5F7VIT6Q, STM32U5F7VJT6, STM32U5F7VJT6Q, STM32U5F9BJY6QTR, STM32U5F9NJH6Q, STM32U5F9VIT6Q, STM32U5F9VJT6Q, STM32U5F9ZIJ6QTR, STM32U5F9ZIT6Q, STM32U5F9ZJJ6QTR, STM32U5F9ZJT6Q, STM32U5G7VJT6, STM32U5G7VJT6Q, STM32U5G9BJY6QTR, STM32U5G9J-DK1, STM32U5G9J-DK2, STM32U5G9NJH6Q, STM32U5G9VJT6Q, STM32U5G9ZJJ6QTR, STM32U5G9ZJT6Q, STM32WB05KZV6TR, STM32WB05KZV7TR, STM32WB05TZF6TR, STM32WB05TZF7TR, STM32WB06CCF6TR, STM32WB06CCF7TR, STM32WB06CCV6TR, STM32WB06CCV7TR, STM32WB06KCV6TR, STM32WB06KCV7TR, STM32WB07CCF6TR, STM32WB07CCF7TR, STM32WB07CCV6TR, STM32WB07CCV7TR, STM32WB07KCV6TR, STM32WB07KCV7TR, STM32WB09KEV6TR, STM32WB09KEV7TR, STM32WB09TEF6TR, STM32WB09TEF7TR, STM32WB1MMCH6, STM32WBA50KGU6, STM32WBA50KGU6TR, STM32WBA52CEU6, STM32WBA52CEU6TR, STM32WBA52CEU7, STM32WBA52CEU7TR, STM32WBA52CGU6, STM32WBA52CGU6TR, STM32WBA52CGU6U, STM32WBA52CGU7, STM32WBA52CGU7TR, STM32WBA52KEU6, STM32WBA52KEU6TR, STM32WBA52KGU6, STM32WBA52KGU6TR, STM32WBA54CEU6, STM32WBA54CEU6TR, STM32WBA54CEU7, STM32WBA54CEU7TR, STM32WBA54CGU6, STM32WBA54CGU6TR, STM32WBA54CGU7, STM32WBA54CGU7TR, STM32WBA54KEU6, STM32WBA54KEU6TR, STM32WBA54KEU7, STM32WBA54KEU7TR, STM32WBA54KGU6, STM32WBA54KGU6TR, STM32WBA54KGU7, STM32WBA54KGU7TR, STM32WBA55CEU6, STM32WBA55CEU6TR, STM32WBA55CEU7, STM32WBA55CEU7TR, STM32WBA55CGU6, STM32WBA55CGU6TR, STM32WBA55CGU6U, STM32WBA55CGU7, STM32WBA55CGU7TR, STM32WBA55G-DK1, STM32WBA55HEF6, STM32WBA55HEF7, STM32WBA55HGF6, STM32WBA55HGF7, STM32WBA55UEI6, STM32WBA55UEI6TR, STM32WBA55UEI7, STM32WBA55UEI7TR, STM32WBA55UGI6, STM32WBA55UGI6TR, STM32WBA55UGI7, STM32WBA55UGI7TR, STM32WL5MOCH6, STM32WL5MOCH6TR]
2024-12-16 00:29:44,642 [INFO] DbMcus:218 - Found 4389 MCUs, 4389 are supported
2024-12-16 00:29:44,645 [INFO] ApiDb:423 - Load user favorites file C:\Users\Asus/.stm32cubeide/favorites.mcus.txt: 0 item(s)
2024-12-16 00:29:44,645 [INFO] ApiDb:427 - User favorites MCUs=[]
2024-12-16 00:29:44,645 [INFO] DbMcus:224 - Set 0 / 0 favorites MCUs
2024-12-16 00:29:45,787 [INFO] ApiDb:448 - Save user favorites file C:\Users\Asus/.stm32cubeide/favorites.boards.txt: 1 item(s)
2024-12-16 00:29:45,788 [INFO] ApiDb:452 - User favorites Boards=[STM32F407G-DISC1]
2024-12-16 00:29:45,791 [INFO] ApiDb:581 - Connected to CubeFinder SQLite database (C:\Users\Asus\.stmcufinder\plugins\mcufinder\mcu\cube-finder-db.db)
2024-12-16 00:29:45,894 [INFO] ApiDb:668 - CubeFinder database Data Model version=2.1
2024-12-16 00:29:45,894 [INFO] ApiDb:669 - CubeFinder database Configuration version=3.0.39
2024-12-16 00:29:45,894 [INFO] ApiDb:670 - CubeFinder database generation date=2024-11-21 (1732182206)
2024-12-16 00:29:45,895 [INFO] ApiDb:671 - CubeFinder database FW Pack versions=[FP-ATR-ASTRA1_V2.0.0, FP-SNS-FLIGHT1_V5.0.2, FP-SNS-MOTENV1_V5.0.0, FP-SNS-MOTENVWB1_V1.4.0, FP-SNS-SMARTAG2_V1.2.0, FP-SNS-STBOX1_V2.0.0, STM32Cube_FW_C0_V1.3.0, STM32Cube_FW_F4_V1.28.1, STM32Cube_FW_F7_V1.17.2, STM32Cube_FW_G0_V1.6.2, STM32Cube_FW_G4_V1.6.1, STM32Cube_FW_H5_V1.4.0, STM32Cube_FW_H7RS_V1.1.0, STM32Cube_FW_H7_V1.12.0, STM32Cube_FW_L0_V1.12.2, STM32Cube_FW_L4_V1.18.1, STM32Cube_FW_L5_V1.5.1, STM32Cube_FW_N6_V1.0.0, STM32Cube_FW_U0_V1.2.0, STM32Cube_FW_U3_V1.0.0, STM32Cube_FW_U5_V1.7.0, STM32Cube_FW_WB0_V1.1.0, STM32Cube_FW_WBA_V1.5.0, STM32Cube_FW_WB_V1.21.0, STM32Cube_FW_WL3_V1.0.0, STM32Cube_FW_WL_V1.3.0, X-CUBE-ALGOBUILD_V1.4.0, X-CUBE-ALS_V1.0.2, X-CUBE-AZRTOS-F4_V1.1.0, X-CUBE-AZRTOS-F7_V1.1.0, X-CUBE-AZRTOS-G0_V1.1.0, X-CUBE-AZRTOS-G4_V2.0.0, X-CUBE-AZRTOS-H7RS_V1.0.0, X-CUBE-AZRTOS-H7_V3.3.0, X-CUBE-AZRTOS-L4_V2.0.0, X-CUBE-AZRTOS-L5_V2.0.0, X-CUBE-AZRTOS-WB_V2.0.0, X-CUBE-AZRTOS-WL_V2.0.0, X-CUBE-BLE1_V7.0.0, X-CUBE-BLE2_V3.3.0, X-CUBE-BLEMGR_V3.1.0, X-CUBE-EEPRMA1_V5.1.0, X-CUBE-FREERTOS_V1.2.0, X-CUBE-GNSS1_V6.0.0, X-CUBE-MEMS1_V11.0.0, X-CUBE-NFC4_V3.0.0, X-CUBE-NFC7_V1.0.1, X-CUBE-SFXS2LP1_V4.0.0, X-CUBE-SUBG2_V5.0.0, X-CUBE-TOF1_V3.4.2]
2024-12-16 00:29:45,996 [INFO] DbBoardsSqlite:226 - include board P-NUCLEO-WB55-NUCLEO as a kit item of type 'Nucleo-64'
2024-12-16 00:29:45,996 [INFO] DbBoardsSqlite:226 - include board P-NUCLEO-WB55-USBDONGLE as a kit item of type 'Nucleo USB Dongle'
2024-12-16 00:29:45,996 [INFO] DbBoardsSqlite:226 - include board STEVAL-IDP005V1 as a kit item of type 'Evaluation Board'
2024-12-16 00:29:45,997 [INFO] DbBoardsSqlite:226 - include board STEVAL-IDP005V2 as a kit item of type 'Evaluation Board'
2024-12-16 00:29:46,102 [INFO] ApiDb:240 - Found 646 in-development CPN: [B-G473E-ZEST1S, B-WB1M-WPAN1, B-WL5M-SUBG1, NUCLEO-C031C6, NUCLEO-C071RB, NUCLEO-H503RB, NUCLEO-H533RE, NUCLEO-H563ZI, NUCLEO-H7S3L8, NUCLEO-U031R8, NUCLEO-U083RC, NUCLEO-U545RE-Q, NUCLEO-U5A5ZJ-Q, NUCLEO-WB05KZ, NUCLEO-WB07CC, NUCLEO-WB09KE, NUCLEO-WBA52CG, NUCLEO-WBA55CG, STEVAL-PROTEUS1, STEVAL-SMARTAG2, STEVAL-STWINBX1, STM320518-EVAL, STM32C0116-DK, STM32C011D6Y3TR, STM32C011D6Y6TR, STM32C011F4P3, STM32C011F4P6, STM32C011F4U3, STM32C011F4U6TR, STM32C011F6P3, STM32C011F6P6, STM32C011F6U3, STM32C011F6U6TR, STM32C011J4M3, STM32C011J4M6, STM32C011J6M3, STM32C011J6M6, STM32C0316-DK, STM32C031C4T3, STM32C031C4T6, STM32C031C4U3, STM32C031C4U6, STM32C031C6T3, STM32C031C6T6, STM32C031C6U3, STM32C031C6U6, STM32C031F4P3, STM32C031F4P6, STM32C031F6P3, STM32C031F6P6, STM32C031G4U3, STM32C031G4U6, STM32C031G6U3, STM32C031G6U6, STM32C031K4T3, STM32C031K4T6, STM32C031K4U3, STM32C031K4U6, STM32C031K6T3, STM32C031K6T6, STM32C031K6U3, STM32C031K6U6, STM32C071C8T6, STM32C071C8T6N, STM32C071C8U6, STM32C071C8U6N, STM32C071CBT6, STM32C071CBT6N, STM32C071CBU6, STM32C071CBU6N, STM32C071F8P6, STM32C071F8P6N, STM32C071FBP6, STM32C071FBP6N, STM32C071FBY6TR, STM32C071G8U6, STM32C071G8U6N, STM32C071GBU6, STM32C071GBU6N, STM32C071K8T6, STM32C071K8T6N, STM32C071K8U6, STM32C071K8U6N, STM32C071KBT6, STM32C071KBT6N, STM32C071KBU6, STM32C071KBU6N, STM32C071R8T6, STM32C071R8T6N, STM32C071RBI6N, STM32C071RBT6, STM32C071RBT6N, STM32G071K8TXN, STM32G071K8UXN, STM32G081GBU6N, STM32G081KBT6N, STM32G081KBUXN, STM32G0B1CCT6N, STM32G0B1KCT6, STM32G0B1NEY6TR, STM32G0B1RCT6N, STM32G0C1CCT6, STM32G0C1CCT6N, STM32G0C1CCU6N, STM32G0C1CET6N, STM32G0C1CEU6N, STM32G0C1KCT6, STM32G0C1NEY6TR, STM32G0C1RCI6N, STM32G0C1RCT6N, STM32G0C1REI6N, STM32G0C1RET6N, STM32G0C1VCI6, STM32G0C1VEI6, STM32G411C6T3, STM32G411C6T6, STM32G411C6U3, STM32G411C6U6, STM32G411C8T3, STM32G411C8T6, STM32G411C8U3, STM32G411C8U6, STM32G411CBT3, STM32G411CBT6, STM32G411CBU3, STM32G411CBU6, STM32G411K6T3, STM32G411K6T6, STM32G411K6U3, STM32G411K6U6, STM32G411K8T3, STM32G411K8T6, STM32G411K8U3, STM32G411K8U6, STM32G411KBT3, STM32G411KBT6, STM32G411KBU3, STM32G411KBU6, STM32G411M6T3, STM32G411M6T6, STM32G411M8T3, STM32G411M8T6, STM32G411MBT3, STM32G411MBT6, STM32G411R6T3, STM32G411R6T6, STM32G411R8T3, STM32G411R8T6, STM32G411RBT3, STM32G411RBT6, STM32G414CBT3, STM32G414CBT6, STM32G414CBU3, STM32G414CBU6, STM32G414CCT3, STM32G414CCT6, STM32G414CCU3, STM32G414CCU6, STM32G414MBT3, STM32G414MBT6, STM32G414MCT3, STM32G414MCT6, STM32G414RBT3, STM32G414RBT6, STM32G414RCT3, STM32G414RCT6, STM32G414VBT3, STM32G414VBT6, STM32G414VCT3, STM32G414VCT6, STM32G431CBT3Z, STM32G431RBT3Z, STM32G471CCT6, STM32G471CCU6, STM32G471CET3, STM32G471CET6, STM32G471CEU3, STM32G471CEU6, STM32G471MCT6, STM32G471MET3, STM32G471MET6, STM32G471MEY6TR, STM32G471QCT6, STM32G471QET3, STM32G471RCT6, STM32G471RET3, STM32G471RET6, STM32G471VCH6, STM32G471VCI6, STM32G471VCT6, STM32G471VEH3, STM32G471VEH6, STM32G471VEI3, STM32G471VEI6, STM32G471VET3, STM32G471VET6, STM32G473QET3Z, STM32G473RET3Z, STM32G474CCT6, STM32G491RET3Z, STM32H503CBT6, STM32H503CBU6, STM32H503EBY6TR, STM32H503KBU6, STM32H503RBT6, STM32H523CCT6, STM32H523CCU6, STM32H523CET6, STM32H523CEU6, STM32H523HEY6TR, STM32H523RCT6, STM32H523RET6, STM32H523VCI6, STM32H523VCT6, STM32H523VEI6, STM32H523VET6, STM32H523ZCJ6, STM32H523ZCT6, STM32H523ZEJ6, STM32H523ZET6, STM32H533CET6, STM32H533CEU6, STM32H533HEY6TR, STM32H533RET6, STM32H533VEI6, STM32H533VET6, STM32H533ZEJ6, STM32H533ZET6, STM32H562AGI6, STM32H562AII6, STM32H562IGK6, STM32H562IGT6, STM32H562IIK6, STM32H562IIT6, STM32H562RGT6, STM32H562RGV6, STM32H562RIT6, STM32H562RIV6, STM32H562VGT6, STM32H562VIT6, STM32H562ZGT6, STM32H562ZIT6, STM32H563AGI6, STM32H563AII3Q, STM32H563AII6, STM32H563IGK6, STM32H563IGT6, STM32H563IIK3Q, STM32H563IIK6, STM32H563IIT3Q, STM32H563IIT6, STM32H563MIY3QTR, STM32H563RGT6, STM32H563RGV6, STM32H563RIT6, STM32H563RIV6, STM32H563VGT6, STM32H563VIT3Q, STM32H563VIT6, STM32H563ZGT6, STM32H563ZIT3Q, STM32H563ZIT6, STM32H573AII3Q, STM32H573AII6, STM32H573I-DK, STM32H573IIK3Q, STM32H573IIK6, STM32H573IIT3Q, STM32H573IIT6, STM32H573MIY3QTR, STM32H573RIT6, STM32H573RIV6, STM32H573VIT3Q, STM32H573VIT6, STM32H573ZIT3Q, STM32H573ZIT6, STM32H7R3A8I6, STM32H7R3I8K6, STM32H7R3I8T6, STM32H7R3L8H6, STM32H7R3L8H6H, STM32H7R3R8V6, STM32H7R3V8H6, STM32H7R3V8T6, STM32H7R3V8Y6TR, STM32H7R3Z8J6, STM32H7R3Z8T6, STM32H7R7A8I6, STM32H7R7I8K6, STM32H7R7I8T6, STM32H7R7L8H6, STM32H7R7L8H6H, STM32H7R7Z8J6, STM32H7S3A8I6, STM32H7S3I8K6, STM32H7S3I8T6, STM32H7S3L8H6, STM32H7S3L8H6H, STM32H7S3R8V6, STM32H7S3V8H6, STM32H7S3V8T6, STM32H7S3V8Y6TR, STM32H7S3Z8J6, STM32H7S3Z8T6, STM32H7S78-DK, STM32H7S7A8I6, STM32H7S7I8K6, STM32H7S7I8T6, STM32H7S7L8H6, STM32H7S7L8H6H, STM32H7S7Z8J6, STM32L4R5QGI6STR, STM32MP131AAE3, STM32MP131AAF3, STM32MP131AAG3, STM32MP131CAE3, STM32MP131CAF3, STM32MP131CAG3, STM32MP131DAE7, STM32MP131DAF7, STM32MP131DAG7, STM32MP131FAE7, STM32MP131FAF7, STM32MP131FAG7, STM32MP133AAE3, STM32MP133AAF3, STM32MP133AAG3, STM32MP133CAE3, STM32MP133CAF3, STM32MP133CAG3, STM32MP133DAE7, STM32MP133DAF7, STM32MP133DAG7, STM32MP133FAE7, STM32MP133FAF7, STM32MP133FAG7, STM32MP135AAE3, STM32MP135AAF3, STM32MP135AAG3, STM32MP135CAE3, STM32MP135CAF3, STM32MP135CAG3, STM32MP135DAE7, STM32MP135DAF7, STM32MP135DAG7, STM32MP135F-DK, STM32MP135FAE7, STM32MP135FAF7, STM32MP135FAF7T, STM32MP135FAF7U, STM32MP135FAG7, STM32MP251AAI3, STM32MP251AAK3, STM32MP251AAL3, STM32MP251CAI3, STM32MP251CAK3, STM32MP251CAL3, STM32MP251DAI3, STM32MP251DAK3, STM32MP251DAL3, STM32MP251FAI3, STM32MP251FAK3, STM32MP251FAL3, STM32MP253AAI3, STM32MP253AAK3, STM32MP253AAL3, STM32MP253CAI3, STM32MP253CAK3, STM32MP253CAL3, STM32MP253DAI3, STM32MP253DAK3, STM32MP253DAL3, STM32MP253FAI3, STM32MP253FAK3, STM32MP253FAL3, STM32MP255AAI3, STM32MP255AAK3, STM32MP255AAL3, STM32MP255CAI3, STM32MP255CAK3, STM32MP255CAL3, STM32MP255DAI3, STM32MP255DAK3, STM32MP255DAL3, STM32MP255FAI3, STM32MP255FAK3, STM32MP255FAL3, STM32MP257AAI3, STM32MP257AAK3, STM32MP257AAL3, STM32MP257CAI3, STM32MP257CAK3, STM32MP257CAL3, STM32MP257DAI3, STM32MP257DAK3, STM32MP257DAL3, STM32MP257F-DK, STM32MP257F-EV1, STM32MP257FAI3, STM32MP257FAK3, STM32MP257FAL3, STM32U031C6T6, STM32U031C6U6, STM32U031C8T6, STM32U031C8U6, STM32U031F4P6, STM32U031F6P6, STM32U031F8P6, STM32U031G6Y6TR, STM32U031G8Y6TR, STM32U031K4U6, STM32U031K6U6, STM32U031K8U6, STM32U031R6I6, STM32U031R6T6, STM32U031R8I6, STM32U031R8T6, STM32U073C8T6, STM32U073C8U6, STM32U073CBT6, STM32U073CBU6, STM32U073CCT6, STM32U073CCU6, STM32U073H8Y6TR, STM32U073HBY6TR, STM32U073HCY6TR, STM32U073K8U6, STM32U073KBU6, STM32U073KCU6, STM32U073M8I6, STM32U073M8T6, STM32U073MBI6, STM32U073MBT6, STM32U073MCI6, STM32U073MCT6, STM32U073R8I6, STM32U073R8T6, STM32U073RBI6, STM32U073RBT6, STM32U073RCI6, STM32U073RCT6, STM32U083C-DK, STM32U083CCT6, STM32U083CCU6, STM32U083HCY6TR, STM32U083KCU6, STM32U083MCI6, STM32U083MCT6, STM32U083RCI6, STM32U083RCT6, STM32U535CBT6, STM32U535CBT6Q, STM32U535CBU6, STM32U535CBU6Q, STM32U535CCT6, STM32U535CCT6Q, STM32U535CCU6, STM32U535CCU6Q, STM32U535CET6, STM32U535CET6Q, STM32U535CEU6, STM32U535CEU6Q, STM32U535JEY6QTR, STM32U535NCY6QTR, STM32U535NEY6QTR, STM32U535RBI6, STM32U535RBI6Q, STM32U535RBT6, STM32U535RBT6Q, STM32U535RCI6, STM32U535RCI6Q, STM32U535RCT6, STM32U535RCT6Q, STM32U535REI6, STM32U535REI6Q, STM32U535RET6, STM32U535RET6Q, STM32U535VCI6, STM32U535VCI6Q, STM32U535VCT6, STM32U535VCT6Q, STM32U535VEI6, STM32U535VEI6Q, STM32U535VET6, STM32U535VET6Q, STM32U545CET6, STM32U545CET6Q, STM32U545CEU6, STM32U545CEU6Q, STM32U545JEY6QTR, STM32U545NEY6QTR, STM32U545REI6, STM32U545REI6Q, STM32U545RET6, STM32U545RET6Q, STM32U545VEI6, STM32U545VEI6Q, STM32U545VET6, STM32U545VET6Q, STM32U595AIH6, STM32U595AIH6Q, STM32U595AJH6, STM32U595AJH6Q, STM32U595QII6, STM32U595QII6Q, STM32U595QJI6, STM32U595QJI6Q, STM32U595RIT6, STM32U595RIT6Q, STM32U595RJT6, STM32U595RJT6Q, STM32U595VIT6, STM32U595VIT6Q, STM32U595VJT6, STM32U595VJT6Q, STM32U595ZIT6, STM32U595ZIT6Q, STM32U595ZIY6QTR, STM32U595ZJT6, STM32U595ZJT6Q, STM32U595ZJY6QTR, STM32U599BJY6QTR, STM32U599NIH6Q, STM32U599NJH6Q, STM32U599VIT6Q, STM32U599VJT6, STM32U599VJT6Q, STM32U599ZIT6Q, STM32U599ZIY6QTR, STM32U599ZJT6Q, STM32U599ZJY6QTR, STM32U5A5AJH6, STM32U5A5AJH6Q, STM32U5A5QII3Q , STM32U5A5QJI6, STM32U5A5QJI6Q, STM32U5A5RJT6, STM32U5A5RJT6Q, STM32U5A5VJT6, STM32U5A5VJT6Q, STM32U5A5ZJT6, STM32U5A5ZJT6Q, STM32U5A5ZJY6QTR, STM32U5A9BJY6QTR, STM32U5A9J-DK, STM32U5A9NJH6Q, STM32U5A9VJT6Q, STM32U5A9ZJT6Q, STM32U5A9ZJY6QTR, STM32U5F7VIT6, STM32U5F7VIT6Q, STM32U5F7VJT6, STM32U5F7VJT6Q, STM32U5F9BJY6QTR, STM32U5F9NJH6Q, STM32U5F9VIT6Q, STM32U5F9VJT6Q, STM32U5F9ZIJ6QTR, STM32U5F9ZIT6Q, STM32U5F9ZJJ6QTR, STM32U5F9ZJT6Q, STM32U5G7VJT6, STM32U5G7VJT6Q, STM32U5G9BJY6QTR, STM32U5G9J-DK1, STM32U5G9J-DK2, STM32U5G9NJH6Q, STM32U5G9VJT6Q, STM32U5G9ZJJ6QTR, STM32U5G9ZJT6Q, STM32WB05KZV6TR, STM32WB05KZV7TR, STM32WB05TZF6TR, STM32WB05TZF7TR, STM32WB06CCF6TR, STM32WB06CCF7TR, STM32WB06CCV6TR, STM32WB06CCV7TR, STM32WB06KCV6TR, STM32WB06KCV7TR, STM32WB07CCF6TR, STM32WB07CCF7TR, STM32WB07CCV6TR, STM32WB07CCV7TR, STM32WB07KCV6TR, STM32WB07KCV7TR, STM32WB09KEV6TR, STM32WB09KEV7TR, STM32WB09TEF6TR, STM32WB09TEF7TR, STM32WB1MMCH6, STM32WBA50KGU6, STM32WBA50KGU6TR, STM32WBA52CEU6, STM32WBA52CEU6TR, STM32WBA52CEU7, STM32WBA52CEU7TR, STM32WBA52CGU6, STM32WBA52CGU6TR, STM32WBA52CGU6U, STM32WBA52CGU7, STM32WBA52CGU7TR, STM32WBA52KEU6, STM32WBA52KEU6TR, STM32WBA52KGU6, STM32WBA52KGU6TR, STM32WBA54CEU6, STM32WBA54CEU6TR, STM32WBA54CEU7, STM32WBA54CEU7TR, STM32WBA54CGU6, STM32WBA54CGU6TR, STM32WBA54CGU7, STM32WBA54CGU7TR, STM32WBA54KEU6, STM32WBA54KEU6TR, STM32WBA54KEU7, STM32WBA54KEU7TR, STM32WBA54KGU6, STM32WBA54KGU6TR, STM32WBA54KGU7, STM32WBA54KGU7TR, STM32WBA55CEU6, STM32WBA55CEU6TR, STM32WBA55CEU7, STM32WBA55CEU7TR, STM32WBA55CGU6, STM32WBA55CGU6TR, STM32WBA55CGU6U, STM32WBA55CGU7, STM32WBA55CGU7TR, STM32WBA55G-DK1, STM32WBA55HEF6, STM32WBA55HEF7, STM32WBA55HGF6, STM32WBA55HGF7, STM32WBA55UEI6, STM32WBA55UEI6TR, STM32WBA55UEI7, STM32WBA55UEI7TR, STM32WBA55UGI6, STM32WBA55UGI6TR, STM32WBA55UGI7, STM32WBA55UGI7TR, STM32WL5MOCH6, STM32WL5MOCH6TR]
2024-12-16 00:29:47,021 [INFO] BoardInfo:889 - No configuration file found for board P-NUCLEO-WB55
2024-12-16 00:29:47,024 [INFO] DbBoards:161 - Kit is not supported: P-NUCLEO-WB55
2024-12-16 00:29:47,040 [INFO] BoardInfo:889 - No configuration file found for board STEVAL-BFA001V1B
2024-12-16 00:29:47,041 [INFO] DbBoards:161 - Kit is not supported: STEVAL-BFA001V1B
2024-12-16 00:29:47,043 [INFO] BoardInfo:889 - No configuration file found for board STEVAL-BFA001V2B
2024-12-16 00:29:47,044 [INFO] DbBoards:161 - Kit is not supported: STEVAL-BFA001V2B
2024-12-16 00:29:48,000 [INFO] DbBoards:168 - Found 201 boards, 198 are supported
2024-12-16 00:29:48,001 [INFO] DbBoards:169 - Found 201 boards, 25 of them is supported for  Bsp
2024-12-16 00:29:48,006 [INFO] ApiDb:423 - Load user favorites file C:\Users\Asus/.stm32cubeide/favorites.boards.txt: 1 item(s)
2024-12-16 00:29:48,006 [INFO] ApiDb:427 - User favorites Boards=[STM32F407G-DISC1]
2024-12-16 00:29:48,006 [INFO] DbBoards:198 - Set 1 / 1 favorites Boards
2024-12-16 00:29:48,416 [INFO] LoadUrlFilesThread:185 - End of LoadServerUrlFiles without Thread
2024-12-16 00:29:48,417 [INFO] TargetSelectorAdapter:259 - Refresh data is successful
2024-12-16 00:29:48,502 [INFO] ApiDb:668 - CubeFinder database Data Model version=2.1
2024-12-16 00:29:48,502 [INFO] ApiDb:669 - CubeFinder database Configuration version=3.0.39
2024-12-16 00:29:48,502 [INFO] ApiDb:670 - CubeFinder database generation date=2024-11-21 (1732182206)
2024-12-16 00:29:48,503 [INFO] ApiDb:671 - CubeFinder database FW Pack versions=[FP-ATR-ASTRA1_V2.0.0, FP-SNS-FLIGHT1_V5.0.2, FP-SNS-MOTENV1_V5.0.0, FP-SNS-MOTENVWB1_V1.4.0, FP-SNS-SMARTAG2_V1.2.0, FP-SNS-STBOX1_V2.0.0, STM32Cube_FW_C0_V1.3.0, STM32Cube_FW_F4_V1.28.1, STM32Cube_FW_F7_V1.17.2, STM32Cube_FW_G0_V1.6.2, STM32Cube_FW_G4_V1.6.1, STM32Cube_FW_H5_V1.4.0, STM32Cube_FW_H7RS_V1.1.0, STM32Cube_FW_H7_V1.12.0, STM32Cube_FW_L0_V1.12.2, STM32Cube_FW_L4_V1.18.1, STM32Cube_FW_L5_V1.5.1, STM32Cube_FW_N6_V1.0.0, STM32Cube_FW_U0_V1.2.0, STM32Cube_FW_U3_V1.0.0, STM32Cube_FW_U5_V1.7.0, STM32Cube_FW_WB0_V1.1.0, STM32Cube_FW_WBA_V1.5.0, STM32Cube_FW_WB_V1.21.0, STM32Cube_FW_WL3_V1.0.0, STM32Cube_FW_WL_V1.3.0, X-CUBE-ALGOBUILD_V1.4.0, X-CUBE-ALS_V1.0.2, X-CUBE-AZRTOS-F4_V1.1.0, X-CUBE-AZRTOS-F7_V1.1.0, X-CUBE-AZRTOS-G0_V1.1.0, X-CUBE-AZRTOS-G4_V2.0.0, X-CUBE-AZRTOS-H7RS_V1.0.0, X-CUBE-AZRTOS-H7_V3.3.0, X-CUBE-AZRTOS-L4_V2.0.0, X-CUBE-AZRTOS-L5_V2.0.0, X-CUBE-AZRTOS-WB_V2.0.0, X-CUBE-AZRTOS-WL_V2.0.0, X-CUBE-BLE1_V7.0.0, X-CUBE-BLE2_V3.3.0, X-CUBE-BLEMGR_V3.1.0, X-CUBE-EEPRMA1_V5.1.0, X-CUBE-FREERTOS_V1.2.0, X-CUBE-GNSS1_V6.0.0, X-CUBE-MEMS1_V11.0.0, X-CUBE-NFC4_V3.0.0, X-CUBE-NFC7_V1.0.1, X-CUBE-SFXS2LP1_V4.0.0, X-CUBE-SUBG2_V5.0.0, X-CUBE-TOF1_V3.4.2]
2024-12-16 00:29:51,201 [ERROR] DbExamplesSqlite:437 - Missing JSON key: board_cpn
2024-12-16 00:29:51,202 [ERROR] DbExamplesSqlite:437 - Missing JSON key: board_cpn
2024-12-16 00:29:51,203 [ERROR] DbExamplesSqlite:437 - Missing JSON key: board_cpn
2024-12-16 00:29:51,203 [ERROR] DbExamplesSqlite:437 - Missing JSON key: board_cpn
2024-12-16 00:29:51,500 [ERROR] DbExamplesSqlite:437 - Missing JSON key: board_cpn
2024-12-16 00:29:51,501 [ERROR] DbExamplesSqlite:437 - Missing JSON key: board_cpn
2024-12-16 00:29:51,501 [ERROR] DbExamplesSqlite:437 - Missing JSON key: board_cpn
2024-12-16 00:29:51,502 [ERROR] DbExamplesSqlite:437 - Missing JSON key: board_cpn
2024-12-16 00:29:51,502 [ERROR] DbExamplesSqlite:437 - Missing JSON key: board_cpn
2024-12-16 00:29:51,502 [ERROR] DbExamplesSqlite:437 - Missing JSON key: board_cpn
2024-12-16 00:29:51,502 [ERROR] DbExamplesSqlite:437 - Missing JSON key: board_cpn
2024-12-16 00:29:51,503 [ERROR] DbExamplesSqlite:437 - Missing JSON key: board_cpn
2024-12-16 00:29:51,504 [ERROR] DbExamplesSqlite:437 - Missing JSON key: board_cpn
2024-12-16 00:29:51,867 [INFO] DbExamplesSqlite:395 - Ignored 77 examples not supported by CubeIDE
2024-12-16 00:29:51,867 [INFO] DbExamplesSqlite:396 - Found 10474 examples active
2024-12-16 00:29:51,868 [INFO] DbExamplesSqlite:397 - Found 0 examples obsolete
2024-12-16 00:29:51,868 [INFO] DbExamplesSqlite:398 - Found 0 examples under development
2024-12-16 00:29:51,868 [INFO] DbExamplesSqlite:399 - Found 43 examples not building
2024-12-16 00:29:51,872 [INFO] DbExamples:125 - Found 10440 examples
2024-12-16 00:29:52,119 [ERROR] DbExamples:208 - Found 682 examples with invalid data (board or MCU)
2024-12-16 00:29:52,120 [INFO] DbExamples:222 - Found 124 boards with related examples
2024-12-16 00:29:52,121 [INFO] DbExamples:235 - Found 105 MCUs with related examples
2024-12-16 00:29:52,230 [INFO] ApiDb:423 - Load user favorites file C:\Users\Asus/.stm32cubeide/favorites.examples.txt: 0 item(s)
2024-12-16 00:29:52,230 [INFO] ApiDb:427 - User favorites Examples=[]
2024-12-16 00:29:52,231 [INFO] DbExamples:250 - Set 0 / 0 favorites Examples
2024-12-16 00:30:04,815 [INFO] McuFinderGlobals:76 - Set McuFinderConnectedMode to true
2024-12-16 00:30:04,876 [INFO] MultiScanPanel:200 - Auto-refresh data requested => check proxy status ongoing
2024-12-16 00:30:04,914 [INFO] FinderPluginLoader:95 - Searching for filters in installed packs
2024-12-16 00:30:09,024 [INFO] LoadUrlFilesThread:185 - End of LoadServerUrlFiles without Thread
2024-12-16 00:30:09,183 [INFO] DetailPanel:341 - Set advertising image to C:/Users/Asus/STM32Cube/Repository/\en.prom-stm32c071-usb-memories-mcu-finder.png
2024-12-16 00:32:50,575 [INFO] MultiScanPanel:200 - Auto-refresh data requested => check proxy status ongoing
2024-12-16 00:32:50,844 [INFO] LoadUrlFilesThread:185 - End of LoadServerUrlFiles without Thread
2024-12-16 00:32:50,845 [INFO] DetailPanel:341 - Set advertising image to C:/Users/Asus/STM32Cube/Repository/\en.prom-stm32c071-usb-memories-mcu-finder.png
2024-12-16 00:32:50,860 [INFO] DbBoards:642 - Loading board mini-images...
2024-12-16 00:32:52,615 [ERROR] DbBoards:659 - Image file not found for board NUCLEO-WB05KZ: C:\Users\Asus\.stmcufinder\plugins\mcufinder//mcu//boards_images/NUCLEO-WB05KZ.jpg
2024-12-16 00:32:54,820 [INFO] DbBoards:665 - Loaded 200 board mini-images
2024-12-16 00:33:43,034 [INFO] MainUpdater:2873 - connection check result : 10
2024-12-16 00:33:43,035 [INFO] MainUpdater:2873 - connection check result : 10
2024-12-16 00:33:43,335 [INFO] MicroXplorer:468 - Change Database Path : 
2024-12-16 00:33:43,335 [INFO] MicroXplorer:498 - Change Database Version : DB.6.0.121
2024-12-16 00:33:43,602 [ERROR] ProjectManagerView:394 - 
java.lang.NullPointerException: Cannot invoke "javax.swing.JTextField.getText()" because the return value of "java.util.List.get(int)" is null
	at com.st.microxplorer.plugins.projectmanager.gui.ProjectChoiceTab$10.caretUpdate(ProjectChoiceTab.java:2622) ~[filemanager.jar:?]
	at javax.swing.text.JTextComponent.fireCaretUpdate(JTextComponent.java:412) ~[?:?]
	at javax.swing.text.JTextComponent$MutableCaretEvent.fire(JTextComponent.java:4491) ~[?:?]
	at javax.swing.text.JTextComponent$MutableCaretEvent.stateChanged(JTextComponent.java:4513) ~[?:?]
	at javax.swing.text.DefaultCaret.fireStateChanged(DefaultCaret.java:842) ~[?:?]
	at javax.swing.text.DefaultCaret.changeCaretPosition(DefaultCaret.java:1313) ~[?:?]
	at javax.swing.text.DefaultCaret.handleSetDot(DefaultCaret.java:1212) ~[?:?]
	at javax.swing.text.DefaultCaret.setDot(DefaultCaret.java:1193) ~[?:?]
	at javax.swing.text.DefaultCaret$Handler.insertUpdate(DefaultCaret.java:1789) ~[?:?]
	at javax.swing.text.AbstractDocument.fireInsertUpdate(AbstractDocument.java:226) ~[?:?]
	at javax.swing.text.AbstractDocument.handleInsertString(AbstractDocument.java:780) ~[?:?]
	at javax.swing.text.AbstractDocument.insertString(AbstractDocument.java:739) ~[?:?]
	at javax.swing.text.PlainDocument.insertString(PlainDocument.java:131) ~[?:?]
	at javax.swing.text.AbstractDocument.replace(AbstractDocument.java:698) ~[?:?]
	at javax.swing.text.JTextComponent.setText(JTextComponent.java:1729) ~[?:?]
	at com.st.microxplorer.plugins.projectmanager.gui.ProjectChoiceTab.createHeapStackFields(ProjectChoiceTab.java:972) ~[filemanager.jar:?]
	at com.st.microxplorer.plugins.projectmanager.gui.ProjectChoiceTab.buildLinkSettingsPanel(ProjectChoiceTab.java:3597) ~[filemanager.jar:?]
	at com.st.microxplorer.plugins.projectmanager.gui.ProjectChoiceTab.defineWindowsFields(ProjectChoiceTab.java:1940) ~[filemanager.jar:?]
	at com.st.microxplorer.plugins.projectmanager.gui.ProjectChoiceTab.updateSettings(ProjectChoiceTab.java:550) ~[filemanager.jar:?]
	at com.st.microxplorer.plugins.projectmanager.gui.ProjectSettingsPanel.UpdateDialog(ProjectSettingsPanel.java:245) ~[filemanager.jar:?]
	at com.st.microxplorer.plugins.projectmanager.ProjectManagerView.propertyChange(ProjectManagerView.java:391) ~[filemanager.jar:?]
	at java.beans.PropertyChangeSupport.fire(PropertyChangeSupport.java:343) ~[?:?]
	at java.beans.PropertyChangeSupport.firePropertyChange(PropertyChangeSupport.java:335) ~[?:?]
	at java.beans.PropertyChangeSupport.firePropertyChange(PropertyChangeSupport.java:268) ~[?:?]
	at com.st.microxplorer.util.MXPropertyChangeSupport.firePropertyChange(MXPropertyChangeSupport.java:54) ~[STM32CubeMX.jar:?]
	at com.st.microxplorer.mxsystem.MxSystem.closeConfig(MxSystem.java:900) ~[STM32CubeMX.jar:?]
	at com.st.microxplorer.maingui.MainPanel.closeConfig(MainPanel.java:781) ~[STM32CubeMX.jar:?]
	at com.st.microxplorer.plugins.filemanager.engine.OpenFileManager.loadConfigurationFile(OpenFileManager.java:265) ~[filemanager.jar:?]
	at com.st.microxplorer.plugins.filemanager.engine.MainFileManager.userLoadConfig(MainFileManager.java:352) ~[filemanager.jar:?]
	at com.st.microxplorer.plugins.filemanager.FileManagerView.getSpecificTask(FileManagerView.java:250) ~[filemanager.jar:?]
	at com.st.stm32cube.common.mx.editor.CubeMxEditor.getMxTabbedPaneInstance(CubeMxEditor.java:1191) ~[com.st.stm32cube.common.mx_6.12.1.202409122256/:?]
	at com.st.stm32cube.common.mx.editor.CubeMxEditor$12$1.createSwingComponent(CubeMxEditor.java:1068) ~[com.st.stm32cube.common.mx_6.12.1.202409122256/:?]
	at com.st.stm32cube.common.mx.oss.core.awtswtbridge.EmbeddedSwingComposite.doComponentCreation(EmbeddedSwingComposite.java:492) ~[com.st.stm32cube.common.mx.oss_6.12.1.202409122256/:?]
	at com.st.stm32cube.common.mx.oss.core.awtswtbridge.EmbeddedSwingComposite$4.run(EmbeddedSwingComposite.java:291) ~[com.st.stm32cube.common.mx.oss_6.12.1.202409122256/:?]
	at com.st.stm32cube.common.mx.oss.core.awtswtbridge.AwtEnvironment$2.run(AwtEnvironment.java:166) ~[com.st.stm32cube.common.mx.oss_6.12.1.202409122256/:?]
	at java.awt.event.InvocationEvent.dispatch(InvocationEvent.java:318) ~[?:?]
	at java.awt.EventQueue.dispatchEventImpl(EventQueue.java:773) ~[?:?]
	at java.awt.EventQueue$4.run(EventQueue.java:720) ~[?:?]
	at java.awt.EventQueue$4.run(EventQueue.java:714) ~[?:?]
	at java.security.AccessController.doPrivileged(AccessController.java:399) ~[?:?]
	at java.security.ProtectionDomain$JavaSecurityAccessImpl.doIntersectionPrivilege(ProtectionDomain.java:86) ~[?:?]
	at java.awt.EventQueue.dispatchEvent(EventQueue.java:742) ~[?:?]
	at java.awt.EventDispatchThread.pumpOneEventForFilters(EventDispatchThread.java:203) ~[?:?]
	at java.awt.EventDispatchThread.pumpEventsForFilter(EventDispatchThread.java:124) ~[?:?]
	at java.awt.EventDispatchThread.pumpEventsForHierarchy(EventDispatchThread.java:113) ~[?:?]
	at java.awt.EventDispatchThread.pumpEvents(EventDispatchThread.java:109) ~[?:?]
	at java.awt.EventDispatchThread.pumpEvents(EventDispatchThread.java:101) ~[?:?]
	at java.awt.EventDispatchThread.run(EventDispatchThread.java:90) ~[?:?]
2024-12-16 00:33:43,681 [WARN] ThirdParty:871 - waiting for thirdparty lock release [close project]
2024-12-16 00:33:43,681 [INFO] ThirdParty:873 - entering critical section [close project]
2024-12-16 00:33:43,682 [INFO] ThirdParty:883 - exiting critical section [close project]
2024-12-16 00:33:43,686 [INFO] PinOutPanel:1561 - setPackage(No Configuration,No Configuration)
2024-12-16 00:33:43,739 [WARN] IpParametersView:151 - Warning: This peripheral hasn't parameters
2024-12-16 00:33:43,786 [WARN] MainPanel:284 - <html><b><center>Warning: This peripheral has no parameters to be configured<br></b></html>
2024-12-16 00:33:43,848 [INFO] UtilMem:75 - Begin LoadConfig() Used Memory: 1009929296 Bytes (1073741824)
2024-12-16 00:33:43,915 [INFO] OpenFileManager:332 - Change cursor
2024-12-16 00:33:44,095 [INFO] ProjectFactory:442 - No CPN specified for board STM32F407G-DISC1 => set CPN to STM32F407VGT6
2024-12-16 00:33:44,098 [INFO] Mcu:2032 - Initializing MCU STM32F407V(E-G)Tx STM32F407VGTx STM32F407VGT6
2024-12-16 00:33:48,636 [INFO] Context:742 - Trying to add GPIOservice into a context  which must be forbidden
2024-12-16 00:33:49,781 [INFO] Rule:228 - rule 117617 - U5Cobra4M][GTZC] default value MPCBB3 and MPCBB5 - Not Secured memory - MPCBB1 is applicable
2024-12-16 00:33:49,781 [INFO] Rule:228 - rule 117617 - U5Cobra4M][GTZC] default value MPCBB3 and MPCBB5 - Not Secured memory - MPCBB1 is applicable
2024-12-16 00:33:49,781 [INFO] Rule:228 - rule 117617 - U5Cobra4M][GTZC] default value MPCBB3 and MPCBB5 - Not Secured memory - MPCBB2 is applicable
2024-12-16 00:33:49,782 [INFO] Rule:228 - rule 117617 - U5Cobra4M][GTZC] default value MPCBB3 and MPCBB5 - Not Secured memory - MPCBB2 is applicable
2024-12-16 00:33:49,782 [INFO] Rule:228 - rule 117617 - U5Cobra4M][GTZC] default value MPCBB3 and MPCBB5 - Not Secured memory - MPCBB3 is applicable
2024-12-16 00:33:49,782 [INFO] Rule:228 - rule 117617 - U5Cobra4M][GTZC] default value MPCBB3 and MPCBB5 - Not Secured memory - MPCBB3 is applicable
2024-12-16 00:33:49,782 [INFO] Rule:228 - rule 117617 - U5Cobra4M][GTZC] default value MPCBB3 and MPCBB5 - Not Secured memory - MPCBB4 is applicable
2024-12-16 00:33:49,782 [INFO] Rule:228 - rule 117617 - U5Cobra4M][GTZC] default value MPCBB3 and MPCBB5 - Not Secured memory - MPCBB4 is applicable
2024-12-16 00:33:49,782 [INFO] Rule:228 - rule 117617 - U5Cobra4M][GTZC] default value MPCBB3 and MPCBB5 - Secured memory - MPCBB1 is applicable
2024-12-16 00:33:49,782 [INFO] Rule:228 - rule 117617 - U5Cobra4M][GTZC] default value MPCBB3 and MPCBB5 - Secured memory - MPCBB2 is applicable
2024-12-16 00:33:49,782 [INFO] Rule:228 - rule 117617 - U5Cobra4M][GTZC] default value MPCBB3 and MPCBB5 - Secured memory - MPCBB3 is applicable
2024-12-16 00:33:49,782 [INFO] Rule:228 - rule 117617 - U5Cobra4M][GTZC] default value MPCBB3 and MPCBB5 - Secured memory - MPCBB4 is applicable
2024-12-16 00:33:49,782 [INFO] Rule:228 - rule 117617 - U5Cobra4M][GTZC] default value MPCBB3 and MPCBB5 - Privileged memory - MPCBB1 is applicable
2024-12-16 00:33:49,782 [INFO] Rule:228 - rule 117617 - U5Cobra4M][GTZC] default value MPCBB3 and MPCBB5 - Privileged memory - MPCBB2 is applicable
2024-12-16 00:33:49,782 [INFO] Rule:228 - rule 117617 - U5Cobra4M][GTZC] default value MPCBB3 and MPCBB5 - Privileged memory - MPCBB3 is applicable
2024-12-16 00:33:49,783 [INFO] Rule:228 - rule 117617 - U5Cobra4M][GTZC] default value MPCBB3 and MPCBB5 - Privileged memory - MPCBB4 is applicable
2024-12-16 00:33:49,783 [INFO] Rule:228 - rule 117617 - U5Cobra4M][GTZC] default value MPCBB3 and MPCBB5 - Not Privileged memory - MPCBB1 is applicable
2024-12-16 00:33:49,783 [INFO] Rule:228 - rule 117617 - U5Cobra4M][GTZC] default value MPCBB3 and MPCBB5 - Not Privileged memory - MPCBB2 is applicable
2024-12-16 00:33:49,783 [INFO] Rule:228 - rule 117617 - U5Cobra4M][GTZC] default value MPCBB3 and MPCBB5 - Not Privileged memory - MPCBB3 is applicable
2024-12-16 00:33:49,783 [INFO] Rule:228 - rule 117617 - U5Cobra4M][GTZC] default value MPCBB3 and MPCBB5 - Not Privileged memory - MPCBB4 is applicable
2024-12-16 00:33:49,783 [INFO] Rule:228 - rule 117617 - U5Cobra4M][GTZC] default value MPCBB3 and MPCBB5 - Privileged memory - MPCBB1 is applicable
2024-12-16 00:33:49,783 [INFO] Rule:228 - rule 117617 - U5Cobra4M][GTZC] default value MPCBB3 and MPCBB5 - Privileged memory - MPCBB2 is applicable
2024-12-16 00:33:49,783 [INFO] Rule:228 - rule 117617 - U5Cobra4M][GTZC] default value MPCBB3 and MPCBB5 - Privileged memory - MPCBB3 is applicable
2024-12-16 00:33:49,783 [INFO] Rule:228 - rule 117617 - U5Cobra4M][GTZC] default value MPCBB3 and MPCBB5 - Privileged memory - MPCBB4 is applicable
2024-12-16 00:33:49,783 [INFO] Rule:228 - rule 117617 - U5Cobra4M][GTZC] default value MPCBB3 and MPCBB5 - Privileged memory - MPCBB1 is applicable
2024-12-16 00:33:49,783 [INFO] Rule:228 - rule 117617 - U5Cobra4M][GTZC] default value MPCBB3 and MPCBB5 - Privileged memory - MPCBB2 is applicable
2024-12-16 00:33:49,783 [INFO] Rule:228 - rule 117617 - U5Cobra4M][GTZC] default value MPCBB3 and MPCBB5 - Privileged memory - MPCBB3 is applicable
2024-12-16 00:33:49,784 [INFO] Rule:228 - rule 117617 - U5Cobra4M][GTZC] default value MPCBB3 and MPCBB5 - Privileged memory - MPCBB4 is applicable
2024-12-16 00:33:49,784 [INFO] Rule:228 - rule 117617 - U5Cobra4M][GTZC] default value MPCBB3 and MPCBB5 - Not Privileged memory - MPCBB1 is applicable
2024-12-16 00:33:49,784 [INFO] Rule:228 - rule 117617 - U5Cobra4M][GTZC] default value MPCBB3 and MPCBB5 - Not Privileged memory - MPCBB2 is applicable
2024-12-16 00:33:49,784 [INFO] Rule:228 - rule 117617 - U5Cobra4M][GTZC] default value MPCBB3 and MPCBB5 - Not Privileged memory - MPCBB3 is applicable
2024-12-16 00:33:49,784 [INFO] Rule:228 - rule 117617 - U5Cobra4M][GTZC] default value MPCBB3 and MPCBB5 - Not Privileged memory - MPCBB4 is applicable
2024-12-16 00:33:49,784 [INFO] Rule:228 - rule 117617 - U5Cobra4M][GTZC] default value MPCBB3 and MPCBB5 - Privileged memory - MPCBB1 is applicable
2024-12-16 00:33:49,784 [INFO] Rule:228 - rule 117617 - U5Cobra4M][GTZC] default value MPCBB3 and MPCBB5 - Privileged memory - MPCBB2 is applicable
2024-12-16 00:33:49,784 [INFO] Rule:228 - rule 117617 - U5Cobra4M][GTZC] default value MPCBB3 and MPCBB5 - Privileged memory - MPCBB3 is applicable
2024-12-16 00:33:49,784 [INFO] Rule:228 - rule 117617 - U5Cobra4M][GTZC] default value MPCBB3 and MPCBB5 - Privileged memory - MPCBB4 is applicable
2024-12-16 00:33:49,784 [INFO] Rule:228 - rule Rename SubGHz_Phy SUBGHZ_APPLICATION SUBGHZ_PINGPONG to SUBGHZ_ADV_APPLICATION is applicable
2024-12-16 00:33:49,784 [INFO] Rule:228 - rule Rename Enabled to IBEACON is applicable
2024-12-16 00:33:49,784 [INFO] Rule:228 - rule GTZC_S instance for project manager is applicable
2024-12-16 00:33:49,785 [INFO] Rule:228 - rule GTZC_S instance for context M33S is applicable
2024-12-16 00:33:49,785 [INFO] Rule:228 - rule GTZC_S instance value for IP GTZC is applicable
2024-12-16 00:33:49,785 [INFO] Rule:228 - rule GTZC_S instance for mcu.IP is applicable
2024-12-16 00:33:49,785 [INFO] Rule:228 - rule GTZC_S instance for VP is applicable
2024-12-16 00:33:49,785 [INFO] Rule:228 - rule GTZC_S instance for signal is applicable
2024-12-16 00:33:49,785 [INFO] Rule:228 - rule GTZC_S instance for mcu.Pin is applicable
2024-12-16 00:33:49,785 [INFO] Rule:228 - rule GTZC_S instance for VP is applicable
2024-12-16 00:33:49,785 [INFO] Rule:228 - rule GTZC_S instance for signal is applicable
2024-12-16 00:33:49,785 [INFO] Rule:228 - rule GTZC_S instance for mcu is applicable
2024-12-16 00:33:49,785 [INFO] Rule:228 - rule GTZC_S instance for mcu.Pin is applicable
2024-12-16 00:33:49,785 [INFO] Rule:228 - rule GTZC_S instance value for IP GTZC is applicable
2024-12-16 00:33:49,786 [INFO] Rule:228 - rule GTZC_S instance for project manager is applicable
2024-12-16 00:33:49,786 [INFO] Rule:228 - rule GTZC_S instance for context M33S is applicable
2024-12-16 00:33:49,786 [INFO] Rule:228 - rule GTZC_S instance for VP is applicable
2024-12-16 00:33:49,786 [INFO] Rule:228 - rule GTZC_S instance for signal is applicable
2024-12-16 00:33:49,786 [INFO] Rule:228 - rule SPDIFRX instance for mcu is applicable
2024-12-16 00:33:49,786 [INFO] Rule:228 - rule Rename Tracer Mode is applicable
2024-12-16 00:33:49,786 [INFO] Rule:228 - rule SPDIFRX instance value for IP SPDIFRX is applicable
2024-12-16 00:33:49,786 [INFO] Rule:228 - rule SPDIFRX instance for signal is applicable
2024-12-16 00:33:49,786 [INFO] Rule:228 - rule SPDIFRX instance for project manager is applicable
2024-12-16 00:33:49,786 [INFO] Rule:228 - rule SPDIFRX instance for project manager is applicable
2024-12-16 00:33:49,786 [INFO] Rule:228 - rule ADC Scan  fix with FW F7 is applicable
2024-12-16 00:33:49,787 [INFO] Rule:228 - rule ADC Scan  fix with FW F7 is applicable
2024-12-16 00:33:49,787 [INFO] Rule:228 - rule WakeUp0 Mode is applicable
2024-12-16 00:33:49,787 [INFO] Rule:228 - rule WakeUp0 SIGNAL is applicable
2024-12-16 00:33:49,787 [INFO] Rule:228 - rule WakeUp1 Mode is applicable
2024-12-16 00:33:49,787 [INFO] Rule:228 - rule WakeUp1 SIGNAL is applicable
2024-12-16 00:33:49,787 [INFO] Rule:228 - rule WakeUp2 Mode is applicable
2024-12-16 00:33:49,787 [INFO] Rule:228 - rule WakeUp2 SIGNAL is applicable
2024-12-16 00:33:49,787 [INFO] Rule:228 - rule WakeUp4 Mode is applicable
2024-12-16 00:33:49,787 [INFO] Rule:228 - rule WakeUp4 SIGNAL is applicable
2024-12-16 00:33:49,787 [INFO] Rule:228 - rule WakeUp5 Mode is applicable
2024-12-16 00:33:49,788 [INFO] Rule:228 - rule WakeUp5 SIGNAL is applicable
2024-12-16 00:33:49,788 [INFO] Rule:228 - rule UART/USART WORD LENGTH 7 is applicable
2024-12-16 00:33:49,788 [INFO] Rule:228 - rule UART/USART WORD LENGTH 8 is applicable
2024-12-16 00:33:49,788 [INFO] Rule:228 - rule UART/USART WORD LENGTH 9 is applicable
2024-12-16 00:33:49,788 [INFO] Rule:228 - rule Change Default Value for LSE Drive Capability for WB family is applicable
2024-12-16 00:33:49,788 [INFO] Rule:228 - rule Change Default Value for ADC Clock Prescaler G0 family is applicable
2024-12-16 00:33:49,788 [INFO] Rule:228 - rule ADC SamplingTime fix with FW L0  is applicable
2024-12-16 00:33:49,788 [INFO] Rule:228 - rule ADC SamplingTime fix with FW L0  is applicable
2024-12-16 00:33:49,788 [INFO] Rule:228 - rule ADC SamplingTime fix with FW L0 is applicable
2024-12-16 00:33:49,788 [INFO] Rule:228 - rule ADC SamplingTime fix with FW L0 is applicable
2024-12-16 00:33:49,789 [INFO] Rule:228 - rule ADC SamplingTime fix with FW L0  is applicable
2024-12-16 00:33:49,830 [INFO] Rule:228 - rule ADC SamplingTime fix with FW L0 is applicable
2024-12-16 00:33:49,830 [INFO] Rule:228 - rule Rename USB_OE Signal is applicable
2024-12-16 00:33:49,830 [INFO] Rule:228 - rule Rename Activate_OE Mode is applicable
2024-12-16 00:33:49,830 [INFO] Rule:228 - rule Rename DIE462/DIE415 pin PC14/OSC32_IN -> PC14-OSC32_IN (PC14) is applicable
2024-12-16 00:33:49,830 [INFO] Rule:228 - rule Rename DIE462/DIE415 pin PC15/OSC32_OUT -> PC15-OSC32_OUT (PC15) is applicable
2024-12-16 00:33:49,830 [INFO] Rule:228 - rule Rename DIE462/DIE415 pin PH0/OSC_IN -> PH0-OSC_IN (PH0) is applicable
2024-12-16 00:33:49,830 [INFO] Rule:228 - rule Rename DIE462/DIE415 pin PH1/OSC_OUT -> PH1-OSC_OUT (PH1) is applicable
2024-12-16 00:33:49,830 [INFO] Rule:228 - rule Rename DIE462 pin PA13 -> PA13 (JTMS/SWDIO) is applicable
2024-12-16 00:33:49,830 [INFO] Rule:228 - rule Rename DIE415 pin PA13 -> PA13 (JTMS/SWDIO) is applicable
2024-12-16 00:33:49,830 [INFO] Rule:228 - rule Rename DIE462 pin PA14 -> PA14 (JTCK/SWCLK) is applicable
2024-12-16 00:33:49,830 [INFO] Rule:228 - rule Rename DIE415 pin PA14 -> PA14 (JTCK/SWCLK) is applicable
2024-12-16 00:33:49,831 [INFO] Rule:228 - rule Rename DIE462/DIE415 pin PA15 -> PA15 (JTDI) is applicable
2024-12-16 00:33:49,831 [INFO] Rule:228 - rule Rename DIE462 pin PB3 -> PB3 (JTD0/TRACESWO) is applicable
2024-12-16 00:33:49,831 [INFO] Rule:228 - rule Rename DIE415 pin PB3 -> PB3 (JTD0-TRACESWO) is applicable
2024-12-16 00:33:49,831 [INFO] Rule:228 - rule Rename DIE462/DIE415 pin PB4 -> PB4 (NJTRST) is applicable
2024-12-16 00:33:49,831 [INFO] Rule:228 - rule Rename DIE462 pin PH3/BOOT0 -> PH3-BOOT0 (BOOT0) is applicable
2024-12-16 00:33:49,831 [INFO] Rule:228 - rule Rename CRYP DataEncryptionTypesList to Algorithm is applicable
2024-12-16 00:33:49,831 [INFO] Rule:228 - rule Rename AES DataEncryptionTypesList to Algorithm is applicable
2024-12-16 00:33:49,831 [INFO] Rule:228 - rule Rename TDESECB to CRYP_TDES_ECB is applicable
2024-12-16 00:33:49,831 [INFO] Rule:228 - rule Rename TDESCBC to CRYP_TDES_CBC is applicable
2024-12-16 00:33:49,831 [INFO] Rule:228 - rule Rename DESECB to CRYP_DES_ECB is applicable
2024-12-16 00:33:49,831 [INFO] Rule:228 - rule Rename DESCBC to CRYP_DES_CBC is applicable
2024-12-16 00:33:49,831 [INFO] Rule:228 - rule Rename AESECB to CRYP_AES_ECB is applicable
2024-12-16 00:33:49,831 [INFO] Rule:228 - rule Rename AESCBC to CRYP_AES_CBC is applicable
2024-12-16 00:33:49,831 [INFO] Rule:228 - rule Rename AESCTR to CRYP_AES_CTR is applicable
2024-12-16 00:33:49,831 [INFO] Rule:228 - rule Rename AESGCM to CRYP_AES_GCM is applicable
2024-12-16 00:33:49,832 [INFO] Rule:228 - rule Rename AESCCM to CRYP_AES_CCM is applicable
2024-12-16 00:33:49,832 [INFO] Rule:228 - rule Rename CAN TimeSeg1 to BS1 is applicable
2024-12-16 00:33:49,832 [INFO] Rule:228 - rule Rename CAN TimeSeg2 to BS2 is applicable
2024-12-16 00:33:49,832 [INFO] Rule:228 - rule Rename CAN SyncJumpWidth to SJW is applicable
2024-12-16 00:33:49,832 [INFO] Rule:228 - rule TimeTriggeredMode to TTCM is applicable
2024-12-16 00:33:49,832 [INFO] Rule:228 - rule Rename CAN AutoBusOff to ABOM is applicable
2024-12-16 00:33:49,832 [INFO] Rule:228 - rule Rename CAN AutoWakeUp to AWUM is applicable
2024-12-16 00:33:49,832 [INFO] Rule:228 - rule Rename CAN AutoRetransmission to NART is applicable
2024-12-16 00:33:49,832 [INFO] Rule:228 - rule Rename CAN ReceiveFifoLocked to RFLM is applicable
2024-12-16 00:33:49,832 [INFO] Rule:228 - rule Rename CAN TransmitFifoPriority to TXFP is applicable
2024-12-16 00:33:49,832 [INFO] Rule:228 - rule Rename HRTIMER HRTIM_OUTPUTFAULTLEVEL_HIGH in HRTIMER HRTIM_OUTPUTFAULTLEVEL_HIGHZ is applicable
2024-12-16 00:33:49,832 [INFO] Rule:228 - rule Rename TIMER TIM_CLEARINPUTSOURCE_OCREFCLR in  TIMER TIM_CLEARINPUTSOURCE_NONE for F7 family is applicable
2024-12-16 00:33:49,833 [INFO] Rule:228 - rule FDCAN_R1 - Rename FDCAN mode Master into Classic is applicable
2024-12-16 00:33:49,833 [INFO] Rule:228 - rule FDCAN_R2 - Rename FDCAN mode Slave into Classic is applicable
2024-12-16 00:33:49,833 [INFO] Rule:228 - rule FDCAN1_R3 - if PA10.Mode=FullDuplex, add Pin PA12 is applicable
2024-12-16 00:33:49,833 [INFO] Rule:228 - rule FDCAN1_R3 - if PA9.Mode=FullDuplex, add Pin PA11 is applicable
2024-12-16 00:33:49,833 [INFO] Rule:228 - rule FDCAN1_R3 - Alternatepin_1 - if PE1.Mode=FullDuplex, add Pin PB9 is applicable
2024-12-16 00:33:49,833 [INFO] Rule:228 - rule FDCAN1_R3 - Alternatepin_1 - if PE0.Mode=FullDuplex, add Pin PB8 is applicable
2024-12-16 00:33:49,833 [INFO] Rule:228 - rule FDCAN1_R3 - Alternatepin_2 - if PD5.Mode=FullDuplex, add Pin PD1 is applicable
2024-12-16 00:33:49,833 [INFO] Rule:228 - rule FDCAN1_R3 - Alternatepin_2 - if PD4.Mode=FullDuplex, add Pin PD0 is applicable
2024-12-16 00:33:49,833 [INFO] Rule:228 - rule FDCAN1_R4 - Rename Mode FullDuplex into Enable FDCAN_TXFD for pin PA10 is applicable
2024-12-16 00:33:49,833 [INFO] Rule:228 - rule FDCAN1_R4 - Rename Mode FullDuplex into Enable FDCAN_TXFD for pin PA9 is applicable
2024-12-16 00:33:49,833 [INFO] Rule:228 - rule FDCAN1_R4 - Alternatepin_1 - Rename Mode FullDuplex into Enable FDCAN_TXFD for pin PE1 is applicable
2024-12-16 00:33:49,833 [INFO] Rule:228 - rule FDCAN1_R4 - Alternatepin_1 - Rename Mode FullDuplex into Enable FDCAN_TXFD for pin PE0 is applicable
2024-12-16 00:33:49,833 [INFO] Rule:228 - rule FDCAN1_R4 - Alternatepin_2 - Rename Mode FullDuplex into Enable FDCAN_TXFD for pin PD5 is applicable
2024-12-16 00:33:49,833 [INFO] Rule:228 - rule FDCAN1_R4 - Alternatepin_2 - Rename Mode FullDuplex into Enable FDCAN_TXFD for pin PD4 is applicable
2024-12-16 00:33:49,834 [INFO] Rule:228 - rule FDCAN2_R3 - if PD10.Mode=FullDuplex, add Pin PB13 is applicable
2024-12-16 00:33:49,834 [INFO] Rule:228 - rule FDCAN2_R3 - if PD9.Mode=FullDuplex, add Pin PB12 is applicable
2024-12-16 00:33:49,834 [INFO] Rule:228 - rule FDCAN2_R3 - Alternatepin_1 - if PB7.Mode=FullDuplex, add Pin PB6 is applicable
2024-12-16 00:33:49,834 [INFO] Rule:228 - rule FDCAN2_R3 - Alternatepin_1 - if PD9.Mode=FullDuplex, add Pin PB12 is applicable
2024-12-16 00:33:49,834 [INFO] Rule:228 - rule FDCAN2_R4 - Rename Mode FullDuplex into Enable FDCAN_TXFD for pin PD10 is applicable
2024-12-16 00:33:49,834 [INFO] Rule:228 - rule FDCAN2_R4 - Rename Mode FullDuplex into Enable FDCAN_TXFD for pin PD9 is applicable
2024-12-16 00:33:49,834 [INFO] Rule:228 - rule FDCAN2_R4 - Alternatepin_1 - Rename Mode FullDuplex into Enable FDCAN_TXFD for pin PB7 is applicable
2024-12-16 00:33:49,834 [INFO] Rule:228 - rule FDCAN2_R4 - Alternatepin_1 - Rename Mode FullDuplex into Enable FDCAN_TXFD for pin PD6 is applicable
2024-12-16 00:33:49,834 [INFO] Rule:228 - rule USART TxPinLevelInvertParam Mode is applicable
2024-12-16 00:33:49,834 [INFO] Rule:228 - rule USART RxPinLevelInvertParam Mode is applicable
2024-12-16 00:33:49,834 [INFO] Rule:228 - rule USART DataInvertParam Mode is applicable
2024-12-16 00:33:49,834 [INFO] Rule:228 - rule USART SwapParam Mode is applicable
2024-12-16 00:33:49,834 [INFO] Rule:228 - rule USART OverrunDisableParam Mode is applicable
2024-12-16 00:33:49,834 [INFO] Rule:228 - rule USART DMADisableonRxErrorParam Mode is applicable
2024-12-16 00:33:49,835 [INFO] Rule:228 - rule USART MSBFirstParam Mode is applicable
2024-12-16 00:33:49,835 [INFO] Rule:228 - rule Update MwName for USB_DEVICE is applicable
2024-12-16 00:33:49,835 [INFO] Rule:228 - rule Change PWR_Regulator_Voltage_Scale Default Value for RCC  H7 family is applicable
2024-12-16 00:33:49,835 [INFO] Rule:228 - rule UART/USART IPParameter rename Prescaler parameter to ClockPrescaler is applicable
2024-12-16 00:33:49,835 [INFO] Rule:228 - rule UART/USART Prescaler rename Prescaler parameter to ClockPrescaler is applicable
2024-12-16 00:33:49,835 [INFO] Rule:228 - rule TIM1CLockSelection is applicable
2024-12-16 00:33:49,835 [INFO] Rule:228 - rule TIM15CLockSelection is applicable
2024-12-16 00:33:49,835 [INFO] Rule:228 - rule align RCC SDMMC3CLockSelection default value on MP1 is applicable
2024-12-16 00:33:49,835 [INFO] Rule:228 - rule align RCC SDMMC12CLockSelection default value on MP1 is applicable
2024-12-16 00:33:49,835 [INFO] Rule:228 - rule align RCC QSPICLockSelection default value on MP1 is applicable
2024-12-16 00:33:49,835 [INFO] Rule:228 - rule align RCC QSPICLockSelection default value on MP1 is applicable
2024-12-16 00:33:49,835 [INFO] Rule:228 - rule align RCC SPI6CLockSelection default value on MP1 is applicable
2024-12-16 00:33:49,835 [INFO] Rule:228 - rule align RCC LPTIM23CLockSelection default value on MP1 is applicable
2024-12-16 00:33:49,835 [INFO] Rule:228 - rule align RCC LPTIM1CLockSelection default value on MP1 is applicable
2024-12-16 00:33:49,836 [INFO] Rule:228 - rule align RCC USART1CLockSelection default value on MP1 is applicable
2024-12-16 00:33:49,836 [INFO] Rule:228 - rule align RCC USART24CLockSelection default value on MP1 is applicable
2024-12-16 00:33:49,836 [INFO] Rule:228 - rule align RCC USART6CLockSelection default value on MP1 is applicable
2024-12-16 00:33:49,836 [INFO] Rule:228 - rule align RCC UART78CLockSelection default value on MP1 is applicable
2024-12-16 00:33:49,836 [INFO] Rule:228 - rule align RCC USART35CLockSelection default value on MP1 is applicable
2024-12-16 00:33:49,836 [INFO] Rule:228 - rule align RCC SPI45CLockSelection default value on MP1 is applicable
2024-12-16 00:33:49,836 [INFO] Rule:228 - rule align RCC I2C46CLockSelection BCLK value on MP1 is applicable
2024-12-16 00:33:49,836 [INFO] Rule:228 - rule align RCC SPI45CLockSelection default value on MP1 is applicable
2024-12-16 00:33:49,836 [INFO] Rule:228 - rule align RCC I2C12CLockSelection default value on MP1 is applicable
2024-12-16 00:33:49,836 [INFO] Rule:228 - rule align RCC I2C35CLockSelection default value on MP1 is applicable
2024-12-16 00:33:49,836 [INFO] Rule:228 - rule align RCC LPTIM45CLockSelection default value on MP1 is applicable
2024-12-16 00:33:49,836 [INFO] Rule:228 - rule Rename DCMI PIXCK signal is applicable
2024-12-16 00:33:49,837 [INFO] Rule:228 - rule Change Default Value for I2C46CLockSelection MP1 family is applicable
2024-12-16 00:33:49,837 [INFO] Rule:228 - rule Change Default Value for UART for G4, G0 and WB families is applicable
2024-12-16 00:33:49,837 [INFO] Rule:228 - rule Change Default Value for USART for G4, G0 and WB families is applicable
2024-12-16 00:33:49,837 [INFO] Rule:228 - rule Change Default Value for USART for G4 family is applicable
2024-12-16 00:33:49,837 [INFO] Rule:228 - rule Change USART1CLockSelection refparam name for MP1 is applicable
2024-12-16 00:33:49,837 [INFO] Rule:228 - rule Change USART2CLockSelection refparam name for MP1 is applicable
2024-12-16 00:33:49,837 [INFO] Rule:228 - rule Change USART3CLockSelection refparam name for MP1 is applicable
2024-12-16 00:33:49,837 [INFO] Rule:228 - rule Change UART4CLockSelection refparam name for MP1 is applicable
2024-12-16 00:33:49,837 [INFO] Rule:228 - rule Change UART5CLockSelection refparam name for MP1 is applicable
2024-12-16 00:33:49,837 [INFO] Rule:228 - rule Change LPUART1CLockSelection refparam name for MP1 is applicable
2024-12-16 00:33:49,837 [INFO] Rule:228 - rule Change LPTIM1CLockSelection refparam name for MP1 is applicable
2024-12-16 00:33:49,837 [INFO] Rule:228 - rule Change LPTIM2CLockSelection refparam name for MP1 is applicable
2024-12-16 00:33:49,837 [INFO] Rule:228 - rule Change RCC_MCO1Source refparam name for MP1 is applicable
2024-12-16 00:33:49,837 [INFO] Rule:228 - rule Change LSCOSource1 refparam name for MP1 is applicable
2024-12-16 00:33:49,838 [INFO] Rule:228 - rule Change SMPSCLockSelection refparam name for MP1 is applicable
2024-12-16 00:33:49,838 [INFO] Rule:228 - rule Change LPTIM3CLockSelection refparam name for MP1 is applicable
2024-12-16 00:33:49,838 [INFO] Rule:228 - rule Change MPCBB* Default Template Mode to Parameters is applicable
2024-12-16 00:33:49,838 [INFO] Rule:228 - rule Change MPCWM* or MPCBB* Secure Mode to Parameters is applicable
2024-12-16 00:33:49,838 [INFO] Rule:228 - rule Change MPCWM* or MPCBB* No Secure Mode to Parameters is applicable
2024-12-16 00:33:49,838 [INFO] Rule:228 - rule Change TZSC IP Secure Mode to Parameters is applicable
2024-12-16 00:33:49,838 [INFO] Rule:228 - rule Change TZSC IP No Secure Mode to Parameters is applicable
2024-12-16 00:33:49,838 [INFO] Rule:228 - rule Change TZSC IP Privilege Mode to Parameters is applicable
2024-12-16 00:33:49,838 [INFO] Rule:228 - rule Change TZSC IP No Privilege Mode to Parameters is applicable
2024-12-16 00:33:49,838 [INFO] Rule:228 - rule Change TZIC IT Secure Mode to Parameters is applicable
2024-12-16 00:33:49,838 [INFO] Rule:228 - rule Change TZIC IT No Secure Mode to Parameters is applicable
2024-12-16 00:33:49,838 [INFO] Rule:228 - rule Add MPCBB1_NonSecureArea_Start_Address value with referenced to MPCBB1_NonSecureArea_Start value is applicable
2024-12-16 00:33:49,838 [INFO] Rule:228 - rule Add MPCBB2_NonSecureArea_Start_Address value with referenced to MPCBB2_NonSecureArea_Start value is applicable
2024-12-16 00:33:49,838 [INFO] Rule:228 - rule Add MPCWM1_NonSecureArea*_Start_Address value with referenced to MPCWM1_NonSecureArea*_Start value is applicable
2024-12-16 00:33:49,839 [INFO] Rule:228 - rule Add MPCWM2_NonSecureArea*_Start_Address value with referenced to MPCWM2_NonSecureArea*_Start value is applicable
2024-12-16 00:33:49,839 [INFO] Rule:228 - rule Add MPCWM3_NonSecureArea_Start_Address value with referenced to MPCWM3_NonSecureArea_Start value is applicable
2024-12-16 00:33:49,839 [INFO] Rule:228 - rule Change Default Value for PLL1UserDefinedConfig is applicable
2024-12-16 00:33:49,839 [INFO] Rule:228 - rule Change GPIO_PuPd Default Value for USART in async mode is applicable
2024-12-16 00:33:49,839 [INFO] Rule:228 - rule Change SMPSDivider Default Value is applicable
2024-12-16 00:33:49,839 [INFO] Rule:228 - rule OPAMP is applicable
2024-12-16 00:33:49,839 [INFO] Rule:228 - rule LPUART IPParameter rename Prescaler parameter to ClockPrescaler for STM32H7 is applicable
2024-12-16 00:33:49,839 [INFO] Rule:228 - rule LPUART IPParameter rename Prescaler parameter to ClockPrescaler for STM32H7 is applicable
2024-12-16 00:33:49,839 [INFO] Rule:228 - rule LPUART IPParameter rename Prescaler parameter to ClockPrescaler for STM32WB is applicable
2024-12-16 00:33:49,840 [INFO] Rule:228 - rule LPUART IPParameter rename Prescaler parameter to ClockPrescaler for STM32WB is applicable
2024-12-16 00:33:49,840 [INFO] Rule:228 - rule LPUART IPParameter rename Prescaler parameter to ClockPrescaler for STM32G4 is applicable
2024-12-16 00:33:49,840 [INFO] Rule:228 - rule LPUART IPParameter rename Prescaler parameter to ClockPrescaler for STM32G4 is applicable
2024-12-16 00:33:49,840 [INFO] Rule:228 - rule LPUART IPParameter rename Prescaler parameter to ClockPrescaler for STM32L5 is applicable
2024-12-16 00:33:49,840 [INFO] Rule:228 - rule LPUART IPParameter rename Prescaler parameter to ClockPrescaler for STM32L5 is applicable
2024-12-16 00:33:49,840 [INFO] Rule:228 - rule LPUART IPParameter rename Prescaler parameter to ClockPrescaler for STM32G4 is applicable
2024-12-16 00:33:49,841 [INFO] Rule:228 - rule LPUART IPParameter rename Prescaler parameter to ClockPrescaler for STM32G4 is applicable
2024-12-16 00:33:49,841 [INFO] Rule:228 - rule USB device lib V2.5.3 for L0 rename USBD_SUPPORT_USER_STRING parameter to USBD_SUPPORT_USER_STRING_DESC4 is applicable
2024-12-16 00:33:49,841 [INFO] Rule:228 - rule I2SCLockSelection clock entry align is applicable
2024-12-16 00:33:49,841 [INFO] Rule:228 - rule Assign TIMx context if used as SYS timebase is applicable
2024-12-16 00:33:49,841 [INFO] Rule:228 - rule Change GPIO_Pu Default Value for I2C is applicable
2024-12-16 00:33:49,841 [INFO] Rule:228 - rule Change GPIO_Pu Default Value for SMBus is applicable
2024-12-16 00:33:49,841 [INFO] Rule:228 - rule change FDCAN default value is applicable
2024-12-16 00:33:49,841 [INFO] Rule:228 - rule Change mode sai is applicable
2024-12-16 00:33:49,841 [INFO] Rule:228 - rule **Change sai mode is applicable
2024-12-16 00:33:49,841 [INFO] Rule:228 - rule Rename STM32WPAN CFG_BLE_IRK to CFG_BLE_IR is applicable
2024-12-16 00:33:49,841 [INFO] Rule:228 - rule Rename STM32WPAN CFG_BLE_ERK to CFG_BLE_ER is applicable
2024-12-16 00:33:49,841 [INFO] Rule:228 - rule Rename STM32WPAN CFG_BLE_IRK_HEX to CFG_BLE_IR_HEX is applicable
2024-12-16 00:33:49,841 [INFO] Rule:228 - rule Rename STM32WPAN CFG_BLE_ERK_HEX to CFG_BLE_ER_HEX is applicable
2024-12-16 00:33:49,870 [INFO] DbConfProperties:307 - Apply Compatibility (34/230 Rules)
2024-12-16 00:33:49,952 [INFO] ImportTextPane:205 - (OptionalMessage_ERROR) Unable to find key (Mcu.ThirdPartyNb) in loaded IOC file
2024-12-16 00:33:50,138 [INFO] RtosManager:555 - Registered RTOS mode: class=CMSIS, group=RTOS, mode=CMSIS_V1, owner=FREERTOS
2024-12-16 00:33:50,138 [INFO] RtosManager:555 - Registered RTOS mode: class=CMSIS, group=RTOS2, mode=CMSIS_V2, owner=FREERTOS
2024-12-16 00:33:50,138 [INFO] RtosManager:555 - Registered RTOS mode: class=RTOS, group=Core, mode=CMSIS_V1, owner=FREERTOS
2024-12-16 00:33:50,138 [INFO] RtosManager:555 - Registered RTOS mode: class=RTOS, group=Core, mode=CMSIS_V2, owner=FREERTOS
2024-12-16 00:33:50,138 [WARN] ModelIntegratedComponent:184 - Missing modes for component STMicroelectronics:FreeRTOS:0.0.1:STMicroelectronics:RTOS:FreeRTOS:Core:::10.2.0:
2024-12-16 00:33:50,150 [WARN] ModelIntegratedComponent:63 - No mode defined for component null
2024-12-16 00:33:50,151 [WARN] ModelIntegratedComponent:63 - No mode defined for component null
2024-12-16 00:33:50,151 [WARN] ModelIntegratedComponent:63 - No mode defined for component null
2024-12-16 00:33:50,151 [WARN] ModelIntegratedComponent:63 - No mode defined for component null
2024-12-16 00:33:50,151 [WARN] ModelIntegratedComponent:63 - No mode defined for component null
2024-12-16 00:33:50,151 [WARN] ModelIntegratedComponent:63 - No mode defined for component null
2024-12-16 00:33:50,151 [WARN] ModelIntegratedComponent:63 - No mode defined for component null
2024-12-16 00:33:50,151 [WARN] ModelIntegratedComponent:63 - No mode defined for component null
2024-12-16 00:33:50,151 [WARN] ModelIntegratedComponent:63 - No mode defined for component null
2024-12-16 00:33:50,151 [WARN] ModelIntegratedComponent:63 - No mode defined for component null
2024-12-16 00:33:50,151 [WARN] ModelIntegratedComponent:63 - No mode defined for component null
2024-12-16 00:33:50,151 [WARN] ModelIntegratedComponent:63 - No mode defined for component null
2024-12-16 00:33:50,151 [WARN] ModelIntegratedComponent:63 - No mode defined for component null
2024-12-16 00:33:50,152 [WARN] ModelIntegratedComponent:63 - No mode defined for component null
2024-12-16 00:33:50,152 [WARN] ModelIntegratedComponent:63 - No mode defined for component null
2024-12-16 00:33:50,152 [WARN] ModelIntegratedComponent:63 - No mode defined for component null
2024-12-16 00:33:50,152 [WARN] ModelIntegratedComponent:63 - No mode defined for component null
2024-12-16 00:33:50,152 [WARN] ModelIntegratedComponent:63 - No mode defined for component null
2024-12-16 00:33:50,152 [WARN] ModelIntegratedComponent:63 - No mode defined for component null
2024-12-16 00:33:50,152 [WARN] ModelIntegratedComponent:63 - No mode defined for component null
2024-12-16 00:33:50,152 [WARN] ModelIntegratedComponent:63 - No mode defined for component null
2024-12-16 00:33:50,152 [WARN] ModelIntegratedComponent:63 - No mode defined for component null
2024-12-16 00:33:50,152 [WARN] ModelIntegratedComponent:63 - No mode defined for component null
2024-12-16 00:33:50,152 [WARN] ModelIntegratedComponent:63 - No mode defined for component null
2024-12-16 00:33:50,152 [WARN] ModelIntegratedComponent:63 - No mode defined for component null
2024-12-16 00:33:50,152 [WARN] ModelIntegratedComponent:63 - No mode defined for component null
2024-12-16 00:33:50,152 [WARN] ModelIntegratedComponent:63 - No mode defined for component null
2024-12-16 00:33:50,152 [WARN] ModelIntegratedComponent:63 - No mode defined for component null
2024-12-16 00:33:50,152 [WARN] ModelIntegratedComponent:63 - No mode defined for component null
2024-12-16 00:33:50,153 [WARN] ModelIntegratedComponent:63 - No mode defined for component null
2024-12-16 00:33:50,153 [WARN] ModelIntegratedComponent:63 - No mode defined for component null
2024-12-16 00:33:50,153 [WARN] ModelIntegratedComponent:63 - No mode defined for component null
2024-12-16 00:33:50,153 [WARN] ModelIntegratedComponent:63 - No mode defined for component null
2024-12-16 00:33:50,153 [WARN] ModelIntegratedComponent:63 - No mode defined for component null
2024-12-16 00:33:50,153 [WARN] ModelIntegratedComponent:63 - No mode defined for component null
2024-12-16 00:33:50,153 [WARN] ModelPack:524 - Component already loaded: STMicroelectronics:HAL Drivers:0.0.0:STMicroelectronics:Device:STMicro_Driver:XSPI:HAL::0.0.1:HAL_XSPI
2024-12-16 00:33:50,274 [INFO] ThirdPartyModel:298 - Start build external matchings
2024-12-16 00:33:51,227 [INFO] ThirdPartyModel:316 - End build external matchings
2024-12-16 00:33:51,675 [INFO] UtilMem:75 - End LoadConfig() Used Memory: 941222696 Bytes (1073741824)
2024-12-16 00:33:52,014 [WARN] ThirdParty:833 - waiting for thirdparty lock release [change project]
2024-12-16 00:33:52,015 [INFO] ThirdParty:835 - entering critical section [change project]
2024-12-16 00:33:52,015 [INFO] ThirdParty:1030 - CMSIS Pack Vendor :STMicroelectronics USBPD 4.1
2024-12-16 00:33:52,015 [INFO] ThirdParty:1030 - CMSIS Pack Vendor :STMicroelectronics X-CUBE-AZRTOS-H7 3.3.0
2024-12-16 00:33:52,015 [INFO] ThirdParty:1030 - CMSIS Pack Vendor :STMicroelectronics X-CUBE-NFC9 1.0.0
2024-12-16 00:33:52,015 [INFO] ThirdParty:1030 - CMSIS Pack Vendor :STMicroelectronics X-CUBE-GNSS1 6.0.0
2024-12-16 00:33:52,015 [INFO] ThirdParty:1030 - CMSIS Pack Vendor :STMicroelectronics USB_HOST 2.0.0
2024-12-16 00:33:52,015 [INFO] ThirdParty:1030 - CMSIS Pack Vendor :STMicroelectronics FP-SNS-MOTENVWB1 1.4.0
2024-12-16 00:33:52,015 [INFO] ThirdParty:1030 - CMSIS Pack Vendor :STMicroelectronics X-CUBE-AZRTOS-F4 1.1.0
2024-12-16 00:33:52,015 [INFO] ThirdParty:1030 - CMSIS Pack Vendor :STMicroelectronics LIBJPEG 8.0.0
2024-12-16 00:33:52,015 [INFO] ThirdParty:1030 - CMSIS Pack Vendor :STMicroelectronics FP-ATR-ASTRA1 2.0.1
2024-12-16 00:33:52,015 [INFO] ThirdParty:1030 - CMSIS Pack Vendor :STMicroelectronics X-CUBE-SMBUS 2.1.0
2024-12-16 00:33:52,015 [INFO] ThirdParty:1030 - CMSIS Pack Vendor :STMicroelectronics X-CUBE-WB05N 1.1.0
2024-12-16 00:33:52,015 [INFO] ThirdParty:1030 - CMSIS Pack Vendor :STMicroelectronics USB_DEVICE 3.0.0
2024-12-16 00:33:52,015 [INFO] ThirdParty:1030 - CMSIS Pack Vendor :STMicroelectronics X-CUBE-TCPP 4.1.0
2024-12-16 00:33:52,015 [INFO] ThirdParty:1030 - CMSIS Pack Vendor :STMicroelectronics X-CUBE-ISPU 2.1.0
2024-12-16 00:33:52,015 [INFO] ThirdParty:1030 - CMSIS Pack Vendor :STMicroelectronics X-CUBE-FREERTOS 1.2.0
2024-12-16 00:33:52,015 [INFO] ThirdParty:1030 - CMSIS Pack Vendor :STMicroelectronics X-CUBE-IPS 3.0.0
2024-12-16 00:33:52,015 [INFO] ThirdParty:1030 - CMSIS Pack Vendor :STMicroelectronics X-CUBE-AZRTOS-WB 2.0.0
2024-12-16 00:33:52,015 [INFO] ThirdParty:1030 - CMSIS Pack Vendor :STMicroelectronics X-CUBE-GNSS1 7.0.0
2024-12-16 00:33:52,015 [INFO] ThirdParty:1030 - CMSIS Pack Vendor :STMicroelectronics X-CUBE-AZRTOS-F7 1.1.0
2024-12-16 00:33:52,015 [INFO] ThirdParty:1030 - CMSIS Pack Vendor :STMicroelectronics X-CUBE-AZRTOS-L5 2.0.0
2024-12-16 00:33:52,015 [INFO] ThirdParty:1030 - CMSIS Pack Vendor :STMicroelectronics USB_DEVICE 2.0.0
2024-12-16 00:33:52,015 [INFO] ThirdParty:1030 - CMSIS Pack Vendor :STMicroelectronics X-CUBE-NFC6 3.1.0
2024-12-16 00:33:52,015 [INFO] ThirdParty:1030 - CMSIS Pack Vendor :STMicroelectronics FP-SNS-STBOX1 2.0.0
2024-12-16 00:33:52,015 [INFO] ThirdParty:1030 - CMSIS Pack Vendor :STMicroelectronics X-CUBE-MEMS1 11.0.0
2024-12-16 00:33:52,015 [INFO] ThirdParty:1030 - CMSIS Pack Vendor :STMicroelectronics FreeRTOS 0.0.1
2024-12-16 00:33:52,016 [INFO] ThirdParty:1030 - CMSIS Pack Vendor :STMicroelectronics X-CUBE-AZRTOS-G0 1.1.0
2024-12-16 00:33:52,016 [INFO] ThirdParty:1030 - CMSIS Pack Vendor :STMicroelectronics X-CUBE-SAFEA1 1.2.2
2024-12-16 00:33:52,016 [INFO] ThirdParty:1030 - CMSIS Pack Vendor :STMicroelectronics X-CUBE-NFC4 3.0.0
2024-12-16 00:33:52,016 [INFO] ThirdParty:1030 - CMSIS Pack Vendor :STMicroelectronics X-CUBE-DPower 1.2.0
2024-12-16 00:33:52,016 [INFO] ThirdParty:1030 - CMSIS Pack Vendor :STMicroelectronics X-CUBE-SUBG2 5.0.0
2024-12-16 00:33:52,016 [INFO] ThirdParty:1030 - CMSIS Pack Vendor :STMicroelectronics STM32_WPAN 1.0.0
2024-12-16 00:33:52,016 [INFO] ThirdParty:1030 - CMSIS Pack Vendor :EmbeddedOffice I-CUBE-FS-RTOS 1.0.1
2024-12-16 00:33:52,016 [INFO] ThirdParty:1030 - CMSIS Pack Vendor :STMicroelectronics lwIP 2.0.3
2024-12-16 00:33:52,016 [INFO] ThirdParty:1030 - CMSIS Pack Vendor :STMicroelectronics FP-SNS-FLIGHT1 5.0.2
2024-12-16 00:33:52,016 [INFO] ThirdParty:1030 - CMSIS Pack Vendor :Cesanta I-CUBE-Mongoose 7.13.0
2024-12-16 00:33:52,016 [INFO] ThirdParty:1030 - CMSIS Pack Vendor :STMicroelectronics USB_HOST 1.0.0
2024-12-16 00:33:52,016 [INFO] ThirdParty:1030 - CMSIS Pack Vendor :STMicroelectronics X-CUBE-AI 9.0.0
2024-12-16 00:33:52,016 [INFO] ThirdParty:1030 - CMSIS Pack Vendor :STMicroelectronics X-CUBE-AZRTOS-G4 2.0.0
2024-12-16 00:33:52,016 [INFO] ThirdParty:1030 - CMSIS Pack Vendor :STMicroelectronics PDM2PCM 3.1.0
2024-12-16 00:33:52,016 [INFO] ThirdParty:1030 - CMSIS Pack Vendor :STMicroelectronics PDM2PCM 3.3.0
2024-12-16 00:33:52,016 [INFO] ThirdParty:1030 - CMSIS Pack Vendor :STMicroelectronics X-CUBE-DISPLAY 3.0.0
2024-12-16 00:33:52,016 [INFO] ThirdParty:1030 - CMSIS Pack Vendor :RealThread X-CUBE-RT-Thread_Nano 4.1.1
2024-12-16 00:33:52,016 [INFO] ThirdParty:1030 - CMSIS Pack Vendor :STMicroelectronics X-CUBE-BLE1 7.0.0
2024-12-16 00:33:52,016 [INFO] ThirdParty:1030 - CMSIS Pack Vendor :STMicroelectronics FP-ATR-SIGFOX1 3.2.0
2024-12-16 00:33:52,016 [INFO] ThirdParty:1030 - CMSIS Pack Vendor :STMicroelectronics X-CUBE-NFC10 1.0.0
2024-12-16 00:33:52,016 [INFO] ThirdParty:1030 - CMSIS Pack Vendor :wolfSSL I-CUBE-wolfSSL 5.7.2
2024-12-16 00:33:52,016 [INFO] ThirdParty:1030 - CMSIS Pack Vendor :quantropi X-CUBE-qispace-sdk-base 1.9.3
2024-12-16 00:33:52,016 [INFO] ThirdParty:1030 - CMSIS Pack Vendor :STMicroelectronics X-CUBE-ISPU 2.0.0
2024-12-16 00:33:52,017 [INFO] ThirdParty:1030 - CMSIS Pack Vendor :STMicroelectronics X-CUBE-BLEMGR 4.0.0
2024-12-16 00:33:52,017 [INFO] ThirdParty:1030 - CMSIS Pack Vendor :STMicroelectronics X-CUBE-EEPRMA1 5.1.0
2024-12-16 00:33:52,017 [INFO] ThirdParty:1030 - CMSIS Pack Vendor :STMicroelectronics HAL Drivers 0.0.0
2024-12-16 00:33:52,017 [INFO] ThirdParty:1030 - CMSIS Pack Vendor :STMicroelectronics MBEDTLS 2.16.2
2024-12-16 00:33:52,017 [INFO] ThirdParty:1030 - CMSIS Pack Vendor :STMicroelectronics X-CUBE-ALS 1.0.2
2024-12-16 00:33:52,017 [INFO] ThirdParty:1030 - CMSIS Pack Vendor :emotas I-CUBE-CANOPEN 1.3.0
2024-12-16 00:33:52,017 [INFO] ThirdParty:1030 - CMSIS Pack Vendor :STMicroelectronics X-CUBE-FREERTOS 1.3.0
2024-12-16 00:33:52,017 [INFO] ThirdParty:1030 - CMSIS Pack Vendor :STMicroelectronics X-CUBE-MEMS1 10.0.0
2024-12-16 00:33:52,017 [INFO] ThirdParty:1030 - CMSIS Pack Vendor :STMicroelectronics X-CUBE-NFC7 1.0.1
2024-12-16 00:33:52,017 [INFO] ThirdParty:1030 - CMSIS Pack Vendor :STMicroelectronics MBEDTLS 2.14.1
2024-12-16 00:33:52,017 [INFO] ThirdParty:1030 - CMSIS Pack Vendor :STMicroelectronics X-CUBE-TOUCHGFX 4.24.0
2024-12-16 00:33:52,017 [INFO] ThirdParty:1030 - CMSIS Pack Vendor :ITTIA_DB I-CUBE-ITTIADB 8.9.0
2024-12-16 00:33:52,017 [INFO] ThirdParty:1030 - CMSIS Pack Vendor :wolfSSL I-CUBE-wolfTPM 3.2.0
2024-12-16 00:33:52,017 [INFO] ThirdParty:1030 - CMSIS Pack Vendor :STMicroelectronics X-CUBE-TOUCHGFX 4.24.1
2024-12-16 00:33:52,017 [INFO] ThirdParty:1030 - CMSIS Pack Vendor :portGmbH I-Cube-SoM-uGOAL 1.1.0
2024-12-16 00:33:52,017 [INFO] ThirdParty:1030 - CMSIS Pack Vendor :STMicroelectronics X-CUBE-BLEMGR 3.1.0
2024-12-16 00:33:52,017 [INFO] ThirdParty:1030 - CMSIS Pack Vendor :STMicroelectronics ThreadX 1.0.0
2024-12-16 00:33:52,017 [INFO] ThirdParty:1030 - CMSIS Pack Vendor :STMicroelectronics FP-SNS-SMARTAG2 1.2.0
2024-12-16 00:33:52,017 [INFO] ThirdParty:1030 - CMSIS Pack Vendor :STMicroelectronics X-CUBE-AZRTOS-WL 2.0.0
2024-12-16 00:33:52,017 [INFO] ThirdParty:1030 - CMSIS Pack Vendor :SEGGER I-CUBE-embOS 1.3.1
2024-12-16 00:33:52,017 [INFO] ThirdParty:1030 - CMSIS Pack Vendor :STMicroelectronics X-CUBE-ALGOBUILD 1.4.0
2024-12-16 00:33:52,017 [INFO] ThirdParty:1030 - CMSIS Pack Vendor :STMicroelectronics FP-SNS-MOTENV1 5.0.0
2024-12-16 00:33:52,017 [INFO] ThirdParty:1030 - CMSIS Pack Vendor :STMicroelectronics USB_DEVICE 1.0.0
2024-12-16 00:33:52,018 [INFO] ThirdParty:1030 - CMSIS Pack Vendor :STMicroelectronics X-CUBE-AZRTOS-H7RS 1.0.0
2024-12-16 00:33:52,018 [INFO] ThirdParty:1030 - CMSIS Pack Vendor :wolfSSL I-CUBE-wolfMQTT 1.19.0
2024-12-16 00:33:52,018 [INFO] ThirdParty:1030 - CMSIS Pack Vendor :STMicroelectronics X-CUBE-AZRTOS-L4 2.0.0
2024-12-16 00:33:52,018 [INFO] ThirdParty:1030 - CMSIS Pack Vendor :STMicroelectronics ThreadX 0.0.2
2024-12-16 00:33:52,018 [INFO] ThirdParty:1030 - CMSIS Pack Vendor :WES I-CUBE-Cesium 1.3.0
2024-12-16 00:33:52,018 [INFO] ThirdParty:1030 - CMSIS Pack Vendor :STMicroelectronics FP-ATR-ASTRA1 2.0.0
2024-12-16 00:33:52,018 [INFO] ThirdParty:1030 - CMSIS Pack Vendor :STMicroelectronics lwIP 2.1.2
2024-12-16 00:33:52,018 [INFO] ThirdParty:1030 - CMSIS Pack Vendor :STMicroelectronics X-CUBE-SFXS2LP1 4.0.0
2024-12-16 00:33:52,018 [INFO] ThirdParty:1030 - CMSIS Pack Vendor :STMicroelectronics X-CUBE-BLE2 3.3.0
2024-12-16 00:33:52,018 [INFO] ThirdParty:1030 - CMSIS Pack Vendor :STMicroelectronics X-CUBE-TOF1 3.4.2
2024-12-16 00:33:52,018 [INFO] ThirdParty:1030 - CMSIS Pack Vendor :STMicroelectronics X-CUBE-AI 9.1.0
2024-12-16 00:33:52,018 [INFO] ThirdParty:1030 - CMSIS Pack Vendor :STMicroelectronics X-CUBE-AZRTOS-H7 3.2.0
2024-12-16 00:33:52,018 [INFO] ThirdParty:1030 - CMSIS Pack Vendor :Infineon AIROC-Wi-Fi-Bluetooth-STM32 1.6.0
2024-12-16 00:33:52,018 [INFO] ThirdParty:1030 - CMSIS Pack Vendor :STMicroelectronics PDM2PCM 3.2.0
2024-12-16 00:33:52,018 [INFO] ThirdParty:1030 - CMSIS Pack Vendor :wolfSSL I-CUBE-wolfSSH 1.4.17
2024-12-16 00:33:52,018 [INFO] ThirdParty:841 - exiting critical section [change project]
2024-12-16 00:33:52,417 [INFO] PinOutPanel:1561 - setPackage(No Configuration,No Configuration)
2024-12-16 00:33:52,457 [INFO] PinOutPanel:1561 - setPackage(STM32F407VGTx,LQFP100)
2024-12-16 00:33:52,953 [INFO] UtilMem:75 - Before build in PCC Used Memory: 994028608 Bytes (1073741824)
2024-12-16 00:33:53,699 [INFO] UtilMem:75 - After build in PCC Used Memory: 993895112 Bytes (1073741824)
2024-12-16 00:33:53,768 [INFO] IPUIPlugin:80 - create IPUIPlugin
2024-12-16 00:33:53,768 [INFO] IPUIPlugin:80 - create IPUIPlugin
2024-12-16 00:33:53,768 [INFO] IPUIPlugin:80 - create IPUIPlugin
2024-12-16 00:33:53,768 [INFO] IPUIPlugin:80 - create IPUIPlugin
2024-12-16 00:33:53,768 [INFO] IPUIPlugin:80 - create IPUIPlugin
2024-12-16 00:33:53,769 [INFO] IPUIPlugin:80 - create IPUIPlugin
2024-12-16 00:33:53,770 [INFO] IPUIPlugin:80 - create IPUIPlugin
2024-12-16 00:33:53,770 [INFO] IPUIPlugin:80 - create IPUIPlugin
2024-12-16 00:33:53,770 [INFO] IPUIPlugin:80 - create IPUIPlugin
2024-12-16 00:33:53,770 [INFO] IPUIPlugin:80 - create IPUIPlugin
2024-12-16 00:33:53,770 [INFO] IPUIPlugin:80 - create IPUIPlugin
2024-12-16 00:33:53,771 [INFO] IPUIPlugin:80 - create IPUIPlugin
2024-12-16 00:33:53,771 [INFO] IPUIPlugin:80 - create IPUIPlugin
2024-12-16 00:33:53,771 [INFO] IPUIPlugin:80 - create IPUIPlugin
2024-12-16 00:33:53,771 [INFO] IPUIPlugin:80 - create IPUIPlugin
2024-12-16 00:33:53,771 [INFO] IPUIPlugin:80 - create IPUIPlugin
2024-12-16 00:33:53,773 [INFO] IPUIPlugin:80 - create IPUIPlugin
2024-12-16 00:33:53,774 [INFO] IPUIPlugin:80 - create IPUIPlugin
2024-12-16 00:33:53,774 [INFO] IPUIPlugin:80 - create IPUIPlugin
2024-12-16 00:33:53,775 [INFO] IPUIPlugin:80 - create IPUIPlugin
2024-12-16 00:33:53,775 [INFO] IPUIPlugin:80 - create IPUIPlugin
2024-12-16 00:33:53,775 [INFO] IPUIPlugin:80 - create IPUIPlugin
2024-12-16 00:33:53,776 [INFO] IPUIPlugin:80 - create IPUIPlugin
2024-12-16 00:33:53,776 [INFO] IPUIPlugin:80 - create IPUIPlugin
2024-12-16 00:33:53,777 [INFO] IPUIPlugin:80 - create IPUIPlugin
2024-12-16 00:33:53,777 [INFO] IPUIPlugin:80 - create IPUIPlugin
2024-12-16 00:33:53,777 [INFO] IPUIPlugin:80 - create IPUIPlugin
2024-12-16 00:33:53,778 [INFO] IPUIPlugin:80 - create IPUIPlugin
2024-12-16 00:33:53,778 [INFO] IPUIPlugin:80 - create IPUIPlugin
2024-12-16 00:33:53,779 [INFO] IPUIPlugin:80 - create IPUIPlugin
2024-12-16 00:33:53,779 [INFO] IPUIPlugin:80 - create IPUIPlugin
2024-12-16 00:33:53,780 [INFO] IPUIPlugin:80 - create IPUIPlugin
2024-12-16 00:33:53,780 [INFO] IPUIPlugin:80 - create IPUIPlugin
2024-12-16 00:33:53,780 [INFO] IPUIPlugin:80 - create IPUIPlugin
2024-12-16 00:33:53,782 [INFO] IPUIPlugin:80 - create IPUIPlugin
2024-12-16 00:33:53,782 [INFO] IPUIPlugin:80 - create IPUIPlugin
2024-12-16 00:33:53,783 [INFO] IPUIPlugin:80 - create IPUIPlugin
2024-12-16 00:33:53,783 [INFO] IPUIPlugin:80 - create IPUIPlugin
2024-12-16 00:33:53,784 [INFO] IPUIPlugin:80 - create IPUIPlugin
2024-12-16 00:33:53,784 [INFO] IPUIPlugin:80 - create IPUIPlugin
2024-12-16 00:33:53,784 [INFO] IPUIPlugin:80 - create IPUIPlugin
2024-12-16 00:33:53,785 [INFO] IPUIPlugin:80 - create IPUIPlugin
2024-12-16 00:33:53,785 [INFO] IPUIPlugin:80 - create IPUIPlugin
2024-12-16 00:33:53,786 [INFO] IPUIPlugin:80 - create IPUIPlugin
2024-12-16 00:33:53,787 [INFO] IPUIPlugin:80 - create IPUIPlugin
2024-12-16 00:33:53,787 [INFO] IPUIPlugin:80 - create IPUIPlugin
2024-12-16 00:33:53,788 [INFO] IPUIPlugin:80 - create IPUIPlugin
2024-12-16 00:33:53,788 [INFO] IPUIPlugin:80 - create IPUIPlugin
2024-12-16 00:33:53,790 [INFO] IPUIPlugin:80 - create IPUIPlugin
2024-12-16 00:33:53,791 [INFO] IPUIPlugin:80 - create IPUIPlugin
2024-12-16 00:33:53,792 [INFO] IPUIPlugin:80 - create IPUIPlugin
2024-12-16 00:33:53,792 [INFO] IPUIPlugin:80 - create IPUIPlugin
2024-12-16 00:33:53,793 [INFO] IPUIPlugin:80 - create IPUIPlugin
2024-12-16 00:33:53,793 [INFO] IPUIPlugin:80 - create IPUIPlugin
2024-12-16 00:33:53,794 [INFO] IPUIPlugin:80 - create IPUIPlugin
2024-12-16 00:33:53,795 [INFO] IPUIPlugin:80 - create IPUIPlugin
2024-12-16 00:33:53,796 [INFO] IPUIPlugin:80 - create IPUIPlugin
2024-12-16 00:33:53,797 [INFO] IPUIPlugin:80 - create IPUIPlugin
2024-12-16 00:33:53,911 [INFO] ApiDbMcu:508 - Load IP Config File for PDM2PCM
2024-12-16 00:33:53,968 [INFO] CADModel:165 - CPN selected for project levelSTM32F407VGT6
2024-12-16 00:33:53,968 [INFO] CADModel:114 - Register for checkConnection events
2024-12-16 00:33:54,027 [INFO] OpenFileManager:363 - Restore cursor
2024-12-16 00:33:54,969 [INFO] UtilMem:75 - End SaveConfig() Used Memory: 995206352 Bytes (1073741824)
2024-12-16 00:33:55,116 [INFO] UtilMem:75 - End SaveConfig() Used Memory: 955241512 Bytes (1073741824)
2024-12-16 00:33:56,301 [INFO] BlockDiagram:2766 - set Specific Code input for plugin: SYS
2024-12-16 00:33:56,301 [INFO] BlockDiagram:2766 - set Specific Code input for plugin: RCC
2024-12-16 00:33:56,301 [INFO] BlockDiagram:2766 - set Specific Code input for plugin: NVIC
2024-12-16 00:33:56,302 [INFO] BlockDiagram:2766 - set Specific Code input for plugin: GPIO
2024-12-16 00:33:56,330 [INFO] CodeGenerator:807 - code generatio: config db path: D:\ST\STM32CubeIDE_1.16.0\STM32CubeIDE\plugins\com.st.stm32cube.common.mx_6.12.1.202409122256\\db\
2024-12-16 00:33:57,226 [INFO] CodeEngine:255 - oldGeneratedFile, D:\Users\ASUS\Documents\Embedded-C\RTOS\RTOS_workspace\STM32_FreeRTOS_Bin_Sema_Tasks\MXTmpFiles\license.tmp_save
2024-12-16 00:33:58,013 [INFO] CodeEngine:279 - Generated code: D:\Users\ASUS\Documents\Embedded-C\RTOS\RTOS_workspace\STM32_FreeRTOS_Bin_Sema_Tasks\MXTmpFiles\license.tmp
2024-12-16 00:33:58,666 [INFO] CodeEngine:255 - oldGeneratedFile, D:\Users\ASUS\Documents\Embedded-C\RTOS\RTOS_workspace\STM32_FreeRTOS_Bin_Sema_Tasks\MXTmpFiles\gpio.tmp_save
2024-12-16 00:33:59,201 [INFO] CodeEngine:279 - Generated code: D:\Users\ASUS\Documents\Embedded-C\RTOS\RTOS_workspace\STM32_FreeRTOS_Bin_Sema_Tasks\MXTmpFiles\gpio.tmp
2024-12-16 00:33:59,586 [INFO] CodeEngine:255 - oldGeneratedFile, D:\Users\ASUS\Documents\Embedded-C\RTOS\RTOS_workspace\STM32_FreeRTOS_Bin_Sema_Tasks\Core\Src\stm32f4xx_it.c_save
2024-12-16 00:34:00,058 [INFO] CodeEngine:279 - Generated code: D:\Users\ASUS\Documents\Embedded-C\RTOS\RTOS_workspace\STM32_FreeRTOS_Bin_Sema_Tasks\Core\Src\stm32f4xx_it.c
2024-12-16 00:34:00,193 [INFO] CodeEngine:255 - oldGeneratedFile, D:\Users\ASUS\Documents\Embedded-C\RTOS\RTOS_workspace\STM32_FreeRTOS_Bin_Sema_Tasks\Core\Inc\stm32f4xx_it.h_save
2024-12-16 00:34:00,456 [INFO] CodeEngine:279 - Generated code: D:\Users\ASUS\Documents\Embedded-C\RTOS\RTOS_workspace\STM32_FreeRTOS_Bin_Sema_Tasks\Core\Inc\stm32f4xx_it.h
2024-12-16 00:34:00,584 [INFO] CodeEngine:255 - oldGeneratedFile, D:\Users\ASUS\Documents\Embedded-C\RTOS\RTOS_workspace\STM32_FreeRTOS_Bin_Sema_Tasks\Core\Src\stm32f4xx_hal_msp.c_save
2024-12-16 00:34:00,962 [INFO] CodeEngine:279 - Generated code: D:\Users\ASUS\Documents\Embedded-C\RTOS\RTOS_workspace\STM32_FreeRTOS_Bin_Sema_Tasks\Core\Src\stm32f4xx_hal_msp.c
2024-12-16 00:34:01,030 [INFO] CodeEngine:255 - oldGeneratedFile, D:\Users\ASUS\Documents\Embedded-C\RTOS\RTOS_workspace\STM32_FreeRTOS_Bin_Sema_Tasks\MXTmpFiles\system.tmp_save
2024-12-16 00:34:01,241 [INFO] CodeEngine:279 - Generated code: D:\Users\ASUS\Documents\Embedded-C\RTOS\RTOS_workspace\STM32_FreeRTOS_Bin_Sema_Tasks\MXTmpFiles\system.tmp
2024-12-16 00:34:01,367 [INFO] CodeEngine:311 - oldGeneratedFile, D:\Users\ASUS\Documents\Embedded-C\RTOS\RTOS_workspace\STM32_FreeRTOS_Bin_Sema_Tasks\Core\Inc\stm32f4xx_hal_conf.h_save
2024-12-16 00:34:01,752 [INFO] CodeEngine:335 - Generated code: D:\Users\ASUS\Documents\Embedded-C\RTOS\RTOS_workspace\STM32_FreeRTOS_Bin_Sema_Tasks\Core\Inc\stm32f4xx_hal_conf.h
2024-12-16 00:34:02,028 [INFO] CodeEngine:255 - oldGeneratedFile, D:\Users\ASUS\Documents\Embedded-C\RTOS\RTOS_workspace\STM32_FreeRTOS_Bin_Sema_Tasks\Core\Inc\main.h_save
2024-12-16 00:34:02,360 [INFO] CodeEngine:279 - Generated code: D:\Users\ASUS\Documents\Embedded-C\RTOS\RTOS_workspace\STM32_FreeRTOS_Bin_Sema_Tasks\Core\Inc\main.h
2024-12-16 00:34:02,439 [INFO] CodeEngine:255 - oldGeneratedFile, D:\Users\ASUS\Documents\Embedded-C\RTOS\RTOS_workspace\STM32_FreeRTOS_Bin_Sema_Tasks\Core\Src\main.c_save
2024-12-16 00:34:02,902 [INFO] CodeEngine:279 - Generated code: D:\Users\ASUS\Documents\Embedded-C\RTOS\RTOS_workspace\STM32_FreeRTOS_Bin_Sema_Tasks\Core\Src\main.c
2024-12-16 00:34:03,757 [INFO] ProjectBuilder:3249 - Time for Copy HAL[1] : 369mS.
2024-12-16 00:34:03,769 [INFO] ProjectBuilder:4828 - Project Generator version: 4.5.0-B34
2024-12-16 00:34:04,044 [INFO] ConfigFileManager:1531 - The Die is : DIE413
2024-12-16 00:34:04,123 [INFO] ApiDbMcu:508 - Load IP Config File for FATFS
2024-12-16 00:34:04,159 [INFO] ApiDbMcu:508 - Load IP Config File for FREERTOS
2024-12-16 00:34:04,193 [INFO] ApiDbMcu:508 - Load IP Config File for LIBJPEG
2024-12-16 00:34:04,266 [INFO] ApiDbMcu:508 - Load IP Config File for LWIP
2024-12-16 00:34:04,318 [INFO] ApiDbMcu:508 - Load IP Config File for MBEDTLS
2024-12-16 00:34:04,402 [INFO] ApiDbMcu:508 - Load IP Config File for USB_DEVICE
2024-12-16 00:34:04,437 [INFO] ApiDbMcu:508 - Load IP Config File for USB_HOST
