2024-12-28 08:00:05,160 [INFO] Activator:176 - 


2024-12-28 08:00:05,168 [INFO] Activator:177 - !SESSION log4j initialized
2024-12-28 08:00:19,857 [INFO] LogOutputStream:77 - [STDOUT_REDIRECT] 
2024-12-28 08:01:06,661 [INFO] ApplicationProperties:184 - Using Application install path: D:\ST\STM32CubeIDE_1.16.0\STM32CubeIDE\plugins\com.st.stm32cube.common.mx_6.12.1.202409122256
2024-12-28 08:01:06,733 [INFO] DbMcusXml:78 - Set database path to: D:\ST\STM32CubeIDE_1.16.0\STM32CubeIDE\plugins\com.st.stm32cube.common.mx_6.12.1.202409122256\\db\/mcu/
2024-12-28 08:01:06,733 [INFO] ApiDb:274 - Set plugin database path to: D:\ST\STM32CubeIDE_1.16.0\STM32CubeIDE\plugins\com.st.stm32cube.common.mx_6.12.1.202409122256\\db\/plugins/boardmanager/
2024-12-28 08:01:06,734 [WARN] ApiDb:259 - Overriding images path with different value:  => D:\ST\STM32CubeIDE_1.16.0\STM32CubeIDE\plugins\com.st.stm32cube.common.mx_6.12.1.202409122256\\db\/plugins/mcufinder/images/
2024-12-28 08:01:06,800 [INFO] ApiDb:250 - Set database path to: C:\Users\Asus\.stmcufinder\plugins\mcufinder//mcu/
2024-12-28 08:01:06,803 [INFO] DbMcusAds:125 - Set database path to: C:\Users\Asus\.stmcufinder\plugins\mcufinder//mcu/
2024-12-28 08:01:08,529 [INFO] CrossReferenceDbSqlite:203 - Set database path to: C:\Users\Asus\.stmcufinder\plugins\mcufinder//mcu/cs/
2024-12-28 08:01:08,767 [INFO] RulesReader:64 - Compatibility file has been processed (297 Rules)
2024-12-28 08:01:08,923 [INFO] DbMcusXml:78 - Set database path to: D:\ST\STM32CubeIDE_1.16.0\STM32CubeIDE\plugins\com.st.stm32cube.common.mx_6.12.1.202409122256\\db\/mcu/
2024-12-28 08:01:08,924 [INFO] ApiDb:274 - Set plugin database path to: D:\ST\STM32CubeIDE_1.16.0\STM32CubeIDE\plugins\com.st.stm32cube.common.mx_6.12.1.202409122256\\db\/plugins/boardmanager/
2024-12-28 08:01:08,924 [INFO] ApiDb:261 - Set plugin images path to: D:\ST\STM32CubeIDE_1.16.0\STM32CubeIDE\plugins\com.st.stm32cube.common.mx_6.12.1.202409122256\\db\/plugins/mcufinder/images/
2024-12-28 08:01:08,924 [WARN] DbFile:41 - Overriding database path with different value: C:\Users\Asus\.stmcufinder\plugins\mcufinder/ => C:\Users\Asus\.stmcufinder\plugins\mcufinder
2024-12-28 08:01:08,924 [INFO] ApiDb:250 - Set database path to: C:\Users\Asus\.stmcufinder\plugins\mcufinder//mcu/
2024-12-28 08:01:08,924 [WARN] DbFile:41 - Overriding database path with different value: C:\Users\Asus\.stmcufinder\plugins\mcufinder/ => C:\Users\Asus\.stmcufinder\plugins\mcufinder
2024-12-28 08:01:08,924 [INFO] DbMcusAds:125 - Set database path to: C:\Users\Asus\.stmcufinder\plugins\mcufinder//mcu/
2024-12-28 08:01:08,924 [WARN] DbFile:41 - Overriding database path with different value: C:\Users\Asus\.stmcufinder\plugins\mcufinder/ => C:\Users\Asus\.stmcufinder\plugins\mcufinder
2024-12-28 08:01:08,924 [WARN] DbFile:41 - Overriding database path with different value: C:\Users\Asus\.stmcufinder\plugins\mcufinder/ => C:\Users\Asus\.stmcufinder\plugins\mcufinder
2024-12-28 08:01:09,517 [INFO] CrossReferenceDbSqlite:203 - Set database path to: C:\Users\Asus\.stmcufinder\plugins\mcufinder//mcu/cs/
2024-12-28 08:01:09,740 [INFO] MainPanel:268 - HeapMemory: 268435456
2024-12-28 08:01:10,054 [INFO] DbMcusXml:78 - Set database path to: D:\ST\STM32CubeIDE_1.16.0\STM32CubeIDE\plugins\com.st.stm32cube.common.mx_6.12.1.202409122256\\db\/mcu/
2024-12-28 08:01:10,054 [INFO] ApiDb:274 - Set plugin database path to: D:\ST\STM32CubeIDE_1.16.0\STM32CubeIDE\plugins\com.st.stm32cube.common.mx_6.12.1.202409122256\\db\/plugins/boardmanager/
2024-12-28 08:01:10,054 [INFO] ApiDb:261 - Set plugin images path to: D:\ST\STM32CubeIDE_1.16.0\STM32CubeIDE\plugins\com.st.stm32cube.common.mx_6.12.1.202409122256\\db\/plugins/mcufinder/images/
2024-12-28 08:01:10,055 [WARN] DbFile:41 - Overriding database path with different value: C:\Users\Asus\.stmcufinder\plugins\mcufinder/ => C:\Users\Asus\.stmcufinder\plugins\mcufinder
2024-12-28 08:01:10,055 [INFO] ApiDb:250 - Set database path to: C:\Users\Asus\.stmcufinder\plugins\mcufinder//mcu/
2024-12-28 08:01:10,055 [WARN] DbFile:41 - Overriding database path with different value: C:\Users\Asus\.stmcufinder\plugins\mcufinder/ => C:\Users\Asus\.stmcufinder\plugins\mcufinder
2024-12-28 08:01:10,055 [INFO] DbMcusAds:125 - Set database path to: C:\Users\Asus\.stmcufinder\plugins\mcufinder//mcu/
2024-12-28 08:01:10,055 [WARN] DbFile:41 - Overriding database path with different value: C:\Users\Asus\.stmcufinder\plugins\mcufinder/ => C:\Users\Asus\.stmcufinder\plugins\mcufinder
2024-12-28 08:01:10,055 [WARN] DbFile:41 - Overriding database path with different value: C:\Users\Asus\.stmcufinder\plugins\mcufinder/ => C:\Users\Asus\.stmcufinder\plugins\mcufinder
2024-12-28 08:01:11,017 [INFO] CrossReferenceDbSqlite:203 - Set database path to: C:\Users\Asus\.stmcufinder\plugins\mcufinder//mcu/cs/
2024-12-28 08:01:11,047 [INFO] ApplicationProperties:184 - Using Application install path: D:\ST\STM32CubeIDE_1.16.0\STM32CubeIDE\plugins\com.st.stm32cube.common.mx_6.12.1.202409122256
2024-12-28 08:01:11,049 [INFO] PluginManage:196 - Search for loadable plugins [exclusion list=, ]
2024-12-28 08:01:11,052 [INFO] PluginManage:310 - Check plugin analytics
2024-12-28 08:01:21,529 [INFO] AnalyticsPlugin:253 - Accepted Software Licenses: STM32CubeMX.6.5.0
2024-12-28 08:01:21,529 [INFO] AnalyticsPlugin:255 - Accepted CMSIS Pack Licenses: 
2024-12-28 08:01:21,530 [INFO] AnalyticsPlugin:257 - Accepted Firmware Licenses: FW.F4.1.27.0,FW.F4.1.28.0
2024-12-28 08:01:21,533 [INFO] PluginManage:359 - Loaded plugin analytics (category:tool,tabindex:-1)
2024-12-28 08:01:21,534 [INFO] PluginManage:310 - Check plugin cadmodel
2024-12-28 08:01:21,540 [INFO] CADModel:105 - Init CAD model plugin
2024-12-28 08:01:21,540 [INFO] PluginManage:359 - Loaded plugin cadmodel (category:power,tabindex:5)
2024-12-28 08:01:21,540 [INFO] PluginManage:310 - Check plugin clock
2024-12-28 08:01:21,553 [INFO] PluginManage:359 - Loaded plugin clock (category:base,tabindex:2)
2024-12-28 08:01:21,554 [INFO] PluginManage:310 - Check plugin ddr
2024-12-28 08:01:21,557 [INFO] PluginManage:359 - Loaded plugin ddr (category:tool,tabindex:6)
2024-12-28 08:01:21,558 [INFO] PluginManage:310 - Check plugin filemanager
2024-12-28 08:01:21,853 [INFO] PluginManage:359 - Loaded plugin filemanager (category:base,tabindex:10)
2024-12-28 08:01:21,854 [INFO] PluginManage:310 - Check plugin ipmanager
2024-12-28 08:01:21,865 [INFO] PluginManage:359 - Loaded plugin ipmanager (category:base,tabindex:5)
2024-12-28 08:01:21,865 [INFO] PluginManage:310 - Check plugin lpbam
2024-12-28 08:01:21,880 [INFO] PluginManage:359 - Loaded plugin lpbam (category:base,tabindex:0)
2024-12-28 08:01:21,880 [INFO] PluginManage:310 - Check plugin memorymap
2024-12-28 08:01:21,929 [INFO] PluginManage:359 - Loaded plugin memorymap (category:base,tabindex:4)
2024-12-28 08:01:21,929 [INFO] PluginManage:310 - Check plugin pinoutandconfiguration
2024-12-28 08:01:21,941 [INFO] PluginManage:359 - Loaded plugin pinoutandconfiguration (category:base,tabindex:1)
2024-12-28 08:01:21,941 [INFO] PluginManage:310 - Check plugin pinoutconfig
2024-12-28 08:01:22,239 [WARN] SupportedApi:132 - Cannot load RTOS API schema: s4s-elt-must-match.1: The content of 'definitions' must match (annotation?, (simpleType | complexType)?, (unique | key | keyref)*)). A problem was found starting at: attribute.
2024-12-28 08:01:22,504 [INFO] PluginManage:359 - Loaded plugin pinoutconfig (category:base,tabindex:0)
2024-12-28 08:01:22,504 [INFO] PluginManage:310 - Check plugin power
2024-12-28 08:01:22,542 [INFO] PluginManage:359 - Loaded plugin power (category:power,tabindex:4)
2024-12-28 08:01:22,543 [INFO] PluginManage:310 - Check plugin projectmanager
2024-12-28 08:01:22,574 [INFO] PluginManage:359 - Loaded plugin projectmanager (category:projectmanager,tabindex:4)
2024-12-28 08:01:22,574 [INFO] PluginManage:310 - Check plugin rif
2024-12-28 08:01:22,599 [INFO] PluginManage:359 - Loaded plugin rif (category:base,tabindex:3)
2024-12-28 08:01:22,600 [INFO] PluginManage:310 - Check plugin thirdparty
2024-12-28 08:01:22,944 [WARN] IntegrityCheckThread:84 - waiting for thirdparty lock release [integrity check]
2024-12-28 08:01:22,944 [INFO] PluginManage:359 - Loaded plugin thirdparty (category:base,tabindex:-1)
2024-12-28 08:01:22,945 [INFO] IntegrityCheckThread:86 - entering critical section [integrity check]
2024-12-28 08:01:22,945 [INFO] PluginManage:310 - Check plugin tools
2024-12-28 08:01:22,946 [INFO] ThirdPartyUpdaterWithRetryManager:70 - Updater plugin not ready yet. [1/15]
2024-12-28 08:01:22,949 [INFO] PluginManage:359 - Loaded plugin tools (category:base,tabindex:7)
2024-12-28 08:01:22,949 [INFO] PluginManage:310 - Check plugin tutovideos
2024-12-28 08:01:23,346 [INFO] PluginManage:359 - Loaded plugin tutovideos (category:base,tabindex:-1)
2024-12-28 08:01:23,346 [INFO] PluginManage:310 - Check plugin updater
2024-12-28 08:01:23,410 [INFO] PluginManage:359 - Loaded plugin updater (category:base,tabindex:12)
2024-12-28 08:01:23,410 [INFO] PluginManage:310 - Check plugin userauth
2024-12-28 08:01:23,418 [INFO] UserAuth:113 - Init User Auth plugin
2024-12-28 08:01:23,418 [INFO] PluginManage:359 - Loaded plugin userauth (category:base,tabindex:14)
2024-12-28 08:01:23,419 [INFO] PluginManage:283 - PluginManage : Loaded plugins [18]
2024-12-28 08:01:23,839 [INFO] PinOutPanel:1561 - setPackage(No Configuration,No Configuration)
2024-12-28 08:01:24,022 [INFO] CADModel:165 - CPN selected for project level
2024-12-28 08:01:24,022 [INFO] CADModel:114 - Register for checkConnection events
2024-12-28 08:01:24,045 [INFO] IPUIPlugin:80 - create IPUIPlugin
2024-12-28 08:01:24,045 [INFO] PluginManager:220 - loadIPPluginJar : add adc
2024-12-28 08:01:24,049 [INFO] IPUIPlugin:80 - create IPUIPlugin
2024-12-28 08:01:24,050 [INFO] PluginManager:220 - loadIPPluginJar : add aes
2024-12-28 08:01:24,056 [INFO] IPUIPlugin:80 - create IPUIPlugin
2024-12-28 08:01:24,056 [INFO] PluginManager:220 - loadIPPluginJar : add can
2024-12-28 08:01:24,060 [INFO] IPUIPlugin:80 - create IPUIPlugin
2024-12-28 08:01:24,060 [INFO] PluginManager:220 - loadIPPluginJar : add comp
2024-12-28 08:01:24,064 [INFO] IPUIPlugin:80 - create IPUIPlugin
2024-12-28 08:01:24,065 [INFO] PluginManager:220 - loadIPPluginJar : add cryp
2024-12-28 08:01:24,089 [INFO] IPUIPlugin:80 - create IPUIPlugin
2024-12-28 08:01:24,089 [INFO] PluginManager:220 - loadIPPluginJar : add ddr_ctrl_phy
2024-12-28 08:01:24,092 [INFO] IPUIPlugin:80 - create IPUIPlugin
2024-12-28 08:01:24,093 [INFO] PluginManager:220 - loadIPPluginJar : add dfsdm
2024-12-28 08:01:24,101 [INFO] IPUIPlugin:80 - create IPUIPlugin
2024-12-28 08:01:24,102 [INFO] PluginManager:220 - loadIPPluginJar : add dma
2024-12-28 08:01:24,107 [INFO] IPUIPlugin:80 - create IPUIPlugin
2024-12-28 08:01:24,107 [INFO] PluginManager:220 - loadIPPluginJar : add dma3
2024-12-28 08:01:24,111 [INFO] IPUIPlugin:80 - create IPUIPlugin
2024-12-28 08:01:24,111 [INFO] PluginManager:220 - loadIPPluginJar : add extmemmanager
2024-12-28 08:01:24,114 [INFO] IPUIPlugin:80 - create IPUIPlugin
2024-12-28 08:01:24,114 [INFO] PluginManager:220 - loadIPPluginJar : add fatfs
2024-12-28 08:01:24,122 [INFO] IPUIPlugin:80 - create IPUIPlugin
2024-12-28 08:01:24,122 [INFO] PluginManager:220 - loadIPPluginJar : add fmc
2024-12-28 08:01:24,128 [INFO] IPUIPlugin:80 - create IPUIPlugin
2024-12-28 08:01:24,128 [INFO] PluginManager:220 - loadIPPluginJar : add freertos
2024-12-28 08:01:24,130 [INFO] IPUIPlugin:80 - create IPUIPlugin
2024-12-28 08:01:24,130 [INFO] PluginManager:220 - loadIPPluginJar : add genericplugin
2024-12-28 08:01:24,133 [INFO] IPUIPlugin:80 - create IPUIPlugin
2024-12-28 08:01:24,133 [INFO] PluginManager:220 - loadIPPluginJar : add gfxmmu
2024-12-28 08:01:24,140 [INFO] IPUIPlugin:80 - create IPUIPlugin
2024-12-28 08:01:24,141 [INFO] PluginManager:220 - loadIPPluginJar : add gic
2024-12-28 08:01:24,145 [INFO] IPUIPlugin:80 - create IPUIPlugin
2024-12-28 08:01:24,146 [INFO] PluginManager:220 - loadIPPluginJar : add gpio
2024-12-28 08:01:24,150 [INFO] IPUIPlugin:80 - create IPUIPlugin
2024-12-28 08:01:24,150 [INFO] PluginManager:220 - loadIPPluginJar : add gtzc
2024-12-28 08:01:24,154 [INFO] IPUIPlugin:80 - create IPUIPlugin
2024-12-28 08:01:24,155 [INFO] PluginManager:220 - loadIPPluginJar : add hash
2024-12-28 08:01:24,159 [INFO] IPUIPlugin:80 - create IPUIPlugin
2024-12-28 08:01:24,159 [INFO] PluginManager:220 - loadIPPluginJar : add i2c
2024-12-28 08:01:24,164 [INFO] IPUIPlugin:80 - create IPUIPlugin
2024-12-28 08:01:24,164 [INFO] PluginManager:220 - loadIPPluginJar : add i2s
2024-12-28 08:01:24,170 [INFO] IPUIPlugin:80 - create IPUIPlugin
2024-12-28 08:01:24,170 [INFO] PluginManager:220 - loadIPPluginJar : add i3c
2024-12-28 08:01:24,186 [INFO] IPUIPlugin:80 - create IPUIPlugin
2024-12-28 08:01:24,187 [INFO] PluginManager:220 - loadIPPluginJar : add ipddr
2024-12-28 08:01:24,202 [INFO] IPUIPlugin:80 - create IPUIPlugin
2024-12-28 08:01:24,203 [INFO] PluginManager:220 - loadIPPluginJar : add linkedlist
2024-12-28 08:01:24,207 [INFO] IPUIPlugin:80 - create IPUIPlugin
2024-12-28 08:01:24,208 [INFO] PluginManager:220 - loadIPPluginJar : add lorawan
2024-12-28 08:01:24,210 [INFO] IPUIPlugin:80 - create IPUIPlugin
2024-12-28 08:01:24,210 [INFO] PluginManager:220 - loadIPPluginJar : add ltdc
2024-12-28 08:01:24,221 [INFO] IPUIPlugin:80 - create IPUIPlugin
2024-12-28 08:01:24,221 [INFO] PluginManager:220 - loadIPPluginJar : add mdma
2024-12-28 08:01:24,229 [INFO] IPUIPlugin:80 - create IPUIPlugin
2024-12-28 08:01:24,229 [INFO] PluginManager:220 - loadIPPluginJar : add nvic
2024-12-28 08:01:24,236 [INFO] IPUIPlugin:80 - create IPUIPlugin
2024-12-28 08:01:24,237 [INFO] PluginManager:220 - loadIPPluginJar : add opamp
2024-12-28 08:01:24,243 [INFO] IPUIPlugin:80 - create IPUIPlugin
2024-12-28 08:01:24,244 [INFO] PluginManager:220 - loadIPPluginJar : add openamp
2024-12-28 08:01:24,249 [INFO] IPUIPlugin:80 - create IPUIPlugin
2024-12-28 08:01:24,250 [INFO] PluginManager:220 - loadIPPluginJar : add pdm2pcm
2024-12-28 08:01:24,260 [INFO] IPUIPlugin:80 - create IPUIPlugin
2024-12-28 08:01:24,264 [INFO] PluginManager:220 - loadIPPluginJar : add plateformsettings
2024-12-28 08:01:24,268 [INFO] IPUIPlugin:80 - create IPUIPlugin
2024-12-28 08:01:24,268 [INFO] PluginManager:220 - loadIPPluginJar : add quadspi
2024-12-28 08:01:24,272 [INFO] IPUIPlugin:80 - create IPUIPlugin
2024-12-28 08:01:24,276 [INFO] PluginManager:220 - loadIPPluginJar : add radio
2024-12-28 08:01:24,283 [INFO] IPUIPlugin:80 - create IPUIPlugin
2024-12-28 08:01:24,283 [INFO] PluginManager:220 - loadIPPluginJar : add resmgrutility
2024-12-28 08:01:24,289 [INFO] IPUIPlugin:80 - create IPUIPlugin
2024-12-28 08:01:24,289 [INFO] PluginManager:220 - loadIPPluginJar : add sai
2024-12-28 08:01:24,295 [INFO] IPUIPlugin:80 - create IPUIPlugin
2024-12-28 08:01:24,296 [INFO] PluginManager:220 - loadIPPluginJar : add spi
2024-12-28 08:01:24,306 [INFO] IPUIPlugin:80 - create IPUIPlugin
2024-12-28 08:01:24,307 [INFO] PluginManager:220 - loadIPPluginJar : add stm32_wpan
2024-12-28 08:01:24,310 [INFO] IPUIPlugin:80 - create IPUIPlugin
2024-12-28 08:01:24,310 [INFO] PluginManager:220 - loadIPPluginJar : add tim
2024-12-28 08:01:24,317 [INFO] IPUIPlugin:80 - create IPUIPlugin
2024-12-28 08:01:24,317 [INFO] PluginManager:220 - loadIPPluginJar : add touchsensing
2024-12-28 08:01:24,322 [INFO] IPUIPlugin:80 - create IPUIPlugin
2024-12-28 08:01:24,322 [INFO] PluginManager:220 - loadIPPluginJar : add tracer_emb
2024-12-28 08:01:24,325 [INFO] IPUIPlugin:80 - create IPUIPlugin
2024-12-28 08:01:24,326 [INFO] PluginManager:220 - loadIPPluginJar : add ts
2024-12-28 08:01:24,329 [INFO] IPUIPlugin:80 - create IPUIPlugin
2024-12-28 08:01:24,330 [INFO] PluginManager:220 - loadIPPluginJar : add tsc
2024-12-28 08:01:24,335 [INFO] IPUIPlugin:80 - create IPUIPlugin
2024-12-28 08:01:24,335 [INFO] PluginManager:220 - loadIPPluginJar : add ucpd
2024-12-28 08:01:24,339 [INFO] IPUIPlugin:80 - create IPUIPlugin
2024-12-28 08:01:24,339 [INFO] PluginManager:220 - loadIPPluginJar : add usart
2024-12-28 08:01:24,345 [INFO] IPUIPlugin:80 - create IPUIPlugin
2024-12-28 08:01:24,345 [INFO] PluginManager:220 - loadIPPluginJar : add usbx
2024-12-28 08:01:24,543 [INFO] CADModel:165 - CPN selected for project level
2024-12-28 08:01:24,544 [INFO] CADModel:114 - Register for checkConnection events
2024-12-28 08:01:24,544 [FATAL] Updater:334 - Updater called before beeing initialized
2024-12-28 08:01:24,544 [ERROR] CADModel:125 - Updater not yet initialized, retry later 
2024-12-28 08:01:25,130 [INFO] CADModel:165 - CPN selected for project level
2024-12-28 08:01:25,130 [INFO] CADModel:114 - Register for checkConnection events
2024-12-28 08:01:25,131 [FATAL] Updater:334 - Updater called before beeing initialized
2024-12-28 08:01:25,131 [ERROR] CADModel:125 - Updater not yet initialized, retry later 
2024-12-28 08:01:25,138 [FATAL] Updater:334 - Updater called before beeing initialized
2024-12-28 08:01:25,331 [FATAL] Updater:334 - Updater called before beeing initialized
2024-12-28 08:01:25,381 [INFO] DbMcusAds:53 - JSON generation date=Tue Dec 17 23:01:15 ICT 2024 (1734451275196)
2024-12-28 08:01:25,381 [FATAL] Updater:334 - Updater called before beeing initialized
2024-12-28 08:01:25,560 [WARN] DetailPanel:346 - Failed to get advertising image, set to default
2024-12-28 08:01:25,740 [FATAL] Updater:334 - Updater called before beeing initialized
2024-12-28 08:01:25,744 [FATAL] Updater:334 - Updater called before beeing initialized
2024-12-28 08:01:25,744 [FATAL] Updater:334 - Updater called before beeing initialized
2024-12-28 08:01:25,744 [WARN] DetailPanel:346 - Failed to get advertising image, set to default
2024-12-28 08:01:25,745 [FATAL] Updater:334 - Updater called before beeing initialized
2024-12-28 08:01:25,869 [ERROR] Updater:1164 - MainUpdater not yet initialized. External WinMGr cannot be set.
2024-12-28 08:01:25,887 [INFO] Updater:1100 - Updater Version found : 6.12.1
2024-12-28 08:01:25,954 [INFO] ThirdPartyUpdaterWithRetryManager:70 - Updater plugin not ready yet. [2/15]
2024-12-28 08:01:25,960 [INFO] ApplicationProperties:184 - Using Application install path: D:\ST\STM32CubeIDE_1.16.0\STM32CubeIDE\plugins\com.st.stm32cube.common.mx_6.12.1.202409122256
2024-12-28 08:01:27,989 [INFO] MainUpdater:2873 - connection check result : 10
2024-12-28 08:01:27,990 [INFO] MainUpdater:290 - Updater Check For Update Now.
2024-12-28 08:01:27,990 [INFO] MicroXplorer:498 - Change Database Version : DB.6.0.121
2024-12-28 08:01:28,040 [INFO] McuFinderGlobals:63 - Set McuFinder mode to 2 (CubeIDE integrated)
2024-12-28 08:01:28,042 [INFO] UserAuth:417 - Internet connection configuration mode: 1
2024-12-28 08:01:28,116 [INFO] JxBrowserEngine:152 - Initiate JxBrowser Engine with user profile folder
2024-12-28 08:01:28,286 [INFO] CheckServerUpdateThread:120 - End of CheckServer Thread
2024-12-28 08:01:29,695 [WARN] PackLoader:240 - Cannot read IP mode file for STMicroelectronics.FP-SNS-MOTENVWB1.1.4.0
2024-12-28 08:01:29,723 [WARN] PackLoader:240 - Cannot read IP mode file for STMicroelectronics.FP-ATR-ASTRA1.2.0.1
2024-12-28 08:01:29,748 [WARN] PackLoader:240 - Cannot read IP mode file for STMicroelectronics.X-CUBE-SMBUS.2.1.0
2024-12-28 08:01:29,783 [WARN] PackLoader:240 - Cannot read IP mode file for STMicroelectronics.X-CUBE-WB05N.1.1.0
2024-12-28 08:01:29,931 [WARN] PackLoader:240 - Cannot read IP mode file for STMicroelectronics.X-CUBE-AZRTOS-F7.1.1.0
2024-12-28 08:01:30,316 [WARN] PackLoader:240 - Cannot read IP mode file for STMicroelectronics.X-CUBE-MEMS1.11.0.0
2024-12-28 08:01:30,387 [INFO] WebApp:167 - Instantiating new browser for Auth
2024-12-28 08:01:31,090 [WARN] PackLoader:240 - Cannot read IP mode file for STMicroelectronics.FP-SNS-FLIGHT1.5.0.2
2024-12-28 08:01:31,111 [WARN] PackLoader:240 - Cannot read IP mode file for STMicroelectronics.X-CUBE-DISPLAY.3.0.0
2024-12-28 08:01:31,143 [WARN] PackLoader:240 - Cannot read IP mode file for STMicroelectronics.X-CUBE-BLE1.7.0.0
2024-12-28 08:01:31,165 [WARN] PackLoader:240 - Cannot read IP mode file for STMicroelectronics.X-CUBE-NFC10.1.0.0
2024-12-28 08:01:31,199 [WARN] PackLoader:240 - Cannot read IP mode file for STMicroelectronics.X-CUBE-BLEMGR.4.0.0
2024-12-28 08:01:31,220 [WARN] PackLoader:240 - Cannot read IP mode file for emotas.I-CUBE-CANOPEN.1.3.0
2024-12-28 08:01:31,252 [WARN] PackLoader:240 - Cannot read IP mode file for STMicroelectronics.X-CUBE-BLEMGR.3.1.0
2024-12-28 08:01:31,273 [WARN] PackLoader:240 - Cannot read IP mode file for STMicroelectronics.FP-SNS-SMARTAG2.1.2.0
2024-12-28 08:01:31,593 [WARN] PackLoader:240 - Cannot read IP mode file for STMicroelectronics.X-CUBE-MEMS1.11.1.0
2024-12-28 08:01:32,215 [INFO] LogOutputStream:77 - [STDOUT_REDIRECT] 1 : Invalid condition id : UX_CORESTACK_Condition cause : null
2024-12-28 08:01:32,219 [INFO] LogOutputStream:77 - [STDOUT_REDIRECT] 1 : Invalid condition id : UX_CORESTACK_Condition cause : null
2024-12-28 08:01:32,224 [INFO] LogOutputStream:77 - [STDOUT_REDIRECT] 1 : Invalid condition id : UX_CORESTACK_Condition cause : null
2024-12-28 08:01:32,232 [INFO] LogOutputStream:77 - [STDOUT_REDIRECT] 1 : Invalid condition id : UX_CORESTACK_Condition cause : null
2024-12-28 08:01:32,241 [INFO] LogOutputStream:77 - [STDOUT_REDIRECT] 1 : Invalid condition id : UX_CORESTACK_Condition cause : null
2024-12-28 08:01:32,251 [WARN] PackLoader:240 - Cannot read IP mode file for STMicroelectronics.X-CUBE-AZRTOS-WL.2.0.0
2024-12-28 08:01:32,265 [WARN] PackLoader:240 - Cannot read IP mode file for STMicroelectronics.FP-SNS-MOTENV1.5.0.0
2024-12-28 08:01:32,279 [WARN] PackLoader:240 - Cannot read IP mode file for wolfSSL.I-CUBE-wolfMQTT.1.19.0
2024-12-28 08:01:32,297 [WARN] PackLoader:240 - Cannot read IP mode file for WES.I-CUBE-Cesium.1.3.0
2024-12-28 08:01:32,317 [WARN] PackLoader:240 - Cannot read IP mode file for STMicroelectronics.X-CUBE-BLE2.3.3.0
2024-12-28 08:01:32,410 [WARN] PackLoader:240 - Cannot read IP mode file for STMicroelectronics.X-CUBE-NFC9.1.0.0
2024-12-28 08:01:32,667 [WARN] PackLoader:240 - Cannot read IP mode file for STMicroelectronics.X-CUBE-TCPP.4.1.0
2024-12-28 08:01:32,780 [WARN] PackLoader:240 - Cannot read IP mode file for STMicroelectronics.X-CUBE-AZRTOS-G0.1.1.0
2024-12-28 08:01:32,808 [WARN] PackLoader:240 - Cannot read IP mode file for STMicroelectronics.X-CUBE-SAFEA1.1.2.2
2024-12-28 08:01:32,839 [WARN] PackLoader:240 - Cannot read IP mode file for STMicroelectronics.X-CUBE-NFC4.3.0.0
2024-12-28 08:01:32,863 [WARN] PackLoader:240 - Cannot read IP mode file for EmbeddedOffice.I-CUBE-FS-RTOS.1.0.1
2024-12-28 08:01:32,864 [ERROR] ConditionMgr:805 - Attr not supported : Dmpu
2024-12-28 08:01:32,864 [ERROR] ConditionMgr:805 - Attr not supported : Dmpu
2024-12-28 08:01:32,865 [ERROR] ConditionMgr:805 - Attr not supported : Dmpu
2024-12-28 08:01:32,865 [ERROR] ConditionMgr:805 - Attr not supported : Dmpu
2024-12-28 08:01:32,865 [ERROR] ConditionMgr:805 - Attr not supported : Dmpu
2024-12-28 08:01:32,867 [ERROR] ConditionMgr:805 - Attr not supported : Dmpu
2024-12-28 08:01:32,868 [ERROR] ConditionMgr:805 - Attr not supported : Dmpu
2024-12-28 08:01:32,869 [ERROR] ConditionMgr:805 - Attr not supported : Dmpu
2024-12-28 08:01:32,869 [ERROR] ConditionMgr:805 - Attr not supported : Dmpu
2024-12-28 08:01:32,870 [ERROR] ConditionMgr:805 - Attr not supported : Dmpu
2024-12-28 08:01:32,870 [ERROR] ConditionMgr:805 - Attr not supported : Dmpu
2024-12-28 08:01:32,870 [ERROR] ConditionMgr:805 - Attr not supported : Dmpu
2024-12-28 08:01:32,871 [ERROR] ConditionMgr:805 - Attr not supported : Dmpu
2024-12-28 08:01:32,871 [ERROR] ConditionMgr:805 - Attr not supported : Dmpu
2024-12-28 08:01:32,871 [ERROR] ConditionMgr:805 - Attr not supported : Dmpu
2024-12-28 08:01:32,871 [ERROR] ConditionMgr:805 - Attr not supported : Dmpu
2024-12-28 08:01:32,871 [ERROR] ConditionMgr:805 - Attr not supported : Dmpu
2024-12-28 08:01:32,873 [ERROR] ConditionMgr:805 - Attr not supported : Dmpu
2024-12-28 08:01:32,873 [ERROR] ConditionMgr:805 - Attr not supported : Dmpu
2024-12-28 08:01:32,873 [ERROR] ConditionMgr:805 - Attr not supported : Dmpu
2024-12-28 08:01:32,873 [ERROR] ConditionMgr:805 - Attr not supported : Dmpu
2024-12-28 08:01:32,873 [ERROR] ConditionMgr:805 - Attr not supported : Dmpu
2024-12-28 08:01:32,873 [ERROR] ConditionMgr:805 - Attr not supported : Dmpu
2024-12-28 08:01:32,874 [ERROR] ConditionMgr:805 - Attr not supported : Dmpu
2024-12-28 08:01:32,874 [ERROR] ConditionMgr:805 - Attr not supported : Dmpu
2024-12-28 08:01:32,874 [ERROR] ConditionMgr:805 - Attr not supported : Dmpu
2024-12-28 08:01:32,874 [ERROR] ConditionMgr:805 - Attr not supported : Dmpu
2024-12-28 08:01:32,874 [ERROR] ConditionMgr:805 - Attr not supported : Dmpu
2024-12-28 08:01:32,874 [ERROR] ConditionMgr:805 - Attr not supported : Dmpu
2024-12-28 08:01:32,875 [ERROR] ConditionMgr:805 - Attr not supported : Dmpu
2024-12-28 08:01:32,875 [ERROR] ConditionMgr:805 - Attr not supported : Dmpu
2024-12-28 08:01:32,875 [ERROR] ConditionMgr:805 - Attr not supported : Dmpu
2024-12-28 08:01:32,875 [ERROR] ConditionMgr:805 - Attr not supported : Dmpu
2024-12-28 08:01:32,875 [ERROR] ConditionMgr:805 - Attr not supported : Dmpu
2024-12-28 08:01:32,875 [ERROR] ConditionMgr:805 - Attr not supported : Dmpu
2024-12-28 08:01:32,876 [ERROR] ConditionMgr:805 - Attr not supported : Dmpu
2024-12-28 08:01:32,876 [ERROR] ConditionMgr:805 - Attr not supported : Dmpu
2024-12-28 08:01:32,876 [ERROR] ConditionMgr:805 - Attr not supported : Dmpu
2024-12-28 08:01:32,877 [ERROR] ConditionMgr:805 - Attr not supported : Dmpu
2024-12-28 08:01:32,877 [ERROR] ConditionMgr:805 - Attr not supported : Dmpu
2024-12-28 08:01:32,877 [ERROR] ConditionMgr:805 - Attr not supported : Dmpu
2024-12-28 08:01:32,877 [ERROR] ConditionMgr:805 - Attr not supported : Dmpu
2024-12-28 08:01:32,877 [ERROR] ConditionMgr:805 - Attr not supported : Dmpu
2024-12-28 08:01:32,877 [ERROR] ConditionMgr:805 - Attr not supported : Dmpu
2024-12-28 08:01:32,878 [ERROR] ConditionMgr:805 - Attr not supported : Dmpu
2024-12-28 08:01:32,878 [ERROR] ConditionMgr:805 - Attr not supported : Dmpu
2024-12-28 08:01:32,879 [ERROR] ConditionMgr:805 - Attr not supported : Dmpu
2024-12-28 08:01:32,879 [ERROR] ConditionMgr:805 - Attr not supported : Dmpu
2024-12-28 08:01:32,879 [ERROR] ConditionMgr:805 - Attr not supported : Dmpu
2024-12-28 08:01:32,879 [ERROR] ConditionMgr:805 - Attr not supported : Dmpu
2024-12-28 08:01:32,880 [ERROR] ConditionMgr:805 - Attr not supported : Dmpu
2024-12-28 08:01:32,880 [ERROR] ConditionMgr:805 - Attr not supported : Dmpu
2024-12-28 08:01:32,880 [ERROR] ConditionMgr:805 - Attr not supported : Dmpu
2024-12-28 08:01:32,880 [ERROR] ConditionMgr:805 - Attr not supported : Dmpu
2024-12-28 08:01:32,880 [ERROR] ConditionMgr:805 - Attr not supported : Dmpu
2024-12-28 08:01:32,881 [ERROR] ConditionMgr:805 - Attr not supported : Dmpu
2024-12-28 08:01:32,881 [ERROR] ConditionMgr:805 - Attr not supported : Dmpu
2024-12-28 08:01:32,881 [ERROR] ConditionMgr:805 - Attr not supported : Dmpu
2024-12-28 08:01:32,881 [ERROR] ConditionMgr:805 - Attr not supported : Dmpu
2024-12-28 08:01:32,882 [ERROR] ConditionMgr:805 - Attr not supported : Dmpu
2024-12-28 08:01:32,883 [ERROR] ConditionMgr:805 - Attr not supported : Dmpu
2024-12-28 08:01:32,884 [ERROR] ConditionMgr:805 - Attr not supported : Dmpu
2024-12-28 08:01:32,885 [ERROR] ConditionMgr:805 - Attr not supported : Dmpu
2024-12-28 08:01:32,886 [ERROR] ConditionMgr:805 - Attr not supported : Dmpu
2024-12-28 08:01:32,895 [ERROR] Engine:466 - C:\Users\Asus\.stm32cubemx\thirdparties\pdsc\STMicroelectronics.X-CUBE-TCPP.4.2.0.pdsc: PDSC version is not supported
2024-12-28 08:01:32,906 [WARN] PackLoader:240 - Cannot read IP mode file for RealThread.X-CUBE-RT-Thread_Nano.4.1.1
2024-12-28 08:01:32,917 [WARN] PackLoader:240 - Cannot read IP mode file for STMicroelectronics.FP-ATR-SIGFOX1.3.2.0
2024-12-28 08:01:32,931 [WARN] PackLoader:240 - Cannot read IP mode file for wolfSSL.I-CUBE-wolfSSL.5.7.2
2024-12-28 08:01:32,942 [WARN] ConditionMgr:438 - getConditionDescription Invalid condition id : Cortex-A Device cause : null
2024-12-28 08:01:32,996 [WARN] ConditionMgr:1039 - genDependencies : Invalid condition id : Cortex-A Device cause : null
2024-12-28 08:01:32,997 [WARN] ConditionMgr:1039 - genDependencies : Invalid condition id : Cortex-A Device cause : null
2024-12-28 08:01:32,997 [WARN] ConditionMgr:1039 - genDependencies : Invalid condition id : Cortex-A Device cause : null
2024-12-28 08:01:33,010 [WARN] PackLoader:240 - Cannot read IP mode file for STMicroelectronics.X-CUBE-EEPRMA1.5.1.0
2024-12-28 08:01:33,025 [WARN] PackLoader:240 - Cannot read IP mode file for ITTIA_DB.I-CUBE-ITTIADB.8.9.0
2024-12-28 08:01:33,132 [WARN] PackLoader:240 - Cannot read IP mode file for SEGGER.I-CUBE-embOS.1.3.1
2024-12-28 08:01:33,307 [WARN] PackLoader:240 - Cannot read IP mode file for STMicroelectronics.X-CUBE-ALGOBUILD.1.4.0
2024-12-28 08:01:33,328 [WARN] PackLoader:240 - Cannot read IP mode file for STMicroelectronics.X-CUBE-AI.9.1.0
2024-12-28 08:01:33,360 [WARN] PackLoader:240 - Cannot read IP mode file for STMicroelectronics.X-CUBE-GNSS1.6.0.0
2024-12-28 08:01:33,430 [WARN] PackLoader:240 - Cannot read IP mode file for STMicroelectronics.X-CUBE-AZRTOS-F4.1.1.0
2024-12-28 08:01:33,545 [WARN] PackLoader:240 - Cannot read IP mode file for STMicroelectronics.X-CUBE-ISPU.2.1.0
2024-12-28 08:01:33,680 [WARN] PackLoader:240 - Cannot read IP mode file for STMicroelectronics.X-CUBE-FREERTOS.1.2.0
2024-12-28 08:01:33,738 [WARN] PackLoader:240 - Cannot read IP mode file for STMicroelectronics.X-CUBE-AZRTOS-L5.2.0.0
2024-12-28 08:01:33,772 [WARN] PackLoader:240 - Cannot read IP mode file for STMicroelectronics.X-CUBE-NFC6.3.1.0
2024-12-28 08:01:33,889 [WARN] PackLoader:240 - Cannot read IP mode file for STMicroelectronics.X-CUBE-DPower.1.2.0
2024-12-28 08:01:33,913 [WARN] PackLoader:240 - Cannot read IP mode file for STMicroelectronics.X-CUBE-AI.9.0.0
2024-12-28 08:01:33,926 [WARN] PackLoader:240 - Cannot read IP mode file for STMicroelectronics.X-CUBE-FREERTOS.1.3.0
2024-12-28 08:01:33,946 [WARN] PackLoader:240 - Cannot read IP mode file for STMicroelectronics.X-CUBE-NFC7.1.0.1
2024-12-28 08:01:33,956 [WARN] PackLoader:240 - Cannot read IP mode file for wolfSSL.I-CUBE-wolfTPM.3.2.0
2024-12-28 08:01:34,038 [WARN] ConditionMgr:438 - getConditionDescription Invalid condition id : LAN8742 Phy interface Condition cause : null
2024-12-28 08:01:34,043 [WARN] PackLoader:240 - Cannot read IP mode file for STMicroelectronics.X-CUBE-AZRTOS-L4.2.0.0
2024-12-28 08:01:34,047 [WARN] ConditionMgr:1039 - genDependencies : Invalid condition id : LAN8742 Phy interface Condition cause : null
2024-12-28 08:01:34,047 [WARN] ConditionMgr:1039 - genDependencies : Invalid condition id : LAN8742 Phy interface Condition cause : null
2024-12-28 08:01:34,050 [WARN] ConditionMgr:1039 - genDependencies : Invalid condition id : LAN8742 Phy interface Condition cause : null
2024-12-28 08:01:34,071 [WARN] PackLoader:240 - Cannot read IP mode file for STMicroelectronics.X-CUBE-SFXS2LP1.4.0.0
2024-12-28 08:01:34,087 [INFO] WebApp:448 - Apply proxy settings
2024-12-28 08:01:34,088 [INFO] WebApp:533 - Chromium requires no authentication
2024-12-28 08:01:34,121 [INFO] WebApp:476 - Direct internet connection detected
2024-12-28 08:01:34,123 [WARN] PackLoader:240 - Cannot read IP mode file for STMicroelectronics.X-CUBE-AZRTOS-H7.3.3.0
2024-12-28 08:01:34,154 [WARN] PackLoader:240 - Cannot read IP mode file for STMicroelectronics.X-CUBE-IPS.3.0.0
2024-12-28 08:01:34,209 [WARN] ConditionMgr:438 - getConditionDescription Invalid condition id : UX DEVICE CLASS RTOS Condition cause : null
2024-12-28 08:01:34,209 [WARN] ConditionMgr:438 - getConditionDescription Invalid condition id : UX DEVICE CLASS RTOS Condition cause : null
2024-12-28 08:01:34,224 [WARN] PackLoader:240 - Cannot read IP mode file for STMicroelectronics.X-CUBE-AZRTOS-WB.2.0.0
2024-12-28 08:01:34,224 [WARN] ConditionMgr:1039 - genDependencies : Invalid condition id : UX DEVICE CLASS RTOS Condition cause : null
2024-12-28 08:01:34,224 [WARN] ConditionMgr:1039 - genDependencies : Invalid condition id : UX DEVICE CLASS RTOS Condition cause : null
2024-12-28 08:01:34,225 [WARN] ConditionMgr:1039 - genDependencies : Invalid condition id : UX DEVICE CLASS RTOS Condition cause : null
2024-12-28 08:01:34,227 [WARN] ConditionMgr:1039 - genDependencies : Invalid condition id : UX DEVICE CLASS RTOS Condition cause : null
2024-12-28 08:01:34,227 [WARN] ConditionMgr:1039 - genDependencies : Invalid condition id : UX DEVICE CLASS RTOS Condition cause : null
2024-12-28 08:01:34,233 [INFO] WebApp:869 - Register for checkConnection events
2024-12-28 08:01:34,233 [INFO] WebApp:448 - Apply proxy settings
2024-12-28 08:01:34,234 [INFO] WebApp:533 - Chromium requires no authentication
2024-12-28 08:01:34,250 [INFO] WebApp:476 - Direct internet connection detected
2024-12-28 08:01:34,259 [WARN] PackLoader:240 - Cannot read IP mode file for STMicroelectronics.X-CUBE-GNSS1.7.0.0
2024-12-28 08:01:34,274 [WARN] PackLoader:240 - Cannot read IP mode file for STMicroelectronics.X-CUBE-GNSS1.7.0.1
2024-12-28 08:01:34,308 [WARN] PackLoader:240 - Cannot read IP mode file for STMicroelectronics.FP-SNS-STBOX1.2.0.0
2024-12-28 08:01:34,378 [WARN] PackLoader:240 - Cannot read IP mode file for STMicroelectronics.X-CUBE-SUBG2.5.0.0
2024-12-28 08:01:34,414 [WARN] PackLoader:240 - Cannot read IP mode file for Cesanta.I-CUBE-Mongoose.7.13.0
2024-12-28 08:01:34,479 [WARN] PackLoader:240 - Cannot read IP mode file for STMicroelectronics.X-CUBE-AZRTOS-G4.2.0.0
2024-12-28 08:01:34,516 [WARN] PackLoader:240 - Cannot read IP mode file for STMicroelectronics.X-CUBE-ISPU.2.0.0
2024-12-28 08:01:34,673 [WARN] PackLoader:240 - Cannot read IP mode file for STMicroelectronics.X-CUBE-ALS.1.0.2
2024-12-28 08:01:34,843 [WARN] PackLoader:240 - Cannot read IP mode file for STMicroelectronics.X-CUBE-MEMS1.10.0.0
2024-12-28 08:01:35,397 [WARN] PackLoader:240 - Cannot read IP mode file for STMicroelectronics.X-CUBE-TOUCHGFX.4.24.0
2024-12-28 08:01:35,411 [WARN] PackLoader:240 - Cannot read IP mode file for STMicroelectronics.X-CUBE-TOUCHGFX.4.24.1
2024-12-28 08:01:35,444 [WARN] PackLoader:240 - Cannot read IP mode file for portGmbH.I-Cube-SoM-uGOAL.1.1.0
2024-12-28 08:01:35,587 [WARN] PackLoader:240 - Cannot read IP mode file for STMicroelectronics.X-CUBE-AZRTOS-H7RS.1.0.0
2024-12-28 08:01:35,622 [WARN] PackLoader:240 - Cannot read IP mode file for STMicroelectronics.FP-ATR-ASTRA1.2.0.0
2024-12-28 08:01:35,661 [WARN] PackLoader:240 - Cannot read IP mode file for STMicroelectronics.X-CUBE-TOF1.3.4.2
2024-12-28 08:01:35,771 [WARN] PackLoader:240 - Cannot read IP mode file for STMicroelectronics.X-CUBE-AZRTOS-H7.3.2.0
2024-12-28 08:01:35,807 [INFO] WebApp:220 - Starting web application
2024-12-28 08:01:35,808 [INFO] WebApp:578 - Web application path used D:\ST\STM32CubeIDE_1.16.0\STM32CubeIDE\plugins\com.st.stm32cube.common.mx_6.12.1.202409122256\db\plugins\mcufinder\reactClient1\index.html
2024-12-28 08:01:35,831 [WARN] PackLoader:240 - Cannot read IP mode file for Infineon.AIROC-Wi-Fi-Bluetooth-STM32.1.6.0
2024-12-28 08:01:35,850 [WARN] PackLoader:240 - Cannot read IP mode file for wolfSSL.I-CUBE-wolfSSH.1.4.17
2024-12-28 08:01:35,852 [INFO] ThirdParty:978 - Integrity check success = true
2024-12-28 08:01:35,852 [INFO] IntegrityCheckThread:100 - exiting critical section [integrity check]
2024-12-28 08:01:35,852 [INFO] IntegrityCheckThread:103 - End integrity checks thread
2024-12-28 08:01:36,129 [INFO] UserAuth:417 - Internet connection configuration mode: 1
2024-12-28 08:01:36,759 [INFO] WebApp:186 - Connection restablished
