2024-12-12 10:03:42,450 [INFO] Activator:176 - 


2024-12-12 10:03:42,515 [INFO] Activator:177 - !SESSION log4j initialized
2024-12-12 10:04:17,886 [INFO] LogOutputStream:77 - [STDOUT_REDIRECT] 
2024-12-12 10:05:02,620 [INFO] ApplicationProperties:184 - Using Application install path: D:\ST\STM32CubeIDE_1.16.0\STM32CubeIDE\plugins\com.st.stm32cube.common.mx_6.12.1.202409122256
2024-12-12 10:05:02,736 [INFO] DbMcusXml:78 - Set database path to: D:\ST\STM32CubeIDE_1.16.0\STM32CubeIDE\plugins\com.st.stm32cube.common.mx_6.12.1.202409122256\\db\/mcu/
2024-12-12 10:05:02,737 [INFO] ApiDb:274 - Set plugin database path to: D:\ST\STM32CubeIDE_1.16.0\STM32CubeIDE\plugins\com.st.stm32cube.common.mx_6.12.1.202409122256\\db\/plugins/boardmanager/
2024-12-12 10:05:02,747 [WARN] ApiDb:259 - Overriding images path with different value:  => D:\ST\STM32CubeIDE_1.16.0\STM32CubeIDE\plugins\com.st.stm32cube.common.mx_6.12.1.202409122256\\db\/plugins/mcufinder/images/
2024-12-12 10:05:02,889 [INFO] ApiDb:250 - Set database path to: C:\Users\Asus\.stmcufinder\plugins\mcufinder//mcu/
2024-12-12 10:05:02,892 [INFO] DbMcusAds:125 - Set database path to: C:\Users\Asus\.stmcufinder\plugins\mcufinder//mcu/
2024-12-12 10:05:02,914 [INFO] CrossReferenceDbSqlite:203 - Set database path to: C:\Users\Asus\.stmcufinder\plugins\mcufinder//mcu/cs/
2024-12-12 10:05:03,320 [INFO] RulesReader:64 - Compatibility file has been processed (297 Rules)
2024-12-12 10:05:03,635 [INFO] DbMcusXml:78 - Set database path to: D:\ST\STM32CubeIDE_1.16.0\STM32CubeIDE\plugins\com.st.stm32cube.common.mx_6.12.1.202409122256\\db\/mcu/
2024-12-12 10:05:03,637 [INFO] ApiDb:274 - Set plugin database path to: D:\ST\STM32CubeIDE_1.16.0\STM32CubeIDE\plugins\com.st.stm32cube.common.mx_6.12.1.202409122256\\db\/plugins/boardmanager/
2024-12-12 10:05:03,637 [INFO] ApiDb:261 - Set plugin images path to: D:\ST\STM32CubeIDE_1.16.0\STM32CubeIDE\plugins\com.st.stm32cube.common.mx_6.12.1.202409122256\\db\/plugins/mcufinder/images/
2024-12-12 10:05:03,638 [WARN] DbFile:41 - Overriding database path with different value: C:\Users\Asus\.stmcufinder\plugins\mcufinder/ => C:\Users\Asus\.stmcufinder\plugins\mcufinder
2024-12-12 10:05:03,638 [INFO] ApiDb:250 - Set database path to: C:\Users\Asus\.stmcufinder\plugins\mcufinder//mcu/
2024-12-12 10:05:03,638 [WARN] DbFile:41 - Overriding database path with different value: C:\Users\Asus\.stmcufinder\plugins\mcufinder/ => C:\Users\Asus\.stmcufinder\plugins\mcufinder
2024-12-12 10:05:03,639 [INFO] DbMcusAds:125 - Set database path to: C:\Users\Asus\.stmcufinder\plugins\mcufinder//mcu/
2024-12-12 10:05:03,639 [WARN] DbFile:41 - Overriding database path with different value: C:\Users\Asus\.stmcufinder\plugins\mcufinder/ => C:\Users\Asus\.stmcufinder\plugins\mcufinder
2024-12-12 10:05:03,639 [WARN] DbFile:41 - Overriding database path with different value: C:\Users\Asus\.stmcufinder\plugins\mcufinder/ => C:\Users\Asus\.stmcufinder\plugins\mcufinder
2024-12-12 10:05:03,639 [INFO] CrossReferenceDbSqlite:203 - Set database path to: C:\Users\Asus\.stmcufinder\plugins\mcufinder//mcu/cs/
2024-12-12 10:05:03,969 [INFO] MainPanel:268 - HeapMemory: 268435456
2024-12-12 10:05:04,683 [INFO] DbMcusXml:78 - Set database path to: D:\ST\STM32CubeIDE_1.16.0\STM32CubeIDE\plugins\com.st.stm32cube.common.mx_6.12.1.202409122256\\db\/mcu/
2024-12-12 10:05:04,684 [INFO] ApiDb:274 - Set plugin database path to: D:\ST\STM32CubeIDE_1.16.0\STM32CubeIDE\plugins\com.st.stm32cube.common.mx_6.12.1.202409122256\\db\/plugins/boardmanager/
2024-12-12 10:05:04,684 [INFO] ApiDb:261 - Set plugin images path to: D:\ST\STM32CubeIDE_1.16.0\STM32CubeIDE\plugins\com.st.stm32cube.common.mx_6.12.1.202409122256\\db\/plugins/mcufinder/images/
2024-12-12 10:05:04,686 [WARN] DbFile:41 - Overriding database path with different value: C:\Users\Asus\.stmcufinder\plugins\mcufinder/ => C:\Users\Asus\.stmcufinder\plugins\mcufinder
2024-12-12 10:05:04,686 [INFO] ApiDb:250 - Set database path to: C:\Users\Asus\.stmcufinder\plugins\mcufinder//mcu/
2024-12-12 10:05:04,686 [WARN] DbFile:41 - Overriding database path with different value: C:\Users\Asus\.stmcufinder\plugins\mcufinder/ => C:\Users\Asus\.stmcufinder\plugins\mcufinder
2024-12-12 10:05:04,686 [INFO] DbMcusAds:125 - Set database path to: C:\Users\Asus\.stmcufinder\plugins\mcufinder//mcu/
2024-12-12 10:05:04,686 [WARN] DbFile:41 - Overriding database path with different value: C:\Users\Asus\.stmcufinder\plugins\mcufinder/ => C:\Users\Asus\.stmcufinder\plugins\mcufinder
2024-12-12 10:05:04,686 [WARN] DbFile:41 - Overriding database path with different value: C:\Users\Asus\.stmcufinder\plugins\mcufinder/ => C:\Users\Asus\.stmcufinder\plugins\mcufinder
2024-12-12 10:05:04,687 [INFO] CrossReferenceDbSqlite:203 - Set database path to: C:\Users\Asus\.stmcufinder\plugins\mcufinder//mcu/cs/
2024-12-12 10:05:04,722 [INFO] ApplicationProperties:184 - Using Application install path: D:\ST\STM32CubeIDE_1.16.0\STM32CubeIDE\plugins\com.st.stm32cube.common.mx_6.12.1.202409122256
2024-12-12 10:05:04,724 [INFO] PluginManage:196 - Search for loadable plugins [exclusion list=, ]
2024-12-12 10:05:04,730 [INFO] PluginManage:310 - Check plugin analytics
2024-12-12 10:05:14,869 [INFO] AnalyticsPlugin:253 - Accepted Software Licenses: STM32CubeMX.6.5.0
2024-12-12 10:05:14,869 [INFO] AnalyticsPlugin:255 - Accepted CMSIS Pack Licenses: 
2024-12-12 10:05:14,870 [INFO] AnalyticsPlugin:257 - Accepted Firmware Licenses: FW.F4.1.27.0,FW.F4.1.28.0
2024-12-12 10:05:14,881 [INFO] PluginManage:359 - Loaded plugin analytics (category:tool,tabindex:-1)
2024-12-12 10:05:14,882 [INFO] PluginManage:310 - Check plugin cadmodel
2024-12-12 10:05:14,962 [INFO] CADModel:105 - Init CAD model plugin
2024-12-12 10:05:14,962 [INFO] PluginManage:359 - Loaded plugin cadmodel (category:power,tabindex:5)
2024-12-12 10:05:14,963 [INFO] PluginManage:310 - Check plugin clock
2024-12-12 10:05:15,040 [INFO] PluginManage:359 - Loaded plugin clock (category:base,tabindex:2)
2024-12-12 10:05:15,040 [INFO] PluginManage:310 - Check plugin ddr
2024-12-12 10:05:15,070 [INFO] PluginManage:359 - Loaded plugin ddr (category:tool,tabindex:6)
2024-12-12 10:05:15,071 [INFO] PluginManage:310 - Check plugin filemanager
2024-12-12 10:05:15,624 [INFO] PluginManage:359 - Loaded plugin filemanager (category:base,tabindex:10)
2024-12-12 10:05:15,625 [INFO] PluginManage:310 - Check plugin ipmanager
2024-12-12 10:05:15,662 [INFO] PluginManage:359 - Loaded plugin ipmanager (category:base,tabindex:5)
2024-12-12 10:05:15,663 [INFO] PluginManage:310 - Check plugin lpbam
2024-12-12 10:05:15,729 [INFO] PluginManage:359 - Loaded plugin lpbam (category:base,tabindex:0)
2024-12-12 10:05:15,731 [INFO] PluginManage:310 - Check plugin memorymap
2024-12-12 10:05:15,818 [INFO] PluginManage:359 - Loaded plugin memorymap (category:base,tabindex:4)
2024-12-12 10:05:15,818 [INFO] PluginManage:310 - Check plugin pinoutandconfiguration
2024-12-12 10:05:15,884 [INFO] PluginManage:359 - Loaded plugin pinoutandconfiguration (category:base,tabindex:1)
2024-12-12 10:05:15,884 [INFO] PluginManage:310 - Check plugin pinoutconfig
2024-12-12 10:05:16,282 [WARN] SupportedApi:132 - Cannot load RTOS API schema: s4s-elt-must-match.1: The content of 'definitions' must match (annotation?, (simpleType | complexType)?, (unique | key | keyref)*)). A problem was found starting at: attribute.
2024-12-12 10:05:16,921 [INFO] PluginManage:359 - Loaded plugin pinoutconfig (category:base,tabindex:0)
2024-12-12 10:05:16,923 [INFO] PluginManage:310 - Check plugin power
2024-12-12 10:05:17,050 [INFO] PluginManage:359 - Loaded plugin power (category:power,tabindex:4)
2024-12-12 10:05:17,050 [INFO] PluginManage:310 - Check plugin projectmanager
2024-12-12 10:05:17,105 [INFO] PluginManage:359 - Loaded plugin projectmanager (category:projectmanager,tabindex:4)
2024-12-12 10:05:17,106 [INFO] PluginManage:310 - Check plugin rif
2024-12-12 10:05:17,176 [INFO] PluginManage:359 - Loaded plugin rif (category:base,tabindex:3)
2024-12-12 10:05:17,177 [INFO] PluginManage:310 - Check plugin thirdparty
2024-12-12 10:05:18,018 [INFO] PluginManage:359 - Loaded plugin thirdparty (category:base,tabindex:-1)
2024-12-12 10:05:18,018 [WARN] IntegrityCheckThread:84 - waiting for thirdparty lock release [integrity check]
2024-12-12 10:05:18,019 [INFO] PluginManage:310 - Check plugin tools
2024-12-12 10:05:18,019 [INFO] IntegrityCheckThread:86 - entering critical section [integrity check]
2024-12-12 10:05:18,020 [INFO] ThirdPartyUpdaterWithRetryManager:70 - Updater plugin not ready yet. [1/15]
2024-12-12 10:05:18,134 [INFO] PluginManage:359 - Loaded plugin tools (category:base,tabindex:7)
2024-12-12 10:05:18,134 [INFO] PluginManage:310 - Check plugin tutovideos
2024-12-12 10:05:18,648 [INFO] PluginManage:359 - Loaded plugin tutovideos (category:base,tabindex:-1)
2024-12-12 10:05:18,648 [INFO] PluginManage:310 - Check plugin updater
2024-12-12 10:05:18,730 [INFO] PluginManage:359 - Loaded plugin updater (category:base,tabindex:12)
2024-12-12 10:05:18,731 [INFO] PluginManage:310 - Check plugin userauth
2024-12-12 10:05:18,762 [INFO] UserAuth:113 - Init User Auth plugin
2024-12-12 10:05:18,763 [INFO] PluginManage:359 - Loaded plugin userauth (category:base,tabindex:14)
2024-12-12 10:05:18,766 [INFO] PluginManage:283 - PluginManage : Loaded plugins [18]
2024-12-12 10:05:19,837 [INFO] PinOutPanel:1561 - setPackage(No Configuration,No Configuration)
2024-12-12 10:05:20,161 [INFO] CADModel:165 - CPN selected for project level
2024-12-12 10:05:20,162 [INFO] CADModel:114 - Register for checkConnection events
2024-12-12 10:05:20,257 [INFO] IPUIPlugin:80 - create IPUIPlugin
2024-12-12 10:05:20,258 [INFO] PluginManager:220 - loadIPPluginJar : add adc
2024-12-12 10:05:20,352 [INFO] IPUIPlugin:80 - create IPUIPlugin
2024-12-12 10:05:20,353 [INFO] PluginManager:220 - loadIPPluginJar : add aes
2024-12-12 10:05:20,469 [INFO] IPUIPlugin:80 - create IPUIPlugin
2024-12-12 10:05:20,469 [INFO] PluginManager:220 - loadIPPluginJar : add can
2024-12-12 10:05:20,541 [INFO] IPUIPlugin:80 - create IPUIPlugin
2024-12-12 10:05:20,541 [INFO] PluginManager:220 - loadIPPluginJar : add comp
2024-12-12 10:05:20,691 [INFO] IPUIPlugin:80 - create IPUIPlugin
2024-12-12 10:05:20,691 [INFO] PluginManager:220 - loadIPPluginJar : add cryp
2024-12-12 10:05:20,939 [INFO] IPUIPlugin:80 - create IPUIPlugin
2024-12-12 10:05:20,942 [INFO] PluginManager:220 - loadIPPluginJar : add ddr_ctrl_phy
2024-12-12 10:05:21,034 [INFO] ThirdPartyUpdaterWithRetryManager:70 - Updater plugin not ready yet. [2/15]
2024-12-12 10:05:21,225 [INFO] IPUIPlugin:80 - create IPUIPlugin
2024-12-12 10:05:21,229 [INFO] PluginManager:220 - loadIPPluginJar : add dfsdm
2024-12-12 10:05:21,412 [INFO] IPUIPlugin:80 - create IPUIPlugin
2024-12-12 10:05:21,413 [INFO] PluginManager:220 - loadIPPluginJar : add dma
2024-12-12 10:05:21,620 [INFO] IPUIPlugin:80 - create IPUIPlugin
2024-12-12 10:05:21,621 [INFO] PluginManager:220 - loadIPPluginJar : add dma3
2024-12-12 10:05:21,818 [INFO] IPUIPlugin:80 - create IPUIPlugin
2024-12-12 10:05:21,819 [INFO] PluginManager:220 - loadIPPluginJar : add extmemmanager
2024-12-12 10:05:22,039 [INFO] IPUIPlugin:80 - create IPUIPlugin
2024-12-12 10:05:22,040 [INFO] PluginManager:220 - loadIPPluginJar : add fatfs
2024-12-12 10:05:22,412 [INFO] IPUIPlugin:80 - create IPUIPlugin
2024-12-12 10:05:22,412 [INFO] PluginManager:220 - loadIPPluginJar : add fmc
2024-12-12 10:05:23,102 [INFO] IPUIPlugin:80 - create IPUIPlugin
2024-12-12 10:05:23,103 [INFO] PluginManager:220 - loadIPPluginJar : add freertos
2024-12-12 10:05:23,315 [INFO] IPUIPlugin:80 - create IPUIPlugin
2024-12-12 10:05:23,316 [INFO] PluginManager:220 - loadIPPluginJar : add genericplugin
2024-12-12 10:05:23,655 [INFO] IPUIPlugin:80 - create IPUIPlugin
2024-12-12 10:05:23,655 [INFO] PluginManager:220 - loadIPPluginJar : add gfxmmu
2024-12-12 10:05:24,042 [INFO] ThirdPartyUpdaterWithRetryManager:70 - Updater plugin not ready yet. [3/15]
2024-12-12 10:05:24,093 [INFO] IPUIPlugin:80 - create IPUIPlugin
2024-12-12 10:05:24,093 [INFO] PluginManager:220 - loadIPPluginJar : add gic
2024-12-12 10:05:24,162 [INFO] IPUIPlugin:80 - create IPUIPlugin
2024-12-12 10:05:24,162 [INFO] PluginManager:220 - loadIPPluginJar : add gpio
2024-12-12 10:05:24,387 [INFO] IPUIPlugin:80 - create IPUIPlugin
2024-12-12 10:05:24,387 [INFO] PluginManager:220 - loadIPPluginJar : add gtzc
2024-12-12 10:05:24,464 [INFO] IPUIPlugin:80 - create IPUIPlugin
2024-12-12 10:05:24,464 [INFO] PluginManager:220 - loadIPPluginJar : add hash
2024-12-12 10:05:24,589 [INFO] IPUIPlugin:80 - create IPUIPlugin
2024-12-12 10:05:24,590 [INFO] PluginManager:220 - loadIPPluginJar : add i2c
2024-12-12 10:05:24,684 [INFO] IPUIPlugin:80 - create IPUIPlugin
2024-12-12 10:05:24,684 [INFO] PluginManager:220 - loadIPPluginJar : add i2s
2024-12-12 10:05:24,818 [INFO] IPUIPlugin:80 - create IPUIPlugin
2024-12-12 10:05:24,819 [INFO] PluginManager:220 - loadIPPluginJar : add i3c
2024-12-12 10:05:25,116 [INFO] IPUIPlugin:80 - create IPUIPlugin
2024-12-12 10:05:25,117 [INFO] PluginManager:220 - loadIPPluginJar : add ipddr
2024-12-12 10:05:25,368 [INFO] IPUIPlugin:80 - create IPUIPlugin
2024-12-12 10:05:25,368 [INFO] PluginManager:220 - loadIPPluginJar : add linkedlist
2024-12-12 10:05:25,446 [INFO] IPUIPlugin:80 - create IPUIPlugin
2024-12-12 10:05:25,446 [INFO] PluginManager:220 - loadIPPluginJar : add lorawan
2024-12-12 10:05:25,533 [INFO] IPUIPlugin:80 - create IPUIPlugin
2024-12-12 10:05:25,533 [INFO] PluginManager:220 - loadIPPluginJar : add ltdc
2024-12-12 10:05:25,560 [INFO] IPUIPlugin:80 - create IPUIPlugin
2024-12-12 10:05:25,560 [INFO] PluginManager:220 - loadIPPluginJar : add mdma
2024-12-12 10:05:25,582 [INFO] IPUIPlugin:80 - create IPUIPlugin
2024-12-12 10:05:25,582 [INFO] PluginManager:220 - loadIPPluginJar : add nvic
2024-12-12 10:05:25,663 [INFO] IPUIPlugin:80 - create IPUIPlugin
2024-12-12 10:05:25,663 [INFO] PluginManager:220 - loadIPPluginJar : add opamp
2024-12-12 10:05:25,832 [INFO] IPUIPlugin:80 - create IPUIPlugin
2024-12-12 10:05:25,833 [INFO] PluginManager:220 - loadIPPluginJar : add openamp
2024-12-12 10:05:25,976 [INFO] IPUIPlugin:80 - create IPUIPlugin
2024-12-12 10:05:25,976 [INFO] PluginManager:220 - loadIPPluginJar : add pdm2pcm
2024-12-12 10:05:26,002 [INFO] IPUIPlugin:80 - create IPUIPlugin
2024-12-12 10:05:26,007 [INFO] PluginManager:220 - loadIPPluginJar : add plateformsettings
2024-12-12 10:05:26,070 [INFO] IPUIPlugin:80 - create IPUIPlugin
2024-12-12 10:05:26,070 [INFO] PluginManager:220 - loadIPPluginJar : add quadspi
2024-12-12 10:05:26,122 [INFO] IPUIPlugin:80 - create IPUIPlugin
2024-12-12 10:05:26,138 [INFO] PluginManager:220 - loadIPPluginJar : add radio
2024-12-12 10:05:26,178 [INFO] IPUIPlugin:80 - create IPUIPlugin
2024-12-12 10:05:26,178 [INFO] PluginManager:220 - loadIPPluginJar : add resmgrutility
2024-12-12 10:05:26,279 [INFO] IPUIPlugin:80 - create IPUIPlugin
2024-12-12 10:05:26,279 [INFO] PluginManager:220 - loadIPPluginJar : add sai
2024-12-12 10:05:26,370 [INFO] IPUIPlugin:80 - create IPUIPlugin
2024-12-12 10:05:26,370 [INFO] PluginManager:220 - loadIPPluginJar : add spi
2024-12-12 10:05:26,573 [INFO] IPUIPlugin:80 - create IPUIPlugin
2024-12-12 10:05:26,573 [INFO] PluginManager:220 - loadIPPluginJar : add stm32_wpan
2024-12-12 10:05:26,648 [INFO] IPUIPlugin:80 - create IPUIPlugin
2024-12-12 10:05:26,648 [INFO] PluginManager:220 - loadIPPluginJar : add tim
2024-12-12 10:05:26,815 [INFO] IPUIPlugin:80 - create IPUIPlugin
2024-12-12 10:05:26,815 [INFO] PluginManager:220 - loadIPPluginJar : add touchsensing
2024-12-12 10:05:26,878 [INFO] IPUIPlugin:80 - create IPUIPlugin
2024-12-12 10:05:26,879 [INFO] PluginManager:220 - loadIPPluginJar : add tracer_emb
2024-12-12 10:05:26,948 [INFO] IPUIPlugin:80 - create IPUIPlugin
2024-12-12 10:05:26,949 [INFO] PluginManager:220 - loadIPPluginJar : add ts
2024-12-12 10:05:27,010 [INFO] IPUIPlugin:80 - create IPUIPlugin
2024-12-12 10:05:27,011 [INFO] PluginManager:220 - loadIPPluginJar : add tsc
2024-12-12 10:05:27,046 [INFO] ThirdPartyUpdaterWithRetryManager:70 - Updater plugin not ready yet. [4/15]
2024-12-12 10:05:27,066 [INFO] IPUIPlugin:80 - create IPUIPlugin
2024-12-12 10:05:27,100 [INFO] PluginManager:220 - loadIPPluginJar : add ucpd
2024-12-12 10:05:27,193 [INFO] IPUIPlugin:80 - create IPUIPlugin
2024-12-12 10:05:27,195 [INFO] PluginManager:220 - loadIPPluginJar : add usart
2024-12-12 10:05:27,291 [INFO] IPUIPlugin:80 - create IPUIPlugin
2024-12-12 10:05:27,291 [INFO] PluginManager:220 - loadIPPluginJar : add usbx
2024-12-12 10:05:27,517 [INFO] CADModel:165 - CPN selected for project level
2024-12-12 10:05:27,518 [INFO] CADModel:114 - Register for checkConnection events
2024-12-12 10:05:27,518 [FATAL] Updater:334 - Updater called before beeing initialized
2024-12-12 10:05:27,518 [ERROR] CADModel:125 - Updater not yet initialized, retry later 
2024-12-12 10:05:28,116 [INFO] CADModel:165 - CPN selected for project level
2024-12-12 10:05:28,116 [INFO] CADModel:114 - Register for checkConnection events
2024-12-12 10:05:28,116 [FATAL] Updater:334 - Updater called before beeing initialized
2024-12-12 10:05:28,116 [ERROR] CADModel:125 - Updater not yet initialized, retry later 
2024-12-12 10:05:28,121 [FATAL] Updater:334 - Updater called before beeing initialized
2024-12-12 10:05:28,287 [FATAL] Updater:334 - Updater called before beeing initialized
2024-12-12 10:05:28,317 [INFO] DbMcusAds:53 - JSON generation date=Fri Sep 20 20:04:23 ICT 2024 (1726837463113)
2024-12-12 10:05:28,318 [FATAL] Updater:334 - Updater called before beeing initialized
2024-12-12 10:05:28,561 [WARN] DetailPanel:346 - Failed to get advertising image, set to default
2024-12-12 10:05:28,805 [FATAL] Updater:334 - Updater called before beeing initialized
2024-12-12 10:05:28,811 [FATAL] Updater:334 - Updater called before beeing initialized
2024-12-12 10:05:28,811 [FATAL] Updater:334 - Updater called before beeing initialized
2024-12-12 10:05:28,811 [WARN] DetailPanel:346 - Failed to get advertising image, set to default
2024-12-12 10:05:28,813 [FATAL] Updater:334 - Updater called before beeing initialized
2024-12-12 10:05:29,063 [ERROR] Updater:1164 - MainUpdater not yet initialized. External WinMGr cannot be set.
2024-12-12 10:05:29,113 [INFO] Updater:1100 - Updater Version found : 6.12.1
2024-12-12 10:05:29,179 [INFO] ApplicationProperties:184 - Using Application install path: D:\ST\STM32CubeIDE_1.16.0\STM32CubeIDE\plugins\com.st.stm32cube.common.mx_6.12.1.202409122256
2024-12-12 10:05:30,041 [INFO] MainUpdater:2873 - connection check result : 10
2024-12-12 10:05:30,042 [INFO] MainUpdater:3567 - Updater definition file requires update
2024-12-12 10:05:30,045 [INFO] MainUpdater:290 - Updater Check For Update Now.
2024-12-12 10:05:30,046 [INFO] MicroXplorer:498 - Change Database Version : DB.6.0.121
2024-12-12 10:05:30,057 [WARN] MainUpdater:1194 - Updater busy. Cannot search thirdparties
2024-12-12 10:05:30,058 [INFO] ThirdPartyUpdaterWithRetryManager:96 - Updater plugin is busy. [1/15]
2024-12-12 10:05:30,109 [INFO] McuFinderGlobals:63 - Set McuFinder mode to 2 (CubeIDE integrated)
2024-12-12 10:05:30,122 [INFO] UserAuth:417 - Internet connection configuration mode: 1
2024-12-12 10:05:30,280 [INFO] ServerAccessManage:473 - Download File updaters.zip
2024-12-12 10:05:30,286 [INFO] JxBrowserEngine:152 - Initiate JxBrowser Engine with user profile folder
2024-12-12 10:05:30,445 [INFO] FileExtend:240 - Unzip File : updaters.zip
2024-12-12 10:05:30,445 [INFO] FileExtend:255 - Standard Zip Deflate
2024-12-12 10:05:32,424 [INFO] ServerAccessManage:473 - Download File PacksControlFlags.xml
2024-12-12 10:05:33,046 [INFO] ServerAccessManage:473 - Download File cubemx.pidx
2024-12-12 10:05:33,064 [WARN] MainUpdater:1194 - Updater busy. Cannot search thirdparties
2024-12-12 10:05:33,064 [INFO] ThirdPartyUpdaterWithRetryManager:96 - Updater plugin is busy. [2/15]
2024-12-12 10:05:34,538 [INFO] ServerAccessManage:473 - Download File STMicroelectronics.X-CUBE-FREERTOS.pdsc
2024-12-12 10:05:35,679 [INFO] ServerAccessManage:473 - Download File STMicroelectronics.X-CUBE-TCPP.pdsc
2024-12-12 10:05:36,075 [WARN] MainUpdater:1194 - Updater busy. Cannot search thirdparties
2024-12-12 10:05:36,075 [INFO] ThirdPartyUpdaterWithRetryManager:96 - Updater plugin is busy. [3/15]
2024-12-12 10:05:37,477 [WARN] PackLoader:240 - Cannot read IP mode file for STMicroelectronics.X-CUBE-FREERTOS.1.3.0
2024-12-12 10:05:37,493 [WARN] PopulateThirdPartyThread:106 - Error when creating pack: C:/Users/Asus/.stm32cubemx/thirdparties/pdsc/STMicroelectronics.X-CUBE-TCPP.pdsc
2024-12-12 10:05:37,494 [INFO] PopulateThirdPartyThread:66 - Ending populate Thread
2024-12-12 10:05:37,496 [INFO] ThirdParty:1030 - CMSIS Pack Vendor :STMicroelectronics X-CUBE-FREERTOS 1.3.0
2024-12-12 10:05:37,496 [INFO] LoadServerUpdatesThread:375 - End of LoadServerUpdate Thread
2024-12-12 10:05:37,749 [INFO] CheckServerUpdateThread:120 - End of CheckServer Thread
2024-12-12 10:05:39,665 [WARN] PackLoader:240 - Cannot read IP mode file for STMicroelectronics.FP-SNS-MOTENVWB1.1.4.0
2024-12-12 10:05:39,676 [WARN] PackLoader:240 - Cannot read IP mode file for STMicroelectronics.FP-ATR-ASTRA1.2.0.1
2024-12-12 10:05:39,697 [WARN] PackLoader:240 - Cannot read IP mode file for STMicroelectronics.X-CUBE-SMBUS.2.1.0
2024-12-12 10:05:39,736 [WARN] PackLoader:240 - Cannot read IP mode file for STMicroelectronics.X-CUBE-WB05N.1.1.0
2024-12-12 10:05:39,823 [WARN] PackLoader:240 - Cannot read IP mode file for STMicroelectronics.X-CUBE-AZRTOS-F7.1.1.0
2024-12-12 10:05:40,046 [WARN] PackLoader:240 - Cannot read IP mode file for STMicroelectronics.X-CUBE-MEMS1.11.0.0
2024-12-12 10:05:40,732 [WARN] PackLoader:240 - Cannot read IP mode file for STMicroelectronics.FP-SNS-FLIGHT1.5.0.2
2024-12-12 10:05:40,790 [WARN] PackLoader:240 - Cannot read IP mode file for STMicroelectronics.X-CUBE-DISPLAY.3.0.0
2024-12-12 10:05:40,846 [WARN] PackLoader:240 - Cannot read IP mode file for STMicroelectronics.X-CUBE-BLE1.7.0.0
2024-12-12 10:05:40,894 [WARN] PackLoader:240 - Cannot read IP mode file for STMicroelectronics.X-CUBE-NFC10.1.0.0
2024-12-12 10:05:40,947 [WARN] PackLoader:240 - Cannot read IP mode file for STMicroelectronics.X-CUBE-BLEMGR.4.0.0
2024-12-12 10:05:40,994 [WARN] PackLoader:240 - Cannot read IP mode file for emotas.I-CUBE-CANOPEN.1.3.0
2024-12-12 10:05:41,036 [WARN] PackLoader:240 - Cannot read IP mode file for STMicroelectronics.X-CUBE-BLEMGR.3.1.0
2024-12-12 10:05:41,074 [WARN] PackLoader:240 - Cannot read IP mode file for STMicroelectronics.FP-SNS-SMARTAG2.1.2.0
2024-12-12 10:05:41,142 [INFO] LogOutputStream:77 - [STDOUT_REDIRECT] 1 : Invalid condition id : UX_CORESTACK_Condition cause : null
2024-12-12 10:05:41,143 [INFO] LogOutputStream:77 - [STDOUT_REDIRECT] 1 : Invalid condition id : UX_CORESTACK_Condition cause : null
2024-12-12 10:05:41,148 [INFO] LogOutputStream:77 - [STDOUT_REDIRECT] 1 : Invalid condition id : UX_CORESTACK_Condition cause : null
2024-12-12 10:05:41,153 [INFO] LogOutputStream:77 - [STDOUT_REDIRECT] 1 : Invalid condition id : UX_CORESTACK_Condition cause : null
2024-12-12 10:05:41,160 [INFO] LogOutputStream:77 - [STDOUT_REDIRECT] 1 : Invalid condition id : UX_CORESTACK_Condition cause : null
2024-12-12 10:05:41,176 [WARN] PackLoader:240 - Cannot read IP mode file for STMicroelectronics.X-CUBE-AZRTOS-WL.2.0.0
2024-12-12 10:05:41,227 [WARN] PackLoader:240 - Cannot read IP mode file for STMicroelectronics.FP-SNS-MOTENV1.5.0.0
2024-12-12 10:05:41,242 [WARN] PackLoader:240 - Cannot read IP mode file for wolfSSL.I-CUBE-wolfMQTT.1.19.0
2024-12-12 10:05:41,281 [WARN] PackLoader:240 - Cannot read IP mode file for WES.I-CUBE-Cesium.1.3.0
2024-12-12 10:05:41,455 [WARN] PackLoader:240 - Cannot read IP mode file for STMicroelectronics.X-CUBE-BLE2.3.3.0
2024-12-12 10:05:41,548 [WARN] PackLoader:240 - Cannot read IP mode file for STMicroelectronics.X-CUBE-NFC9.1.0.0
2024-12-12 10:05:41,583 [WARN] PackLoader:240 - Cannot read IP mode file for STMicroelectronics.X-CUBE-TCPP.4.1.0
2024-12-12 10:05:41,676 [WARN] PackLoader:240 - Cannot read IP mode file for STMicroelectronics.X-CUBE-AZRTOS-G0.1.1.0
2024-12-12 10:05:41,742 [WARN] PackLoader:240 - Cannot read IP mode file for STMicroelectronics.X-CUBE-SAFEA1.1.2.2
2024-12-12 10:05:41,789 [WARN] PackLoader:240 - Cannot read IP mode file for STMicroelectronics.X-CUBE-NFC4.3.0.0
2024-12-12 10:05:41,830 [WARN] PackLoader:240 - Cannot read IP mode file for EmbeddedOffice.I-CUBE-FS-RTOS.1.0.1
2024-12-12 10:05:41,832 [ERROR] ConditionMgr:805 - Attr not supported : Dmpu
2024-12-12 10:05:41,833 [ERROR] ConditionMgr:805 - Attr not supported : Dmpu
2024-12-12 10:05:41,833 [ERROR] ConditionMgr:805 - Attr not supported : Dmpu
2024-12-12 10:05:41,834 [ERROR] ConditionMgr:805 - Attr not supported : Dmpu
2024-12-12 10:05:41,834 [ERROR] ConditionMgr:805 - Attr not supported : Dmpu
2024-12-12 10:05:41,835 [ERROR] ConditionMgr:805 - Attr not supported : Dmpu
2024-12-12 10:05:41,835 [ERROR] ConditionMgr:805 - Attr not supported : Dmpu
2024-12-12 10:05:41,835 [ERROR] ConditionMgr:805 - Attr not supported : Dmpu
2024-12-12 10:05:41,836 [ERROR] ConditionMgr:805 - Attr not supported : Dmpu
2024-12-12 10:05:41,836 [ERROR] ConditionMgr:805 - Attr not supported : Dmpu
2024-12-12 10:05:41,836 [ERROR] ConditionMgr:805 - Attr not supported : Dmpu
2024-12-12 10:05:41,836 [ERROR] ConditionMgr:805 - Attr not supported : Dmpu
2024-12-12 10:05:41,836 [ERROR] ConditionMgr:805 - Attr not supported : Dmpu
2024-12-12 10:05:41,836 [ERROR] ConditionMgr:805 - Attr not supported : Dmpu
2024-12-12 10:05:41,838 [ERROR] ConditionMgr:805 - Attr not supported : Dmpu
2024-12-12 10:05:41,839 [ERROR] ConditionMgr:805 - Attr not supported : Dmpu
2024-12-12 10:05:41,839 [ERROR] ConditionMgr:805 - Attr not supported : Dmpu
2024-12-12 10:05:41,839 [ERROR] ConditionMgr:805 - Attr not supported : Dmpu
2024-12-12 10:05:41,840 [ERROR] ConditionMgr:805 - Attr not supported : Dmpu
2024-12-12 10:05:41,841 [ERROR] ConditionMgr:805 - Attr not supported : Dmpu
2024-12-12 10:05:41,841 [ERROR] ConditionMgr:805 - Attr not supported : Dmpu
2024-12-12 10:05:41,841 [ERROR] ConditionMgr:805 - Attr not supported : Dmpu
2024-12-12 10:05:41,841 [ERROR] ConditionMgr:805 - Attr not supported : Dmpu
2024-12-12 10:05:41,841 [ERROR] ConditionMgr:805 - Attr not supported : Dmpu
2024-12-12 10:05:41,841 [ERROR] ConditionMgr:805 - Attr not supported : Dmpu
2024-12-12 10:05:41,841 [ERROR] ConditionMgr:805 - Attr not supported : Dmpu
2024-12-12 10:05:41,842 [ERROR] ConditionMgr:805 - Attr not supported : Dmpu
2024-12-12 10:05:41,842 [ERROR] ConditionMgr:805 - Attr not supported : Dmpu
2024-12-12 10:05:41,842 [ERROR] ConditionMgr:805 - Attr not supported : Dmpu
2024-12-12 10:05:41,842 [ERROR] ConditionMgr:805 - Attr not supported : Dmpu
2024-12-12 10:05:41,842 [ERROR] ConditionMgr:805 - Attr not supported : Dmpu
2024-12-12 10:05:41,842 [ERROR] ConditionMgr:805 - Attr not supported : Dmpu
2024-12-12 10:05:41,842 [ERROR] ConditionMgr:805 - Attr not supported : Dmpu
2024-12-12 10:05:41,842 [ERROR] ConditionMgr:805 - Attr not supported : Dmpu
2024-12-12 10:05:41,842 [ERROR] ConditionMgr:805 - Attr not supported : Dmpu
2024-12-12 10:05:41,843 [ERROR] ConditionMgr:805 - Attr not supported : Dmpu
2024-12-12 10:05:41,843 [ERROR] ConditionMgr:805 - Attr not supported : Dmpu
2024-12-12 10:05:41,843 [ERROR] ConditionMgr:805 - Attr not supported : Dmpu
2024-12-12 10:05:41,843 [ERROR] ConditionMgr:805 - Attr not supported : Dmpu
2024-12-12 10:05:41,843 [ERROR] ConditionMgr:805 - Attr not supported : Dmpu
2024-12-12 10:05:41,844 [ERROR] ConditionMgr:805 - Attr not supported : Dmpu
2024-12-12 10:05:41,844 [ERROR] ConditionMgr:805 - Attr not supported : Dmpu
2024-12-12 10:05:41,844 [ERROR] ConditionMgr:805 - Attr not supported : Dmpu
2024-12-12 10:05:41,844 [ERROR] ConditionMgr:805 - Attr not supported : Dmpu
2024-12-12 10:05:41,844 [ERROR] ConditionMgr:805 - Attr not supported : Dmpu
2024-12-12 10:05:41,844 [ERROR] ConditionMgr:805 - Attr not supported : Dmpu
2024-12-12 10:05:41,845 [ERROR] ConditionMgr:805 - Attr not supported : Dmpu
2024-12-12 10:05:41,845 [ERROR] ConditionMgr:805 - Attr not supported : Dmpu
2024-12-12 10:05:41,845 [ERROR] ConditionMgr:805 - Attr not supported : Dmpu
2024-12-12 10:05:41,845 [ERROR] ConditionMgr:805 - Attr not supported : Dmpu
2024-12-12 10:05:41,845 [ERROR] ConditionMgr:805 - Attr not supported : Dmpu
2024-12-12 10:05:41,845 [ERROR] ConditionMgr:805 - Attr not supported : Dmpu
2024-12-12 10:05:41,845 [ERROR] ConditionMgr:805 - Attr not supported : Dmpu
2024-12-12 10:05:41,846 [ERROR] ConditionMgr:805 - Attr not supported : Dmpu
2024-12-12 10:05:41,846 [ERROR] ConditionMgr:805 - Attr not supported : Dmpu
2024-12-12 10:05:41,846 [ERROR] ConditionMgr:805 - Attr not supported : Dmpu
2024-12-12 10:05:41,846 [ERROR] ConditionMgr:805 - Attr not supported : Dmpu
2024-12-12 10:05:41,846 [ERROR] ConditionMgr:805 - Attr not supported : Dmpu
2024-12-12 10:05:41,846 [ERROR] ConditionMgr:805 - Attr not supported : Dmpu
2024-12-12 10:05:41,846 [ERROR] ConditionMgr:805 - Attr not supported : Dmpu
2024-12-12 10:05:41,847 [ERROR] ConditionMgr:805 - Attr not supported : Dmpu
2024-12-12 10:05:41,847 [ERROR] ConditionMgr:805 - Attr not supported : Dmpu
2024-12-12 10:05:41,847 [ERROR] ConditionMgr:805 - Attr not supported : Dmpu
2024-12-12 10:05:41,847 [ERROR] ConditionMgr:805 - Attr not supported : Dmpu
2024-12-12 10:05:41,854 [ERROR] Engine:466 - C:\Users\Asus\.stm32cubemx\thirdparties\pdsc\STMicroelectronics.X-CUBE-TCPP.4.2.0.pdsc: PDSC version is not supported
2024-12-12 10:05:41,898 [WARN] PackLoader:240 - Cannot read IP mode file for RealThread.X-CUBE-RT-Thread_Nano.4.1.1
2024-12-12 10:05:41,910 [WARN] PackLoader:240 - Cannot read IP mode file for STMicroelectronics.FP-ATR-SIGFOX1.3.2.0
2024-12-12 10:05:41,937 [WARN] PackLoader:240 - Cannot read IP mode file for wolfSSL.I-CUBE-wolfSSL.5.7.2
2024-12-12 10:05:41,946 [WARN] ConditionMgr:438 - getConditionDescription Invalid condition id : Cortex-A Device cause : null
2024-12-12 10:05:42,000 [WARN] ConditionMgr:1039 - genDependencies : Invalid condition id : Cortex-A Device cause : null
2024-12-12 10:05:42,000 [WARN] ConditionMgr:1039 - genDependencies : Invalid condition id : Cortex-A Device cause : null
2024-12-12 10:05:42,001 [WARN] ConditionMgr:1039 - genDependencies : Invalid condition id : Cortex-A Device cause : null
2024-12-12 10:05:42,039 [WARN] PackLoader:240 - Cannot read IP mode file for STMicroelectronics.X-CUBE-EEPRMA1.5.1.0
2024-12-12 10:05:42,083 [WARN] PackLoader:240 - Cannot read IP mode file for ITTIA_DB.I-CUBE-ITTIADB.8.9.0
2024-12-12 10:05:42,214 [WARN] PackLoader:240 - Cannot read IP mode file for SEGGER.I-CUBE-embOS.1.3.1
2024-12-12 10:05:42,346 [WARN] PackLoader:240 - Cannot read IP mode file for STMicroelectronics.X-CUBE-ALGOBUILD.1.4.0
2024-12-12 10:05:42,376 [WARN] PackLoader:240 - Cannot read IP mode file for STMicroelectronics.X-CUBE-AI.9.1.0
2024-12-12 10:05:42,420 [WARN] PackLoader:240 - Cannot read IP mode file for STMicroelectronics.X-CUBE-GNSS1.6.0.0
2024-12-12 10:05:42,493 [WARN] PackLoader:240 - Cannot read IP mode file for STMicroelectronics.X-CUBE-AZRTOS-F4.1.1.0
2024-12-12 10:05:42,534 [WARN] PackLoader:240 - Cannot read IP mode file for STMicroelectronics.X-CUBE-ISPU.2.1.0
2024-12-12 10:05:42,567 [WARN] PackLoader:240 - Cannot read IP mode file for STMicroelectronics.X-CUBE-FREERTOS.1.2.0
2024-12-12 10:05:42,643 [WARN] PackLoader:240 - Cannot read IP mode file for STMicroelectronics.X-CUBE-AZRTOS-L5.2.0.0
2024-12-12 10:05:42,700 [WARN] PackLoader:240 - Cannot read IP mode file for STMicroelectronics.X-CUBE-NFC6.3.1.0
2024-12-12 10:05:42,740 [WARN] PackLoader:240 - Cannot read IP mode file for STMicroelectronics.X-CUBE-DPower.1.2.0
2024-12-12 10:05:42,771 [WARN] PackLoader:240 - Cannot read IP mode file for STMicroelectronics.X-CUBE-AI.9.0.0
2024-12-12 10:05:42,780 [WARN] PackLoader:240 - Cannot read IP mode file for STMicroelectronics.X-CUBE-FREERTOS.1.3.0
2024-12-12 10:05:42,815 [WARN] PackLoader:240 - Cannot read IP mode file for STMicroelectronics.X-CUBE-NFC7.1.0.1
2024-12-12 10:05:42,827 [WARN] PackLoader:240 - Cannot read IP mode file for wolfSSL.I-CUBE-wolfTPM.3.2.0
2024-12-12 10:05:42,903 [WARN] ConditionMgr:438 - getConditionDescription Invalid condition id : LAN8742 Phy interface Condition cause : null
2024-12-12 10:05:42,907 [WARN] PackLoader:240 - Cannot read IP mode file for STMicroelectronics.X-CUBE-AZRTOS-L4.2.0.0
2024-12-12 10:05:42,910 [WARN] ConditionMgr:1039 - genDependencies : Invalid condition id : LAN8742 Phy interface Condition cause : null
2024-12-12 10:05:42,910 [WARN] ConditionMgr:1039 - genDependencies : Invalid condition id : LAN8742 Phy interface Condition cause : null
2024-12-12 10:05:42,911 [WARN] ConditionMgr:1039 - genDependencies : Invalid condition id : LAN8742 Phy interface Condition cause : null
2024-12-12 10:05:42,953 [WARN] PackLoader:240 - Cannot read IP mode file for STMicroelectronics.X-CUBE-SFXS2LP1.4.0.0
2024-12-12 10:05:43,030 [WARN] PackLoader:240 - Cannot read IP mode file for STMicroelectronics.X-CUBE-AZRTOS-H7.3.3.0
2024-12-12 10:05:43,079 [WARN] PackLoader:240 - Cannot read IP mode file for STMicroelectronics.X-CUBE-IPS.3.0.0
2024-12-12 10:05:43,150 [WARN] ConditionMgr:438 - getConditionDescription Invalid condition id : UX DEVICE CLASS RTOS Condition cause : null
2024-12-12 10:05:43,150 [WARN] ConditionMgr:438 - getConditionDescription Invalid condition id : UX DEVICE CLASS RTOS Condition cause : null
2024-12-12 10:05:43,155 [WARN] PackLoader:240 - Cannot read IP mode file for STMicroelectronics.X-CUBE-AZRTOS-WB.2.0.0
2024-12-12 10:05:43,158 [WARN] ConditionMgr:1039 - genDependencies : Invalid condition id : UX DEVICE CLASS RTOS Condition cause : null
2024-12-12 10:05:43,158 [WARN] ConditionMgr:1039 - genDependencies : Invalid condition id : UX DEVICE CLASS RTOS Condition cause : null
2024-12-12 10:05:43,159 [WARN] ConditionMgr:1039 - genDependencies : Invalid condition id : UX DEVICE CLASS RTOS Condition cause : null
2024-12-12 10:05:43,161 [WARN] ConditionMgr:1039 - genDependencies : Invalid condition id : UX DEVICE CLASS RTOS Condition cause : null
2024-12-12 10:05:43,161 [WARN] ConditionMgr:1039 - genDependencies : Invalid condition id : UX DEVICE CLASS RTOS Condition cause : null
2024-12-12 10:05:43,205 [WARN] PackLoader:240 - Cannot read IP mode file for STMicroelectronics.X-CUBE-GNSS1.7.0.0
2024-12-12 10:05:43,272 [WARN] PackLoader:240 - Cannot read IP mode file for STMicroelectronics.FP-SNS-STBOX1.2.0.0
2024-12-12 10:05:43,343 [WARN] PackLoader:240 - Cannot read IP mode file for STMicroelectronics.X-CUBE-SUBG2.5.0.0
2024-12-12 10:05:43,366 [WARN] PackLoader:240 - Cannot read IP mode file for Cesanta.I-CUBE-Mongoose.7.13.0
2024-12-12 10:05:43,414 [WARN] PackLoader:240 - Cannot read IP mode file for STMicroelectronics.X-CUBE-AZRTOS-G4.2.0.0
2024-12-12 10:05:43,447 [WARN] PackLoader:240 - Cannot read IP mode file for STMicroelectronics.X-CUBE-ISPU.2.0.0
2024-12-12 10:05:43,478 [WARN] PackLoader:240 - Cannot read IP mode file for STMicroelectronics.X-CUBE-ALS.1.0.2
2024-12-12 10:05:43,619 [WARN] PackLoader:240 - Cannot read IP mode file for STMicroelectronics.X-CUBE-MEMS1.10.0.0
2024-12-12 10:05:43,973 [WARN] PackLoader:240 - Cannot read IP mode file for STMicroelectronics.X-CUBE-TOUCHGFX.4.24.0
2024-12-12 10:05:44,003 [WARN] PackLoader:240 - Cannot read IP mode file for STMicroelectronics.X-CUBE-TOUCHGFX.4.24.1
2024-12-12 10:05:44,042 [WARN] PackLoader:240 - Cannot read IP mode file for portGmbH.I-Cube-SoM-uGOAL.1.1.0
2024-12-12 10:05:44,123 [WARN] PackLoader:240 - Cannot read IP mode file for STMicroelectronics.X-CUBE-AZRTOS-H7RS.1.0.0
2024-12-12 10:05:44,159 [WARN] PackLoader:240 - Cannot read IP mode file for STMicroelectronics.FP-ATR-ASTRA1.2.0.0
2024-12-12 10:05:44,216 [WARN] PackLoader:240 - Cannot read IP mode file for STMicroelectronics.X-CUBE-TOF1.3.4.2
2024-12-12 10:05:44,320 [WARN] PackLoader:240 - Cannot read IP mode file for STMicroelectronics.X-CUBE-AZRTOS-H7.3.2.0
2024-12-12 10:05:44,404 [WARN] PackLoader:240 - Cannot read IP mode file for Infineon.AIROC-Wi-Fi-Bluetooth-STM32.1.6.0
2024-12-12 10:05:44,421 [WARN] PackLoader:240 - Cannot read IP mode file for wolfSSL.I-CUBE-wolfSSH.1.4.17
2024-12-12 10:05:44,422 [INFO] ThirdParty:978 - Integrity check success = true
2024-12-12 10:05:44,422 [INFO] IntegrityCheckThread:100 - exiting critical section [integrity check]
2024-12-12 10:05:44,422 [INFO] IntegrityCheckThread:103 - End integrity checks thread
2024-12-12 10:05:49,183 [INFO] WebApp:167 - Instantiating new browser for Auth
2024-12-12 10:05:51,513 [INFO] WebApp:448 - Apply proxy settings
2024-12-12 10:05:51,513 [INFO] WebApp:533 - Chromium requires no authentication
2024-12-12 10:05:51,563 [INFO] WebApp:476 - Direct internet connection detected
2024-12-12 10:05:51,664 [INFO] WebApp:869 - Register for checkConnection events
2024-12-12 10:05:51,665 [INFO] WebApp:448 - Apply proxy settings
2024-12-12 10:05:51,665 [INFO] WebApp:533 - Chromium requires no authentication
2024-12-12 10:05:51,668 [INFO] WebApp:476 - Direct internet connection detected
2024-12-12 10:05:52,077 [INFO] WebApp:186 - Connection restablished
2024-12-12 10:05:52,384 [INFO] WebApp:220 - Starting web application
2024-12-12 10:05:52,386 [INFO] WebApp:578 - Web application path used D:\ST\STM32CubeIDE_1.16.0\STM32CubeIDE\plugins\com.st.stm32cube.common.mx_6.12.1.202409122256\db\plugins\mcufinder\reactClient1\index.html
2024-12-12 10:05:52,903 [INFO] UserAuth:417 - Internet connection configuration mode: 1
2024-12-12 22:12:16,857 [INFO] WebApp:189 - Connection lost
2024-12-12 22:12:17,821 [INFO] WebApp:186 - Connection restablished
