2024-12-11 09:15:49,422 [INFO] Activator:176 - 


2024-12-11 09:15:49,449 [INFO] Activator:177 - !SESSION log4j initialized
2024-12-11 09:16:09,525 [INFO] LogOutputStream:77 - [STDOUT_REDIRECT] 
2024-12-11 09:16:53,784 [INFO] ApplicationProperties:184 - Using Application install path: D:\ST\STM32CubeIDE_1.16.0\STM32CubeIDE\plugins\com.st.stm32cube.common.mx_6.12.1.202409122256
2024-12-11 09:16:53,904 [INFO] DbMcusXml:78 - Set database path to: D:\ST\STM32CubeIDE_1.16.0\STM32CubeIDE\plugins\com.st.stm32cube.common.mx_6.12.1.202409122256\\db\/mcu/
2024-12-11 09:16:53,905 [INFO] ApiDb:274 - Set plugin database path to: D:\ST\STM32CubeIDE_1.16.0\STM32CubeIDE\plugins\com.st.stm32cube.common.mx_6.12.1.202409122256\\db\/plugins/boardmanager/
2024-12-11 09:16:53,906 [WARN] ApiDb:259 - Overriding images path with different value:  => D:\ST\STM32CubeIDE_1.16.0\STM32CubeIDE\plugins\com.st.stm32cube.common.mx_6.12.1.202409122256\\db\/plugins/mcufinder/images/
2024-12-11 09:16:54,063 [INFO] ApiDb:250 - Set database path to: C:\Users\Asus\.stmcufinder\plugins\mcufinder//mcu/
2024-12-11 09:16:54,067 [INFO] DbMcusAds:125 - Set database path to: C:\Users\Asus\.stmcufinder\plugins\mcufinder//mcu/
2024-12-11 09:16:54,083 [INFO] CrossReferenceDbSqlite:203 - Set database path to: C:\Users\Asus\.stmcufinder\plugins\mcufinder//mcu/cs/
2024-12-11 09:16:54,412 [INFO] RulesReader:64 - Compatibility file has been processed (297 Rules)
2024-12-11 09:16:54,641 [INFO] DbMcusXml:78 - Set database path to: D:\ST\STM32CubeIDE_1.16.0\STM32CubeIDE\plugins\com.st.stm32cube.common.mx_6.12.1.202409122256\\db\/mcu/
2024-12-11 09:16:54,641 [INFO] ApiDb:274 - Set plugin database path to: D:\ST\STM32CubeIDE_1.16.0\STM32CubeIDE\plugins\com.st.stm32cube.common.mx_6.12.1.202409122256\\db\/plugins/boardmanager/
2024-12-11 09:16:54,641 [INFO] ApiDb:261 - Set plugin images path to: D:\ST\STM32CubeIDE_1.16.0\STM32CubeIDE\plugins\com.st.stm32cube.common.mx_6.12.1.202409122256\\db\/plugins/mcufinder/images/
2024-12-11 09:16:54,641 [WARN] DbFile:41 - Overriding database path with different value: C:\Users\Asus\.stmcufinder\plugins\mcufinder/ => C:\Users\Asus\.stmcufinder\plugins\mcufinder
2024-12-11 09:16:54,642 [INFO] ApiDb:250 - Set database path to: C:\Users\Asus\.stmcufinder\plugins\mcufinder//mcu/
2024-12-11 09:16:54,642 [WARN] DbFile:41 - Overriding database path with different value: C:\Users\Asus\.stmcufinder\plugins\mcufinder/ => C:\Users\Asus\.stmcufinder\plugins\mcufinder
2024-12-11 09:16:54,642 [INFO] DbMcusAds:125 - Set database path to: C:\Users\Asus\.stmcufinder\plugins\mcufinder//mcu/
2024-12-11 09:16:54,642 [WARN] DbFile:41 - Overriding database path with different value: C:\Users\Asus\.stmcufinder\plugins\mcufinder/ => C:\Users\Asus\.stmcufinder\plugins\mcufinder
2024-12-11 09:16:54,642 [WARN] DbFile:41 - Overriding database path with different value: C:\Users\Asus\.stmcufinder\plugins\mcufinder/ => C:\Users\Asus\.stmcufinder\plugins\mcufinder
2024-12-11 09:16:54,643 [INFO] CrossReferenceDbSqlite:203 - Set database path to: C:\Users\Asus\.stmcufinder\plugins\mcufinder//mcu/cs/
2024-12-11 09:16:54,888 [INFO] MainPanel:268 - HeapMemory: 268435456
2024-12-11 09:16:55,485 [INFO] DbMcusXml:78 - Set database path to: D:\ST\STM32CubeIDE_1.16.0\STM32CubeIDE\plugins\com.st.stm32cube.common.mx_6.12.1.202409122256\\db\/mcu/
2024-12-11 09:16:55,485 [INFO] ApiDb:274 - Set plugin database path to: D:\ST\STM32CubeIDE_1.16.0\STM32CubeIDE\plugins\com.st.stm32cube.common.mx_6.12.1.202409122256\\db\/plugins/boardmanager/
2024-12-11 09:16:55,486 [INFO] ApiDb:261 - Set plugin images path to: D:\ST\STM32CubeIDE_1.16.0\STM32CubeIDE\plugins\com.st.stm32cube.common.mx_6.12.1.202409122256\\db\/plugins/mcufinder/images/
2024-12-11 09:16:55,486 [WARN] DbFile:41 - Overriding database path with different value: C:\Users\Asus\.stmcufinder\plugins\mcufinder/ => C:\Users\Asus\.stmcufinder\plugins\mcufinder
2024-12-11 09:16:55,486 [INFO] ApiDb:250 - Set database path to: C:\Users\Asus\.stmcufinder\plugins\mcufinder//mcu/
2024-12-11 09:16:55,486 [WARN] DbFile:41 - Overriding database path with different value: C:\Users\Asus\.stmcufinder\plugins\mcufinder/ => C:\Users\Asus\.stmcufinder\plugins\mcufinder
2024-12-11 09:16:55,487 [INFO] DbMcusAds:125 - Set database path to: C:\Users\Asus\.stmcufinder\plugins\mcufinder//mcu/
2024-12-11 09:16:55,487 [WARN] DbFile:41 - Overriding database path with different value: C:\Users\Asus\.stmcufinder\plugins\mcufinder/ => C:\Users\Asus\.stmcufinder\plugins\mcufinder
2024-12-11 09:16:55,487 [WARN] DbFile:41 - Overriding database path with different value: C:\Users\Asus\.stmcufinder\plugins\mcufinder/ => C:\Users\Asus\.stmcufinder\plugins\mcufinder
2024-12-11 09:16:55,487 [INFO] CrossReferenceDbSqlite:203 - Set database path to: C:\Users\Asus\.stmcufinder\plugins\mcufinder//mcu/cs/
2024-12-11 09:16:55,521 [INFO] ApplicationProperties:184 - Using Application install path: D:\ST\STM32CubeIDE_1.16.0\STM32CubeIDE\plugins\com.st.stm32cube.common.mx_6.12.1.202409122256
2024-12-11 09:16:55,524 [INFO] PluginManage:196 - Search for loadable plugins [exclusion list=, ]
2024-12-11 09:16:55,527 [INFO] PluginManage:310 - Check plugin analytics
2024-12-11 09:17:05,575 [INFO] AnalyticsPlugin:253 - Accepted Software Licenses: STM32CubeMX.6.5.0
2024-12-11 09:17:05,576 [INFO] AnalyticsPlugin:255 - Accepted CMSIS Pack Licenses: 
2024-12-11 09:17:05,576 [INFO] AnalyticsPlugin:257 - Accepted Firmware Licenses: FW.F4.1.27.0,FW.F4.1.28.0
2024-12-11 09:17:05,580 [INFO] PluginManage:359 - Loaded plugin analytics (category:tool,tabindex:-1)
2024-12-11 09:17:05,581 [INFO] PluginManage:310 - Check plugin cadmodel
2024-12-11 09:17:05,657 [INFO] CADModel:105 - Init CAD model plugin
2024-12-11 09:17:05,658 [INFO] PluginManage:359 - Loaded plugin cadmodel (category:power,tabindex:5)
2024-12-11 09:17:05,659 [INFO] PluginManage:310 - Check plugin clock
2024-12-11 09:17:05,743 [INFO] PluginManage:359 - Loaded plugin clock (category:base,tabindex:2)
2024-12-11 09:17:05,743 [INFO] PluginManage:310 - Check plugin ddr
2024-12-11 09:17:05,763 [INFO] PluginManage:359 - Loaded plugin ddr (category:tool,tabindex:6)
2024-12-11 09:17:05,763 [INFO] PluginManage:310 - Check plugin filemanager
2024-12-11 09:17:06,228 [INFO] PluginManage:359 - Loaded plugin filemanager (category:base,tabindex:10)
2024-12-11 09:17:06,229 [INFO] PluginManage:310 - Check plugin ipmanager
2024-12-11 09:17:06,255 [INFO] PluginManage:359 - Loaded plugin ipmanager (category:base,tabindex:5)
2024-12-11 09:17:06,256 [INFO] PluginManage:310 - Check plugin lpbam
2024-12-11 09:17:06,306 [INFO] PluginManage:359 - Loaded plugin lpbam (category:base,tabindex:0)
2024-12-11 09:17:06,306 [INFO] PluginManage:310 - Check plugin memorymap
2024-12-11 09:17:06,381 [INFO] PluginManage:359 - Loaded plugin memorymap (category:base,tabindex:4)
2024-12-11 09:17:06,382 [INFO] PluginManage:310 - Check plugin pinoutandconfiguration
2024-12-11 09:17:06,440 [INFO] PluginManage:359 - Loaded plugin pinoutandconfiguration (category:base,tabindex:1)
2024-12-11 09:17:06,440 [INFO] PluginManage:310 - Check plugin pinoutconfig
2024-12-11 09:17:06,657 [WARN] SupportedApi:132 - Cannot load RTOS API schema: s4s-elt-must-match.1: The content of 'definitions' must match (annotation?, (simpleType | complexType)?, (unique | key | keyref)*)). A problem was found starting at: attribute.
2024-12-11 09:17:06,904 [INFO] PluginManage:359 - Loaded plugin pinoutconfig (category:base,tabindex:0)
2024-12-11 09:17:06,904 [INFO] PluginManage:310 - Check plugin power
2024-12-11 09:17:06,999 [INFO] PluginManage:359 - Loaded plugin power (category:power,tabindex:4)
2024-12-11 09:17:06,999 [INFO] PluginManage:310 - Check plugin projectmanager
2024-12-11 09:17:07,053 [INFO] PluginManage:359 - Loaded plugin projectmanager (category:projectmanager,tabindex:4)
2024-12-11 09:17:07,053 [INFO] PluginManage:310 - Check plugin rif
2024-12-11 09:17:07,103 [INFO] PluginManage:359 - Loaded plugin rif (category:base,tabindex:3)
2024-12-11 09:17:07,104 [INFO] PluginManage:310 - Check plugin thirdparty
2024-12-11 09:17:07,978 [INFO] PluginManage:359 - Loaded plugin thirdparty (category:base,tabindex:-1)
2024-12-11 09:17:07,978 [WARN] IntegrityCheckThread:84 - waiting for thirdparty lock release [integrity check]
2024-12-11 09:17:07,980 [INFO] IntegrityCheckThread:86 - entering critical section [integrity check]
2024-12-11 09:17:07,980 [INFO] PluginManage:310 - Check plugin tools
2024-12-11 09:17:07,981 [INFO] ThirdPartyUpdaterWithRetryManager:70 - Updater plugin not ready yet. [1/15]
2024-12-11 09:17:08,085 [INFO] PluginManage:359 - Loaded plugin tools (category:base,tabindex:7)
2024-12-11 09:17:08,085 [INFO] PluginManage:310 - Check plugin tutovideos
2024-12-11 09:17:08,563 [INFO] PluginManage:359 - Loaded plugin tutovideos (category:base,tabindex:-1)
2024-12-11 09:17:08,564 [INFO] PluginManage:310 - Check plugin updater
2024-12-11 09:17:08,629 [INFO] PluginManage:359 - Loaded plugin updater (category:base,tabindex:12)
2024-12-11 09:17:08,629 [INFO] PluginManage:310 - Check plugin userauth
2024-12-11 09:17:08,668 [INFO] UserAuth:113 - Init User Auth plugin
2024-12-11 09:17:08,669 [INFO] PluginManage:359 - Loaded plugin userauth (category:base,tabindex:14)
2024-12-11 09:17:08,669 [INFO] PluginManage:283 - PluginManage : Loaded plugins [18]
2024-12-11 09:17:09,216 [INFO] PinOutPanel:1561 - setPackage(No Configuration,No Configuration)
2024-12-11 09:17:09,416 [INFO] CADModel:165 - CPN selected for project level
2024-12-11 09:17:09,416 [INFO] CADModel:114 - Register for checkConnection events
2024-12-11 09:17:09,488 [INFO] IPUIPlugin:80 - create IPUIPlugin
2024-12-11 09:17:09,488 [INFO] PluginManager:220 - loadIPPluginJar : add adc
2024-12-11 09:17:09,553 [INFO] IPUIPlugin:80 - create IPUIPlugin
2024-12-11 09:17:09,554 [INFO] PluginManager:220 - loadIPPluginJar : add aes
2024-12-11 09:17:09,648 [INFO] IPUIPlugin:80 - create IPUIPlugin
2024-12-11 09:17:09,648 [INFO] PluginManager:220 - loadIPPluginJar : add can
2024-12-11 09:17:09,707 [INFO] IPUIPlugin:80 - create IPUIPlugin
2024-12-11 09:17:09,707 [INFO] PluginManager:220 - loadIPPluginJar : add comp
2024-12-11 09:17:09,788 [INFO] IPUIPlugin:80 - create IPUIPlugin
2024-12-11 09:17:09,788 [INFO] PluginManager:220 - loadIPPluginJar : add cryp
2024-12-11 09:17:09,834 [INFO] IPUIPlugin:80 - create IPUIPlugin
2024-12-11 09:17:09,834 [INFO] PluginManager:220 - loadIPPluginJar : add ddr_ctrl_phy
2024-12-11 09:17:09,906 [INFO] IPUIPlugin:80 - create IPUIPlugin
2024-12-11 09:17:09,907 [INFO] PluginManager:220 - loadIPPluginJar : add dfsdm
2024-12-11 09:17:09,937 [INFO] IPUIPlugin:80 - create IPUIPlugin
2024-12-11 09:17:09,938 [INFO] PluginManager:220 - loadIPPluginJar : add dma
2024-12-11 09:17:10,063 [INFO] IPUIPlugin:80 - create IPUIPlugin
2024-12-11 09:17:10,063 [INFO] PluginManager:220 - loadIPPluginJar : add dma3
2024-12-11 09:17:10,199 [INFO] IPUIPlugin:80 - create IPUIPlugin
2024-12-11 09:17:10,199 [INFO] PluginManager:220 - loadIPPluginJar : add extmemmanager
2024-12-11 09:17:10,249 [INFO] IPUIPlugin:80 - create IPUIPlugin
2024-12-11 09:17:10,249 [INFO] PluginManager:220 - loadIPPluginJar : add fatfs
2024-12-11 09:17:10,344 [INFO] IPUIPlugin:80 - create IPUIPlugin
2024-12-11 09:17:10,344 [INFO] PluginManager:220 - loadIPPluginJar : add fmc
2024-12-11 09:17:10,399 [INFO] IPUIPlugin:80 - create IPUIPlugin
2024-12-11 09:17:10,399 [INFO] PluginManager:220 - loadIPPluginJar : add freertos
2024-12-11 09:17:10,448 [INFO] IPUIPlugin:80 - create IPUIPlugin
2024-12-11 09:17:10,448 [INFO] PluginManager:220 - loadIPPluginJar : add genericplugin
2024-12-11 09:17:10,709 [INFO] IPUIPlugin:80 - create IPUIPlugin
2024-12-11 09:17:10,709 [INFO] PluginManager:220 - loadIPPluginJar : add gfxmmu
2024-12-11 09:17:10,945 [INFO] IPUIPlugin:80 - create IPUIPlugin
2024-12-11 09:17:10,945 [INFO] PluginManager:220 - loadIPPluginJar : add gic
2024-12-11 09:17:10,972 [INFO] IPUIPlugin:80 - create IPUIPlugin
2024-12-11 09:17:10,972 [INFO] PluginManager:220 - loadIPPluginJar : add gpio
2024-12-11 09:17:10,993 [INFO] ThirdPartyUpdaterWithRetryManager:70 - Updater plugin not ready yet. [2/15]
2024-12-11 09:17:11,171 [INFO] IPUIPlugin:80 - create IPUIPlugin
2024-12-11 09:17:11,171 [INFO] PluginManager:220 - loadIPPluginJar : add gtzc
2024-12-11 09:17:11,251 [INFO] IPUIPlugin:80 - create IPUIPlugin
2024-12-11 09:17:11,251 [INFO] PluginManager:220 - loadIPPluginJar : add hash
2024-12-11 09:17:11,364 [INFO] IPUIPlugin:80 - create IPUIPlugin
2024-12-11 09:17:11,364 [INFO] PluginManager:220 - loadIPPluginJar : add i2c
2024-12-11 09:17:11,448 [INFO] IPUIPlugin:80 - create IPUIPlugin
2024-12-11 09:17:11,448 [INFO] PluginManager:220 - loadIPPluginJar : add i2s
2024-12-11 09:17:11,542 [INFO] IPUIPlugin:80 - create IPUIPlugin
2024-12-11 09:17:11,542 [INFO] PluginManager:220 - loadIPPluginJar : add i3c
2024-12-11 09:17:11,875 [INFO] IPUIPlugin:80 - create IPUIPlugin
2024-12-11 09:17:11,875 [INFO] PluginManager:220 - loadIPPluginJar : add ipddr
2024-12-11 09:17:12,133 [INFO] IPUIPlugin:80 - create IPUIPlugin
2024-12-11 09:17:12,134 [INFO] PluginManager:220 - loadIPPluginJar : add linkedlist
2024-12-11 09:17:12,198 [INFO] IPUIPlugin:80 - create IPUIPlugin
2024-12-11 09:17:12,198 [INFO] PluginManager:220 - loadIPPluginJar : add lorawan
2024-12-11 09:17:12,280 [INFO] IPUIPlugin:80 - create IPUIPlugin
2024-12-11 09:17:12,280 [INFO] PluginManager:220 - loadIPPluginJar : add ltdc
2024-12-11 09:17:12,312 [INFO] IPUIPlugin:80 - create IPUIPlugin
2024-12-11 09:17:12,312 [INFO] PluginManager:220 - loadIPPluginJar : add mdma
2024-12-11 09:17:12,352 [INFO] IPUIPlugin:80 - create IPUIPlugin
2024-12-11 09:17:12,353 [INFO] PluginManager:220 - loadIPPluginJar : add nvic
2024-12-11 09:17:12,440 [INFO] IPUIPlugin:80 - create IPUIPlugin
2024-12-11 09:17:12,440 [INFO] PluginManager:220 - loadIPPluginJar : add opamp
2024-12-11 09:17:12,571 [INFO] IPUIPlugin:80 - create IPUIPlugin
2024-12-11 09:17:12,572 [INFO] PluginManager:220 - loadIPPluginJar : add openamp
2024-12-11 09:17:12,695 [INFO] IPUIPlugin:80 - create IPUIPlugin
2024-12-11 09:17:12,695 [INFO] PluginManager:220 - loadIPPluginJar : add pdm2pcm
2024-12-11 09:17:12,725 [INFO] IPUIPlugin:80 - create IPUIPlugin
2024-12-11 09:17:12,729 [INFO] PluginManager:220 - loadIPPluginJar : add plateformsettings
2024-12-11 09:17:12,770 [INFO] IPUIPlugin:80 - create IPUIPlugin
2024-12-11 09:17:12,770 [INFO] PluginManager:220 - loadIPPluginJar : add quadspi
2024-12-11 09:17:12,842 [INFO] IPUIPlugin:80 - create IPUIPlugin
2024-12-11 09:17:12,864 [INFO] PluginManager:220 - loadIPPluginJar : add radio
2024-12-11 09:17:12,892 [INFO] IPUIPlugin:80 - create IPUIPlugin
2024-12-11 09:17:12,892 [INFO] PluginManager:220 - loadIPPluginJar : add resmgrutility
2024-12-11 09:17:13,010 [INFO] IPUIPlugin:80 - create IPUIPlugin
2024-12-11 09:17:13,010 [INFO] PluginManager:220 - loadIPPluginJar : add sai
2024-12-11 09:17:13,110 [INFO] IPUIPlugin:80 - create IPUIPlugin
2024-12-11 09:17:13,111 [INFO] PluginManager:220 - loadIPPluginJar : add spi
2024-12-11 09:17:13,251 [INFO] IPUIPlugin:80 - create IPUIPlugin
2024-12-11 09:17:13,252 [INFO] PluginManager:220 - loadIPPluginJar : add stm32_wpan
2024-12-11 09:17:13,307 [INFO] IPUIPlugin:80 - create IPUIPlugin
2024-12-11 09:17:13,307 [INFO] PluginManager:220 - loadIPPluginJar : add tim
2024-12-11 09:17:13,443 [INFO] IPUIPlugin:80 - create IPUIPlugin
2024-12-11 09:17:13,444 [INFO] PluginManager:220 - loadIPPluginJar : add touchsensing
2024-12-11 09:17:13,495 [INFO] IPUIPlugin:80 - create IPUIPlugin
2024-12-11 09:17:13,495 [INFO] PluginManager:220 - loadIPPluginJar : add tracer_emb
2024-12-11 09:17:13,538 [INFO] IPUIPlugin:80 - create IPUIPlugin
2024-12-11 09:17:13,538 [INFO] PluginManager:220 - loadIPPluginJar : add ts
2024-12-11 09:17:13,592 [INFO] IPUIPlugin:80 - create IPUIPlugin
2024-12-11 09:17:13,593 [INFO] PluginManager:220 - loadIPPluginJar : add tsc
2024-12-11 09:17:13,644 [INFO] IPUIPlugin:80 - create IPUIPlugin
2024-12-11 09:17:13,644 [INFO] PluginManager:220 - loadIPPluginJar : add ucpd
2024-12-11 09:17:13,746 [INFO] IPUIPlugin:80 - create IPUIPlugin
2024-12-11 09:17:13,747 [INFO] PluginManager:220 - loadIPPluginJar : add usart
2024-12-11 09:17:13,886 [INFO] IPUIPlugin:80 - create IPUIPlugin
2024-12-11 09:17:13,886 [INFO] PluginManager:220 - loadIPPluginJar : add usbx
2024-12-11 09:17:14,003 [INFO] ThirdPartyUpdaterWithRetryManager:70 - Updater plugin not ready yet. [3/15]
2024-12-11 09:17:14,068 [INFO] CADModel:165 - CPN selected for project level
2024-12-11 09:17:14,069 [INFO] CADModel:114 - Register for checkConnection events
2024-12-11 09:17:14,069 [FATAL] Updater:334 - Updater called before beeing initialized
2024-12-11 09:17:14,069 [ERROR] CADModel:125 - Updater not yet initialized, retry later 
2024-12-11 09:17:14,556 [INFO] CADModel:165 - CPN selected for project level
2024-12-11 09:17:14,556 [INFO] CADModel:114 - Register for checkConnection events
2024-12-11 09:17:14,556 [FATAL] Updater:334 - Updater called before beeing initialized
2024-12-11 09:17:14,556 [ERROR] CADModel:125 - Updater not yet initialized, retry later 
2024-12-11 09:17:14,564 [FATAL] Updater:334 - Updater called before beeing initialized
2024-12-11 09:17:14,737 [FATAL] Updater:334 - Updater called before beeing initialized
2024-12-11 09:17:14,770 [INFO] DbMcusAds:53 - JSON generation date=Fri Sep 20 20:04:23 ICT 2024 (1726837463113)
2024-12-11 09:17:14,771 [FATAL] Updater:334 - Updater called before beeing initialized
2024-12-11 09:17:15,035 [WARN] DetailPanel:346 - Failed to get advertising image, set to default
2024-12-11 09:17:15,211 [FATAL] Updater:334 - Updater called before beeing initialized
2024-12-11 09:17:15,232 [FATAL] Updater:334 - Updater called before beeing initialized
2024-12-11 09:17:15,233 [FATAL] Updater:334 - Updater called before beeing initialized
2024-12-11 09:17:15,233 [WARN] DetailPanel:346 - Failed to get advertising image, set to default
2024-12-11 09:17:15,235 [FATAL] Updater:334 - Updater called before beeing initialized
2024-12-11 09:17:15,442 [ERROR] Updater:1164 - MainUpdater not yet initialized. External WinMGr cannot be set.
2024-12-11 09:17:15,552 [INFO] Updater:1100 - Updater Version found : 6.12.1
2024-12-11 09:17:15,620 [INFO] ApplicationProperties:184 - Using Application install path: D:\ST\STM32CubeIDE_1.16.0\STM32CubeIDE\plugins\com.st.stm32cube.common.mx_6.12.1.202409122256
2024-12-11 09:17:16,502 [INFO] MainUpdater:2873 - connection check result : 10
2024-12-11 09:17:16,503 [INFO] MainUpdater:290 - Updater Check For Update Now.
2024-12-11 09:17:16,503 [INFO] MicroXplorer:498 - Change Database Version : DB.6.0.121
2024-12-11 09:17:16,540 [INFO] McuFinderGlobals:63 - Set McuFinder mode to 2 (CubeIDE integrated)
2024-12-11 09:17:16,554 [INFO] UserAuth:417 - Internet connection configuration mode: 1
2024-12-11 09:17:16,662 [INFO] JxBrowserEngine:152 - Initiate JxBrowser Engine with user profile folder
2024-12-11 09:17:16,983 [INFO] CheckServerUpdateThread:120 - End of CheckServer Thread
2024-12-11 09:17:17,476 [WARN] PackLoader:240 - Cannot read IP mode file for STMicroelectronics.FP-SNS-MOTENVWB1.1.4.0
2024-12-11 09:17:17,507 [WARN] PackLoader:240 - Cannot read IP mode file for STMicroelectronics.FP-ATR-ASTRA1.2.0.1
2024-12-11 09:17:17,545 [WARN] PackLoader:240 - Cannot read IP mode file for STMicroelectronics.X-CUBE-SMBUS.2.1.0
2024-12-11 09:17:17,587 [WARN] PackLoader:240 - Cannot read IP mode file for STMicroelectronics.X-CUBE-WB05N.1.1.0
2024-12-11 09:17:17,770 [WARN] PackLoader:240 - Cannot read IP mode file for STMicroelectronics.X-CUBE-AZRTOS-F7.1.1.0
2024-12-11 09:17:17,930 [WARN] PackLoader:240 - Cannot read IP mode file for STMicroelectronics.X-CUBE-MEMS1.11.0.0
2024-12-11 09:17:18,289 [WARN] PackLoader:240 - Cannot read IP mode file for STMicroelectronics.FP-SNS-FLIGHT1.5.0.2
2024-12-11 09:17:18,321 [WARN] PackLoader:240 - Cannot read IP mode file for STMicroelectronics.X-CUBE-DISPLAY.3.0.0
2024-12-11 09:17:18,361 [WARN] PackLoader:240 - Cannot read IP mode file for STMicroelectronics.X-CUBE-BLE1.7.0.0
2024-12-11 09:17:18,391 [WARN] PackLoader:240 - Cannot read IP mode file for STMicroelectronics.X-CUBE-NFC10.1.0.0
2024-12-11 09:17:18,432 [WARN] PackLoader:240 - Cannot read IP mode file for STMicroelectronics.X-CUBE-BLEMGR.4.0.0
2024-12-11 09:17:18,465 [WARN] PackLoader:240 - Cannot read IP mode file for emotas.I-CUBE-CANOPEN.1.3.0
2024-12-11 09:17:18,499 [WARN] PackLoader:240 - Cannot read IP mode file for STMicroelectronics.X-CUBE-BLEMGR.3.1.0
2024-12-11 09:17:18,525 [WARN] PackLoader:240 - Cannot read IP mode file for STMicroelectronics.FP-SNS-SMARTAG2.1.2.0
2024-12-11 09:17:18,584 [INFO] LogOutputStream:77 - [STDOUT_REDIRECT] 1 : Invalid condition id : UX_CORESTACK_Condition cause : null
2024-12-11 09:17:18,585 [INFO] LogOutputStream:77 - [STDOUT_REDIRECT] 1 : Invalid condition id : UX_CORESTACK_Condition cause : null
2024-12-11 09:17:18,587 [INFO] LogOutputStream:77 - [STDOUT_REDIRECT] 1 : Invalid condition id : UX_CORESTACK_Condition cause : null
2024-12-11 09:17:18,590 [INFO] LogOutputStream:77 - [STDOUT_REDIRECT] 1 : Invalid condition id : UX_CORESTACK_Condition cause : null
2024-12-11 09:17:18,592 [INFO] LogOutputStream:77 - [STDOUT_REDIRECT] 1 : Invalid condition id : UX_CORESTACK_Condition cause : null
2024-12-11 09:17:18,601 [WARN] PackLoader:240 - Cannot read IP mode file for STMicroelectronics.X-CUBE-AZRTOS-WL.2.0.0
2024-12-11 09:17:18,638 [WARN] PackLoader:240 - Cannot read IP mode file for STMicroelectronics.FP-SNS-MOTENV1.5.0.0
2024-12-11 09:17:18,669 [WARN] PackLoader:240 - Cannot read IP mode file for wolfSSL.I-CUBE-wolfMQTT.1.19.0
2024-12-11 09:17:18,725 [WARN] PackLoader:240 - Cannot read IP mode file for WES.I-CUBE-Cesium.1.3.0
2024-12-11 09:17:18,787 [WARN] PackLoader:240 - Cannot read IP mode file for STMicroelectronics.X-CUBE-BLE2.3.3.0
2024-12-11 09:17:18,856 [WARN] PackLoader:240 - Cannot read IP mode file for STMicroelectronics.X-CUBE-NFC9.1.0.0
2024-12-11 09:17:18,892 [WARN] PackLoader:240 - Cannot read IP mode file for STMicroelectronics.X-CUBE-TCPP.4.1.0
2024-12-11 09:17:18,948 [WARN] PackLoader:240 - Cannot read IP mode file for STMicroelectronics.X-CUBE-AZRTOS-G0.1.1.0
2024-12-11 09:17:18,985 [WARN] PackLoader:240 - Cannot read IP mode file for STMicroelectronics.X-CUBE-SAFEA1.1.2.2
2024-12-11 09:17:19,019 [WARN] PackLoader:240 - Cannot read IP mode file for STMicroelectronics.X-CUBE-NFC4.3.0.0
2024-12-11 09:17:19,067 [WARN] PackLoader:240 - Cannot read IP mode file for EmbeddedOffice.I-CUBE-FS-RTOS.1.0.1
2024-12-11 09:17:19,068 [ERROR] ConditionMgr:805 - Attr not supported : Dmpu
2024-12-11 09:17:19,068 [ERROR] ConditionMgr:805 - Attr not supported : Dmpu
2024-12-11 09:17:19,068 [ERROR] ConditionMgr:805 - Attr not supported : Dmpu
2024-12-11 09:17:19,068 [ERROR] ConditionMgr:805 - Attr not supported : Dmpu
2024-12-11 09:17:19,069 [ERROR] ConditionMgr:805 - Attr not supported : Dmpu
2024-12-11 09:17:19,069 [ERROR] ConditionMgr:805 - Attr not supported : Dmpu
2024-12-11 09:17:19,069 [ERROR] ConditionMgr:805 - Attr not supported : Dmpu
2024-12-11 09:17:19,069 [ERROR] ConditionMgr:805 - Attr not supported : Dmpu
2024-12-11 09:17:19,069 [ERROR] ConditionMgr:805 - Attr not supported : Dmpu
2024-12-11 09:17:19,069 [ERROR] ConditionMgr:805 - Attr not supported : Dmpu
2024-12-11 09:17:19,070 [ERROR] ConditionMgr:805 - Attr not supported : Dmpu
2024-12-11 09:17:19,070 [ERROR] ConditionMgr:805 - Attr not supported : Dmpu
2024-12-11 09:17:19,070 [ERROR] ConditionMgr:805 - Attr not supported : Dmpu
2024-12-11 09:17:19,070 [ERROR] ConditionMgr:805 - Attr not supported : Dmpu
2024-12-11 09:17:19,070 [ERROR] ConditionMgr:805 - Attr not supported : Dmpu
2024-12-11 09:17:19,070 [ERROR] ConditionMgr:805 - Attr not supported : Dmpu
2024-12-11 09:17:19,071 [ERROR] ConditionMgr:805 - Attr not supported : Dmpu
2024-12-11 09:17:19,071 [ERROR] ConditionMgr:805 - Attr not supported : Dmpu
2024-12-11 09:17:19,071 [ERROR] ConditionMgr:805 - Attr not supported : Dmpu
2024-12-11 09:17:19,071 [ERROR] ConditionMgr:805 - Attr not supported : Dmpu
2024-12-11 09:17:19,072 [ERROR] ConditionMgr:805 - Attr not supported : Dmpu
2024-12-11 09:17:19,072 [ERROR] ConditionMgr:805 - Attr not supported : Dmpu
2024-12-11 09:17:19,072 [ERROR] ConditionMgr:805 - Attr not supported : Dmpu
2024-12-11 09:17:19,072 [ERROR] ConditionMgr:805 - Attr not supported : Dmpu
2024-12-11 09:17:19,072 [ERROR] ConditionMgr:805 - Attr not supported : Dmpu
2024-12-11 09:17:19,072 [ERROR] ConditionMgr:805 - Attr not supported : Dmpu
2024-12-11 09:17:19,073 [ERROR] ConditionMgr:805 - Attr not supported : Dmpu
2024-12-11 09:17:19,073 [ERROR] ConditionMgr:805 - Attr not supported : Dmpu
2024-12-11 09:17:19,073 [ERROR] ConditionMgr:805 - Attr not supported : Dmpu
2024-12-11 09:17:19,073 [ERROR] ConditionMgr:805 - Attr not supported : Dmpu
2024-12-11 09:17:19,074 [ERROR] ConditionMgr:805 - Attr not supported : Dmpu
2024-12-11 09:17:19,074 [ERROR] ConditionMgr:805 - Attr not supported : Dmpu
2024-12-11 09:17:19,074 [ERROR] ConditionMgr:805 - Attr not supported : Dmpu
2024-12-11 09:17:19,074 [ERROR] ConditionMgr:805 - Attr not supported : Dmpu
2024-12-11 09:17:19,074 [ERROR] ConditionMgr:805 - Attr not supported : Dmpu
2024-12-11 09:17:19,074 [ERROR] ConditionMgr:805 - Attr not supported : Dmpu
2024-12-11 09:17:19,075 [ERROR] ConditionMgr:805 - Attr not supported : Dmpu
2024-12-11 09:17:19,075 [ERROR] ConditionMgr:805 - Attr not supported : Dmpu
2024-12-11 09:17:19,075 [ERROR] ConditionMgr:805 - Attr not supported : Dmpu
2024-12-11 09:17:19,075 [ERROR] ConditionMgr:805 - Attr not supported : Dmpu
2024-12-11 09:17:19,075 [ERROR] ConditionMgr:805 - Attr not supported : Dmpu
2024-12-11 09:17:19,075 [ERROR] ConditionMgr:805 - Attr not supported : Dmpu
2024-12-11 09:17:19,076 [ERROR] ConditionMgr:805 - Attr not supported : Dmpu
2024-12-11 09:17:19,076 [ERROR] ConditionMgr:805 - Attr not supported : Dmpu
2024-12-11 09:17:19,076 [ERROR] ConditionMgr:805 - Attr not supported : Dmpu
2024-12-11 09:17:19,076 [ERROR] ConditionMgr:805 - Attr not supported : Dmpu
2024-12-11 09:17:19,076 [ERROR] ConditionMgr:805 - Attr not supported : Dmpu
2024-12-11 09:17:19,076 [ERROR] ConditionMgr:805 - Attr not supported : Dmpu
2024-12-11 09:17:19,076 [ERROR] ConditionMgr:805 - Attr not supported : Dmpu
2024-12-11 09:17:19,077 [ERROR] ConditionMgr:805 - Attr not supported : Dmpu
2024-12-11 09:17:19,077 [ERROR] ConditionMgr:805 - Attr not supported : Dmpu
2024-12-11 09:17:19,077 [ERROR] ConditionMgr:805 - Attr not supported : Dmpu
2024-12-11 09:17:19,077 [ERROR] ConditionMgr:805 - Attr not supported : Dmpu
2024-12-11 09:17:19,077 [ERROR] ConditionMgr:805 - Attr not supported : Dmpu
2024-12-11 09:17:19,077 [ERROR] ConditionMgr:805 - Attr not supported : Dmpu
2024-12-11 09:17:19,077 [ERROR] ConditionMgr:805 - Attr not supported : Dmpu
2024-12-11 09:17:19,078 [ERROR] ConditionMgr:805 - Attr not supported : Dmpu
2024-12-11 09:17:19,078 [ERROR] ConditionMgr:805 - Attr not supported : Dmpu
2024-12-11 09:17:19,079 [ERROR] ConditionMgr:805 - Attr not supported : Dmpu
2024-12-11 09:17:19,079 [ERROR] ConditionMgr:805 - Attr not supported : Dmpu
2024-12-11 09:17:19,080 [ERROR] ConditionMgr:805 - Attr not supported : Dmpu
2024-12-11 09:17:19,080 [ERROR] ConditionMgr:805 - Attr not supported : Dmpu
2024-12-11 09:17:19,080 [ERROR] ConditionMgr:805 - Attr not supported : Dmpu
2024-12-11 09:17:19,080 [ERROR] ConditionMgr:805 - Attr not supported : Dmpu
2024-12-11 09:17:19,106 [WARN] PackLoader:240 - Cannot read IP mode file for RealThread.X-CUBE-RT-Thread_Nano.4.1.1
2024-12-11 09:17:19,126 [WARN] PackLoader:240 - Cannot read IP mode file for STMicroelectronics.FP-ATR-SIGFOX1.3.2.0
2024-12-11 09:17:19,146 [WARN] PackLoader:240 - Cannot read IP mode file for wolfSSL.I-CUBE-wolfSSL.5.7.2
2024-12-11 09:17:19,167 [WARN] ConditionMgr:438 - getConditionDescription Invalid condition id : Cortex-A Device cause : null
2024-12-11 09:17:19,238 [WARN] ConditionMgr:1039 - genDependencies : Invalid condition id : Cortex-A Device cause : null
2024-12-11 09:17:19,238 [WARN] ConditionMgr:1039 - genDependencies : Invalid condition id : Cortex-A Device cause : null
2024-12-11 09:17:19,238 [WARN] ConditionMgr:1039 - genDependencies : Invalid condition id : Cortex-A Device cause : null
2024-12-11 09:17:19,271 [WARN] PackLoader:240 - Cannot read IP mode file for STMicroelectronics.X-CUBE-EEPRMA1.5.1.0
2024-12-11 09:17:19,305 [WARN] PackLoader:240 - Cannot read IP mode file for ITTIA_DB.I-CUBE-ITTIADB.8.9.0
2024-12-11 09:17:19,370 [WARN] PackLoader:240 - Cannot read IP mode file for SEGGER.I-CUBE-embOS.1.3.1
2024-12-11 09:17:19,474 [WARN] PackLoader:240 - Cannot read IP mode file for STMicroelectronics.X-CUBE-ALGOBUILD.1.4.0
2024-12-11 09:17:19,501 [WARN] PackLoader:240 - Cannot read IP mode file for STMicroelectronics.X-CUBE-AI.9.1.0
2024-12-11 09:17:19,532 [WARN] PackLoader:240 - Cannot read IP mode file for STMicroelectronics.X-CUBE-GNSS1.6.0.0
2024-12-11 09:17:19,597 [WARN] PackLoader:240 - Cannot read IP mode file for STMicroelectronics.X-CUBE-AZRTOS-F4.1.1.0
2024-12-11 09:17:19,625 [WARN] PackLoader:240 - Cannot read IP mode file for STMicroelectronics.X-CUBE-ISPU.2.1.0
2024-12-11 09:17:19,649 [WARN] PackLoader:240 - Cannot read IP mode file for STMicroelectronics.X-CUBE-FREERTOS.1.2.0
2024-12-11 09:17:19,703 [WARN] PackLoader:240 - Cannot read IP mode file for STMicroelectronics.X-CUBE-AZRTOS-L5.2.0.0
2024-12-11 09:17:19,736 [WARN] PackLoader:240 - Cannot read IP mode file for STMicroelectronics.X-CUBE-NFC6.3.1.0
2024-12-11 09:17:19,764 [WARN] PackLoader:240 - Cannot read IP mode file for STMicroelectronics.X-CUBE-DPower.1.2.0
2024-12-11 09:17:19,790 [WARN] PackLoader:240 - Cannot read IP mode file for STMicroelectronics.X-CUBE-AI.9.0.0
2024-12-11 09:17:19,823 [WARN] PackLoader:240 - Cannot read IP mode file for STMicroelectronics.X-CUBE-NFC7.1.0.1
2024-12-11 09:17:19,858 [WARN] PackLoader:240 - Cannot read IP mode file for wolfSSL.I-CUBE-wolfTPM.3.2.0
2024-12-11 09:17:19,947 [WARN] ConditionMgr:438 - getConditionDescription Invalid condition id : LAN8742 Phy interface Condition cause : null
2024-12-11 09:17:19,949 [WARN] PackLoader:240 - Cannot read IP mode file for STMicroelectronics.X-CUBE-AZRTOS-L4.2.0.0
2024-12-11 09:17:19,952 [WARN] ConditionMgr:1039 - genDependencies : Invalid condition id : LAN8742 Phy interface Condition cause : null
2024-12-11 09:17:19,952 [WARN] ConditionMgr:1039 - genDependencies : Invalid condition id : LAN8742 Phy interface Condition cause : null
2024-12-11 09:17:19,954 [WARN] ConditionMgr:1039 - genDependencies : Invalid condition id : LAN8742 Phy interface Condition cause : null
2024-12-11 09:17:20,004 [WARN] PackLoader:240 - Cannot read IP mode file for STMicroelectronics.X-CUBE-SFXS2LP1.4.0.0
2024-12-11 09:17:20,069 [WARN] PackLoader:240 - Cannot read IP mode file for STMicroelectronics.X-CUBE-AZRTOS-H7.3.3.0
2024-12-11 09:17:20,113 [WARN] PackLoader:240 - Cannot read IP mode file for STMicroelectronics.X-CUBE-IPS.3.0.0
2024-12-11 09:17:20,161 [WARN] ConditionMgr:438 - getConditionDescription Invalid condition id : UX DEVICE CLASS RTOS Condition cause : null
2024-12-11 09:17:20,163 [WARN] ConditionMgr:438 - getConditionDescription Invalid condition id : UX DEVICE CLASS RTOS Condition cause : null
2024-12-11 09:17:20,172 [WARN] PackLoader:240 - Cannot read IP mode file for STMicroelectronics.X-CUBE-AZRTOS-WB.2.0.0
2024-12-11 09:17:20,173 [WARN] ConditionMgr:1039 - genDependencies : Invalid condition id : UX DEVICE CLASS RTOS Condition cause : null
2024-12-11 09:17:20,173 [WARN] ConditionMgr:1039 - genDependencies : Invalid condition id : UX DEVICE CLASS RTOS Condition cause : null
2024-12-11 09:17:20,174 [WARN] ConditionMgr:1039 - genDependencies : Invalid condition id : UX DEVICE CLASS RTOS Condition cause : null
2024-12-11 09:17:20,175 [WARN] ConditionMgr:1039 - genDependencies : Invalid condition id : UX DEVICE CLASS RTOS Condition cause : null
2024-12-11 09:17:20,175 [WARN] ConditionMgr:1039 - genDependencies : Invalid condition id : UX DEVICE CLASS RTOS Condition cause : null
2024-12-11 09:17:20,209 [WARN] PackLoader:240 - Cannot read IP mode file for STMicroelectronics.X-CUBE-GNSS1.7.0.0
2024-12-11 09:17:20,263 [WARN] PackLoader:240 - Cannot read IP mode file for STMicroelectronics.FP-SNS-STBOX1.2.0.0
2024-12-11 09:17:20,313 [WARN] PackLoader:240 - Cannot read IP mode file for STMicroelectronics.X-CUBE-SUBG2.5.0.0
2024-12-11 09:17:20,353 [WARN] PackLoader:240 - Cannot read IP mode file for Cesanta.I-CUBE-Mongoose.7.13.0
2024-12-11 09:17:20,419 [WARN] PackLoader:240 - Cannot read IP mode file for STMicroelectronics.X-CUBE-AZRTOS-G4.2.0.0
2024-12-11 09:17:20,447 [WARN] PackLoader:240 - Cannot read IP mode file for STMicroelectronics.X-CUBE-ISPU.2.0.0
2024-12-11 09:17:20,471 [WARN] PackLoader:240 - Cannot read IP mode file for STMicroelectronics.X-CUBE-ALS.1.0.2
2024-12-11 09:17:20,583 [WARN] PackLoader:240 - Cannot read IP mode file for STMicroelectronics.X-CUBE-MEMS1.10.0.0
2024-12-11 09:17:20,841 [WARN] PackLoader:240 - Cannot read IP mode file for STMicroelectronics.X-CUBE-TOUCHGFX.4.24.0
2024-12-11 09:17:20,877 [WARN] PackLoader:240 - Cannot read IP mode file for STMicroelectronics.X-CUBE-TOUCHGFX.4.24.1
2024-12-11 09:17:20,917 [WARN] PackLoader:240 - Cannot read IP mode file for portGmbH.I-Cube-SoM-uGOAL.1.1.0
2024-12-11 09:17:21,004 [WARN] PackLoader:240 - Cannot read IP mode file for STMicroelectronics.X-CUBE-AZRTOS-H7RS.1.0.0
2024-12-11 09:17:21,057 [WARN] PackLoader:240 - Cannot read IP mode file for STMicroelectronics.FP-ATR-ASTRA1.2.0.0
2024-12-11 09:17:21,120 [WARN] PackLoader:240 - Cannot read IP mode file for STMicroelectronics.X-CUBE-TOF1.3.4.2
2024-12-11 09:17:21,233 [WARN] PackLoader:240 - Cannot read IP mode file for STMicroelectronics.X-CUBE-AZRTOS-H7.3.2.0
2024-12-11 09:17:21,318 [WARN] PackLoader:240 - Cannot read IP mode file for Infineon.AIROC-Wi-Fi-Bluetooth-STM32.1.6.0
2024-12-11 09:17:21,356 [WARN] PackLoader:240 - Cannot read IP mode file for wolfSSL.I-CUBE-wolfSSH.1.4.17
2024-12-11 09:17:21,357 [INFO] ThirdParty:978 - Integrity check success = true
2024-12-11 09:17:21,357 [INFO] IntegrityCheckThread:100 - exiting critical section [integrity check]
2024-12-11 09:17:21,358 [INFO] IntegrityCheckThread:103 - End integrity checks thread
2024-12-11 09:17:30,252 [INFO] WebApp:167 - Instantiating new browser for Auth
2024-12-11 09:17:32,248 [INFO] WebApp:448 - Apply proxy settings
2024-12-11 09:17:32,248 [INFO] WebApp:533 - Chromium requires no authentication
2024-12-11 09:17:32,311 [INFO] WebApp:476 - Direct internet connection detected
2024-12-11 09:17:32,449 [INFO] WebApp:869 - Register for checkConnection events
2024-12-11 09:17:32,450 [INFO] WebApp:448 - Apply proxy settings
2024-12-11 09:17:32,450 [INFO] WebApp:533 - Chromium requires no authentication
2024-12-11 09:17:32,452 [INFO] WebApp:476 - Direct internet connection detected
2024-12-11 09:17:32,900 [INFO] WebApp:186 - Connection restablished
2024-12-11 09:17:33,733 [INFO] WebApp:220 - Starting web application
2024-12-11 09:17:33,734 [INFO] WebApp:578 - Web application path used D:\ST\STM32CubeIDE_1.16.0\STM32CubeIDE\plugins\com.st.stm32cube.common.mx_6.12.1.202409122256\db\plugins\mcufinder\reactClient1\index.html
2024-12-11 09:17:34,739 [INFO] UserAuth:417 - Internet connection configuration mode: 1
2024-12-11 20:53:50,915 [INFO] WebApp:189 - Connection lost
2024-12-11 20:53:52,210 [INFO] WebApp:186 - Connection restablished
