2024-11-26 13:39:36,942 [INFO] Activator:176 - 


2024-11-26 13:39:36,988 [INFO] Activator:177 - !SESSION log4j initialized
2024-11-26 13:39:51,426 [INFO] LogOutputStream:77 - [STDOUT_REDIRECT] 
2024-11-26 13:40:07,690 [INFO] ApplicationProperties:184 - Using Application install path: D:\ST\STM32CubeIDE_1.16.0\STM32CubeIDE\plugins\com.st.stm32cube.common.mx_6.12.1.202409122256
2024-11-26 13:40:07,787 [INFO] DbMcusXml:78 - Set database path to: D:\ST\STM32CubeIDE_1.16.0\STM32CubeIDE\plugins\com.st.stm32cube.common.mx_6.12.1.202409122256\\db\/mcu/
2024-11-26 13:40:07,788 [INFO] ApiDb:274 - Set plugin database path to: D:\ST\STM32CubeIDE_1.16.0\STM32CubeIDE\plugins\com.st.stm32cube.common.mx_6.12.1.202409122256\\db\/plugins/boardmanager/
2024-11-26 13:40:07,808 [WARN] ApiDb:259 - Overriding images path with different value:  => D:\ST\STM32CubeIDE_1.16.0\STM32CubeIDE\plugins\com.st.stm32cube.common.mx_6.12.1.202409122256\\db\/plugins/mcufinder/images/
2024-11-26 13:40:07,974 [INFO] ApiDb:250 - Set database path to: C:\Users\Asus\.stmcufinder\plugins\mcufinder//mcu/
2024-11-26 13:40:07,977 [INFO] DbMcusAds:125 - Set database path to: C:\Users\Asus\.stmcufinder\plugins\mcufinder//mcu/
2024-11-26 13:40:07,998 [INFO] CrossReferenceDbSqlite:203 - Set database path to: C:\Users\Asus\.stmcufinder\plugins\mcufinder//mcu/cs/
2024-11-26 13:40:08,352 [INFO] RulesReader:64 - Compatibility file has been processed (297 Rules)
2024-11-26 13:40:08,585 [INFO] DbMcusXml:78 - Set database path to: D:\ST\STM32CubeIDE_1.16.0\STM32CubeIDE\plugins\com.st.stm32cube.common.mx_6.12.1.202409122256\\db\/mcu/
2024-11-26 13:40:08,585 [INFO] ApiDb:274 - Set plugin database path to: D:\ST\STM32CubeIDE_1.16.0\STM32CubeIDE\plugins\com.st.stm32cube.common.mx_6.12.1.202409122256\\db\/plugins/boardmanager/
2024-11-26 13:40:08,586 [INFO] ApiDb:261 - Set plugin images path to: D:\ST\STM32CubeIDE_1.16.0\STM32CubeIDE\plugins\com.st.stm32cube.common.mx_6.12.1.202409122256\\db\/plugins/mcufinder/images/
2024-11-26 13:40:08,586 [WARN] DbFile:41 - Overriding database path with different value: C:\Users\Asus\.stmcufinder\plugins\mcufinder/ => C:\Users\Asus\.stmcufinder\plugins\mcufinder
2024-11-26 13:40:08,586 [INFO] ApiDb:250 - Set database path to: C:\Users\Asus\.stmcufinder\plugins\mcufinder//mcu/
2024-11-26 13:40:08,586 [WARN] DbFile:41 - Overriding database path with different value: C:\Users\Asus\.stmcufinder\plugins\mcufinder/ => C:\Users\Asus\.stmcufinder\plugins\mcufinder
2024-11-26 13:40:08,587 [INFO] DbMcusAds:125 - Set database path to: C:\Users\Asus\.stmcufinder\plugins\mcufinder//mcu/
2024-11-26 13:40:08,587 [WARN] DbFile:41 - Overriding database path with different value: C:\Users\Asus\.stmcufinder\plugins\mcufinder/ => C:\Users\Asus\.stmcufinder\plugins\mcufinder
2024-11-26 13:40:08,587 [WARN] DbFile:41 - Overriding database path with different value: C:\Users\Asus\.stmcufinder\plugins\mcufinder/ => C:\Users\Asus\.stmcufinder\plugins\mcufinder
2024-11-26 13:40:08,587 [INFO] CrossReferenceDbSqlite:203 - Set database path to: C:\Users\Asus\.stmcufinder\plugins\mcufinder//mcu/cs/
2024-11-26 13:40:08,896 [INFO] MainPanel:268 - HeapMemory: 268435456
2024-11-26 13:40:09,489 [INFO] DbMcusXml:78 - Set database path to: D:\ST\STM32CubeIDE_1.16.0\STM32CubeIDE\plugins\com.st.stm32cube.common.mx_6.12.1.202409122256\\db\/mcu/
2024-11-26 13:40:09,489 [INFO] ApiDb:274 - Set plugin database path to: D:\ST\STM32CubeIDE_1.16.0\STM32CubeIDE\plugins\com.st.stm32cube.common.mx_6.12.1.202409122256\\db\/plugins/boardmanager/
2024-11-26 13:40:09,489 [INFO] ApiDb:261 - Set plugin images path to: D:\ST\STM32CubeIDE_1.16.0\STM32CubeIDE\plugins\com.st.stm32cube.common.mx_6.12.1.202409122256\\db\/plugins/mcufinder/images/
2024-11-26 13:40:09,490 [WARN] DbFile:41 - Overriding database path with different value: C:\Users\Asus\.stmcufinder\plugins\mcufinder/ => C:\Users\Asus\.stmcufinder\plugins\mcufinder
2024-11-26 13:40:09,490 [INFO] ApiDb:250 - Set database path to: C:\Users\Asus\.stmcufinder\plugins\mcufinder//mcu/
2024-11-26 13:40:09,490 [WARN] DbFile:41 - Overriding database path with different value: C:\Users\Asus\.stmcufinder\plugins\mcufinder/ => C:\Users\Asus\.stmcufinder\plugins\mcufinder
2024-11-26 13:40:09,491 [INFO] DbMcusAds:125 - Set database path to: C:\Users\Asus\.stmcufinder\plugins\mcufinder//mcu/
2024-11-26 13:40:09,491 [WARN] DbFile:41 - Overriding database path with different value: C:\Users\Asus\.stmcufinder\plugins\mcufinder/ => C:\Users\Asus\.stmcufinder\plugins\mcufinder
2024-11-26 13:40:09,491 [WARN] DbFile:41 - Overriding database path with different value: C:\Users\Asus\.stmcufinder\plugins\mcufinder/ => C:\Users\Asus\.stmcufinder\plugins\mcufinder
2024-11-26 13:40:09,492 [INFO] CrossReferenceDbSqlite:203 - Set database path to: C:\Users\Asus\.stmcufinder\plugins\mcufinder//mcu/cs/
2024-11-26 13:40:09,534 [INFO] ApplicationProperties:184 - Using Application install path: D:\ST\STM32CubeIDE_1.16.0\STM32CubeIDE\plugins\com.st.stm32cube.common.mx_6.12.1.202409122256
2024-11-26 13:40:09,537 [INFO] PluginManage:196 - Search for loadable plugins [exclusion list=, ]
2024-11-26 13:40:09,541 [INFO] PluginManage:310 - Check plugin analytics
2024-11-26 13:40:19,474 [INFO] AnalyticsPlugin:253 - Accepted Software Licenses: STM32CubeMX.6.5.0
2024-11-26 13:40:19,474 [INFO] AnalyticsPlugin:255 - Accepted CMSIS Pack Licenses: 
2024-11-26 13:40:19,474 [INFO] AnalyticsPlugin:257 - Accepted Firmware Licenses: FW.F4.1.27.0,FW.F4.1.28.0
2024-11-26 13:40:19,478 [INFO] PluginManage:359 - Loaded plugin analytics (category:tool,tabindex:-1)
2024-11-26 13:40:19,479 [INFO] PluginManage:310 - Check plugin cadmodel
2024-11-26 13:40:19,552 [INFO] CADModel:105 - Init CAD model plugin
2024-11-26 13:40:19,552 [INFO] PluginManage:359 - Loaded plugin cadmodel (category:power,tabindex:5)
2024-11-26 13:40:19,552 [INFO] PluginManage:310 - Check plugin clock
2024-11-26 13:40:19,577 [INFO] PluginManage:359 - Loaded plugin clock (category:base,tabindex:2)
2024-11-26 13:40:19,577 [INFO] PluginManage:310 - Check plugin ddr
2024-11-26 13:40:19,603 [INFO] PluginManage:359 - Loaded plugin ddr (category:tool,tabindex:6)
2024-11-26 13:40:19,603 [INFO] PluginManage:310 - Check plugin filemanager
2024-11-26 13:40:20,130 [INFO] PluginManage:359 - Loaded plugin filemanager (category:base,tabindex:10)
2024-11-26 13:40:20,131 [INFO] PluginManage:310 - Check plugin ipmanager
2024-11-26 13:40:20,154 [INFO] PluginManage:359 - Loaded plugin ipmanager (category:base,tabindex:5)
2024-11-26 13:40:20,154 [INFO] PluginManage:310 - Check plugin lpbam
2024-11-26 13:40:20,199 [INFO] PluginManage:359 - Loaded plugin lpbam (category:base,tabindex:0)
2024-11-26 13:40:20,199 [INFO] PluginManage:310 - Check plugin memorymap
2024-11-26 13:40:20,271 [INFO] PluginManage:359 - Loaded plugin memorymap (category:base,tabindex:4)
2024-11-26 13:40:20,272 [INFO] PluginManage:310 - Check plugin pinoutandconfiguration
2024-11-26 13:40:20,362 [INFO] PluginManage:359 - Loaded plugin pinoutandconfiguration (category:base,tabindex:1)
2024-11-26 13:40:20,362 [INFO] PluginManage:310 - Check plugin pinoutconfig
2024-11-26 13:40:20,596 [WARN] SupportedApi:132 - Cannot load RTOS API schema: s4s-elt-must-match.1: The content of 'definitions' must match (annotation?, (simpleType | complexType)?, (unique | key | keyref)*)). A problem was found starting at: attribute.
2024-11-26 13:40:20,932 [INFO] PluginManage:359 - Loaded plugin pinoutconfig (category:base,tabindex:0)
2024-11-26 13:40:20,932 [INFO] PluginManage:310 - Check plugin power
2024-11-26 13:40:21,010 [INFO] PluginManage:359 - Loaded plugin power (category:power,tabindex:4)
2024-11-26 13:40:21,010 [INFO] PluginManage:310 - Check plugin projectmanager
2024-11-26 13:40:21,050 [INFO] PluginManage:359 - Loaded plugin projectmanager (category:projectmanager,tabindex:4)
2024-11-26 13:40:21,051 [INFO] PluginManage:310 - Check plugin rif
2024-11-26 13:40:21,082 [INFO] PluginManage:359 - Loaded plugin rif (category:base,tabindex:3)
2024-11-26 13:40:21,084 [INFO] PluginManage:310 - Check plugin thirdparty
2024-11-26 13:40:21,794 [WARN] IntegrityCheckThread:84 - waiting for thirdparty lock release [integrity check]
2024-11-26 13:40:21,794 [INFO] PluginManage:359 - Loaded plugin thirdparty (category:base,tabindex:-1)
2024-11-26 13:40:21,795 [INFO] IntegrityCheckThread:86 - entering critical section [integrity check]
2024-11-26 13:40:21,795 [INFO] PluginManage:310 - Check plugin tools
2024-11-26 13:40:21,795 [INFO] ThirdPartyUpdaterWithRetryManager:70 - Updater plugin not ready yet. [1/15]
2024-11-26 13:40:21,857 [INFO] PluginManage:359 - Loaded plugin tools (category:base,tabindex:7)
2024-11-26 13:40:21,857 [INFO] PluginManage:310 - Check plugin tutovideos
2024-11-26 13:40:22,428 [INFO] PluginManage:359 - Loaded plugin tutovideos (category:base,tabindex:-1)
2024-11-26 13:40:22,429 [INFO] PluginManage:310 - Check plugin updater
2024-11-26 13:40:22,483 [INFO] PluginManage:359 - Loaded plugin updater (category:base,tabindex:12)
2024-11-26 13:40:22,483 [INFO] PluginManage:310 - Check plugin userauth
2024-11-26 13:40:22,512 [INFO] UserAuth:113 - Init User Auth plugin
2024-11-26 13:40:22,512 [INFO] PluginManage:359 - Loaded plugin userauth (category:base,tabindex:14)
2024-11-26 13:40:22,513 [INFO] PluginManage:283 - PluginManage : Loaded plugins [18]
2024-11-26 13:40:23,055 [INFO] PinOutPanel:1561 - setPackage(No Configuration,No Configuration)
2024-11-26 13:40:23,318 [INFO] CADModel:165 - CPN selected for project level
2024-11-26 13:40:23,318 [INFO] CADModel:114 - Register for checkConnection events
2024-11-26 13:40:23,383 [INFO] IPUIPlugin:80 - create IPUIPlugin
2024-11-26 13:40:23,383 [INFO] PluginManager:220 - loadIPPluginJar : add adc
2024-11-26 13:40:23,439 [INFO] IPUIPlugin:80 - create IPUIPlugin
2024-11-26 13:40:23,439 [INFO] PluginManager:220 - loadIPPluginJar : add aes
2024-11-26 13:40:23,522 [INFO] IPUIPlugin:80 - create IPUIPlugin
2024-11-26 13:40:23,523 [INFO] PluginManager:220 - loadIPPluginJar : add can
2024-11-26 13:40:23,581 [INFO] IPUIPlugin:80 - create IPUIPlugin
2024-11-26 13:40:23,581 [INFO] PluginManager:220 - loadIPPluginJar : add comp
2024-11-26 13:40:23,648 [INFO] IPUIPlugin:80 - create IPUIPlugin
2024-11-26 13:40:23,648 [INFO] PluginManager:220 - loadIPPluginJar : add cryp
2024-11-26 13:40:23,695 [INFO] IPUIPlugin:80 - create IPUIPlugin
2024-11-26 13:40:23,695 [INFO] PluginManager:220 - loadIPPluginJar : add ddr_ctrl_phy
2024-11-26 13:40:23,752 [INFO] IPUIPlugin:80 - create IPUIPlugin
2024-11-26 13:40:23,752 [INFO] PluginManager:220 - loadIPPluginJar : add dfsdm
2024-11-26 13:40:23,775 [INFO] IPUIPlugin:80 - create IPUIPlugin
2024-11-26 13:40:23,776 [INFO] PluginManager:220 - loadIPPluginJar : add dma
2024-11-26 13:40:23,887 [INFO] IPUIPlugin:80 - create IPUIPlugin
2024-11-26 13:40:23,888 [INFO] PluginManager:220 - loadIPPluginJar : add dma3
2024-11-26 13:40:23,982 [INFO] IPUIPlugin:80 - create IPUIPlugin
2024-11-26 13:40:23,982 [INFO] PluginManager:220 - loadIPPluginJar : add extmemmanager
2024-11-26 13:40:24,031 [INFO] IPUIPlugin:80 - create IPUIPlugin
2024-11-26 13:40:24,032 [INFO] PluginManager:220 - loadIPPluginJar : add fatfs
2024-11-26 13:40:24,118 [INFO] IPUIPlugin:80 - create IPUIPlugin
2024-11-26 13:40:24,118 [INFO] PluginManager:220 - loadIPPluginJar : add fmc
2024-11-26 13:40:24,153 [INFO] IPUIPlugin:80 - create IPUIPlugin
2024-11-26 13:40:24,154 [INFO] PluginManager:220 - loadIPPluginJar : add freertos
2024-11-26 13:40:24,193 [INFO] IPUIPlugin:80 - create IPUIPlugin
2024-11-26 13:40:24,193 [INFO] PluginManager:220 - loadIPPluginJar : add genericplugin
2024-11-26 13:40:24,316 [INFO] IPUIPlugin:80 - create IPUIPlugin
2024-11-26 13:40:24,316 [INFO] PluginManager:220 - loadIPPluginJar : add gfxmmu
2024-11-26 13:40:24,538 [INFO] IPUIPlugin:80 - create IPUIPlugin
2024-11-26 13:40:24,539 [INFO] PluginManager:220 - loadIPPluginJar : add gic
2024-11-26 13:40:24,566 [INFO] IPUIPlugin:80 - create IPUIPlugin
2024-11-26 13:40:24,567 [INFO] PluginManager:220 - loadIPPluginJar : add gpio
2024-11-26 13:40:24,758 [INFO] IPUIPlugin:80 - create IPUIPlugin
2024-11-26 13:40:24,758 [INFO] PluginManager:220 - loadIPPluginJar : add gtzc
2024-11-26 13:40:24,803 [INFO] ThirdPartyUpdaterWithRetryManager:70 - Updater plugin not ready yet. [2/15]
2024-11-26 13:40:24,821 [INFO] IPUIPlugin:80 - create IPUIPlugin
2024-11-26 13:40:24,821 [INFO] PluginManager:220 - loadIPPluginJar : add hash
2024-11-26 13:40:24,922 [INFO] IPUIPlugin:80 - create IPUIPlugin
2024-11-26 13:40:24,922 [INFO] PluginManager:220 - loadIPPluginJar : add i2c
2024-11-26 13:40:25,004 [INFO] IPUIPlugin:80 - create IPUIPlugin
2024-11-26 13:40:25,005 [INFO] PluginManager:220 - loadIPPluginJar : add i2s
2024-11-26 13:40:25,092 [INFO] IPUIPlugin:80 - create IPUIPlugin
2024-11-26 13:40:25,093 [INFO] PluginManager:220 - loadIPPluginJar : add i3c
2024-11-26 13:40:25,286 [INFO] IPUIPlugin:80 - create IPUIPlugin
2024-11-26 13:40:25,286 [INFO] PluginManager:220 - loadIPPluginJar : add ipddr
2024-11-26 13:40:25,466 [INFO] IPUIPlugin:80 - create IPUIPlugin
2024-11-26 13:40:25,466 [INFO] PluginManager:220 - loadIPPluginJar : add linkedlist
2024-11-26 13:40:25,541 [INFO] IPUIPlugin:80 - create IPUIPlugin
2024-11-26 13:40:25,541 [INFO] PluginManager:220 - loadIPPluginJar : add lorawan
2024-11-26 13:40:25,620 [INFO] IPUIPlugin:80 - create IPUIPlugin
2024-11-26 13:40:25,621 [INFO] PluginManager:220 - loadIPPluginJar : add ltdc
2024-11-26 13:40:25,650 [INFO] IPUIPlugin:80 - create IPUIPlugin
2024-11-26 13:40:25,650 [INFO] PluginManager:220 - loadIPPluginJar : add mdma
2024-11-26 13:40:25,673 [INFO] IPUIPlugin:80 - create IPUIPlugin
2024-11-26 13:40:25,673 [INFO] PluginManager:220 - loadIPPluginJar : add nvic
2024-11-26 13:40:25,748 [INFO] IPUIPlugin:80 - create IPUIPlugin
2024-11-26 13:40:25,749 [INFO] PluginManager:220 - loadIPPluginJar : add opamp
2024-11-26 13:40:25,865 [INFO] IPUIPlugin:80 - create IPUIPlugin
2024-11-26 13:40:25,865 [INFO] PluginManager:220 - loadIPPluginJar : add openamp
2024-11-26 13:40:26,004 [INFO] IPUIPlugin:80 - create IPUIPlugin
2024-11-26 13:40:26,004 [INFO] PluginManager:220 - loadIPPluginJar : add pdm2pcm
2024-11-26 13:40:26,034 [INFO] IPUIPlugin:80 - create IPUIPlugin
2024-11-26 13:40:26,039 [INFO] PluginManager:220 - loadIPPluginJar : add plateformsettings
2024-11-26 13:40:26,081 [INFO] IPUIPlugin:80 - create IPUIPlugin
2024-11-26 13:40:26,081 [INFO] PluginManager:220 - loadIPPluginJar : add quadspi
2024-11-26 13:40:26,118 [INFO] IPUIPlugin:80 - create IPUIPlugin
2024-11-26 13:40:26,134 [INFO] PluginManager:220 - loadIPPluginJar : add radio
2024-11-26 13:40:26,153 [INFO] IPUIPlugin:80 - create IPUIPlugin
2024-11-26 13:40:26,153 [INFO] PluginManager:220 - loadIPPluginJar : add resmgrutility
2024-11-26 13:40:26,213 [INFO] IPUIPlugin:80 - create IPUIPlugin
2024-11-26 13:40:26,213 [INFO] PluginManager:220 - loadIPPluginJar : add sai
2024-11-26 13:40:26,263 [INFO] IPUIPlugin:80 - create IPUIPlugin
2024-11-26 13:40:26,263 [INFO] PluginManager:220 - loadIPPluginJar : add spi
2024-11-26 13:40:26,402 [INFO] IPUIPlugin:80 - create IPUIPlugin
2024-11-26 13:40:26,403 [INFO] PluginManager:220 - loadIPPluginJar : add stm32_wpan
2024-11-26 13:40:26,453 [INFO] IPUIPlugin:80 - create IPUIPlugin
2024-11-26 13:40:26,453 [INFO] PluginManager:220 - loadIPPluginJar : add tim
2024-11-26 13:40:26,538 [INFO] IPUIPlugin:80 - create IPUIPlugin
2024-11-26 13:40:26,538 [INFO] PluginManager:220 - loadIPPluginJar : add touchsensing
2024-11-26 13:40:26,579 [INFO] IPUIPlugin:80 - create IPUIPlugin
2024-11-26 13:40:26,579 [INFO] PluginManager:220 - loadIPPluginJar : add tracer_emb
2024-11-26 13:40:26,641 [INFO] IPUIPlugin:80 - create IPUIPlugin
2024-11-26 13:40:26,641 [INFO] PluginManager:220 - loadIPPluginJar : add ts
2024-11-26 13:40:26,698 [INFO] IPUIPlugin:80 - create IPUIPlugin
2024-11-26 13:40:26,698 [INFO] PluginManager:220 - loadIPPluginJar : add tsc
2024-11-26 13:40:26,743 [INFO] IPUIPlugin:80 - create IPUIPlugin
2024-11-26 13:40:26,743 [INFO] PluginManager:220 - loadIPPluginJar : add ucpd
2024-11-26 13:40:26,825 [INFO] IPUIPlugin:80 - create IPUIPlugin
2024-11-26 13:40:26,825 [INFO] PluginManager:220 - loadIPPluginJar : add usart
2024-11-26 13:40:26,887 [INFO] IPUIPlugin:80 - create IPUIPlugin
2024-11-26 13:40:26,887 [INFO] PluginManager:220 - loadIPPluginJar : add usbx
2024-11-26 13:40:27,049 [INFO] CADModel:165 - CPN selected for project level
2024-11-26 13:40:27,050 [INFO] CADModel:114 - Register for checkConnection events
2024-11-26 13:40:27,051 [FATAL] Updater:334 - Updater called before beeing initialized
2024-11-26 13:40:27,051 [ERROR] CADModel:125 - Updater not yet initialized, retry later 
2024-11-26 13:40:27,531 [INFO] CADModel:165 - CPN selected for project level
2024-11-26 13:40:27,531 [INFO] CADModel:114 - Register for checkConnection events
2024-11-26 13:40:27,531 [FATAL] Updater:334 - Updater called before beeing initialized
2024-11-26 13:40:27,532 [ERROR] CADModel:125 - Updater not yet initialized, retry later 
2024-11-26 13:40:27,539 [FATAL] Updater:334 - Updater called before beeing initialized
2024-11-26 13:40:27,726 [FATAL] Updater:334 - Updater called before beeing initialized
2024-11-26 13:40:27,741 [INFO] DbMcusAds:53 - JSON generation date=Fri Sep 20 20:04:38 ICT 2024 (1726837478367)
2024-11-26 13:40:27,741 [FATAL] Updater:334 - Updater called before beeing initialized
2024-11-26 13:40:27,809 [INFO] ThirdPartyUpdaterWithRetryManager:70 - Updater plugin not ready yet. [3/15]
2024-11-26 13:40:27,958 [WARN] DetailPanel:346 - Failed to get advertising image, set to default
2024-11-26 13:40:28,113 [FATAL] Updater:334 - Updater called before beeing initialized
2024-11-26 13:40:28,116 [FATAL] Updater:334 - Updater called before beeing initialized
2024-11-26 13:40:28,116 [FATAL] Updater:334 - Updater called before beeing initialized
2024-11-26 13:40:28,116 [WARN] DetailPanel:346 - Failed to get advertising image, set to default
2024-11-26 13:40:28,117 [FATAL] Updater:334 - Updater called before beeing initialized
2024-11-26 13:40:28,366 [ERROR] Updater:1164 - MainUpdater not yet initialized. External WinMGr cannot be set.
2024-11-26 13:40:28,406 [INFO] Updater:1100 - Updater Version found : 6.12.1
2024-11-26 13:40:28,440 [INFO] ApplicationProperties:184 - Using Application install path: D:\ST\STM32CubeIDE_1.16.0\STM32CubeIDE\plugins\com.st.stm32cube.common.mx_6.12.1.202409122256
2024-11-26 13:40:28,579 [INFO] MainUpdater:526 - Copy updater definitions from MX database
2024-11-26 13:40:29,193 [INFO] MainUpdater:2873 - connection check result : 10
2024-11-26 13:40:29,193 [INFO] MainUpdater:3567 - Updater definition file requires update
2024-11-26 13:40:29,194 [INFO] MainUpdater:290 - Updater Check For Update Now.
2024-11-26 13:40:29,194 [INFO] MicroXplorer:498 - Change Database Version : DB.6.0.121
2024-11-26 13:40:29,240 [INFO] McuFinderGlobals:63 - Set McuFinder mode to 2 (CubeIDE integrated)
2024-11-26 13:40:29,249 [INFO] UserAuth:417 - Internet connection configuration mode: 1
2024-11-26 13:40:29,406 [INFO] ServerAccessManage:473 - Download File updaters.zip
2024-11-26 13:40:29,420 [INFO] JxBrowserEngine:152 - Initiate JxBrowser Engine with user profile folder
2024-11-26 13:40:29,545 [INFO] FileExtend:240 - Unzip File : updaters.zip
2024-11-26 13:40:29,545 [INFO] FileExtend:255 - Standard Zip Deflate
2024-11-26 13:40:30,625 [INFO] ServerAccessManage:473 - Download File PacksControlFlags.xml
2024-11-26 13:40:30,947 [WARN] MainUpdater:1194 - Updater busy. Cannot search thirdparties
2024-11-26 13:40:30,948 [INFO] ThirdPartyUpdaterWithRetryManager:96 - Updater plugin is busy. [1/15]
2024-11-26 13:40:31,092 [INFO] ServerAccessManage:473 - Download File cubemx.pidx
2024-11-26 13:40:31,441 [INFO] LoadServerUpdatesThread:375 - End of LoadServerUpdate Thread
2024-11-26 13:40:31,718 [INFO] CheckServerUpdateThread:120 - End of CheckServer Thread
2024-11-26 13:40:34,451 [WARN] PackLoader:240 - Cannot read IP mode file for STMicroelectronics.FP-SNS-MOTENVWB1.1.4.0
2024-11-26 13:40:34,487 [WARN] PackLoader:240 - Cannot read IP mode file for STMicroelectronics.FP-ATR-ASTRA1.2.0.1
2024-11-26 13:40:34,515 [WARN] PackLoader:240 - Cannot read IP mode file for STMicroelectronics.X-CUBE-SMBUS.2.1.0
2024-11-26 13:40:34,552 [WARN] PackLoader:240 - Cannot read IP mode file for STMicroelectronics.X-CUBE-WB05N.1.1.0
2024-11-26 13:40:34,635 [WARN] PackLoader:240 - Cannot read IP mode file for STMicroelectronics.X-CUBE-AZRTOS-F7.1.1.0
2024-11-26 13:40:34,827 [WARN] PackLoader:240 - Cannot read IP mode file for STMicroelectronics.X-CUBE-MEMS1.11.0.0
2024-11-26 13:40:35,135 [WARN] PackLoader:240 - Cannot read IP mode file for STMicroelectronics.FP-SNS-FLIGHT1.5.0.2
2024-11-26 13:40:35,171 [WARN] PackLoader:240 - Cannot read IP mode file for STMicroelectronics.X-CUBE-DISPLAY.3.0.0
2024-11-26 13:40:35,210 [WARN] PackLoader:240 - Cannot read IP mode file for STMicroelectronics.X-CUBE-BLE1.7.0.0
2024-11-26 13:40:35,246 [WARN] PackLoader:240 - Cannot read IP mode file for STMicroelectronics.X-CUBE-NFC10.1.0.0
2024-11-26 13:40:35,287 [WARN] PackLoader:240 - Cannot read IP mode file for emotas.I-CUBE-CANOPEN.1.3.0
2024-11-26 13:40:35,331 [WARN] PackLoader:240 - Cannot read IP mode file for STMicroelectronics.X-CUBE-BLEMGR.3.1.0
2024-11-26 13:40:35,363 [WARN] PackLoader:240 - Cannot read IP mode file for STMicroelectronics.FP-SNS-SMARTAG2.1.2.0
2024-11-26 13:40:35,400 [INFO] LogOutputStream:77 - [STDOUT_REDIRECT] 1 : Invalid condition id : UX_CORESTACK_Condition cause : null
2024-11-26 13:40:35,401 [INFO] LogOutputStream:77 - [STDOUT_REDIRECT] 1 : Invalid condition id : UX_CORESTACK_Condition cause : null
2024-11-26 13:40:35,404 [INFO] LogOutputStream:77 - [STDOUT_REDIRECT] 1 : Invalid condition id : UX_CORESTACK_Condition cause : null
2024-11-26 13:40:35,408 [INFO] LogOutputStream:77 - [STDOUT_REDIRECT] 1 : Invalid condition id : UX_CORESTACK_Condition cause : null
2024-11-26 13:40:35,410 [INFO] LogOutputStream:77 - [STDOUT_REDIRECT] 1 : Invalid condition id : UX_CORESTACK_Condition cause : null
2024-11-26 13:40:35,416 [WARN] PackLoader:240 - Cannot read IP mode file for STMicroelectronics.X-CUBE-AZRTOS-WL.2.0.0
2024-11-26 13:40:35,444 [WARN] PackLoader:240 - Cannot read IP mode file for STMicroelectronics.FP-SNS-MOTENV1.5.0.0
2024-11-26 13:40:35,467 [WARN] PackLoader:240 - Cannot read IP mode file for wolfSSL.I-CUBE-wolfMQTT.1.19.0
2024-11-26 13:40:35,495 [WARN] PackLoader:240 - Cannot read IP mode file for WES.I-CUBE-Cesium.1.3.0
2024-11-26 13:40:35,519 [WARN] PackLoader:240 - Cannot read IP mode file for STMicroelectronics.X-CUBE-BLE2.3.3.0
2024-11-26 13:40:35,545 [WARN] PackLoader:240 - Cannot read IP mode file for STMicroelectronics.X-CUBE-NFC9.1.0.0
2024-11-26 13:40:35,568 [WARN] PackLoader:240 - Cannot read IP mode file for STMicroelectronics.X-CUBE-TCPP.4.1.0
2024-11-26 13:40:35,623 [WARN] PackLoader:240 - Cannot read IP mode file for STMicroelectronics.X-CUBE-AZRTOS-G0.1.1.0
2024-11-26 13:40:35,658 [WARN] PackLoader:240 - Cannot read IP mode file for STMicroelectronics.X-CUBE-SAFEA1.1.2.2
2024-11-26 13:40:35,681 [WARN] PackLoader:240 - Cannot read IP mode file for STMicroelectronics.X-CUBE-NFC4.3.0.0
2024-11-26 13:40:35,708 [WARN] PackLoader:240 - Cannot read IP mode file for EmbeddedOffice.I-CUBE-FS-RTOS.1.0.1
2024-11-26 13:40:35,709 [ERROR] ConditionMgr:805 - Attr not supported : Dmpu
2024-11-26 13:40:35,709 [ERROR] ConditionMgr:805 - Attr not supported : Dmpu
2024-11-26 13:40:35,709 [ERROR] ConditionMgr:805 - Attr not supported : Dmpu
2024-11-26 13:40:35,709 [ERROR] ConditionMgr:805 - Attr not supported : Dmpu
2024-11-26 13:40:35,709 [ERROR] ConditionMgr:805 - Attr not supported : Dmpu
2024-11-26 13:40:35,709 [ERROR] ConditionMgr:805 - Attr not supported : Dmpu
2024-11-26 13:40:35,709 [ERROR] ConditionMgr:805 - Attr not supported : Dmpu
2024-11-26 13:40:35,709 [ERROR] ConditionMgr:805 - Attr not supported : Dmpu
2024-11-26 13:40:35,709 [ERROR] ConditionMgr:805 - Attr not supported : Dmpu
2024-11-26 13:40:35,709 [ERROR] ConditionMgr:805 - Attr not supported : Dmpu
2024-11-26 13:40:35,709 [ERROR] ConditionMgr:805 - Attr not supported : Dmpu
2024-11-26 13:40:35,710 [ERROR] ConditionMgr:805 - Attr not supported : Dmpu
2024-11-26 13:40:35,710 [ERROR] ConditionMgr:805 - Attr not supported : Dmpu
2024-11-26 13:40:35,710 [ERROR] ConditionMgr:805 - Attr not supported : Dmpu
2024-11-26 13:40:35,710 [ERROR] ConditionMgr:805 - Attr not supported : Dmpu
2024-11-26 13:40:35,710 [ERROR] ConditionMgr:805 - Attr not supported : Dmpu
2024-11-26 13:40:35,710 [ERROR] ConditionMgr:805 - Attr not supported : Dmpu
2024-11-26 13:40:35,710 [ERROR] ConditionMgr:805 - Attr not supported : Dmpu
2024-11-26 13:40:35,710 [ERROR] ConditionMgr:805 - Attr not supported : Dmpu
2024-11-26 13:40:35,710 [ERROR] ConditionMgr:805 - Attr not supported : Dmpu
2024-11-26 13:40:35,711 [ERROR] ConditionMgr:805 - Attr not supported : Dmpu
2024-11-26 13:40:35,711 [ERROR] ConditionMgr:805 - Attr not supported : Dmpu
2024-11-26 13:40:35,711 [ERROR] ConditionMgr:805 - Attr not supported : Dmpu
2024-11-26 13:40:35,711 [ERROR] ConditionMgr:805 - Attr not supported : Dmpu
2024-11-26 13:40:35,711 [ERROR] ConditionMgr:805 - Attr not supported : Dmpu
2024-11-26 13:40:35,711 [ERROR] ConditionMgr:805 - Attr not supported : Dmpu
2024-11-26 13:40:35,711 [ERROR] ConditionMgr:805 - Attr not supported : Dmpu
2024-11-26 13:40:35,711 [ERROR] ConditionMgr:805 - Attr not supported : Dmpu
2024-11-26 13:40:35,711 [ERROR] ConditionMgr:805 - Attr not supported : Dmpu
2024-11-26 13:40:35,712 [ERROR] ConditionMgr:805 - Attr not supported : Dmpu
2024-11-26 13:40:35,712 [ERROR] ConditionMgr:805 - Attr not supported : Dmpu
2024-11-26 13:40:35,712 [ERROR] ConditionMgr:805 - Attr not supported : Dmpu
2024-11-26 13:40:35,712 [ERROR] ConditionMgr:805 - Attr not supported : Dmpu
2024-11-26 13:40:35,712 [ERROR] ConditionMgr:805 - Attr not supported : Dmpu
2024-11-26 13:40:35,712 [ERROR] ConditionMgr:805 - Attr not supported : Dmpu
2024-11-26 13:40:35,712 [ERROR] ConditionMgr:805 - Attr not supported : Dmpu
2024-11-26 13:40:35,712 [ERROR] ConditionMgr:805 - Attr not supported : Dmpu
2024-11-26 13:40:35,712 [ERROR] ConditionMgr:805 - Attr not supported : Dmpu
2024-11-26 13:40:35,712 [ERROR] ConditionMgr:805 - Attr not supported : Dmpu
2024-11-26 13:40:35,712 [ERROR] ConditionMgr:805 - Attr not supported : Dmpu
2024-11-26 13:40:35,712 [ERROR] ConditionMgr:805 - Attr not supported : Dmpu
2024-11-26 13:40:35,712 [ERROR] ConditionMgr:805 - Attr not supported : Dmpu
2024-11-26 13:40:35,712 [ERROR] ConditionMgr:805 - Attr not supported : Dmpu
2024-11-26 13:40:35,712 [ERROR] ConditionMgr:805 - Attr not supported : Dmpu
2024-11-26 13:40:35,713 [ERROR] ConditionMgr:805 - Attr not supported : Dmpu
2024-11-26 13:40:35,713 [ERROR] ConditionMgr:805 - Attr not supported : Dmpu
2024-11-26 13:40:35,713 [ERROR] ConditionMgr:805 - Attr not supported : Dmpu
2024-11-26 13:40:35,713 [ERROR] ConditionMgr:805 - Attr not supported : Dmpu
2024-11-26 13:40:35,713 [ERROR] ConditionMgr:805 - Attr not supported : Dmpu
2024-11-26 13:40:35,713 [ERROR] ConditionMgr:805 - Attr not supported : Dmpu
2024-11-26 13:40:35,713 [ERROR] ConditionMgr:805 - Attr not supported : Dmpu
2024-11-26 13:40:35,713 [ERROR] ConditionMgr:805 - Attr not supported : Dmpu
2024-11-26 13:40:35,713 [ERROR] ConditionMgr:805 - Attr not supported : Dmpu
2024-11-26 13:40:35,713 [ERROR] ConditionMgr:805 - Attr not supported : Dmpu
2024-11-26 13:40:35,713 [ERROR] ConditionMgr:805 - Attr not supported : Dmpu
2024-11-26 13:40:35,713 [ERROR] ConditionMgr:805 - Attr not supported : Dmpu
2024-11-26 13:40:35,713 [ERROR] ConditionMgr:805 - Attr not supported : Dmpu
2024-11-26 13:40:35,714 [ERROR] ConditionMgr:805 - Attr not supported : Dmpu
2024-11-26 13:40:35,714 [ERROR] ConditionMgr:805 - Attr not supported : Dmpu
2024-11-26 13:40:35,714 [ERROR] ConditionMgr:805 - Attr not supported : Dmpu
2024-11-26 13:40:35,714 [ERROR] ConditionMgr:805 - Attr not supported : Dmpu
2024-11-26 13:40:35,714 [ERROR] ConditionMgr:805 - Attr not supported : Dmpu
2024-11-26 13:40:35,714 [ERROR] ConditionMgr:805 - Attr not supported : Dmpu
2024-11-26 13:40:35,714 [ERROR] ConditionMgr:805 - Attr not supported : Dmpu
2024-11-26 13:40:35,738 [WARN] PackLoader:240 - Cannot read IP mode file for RealThread.X-CUBE-RT-Thread_Nano.4.1.1
2024-11-26 13:40:35,759 [WARN] PackLoader:240 - Cannot read IP mode file for STMicroelectronics.FP-ATR-SIGFOX1.3.2.0
2024-11-26 13:40:35,777 [WARN] PackLoader:240 - Cannot read IP mode file for wolfSSL.I-CUBE-wolfSSL.5.7.2
2024-11-26 13:40:35,800 [WARN] ConditionMgr:438 - getConditionDescription Invalid condition id : Cortex-A Device cause : null
2024-11-26 13:40:35,844 [WARN] ConditionMgr:1039 - genDependencies : Invalid condition id : Cortex-A Device cause : null
2024-11-26 13:40:35,845 [WARN] ConditionMgr:1039 - genDependencies : Invalid condition id : Cortex-A Device cause : null
2024-11-26 13:40:35,845 [WARN] ConditionMgr:1039 - genDependencies : Invalid condition id : Cortex-A Device cause : null
2024-11-26 13:40:35,873 [WARN] PackLoader:240 - Cannot read IP mode file for STMicroelectronics.X-CUBE-EEPRMA1.5.1.0
2024-11-26 13:40:35,905 [WARN] PackLoader:240 - Cannot read IP mode file for ITTIA_DB.I-CUBE-ITTIADB.8.9.0
2024-11-26 13:40:35,982 [WARN] PackLoader:240 - Cannot read IP mode file for SEGGER.I-CUBE-embOS.1.3.1
2024-11-26 13:40:36,076 [WARN] PackLoader:240 - Cannot read IP mode file for STMicroelectronics.X-CUBE-ALGOBUILD.1.4.0
2024-11-26 13:40:36,128 [WARN] PackLoader:240 - Cannot read IP mode file for STMicroelectronics.X-CUBE-AI.9.1.0
2024-11-26 13:40:36,160 [WARN] PackLoader:240 - Cannot read IP mode file for STMicroelectronics.X-CUBE-GNSS1.6.0.0
2024-11-26 13:40:36,225 [WARN] PackLoader:240 - Cannot read IP mode file for STMicroelectronics.X-CUBE-AZRTOS-F4.1.1.0
2024-11-26 13:40:36,252 [WARN] PackLoader:240 - Cannot read IP mode file for STMicroelectronics.X-CUBE-ISPU.2.1.0
2024-11-26 13:40:36,278 [WARN] PackLoader:240 - Cannot read IP mode file for STMicroelectronics.X-CUBE-FREERTOS.1.2.0
2024-11-26 13:40:36,330 [WARN] PackLoader:240 - Cannot read IP mode file for STMicroelectronics.X-CUBE-AZRTOS-L5.2.0.0
2024-11-26 13:40:36,369 [WARN] PackLoader:240 - Cannot read IP mode file for STMicroelectronics.X-CUBE-NFC6.3.1.0
2024-11-26 13:40:36,401 [WARN] PackLoader:240 - Cannot read IP mode file for STMicroelectronics.X-CUBE-DPower.1.2.0
2024-11-26 13:40:36,432 [WARN] PackLoader:240 - Cannot read IP mode file for STMicroelectronics.X-CUBE-AI.9.0.0
2024-11-26 13:40:36,460 [WARN] PackLoader:240 - Cannot read IP mode file for STMicroelectronics.X-CUBE-NFC7.1.0.1
2024-11-26 13:40:36,482 [WARN] PackLoader:240 - Cannot read IP mode file for wolfSSL.I-CUBE-wolfTPM.3.2.0
2024-11-26 13:40:36,537 [WARN] ConditionMgr:438 - getConditionDescription Invalid condition id : LAN8742 Phy interface Condition cause : null
2024-11-26 13:40:36,540 [WARN] PackLoader:240 - Cannot read IP mode file for STMicroelectronics.X-CUBE-AZRTOS-L4.2.0.0
2024-11-26 13:40:36,541 [WARN] ConditionMgr:1039 - genDependencies : Invalid condition id : LAN8742 Phy interface Condition cause : null
2024-11-26 13:40:36,542 [WARN] ConditionMgr:1039 - genDependencies : Invalid condition id : LAN8742 Phy interface Condition cause : null
2024-11-26 13:40:36,543 [WARN] ConditionMgr:1039 - genDependencies : Invalid condition id : LAN8742 Phy interface Condition cause : null
2024-11-26 13:40:36,577 [WARN] PackLoader:240 - Cannot read IP mode file for STMicroelectronics.X-CUBE-SFXS2LP1.4.0.0
2024-11-26 13:40:36,641 [WARN] PackLoader:240 - Cannot read IP mode file for STMicroelectronics.X-CUBE-AZRTOS-H7.3.3.0
2024-11-26 13:40:36,687 [WARN] PackLoader:240 - Cannot read IP mode file for STMicroelectronics.X-CUBE-IPS.3.0.0
2024-11-26 13:40:36,756 [WARN] ConditionMgr:438 - getConditionDescription Invalid condition id : UX DEVICE CLASS RTOS Condition cause : null
2024-11-26 13:40:36,756 [WARN] ConditionMgr:438 - getConditionDescription Invalid condition id : UX DEVICE CLASS RTOS Condition cause : null
2024-11-26 13:40:36,760 [WARN] PackLoader:240 - Cannot read IP mode file for STMicroelectronics.X-CUBE-AZRTOS-WB.2.0.0
2024-11-26 13:40:36,761 [WARN] ConditionMgr:1039 - genDependencies : Invalid condition id : UX DEVICE CLASS RTOS Condition cause : null
2024-11-26 13:40:36,762 [WARN] ConditionMgr:1039 - genDependencies : Invalid condition id : UX DEVICE CLASS RTOS Condition cause : null
2024-11-26 13:40:36,763 [WARN] ConditionMgr:1039 - genDependencies : Invalid condition id : UX DEVICE CLASS RTOS Condition cause : null
2024-11-26 13:40:36,764 [WARN] ConditionMgr:1039 - genDependencies : Invalid condition id : UX DEVICE CLASS RTOS Condition cause : null
2024-11-26 13:40:36,764 [WARN] ConditionMgr:1039 - genDependencies : Invalid condition id : UX DEVICE CLASS RTOS Condition cause : null
2024-11-26 13:40:36,803 [WARN] PackLoader:240 - Cannot read IP mode file for STMicroelectronics.X-CUBE-GNSS1.7.0.0
2024-11-26 13:40:36,892 [WARN] PackLoader:240 - Cannot read IP mode file for STMicroelectronics.FP-SNS-STBOX1.2.0.0
2024-11-26 13:40:36,940 [WARN] PackLoader:240 - Cannot read IP mode file for STMicroelectronics.X-CUBE-SUBG2.5.0.0
2024-11-26 13:40:36,973 [WARN] PackLoader:240 - Cannot read IP mode file for Cesanta.I-CUBE-Mongoose.7.13.0
2024-11-26 13:40:37,030 [WARN] PackLoader:240 - Cannot read IP mode file for STMicroelectronics.X-CUBE-AZRTOS-G4.2.0.0
2024-11-26 13:40:37,054 [WARN] PackLoader:240 - Cannot read IP mode file for STMicroelectronics.X-CUBE-ISPU.2.0.0
2024-11-26 13:40:37,082 [WARN] PackLoader:240 - Cannot read IP mode file for STMicroelectronics.X-CUBE-ALS.1.0.2
2024-11-26 13:40:37,210 [WARN] PackLoader:240 - Cannot read IP mode file for STMicroelectronics.X-CUBE-MEMS1.10.0.0
2024-11-26 13:40:37,415 [WARN] PackLoader:240 - Cannot read IP mode file for STMicroelectronics.X-CUBE-TOUCHGFX.4.24.0
2024-11-26 13:40:37,431 [WARN] PackLoader:240 - Cannot read IP mode file for STMicroelectronics.X-CUBE-TOUCHGFX.4.24.1
2024-11-26 13:40:37,455 [WARN] PackLoader:240 - Cannot read IP mode file for portGmbH.I-Cube-SoM-uGOAL.1.1.0
2024-11-26 13:40:37,505 [WARN] PackLoader:240 - Cannot read IP mode file for STMicroelectronics.X-CUBE-AZRTOS-H7RS.1.0.0
2024-11-26 13:40:37,527 [WARN] PackLoader:240 - Cannot read IP mode file for STMicroelectronics.FP-ATR-ASTRA1.2.0.0
2024-11-26 13:40:37,562 [WARN] PackLoader:240 - Cannot read IP mode file for STMicroelectronics.X-CUBE-TOF1.3.4.2
2024-11-26 13:40:37,653 [WARN] PackLoader:240 - Cannot read IP mode file for STMicroelectronics.X-CUBE-AZRTOS-H7.3.2.0
2024-11-26 13:40:37,704 [WARN] PackLoader:240 - Cannot read IP mode file for Infineon.AIROC-Wi-Fi-Bluetooth-STM32.1.6.0
2024-11-26 13:40:37,730 [WARN] PackLoader:240 - Cannot read IP mode file for wolfSSL.I-CUBE-wolfSSH.1.4.17
2024-11-26 13:40:37,733 [INFO] ThirdParty:978 - Integrity check success = true
2024-11-26 13:40:37,733 [INFO] IntegrityCheckThread:100 - exiting critical section [integrity check]
2024-11-26 13:40:37,733 [INFO] IntegrityCheckThread:103 - End integrity checks thread
2024-11-26 13:40:43,550 [INFO] WebApp:167 - Instantiating new browser for Auth
2024-11-26 13:40:45,565 [INFO] WebApp:448 - Apply proxy settings
2024-11-26 13:40:45,566 [INFO] WebApp:533 - Chromium requires no authentication
2024-11-26 13:40:45,611 [INFO] WebApp:476 - Direct internet connection detected
2024-11-26 13:40:45,682 [INFO] WebApp:869 - Register for checkConnection events
2024-11-26 13:40:45,682 [INFO] WebApp:448 - Apply proxy settings
2024-11-26 13:40:45,682 [INFO] WebApp:533 - Chromium requires no authentication
2024-11-26 13:40:45,683 [INFO] WebApp:476 - Direct internet connection detected
2024-11-26 13:40:46,080 [INFO] WebApp:186 - Connection restablished
2024-11-26 13:40:46,573 [INFO] WebApp:220 - Starting web application
2024-11-26 13:40:46,573 [INFO] WebApp:578 - Web application path used D:\ST\STM32CubeIDE_1.16.0\STM32CubeIDE\plugins\com.st.stm32cube.common.mx_6.12.1.202409122256\db\plugins\mcufinder\reactClient1\index.html
2024-11-26 13:40:47,155 [INFO] UserAuth:417 - Internet connection configuration mode: 1
2024-11-26 16:15:38,868 [INFO] WebApp:189 - Connection lost
2024-11-26 16:15:39,150 [INFO] WebApp:186 - Connection restablished
2024-11-26 16:15:41,255 [INFO] WebApp:189 - Connection lost
2024-11-26 16:15:41,490 [INFO] WebApp:186 - Connection restablished
2024-11-26 16:16:28,728 [INFO] WebApp:189 - Connection lost
2024-11-26 16:16:29,045 [INFO] WebApp:186 - Connection restablished
2024-11-26 16:16:31,863 [INFO] WebApp:189 - Connection lost
2024-11-26 16:16:32,074 [INFO] WebApp:186 - Connection restablished
