2024-12-14 11:00:30,336 [INFO] Activator:176 - 


2024-12-14 11:00:30,388 [INFO] Activator:177 - !SESSION log4j initialized
2024-12-14 11:00:48,777 [INFO] LogOutputStream:77 - [STDOUT_REDIRECT] 
2024-12-14 11:01:30,183 [INFO] ApplicationProperties:184 - Using Application install path: D:\ST\STM32CubeIDE_1.16.0\STM32CubeIDE\plugins\com.st.stm32cube.common.mx_6.12.1.202409122256
2024-12-14 11:01:30,259 [INFO] DbMcusXml:78 - Set database path to: D:\ST\STM32CubeIDE_1.16.0\STM32CubeIDE\plugins\com.st.stm32cube.common.mx_6.12.1.202409122256\\db\/mcu/
2024-12-14 11:01:30,259 [INFO] ApiDb:274 - Set plugin database path to: D:\ST\STM32CubeIDE_1.16.0\STM32CubeIDE\plugins\com.st.stm32cube.common.mx_6.12.1.202409122256\\db\/plugins/boardmanager/
2024-12-14 11:01:30,260 [WARN] ApiDb:259 - Overriding images path with different value:  => D:\ST\STM32CubeIDE_1.16.0\STM32CubeIDE\plugins\com.st.stm32cube.common.mx_6.12.1.202409122256\\db\/plugins/mcufinder/images/
2024-12-14 11:01:30,349 [INFO] ApiDb:250 - Set database path to: C:\Users\Asus\.stmcufinder\plugins\mcufinder//mcu/
2024-12-14 11:01:30,351 [INFO] DbMcusAds:125 - Set database path to: C:\Users\Asus\.stmcufinder\plugins\mcufinder//mcu/
2024-12-14 11:01:30,362 [INFO] CrossReferenceDbSqlite:203 - Set database path to: C:\Users\Asus\.stmcufinder\plugins\mcufinder//mcu/cs/
2024-12-14 11:01:30,684 [INFO] RulesReader:64 - Compatibility file has been processed (297 Rules)
2024-12-14 11:01:30,958 [INFO] DbMcusXml:78 - Set database path to: D:\ST\STM32CubeIDE_1.16.0\STM32CubeIDE\plugins\com.st.stm32cube.common.mx_6.12.1.202409122256\\db\/mcu/
2024-12-14 11:01:30,958 [INFO] ApiDb:274 - Set plugin database path to: D:\ST\STM32CubeIDE_1.16.0\STM32CubeIDE\plugins\com.st.stm32cube.common.mx_6.12.1.202409122256\\db\/plugins/boardmanager/
2024-12-14 11:01:30,958 [INFO] ApiDb:261 - Set plugin images path to: D:\ST\STM32CubeIDE_1.16.0\STM32CubeIDE\plugins\com.st.stm32cube.common.mx_6.12.1.202409122256\\db\/plugins/mcufinder/images/
2024-12-14 11:01:30,959 [WARN] DbFile:41 - Overriding database path with different value: C:\Users\Asus\.stmcufinder\plugins\mcufinder/ => C:\Users\Asus\.stmcufinder\plugins\mcufinder
2024-12-14 11:01:30,959 [INFO] ApiDb:250 - Set database path to: C:\Users\Asus\.stmcufinder\plugins\mcufinder//mcu/
2024-12-14 11:01:30,959 [WARN] DbFile:41 - Overriding database path with different value: C:\Users\Asus\.stmcufinder\plugins\mcufinder/ => C:\Users\Asus\.stmcufinder\plugins\mcufinder
2024-12-14 11:01:30,959 [INFO] DbMcusAds:125 - Set database path to: C:\Users\Asus\.stmcufinder\plugins\mcufinder//mcu/
2024-12-14 11:01:30,959 [WARN] DbFile:41 - Overriding database path with different value: C:\Users\Asus\.stmcufinder\plugins\mcufinder/ => C:\Users\Asus\.stmcufinder\plugins\mcufinder
2024-12-14 11:01:30,959 [WARN] DbFile:41 - Overriding database path with different value: C:\Users\Asus\.stmcufinder\plugins\mcufinder/ => C:\Users\Asus\.stmcufinder\plugins\mcufinder
2024-12-14 11:01:30,960 [INFO] CrossReferenceDbSqlite:203 - Set database path to: C:\Users\Asus\.stmcufinder\plugins\mcufinder//mcu/cs/
2024-12-14 11:01:31,148 [INFO] MainPanel:268 - HeapMemory: 268435456
2024-12-14 11:01:31,724 [INFO] DbMcusXml:78 - Set database path to: D:\ST\STM32CubeIDE_1.16.0\STM32CubeIDE\plugins\com.st.stm32cube.common.mx_6.12.1.202409122256\\db\/mcu/
2024-12-14 11:01:31,724 [INFO] ApiDb:274 - Set plugin database path to: D:\ST\STM32CubeIDE_1.16.0\STM32CubeIDE\plugins\com.st.stm32cube.common.mx_6.12.1.202409122256\\db\/plugins/boardmanager/
2024-12-14 11:01:31,724 [INFO] ApiDb:261 - Set plugin images path to: D:\ST\STM32CubeIDE_1.16.0\STM32CubeIDE\plugins\com.st.stm32cube.common.mx_6.12.1.202409122256\\db\/plugins/mcufinder/images/
2024-12-14 11:01:31,725 [WARN] DbFile:41 - Overriding database path with different value: C:\Users\Asus\.stmcufinder\plugins\mcufinder/ => C:\Users\Asus\.stmcufinder\plugins\mcufinder
2024-12-14 11:01:31,725 [INFO] ApiDb:250 - Set database path to: C:\Users\Asus\.stmcufinder\plugins\mcufinder//mcu/
2024-12-14 11:01:31,725 [WARN] DbFile:41 - Overriding database path with different value: C:\Users\Asus\.stmcufinder\plugins\mcufinder/ => C:\Users\Asus\.stmcufinder\plugins\mcufinder
2024-12-14 11:01:31,726 [INFO] DbMcusAds:125 - Set database path to: C:\Users\Asus\.stmcufinder\plugins\mcufinder//mcu/
2024-12-14 11:01:31,726 [WARN] DbFile:41 - Overriding database path with different value: C:\Users\Asus\.stmcufinder\plugins\mcufinder/ => C:\Users\Asus\.stmcufinder\plugins\mcufinder
2024-12-14 11:01:31,726 [WARN] DbFile:41 - Overriding database path with different value: C:\Users\Asus\.stmcufinder\plugins\mcufinder/ => C:\Users\Asus\.stmcufinder\plugins\mcufinder
2024-12-14 11:01:31,726 [INFO] CrossReferenceDbSqlite:203 - Set database path to: C:\Users\Asus\.stmcufinder\plugins\mcufinder//mcu/cs/
2024-12-14 11:01:31,754 [INFO] ApplicationProperties:184 - Using Application install path: D:\ST\STM32CubeIDE_1.16.0\STM32CubeIDE\plugins\com.st.stm32cube.common.mx_6.12.1.202409122256
2024-12-14 11:01:31,758 [INFO] PluginManage:196 - Search for loadable plugins [exclusion list=, ]
2024-12-14 11:01:31,761 [INFO] PluginManage:310 - Check plugin analytics
2024-12-14 11:01:41,569 [INFO] AnalyticsPlugin:253 - Accepted Software Licenses: STM32CubeMX.6.5.0
2024-12-14 11:01:41,569 [INFO] AnalyticsPlugin:255 - Accepted CMSIS Pack Licenses: 
2024-12-14 11:01:41,569 [INFO] AnalyticsPlugin:257 - Accepted Firmware Licenses: FW.F4.1.27.0,FW.F4.1.28.0
2024-12-14 11:01:41,571 [INFO] PluginManage:359 - Loaded plugin analytics (category:tool,tabindex:-1)
2024-12-14 11:01:41,571 [INFO] PluginManage:310 - Check plugin cadmodel
2024-12-14 11:01:41,622 [INFO] CADModel:105 - Init CAD model plugin
2024-12-14 11:01:41,622 [INFO] PluginManage:359 - Loaded plugin cadmodel (category:power,tabindex:5)
2024-12-14 11:01:41,622 [INFO] PluginManage:310 - Check plugin clock
2024-12-14 11:01:41,661 [INFO] PluginManage:359 - Loaded plugin clock (category:base,tabindex:2)
2024-12-14 11:01:41,661 [INFO] PluginManage:310 - Check plugin ddr
2024-12-14 11:01:41,670 [INFO] PluginManage:359 - Loaded plugin ddr (category:tool,tabindex:6)
2024-12-14 11:01:41,670 [INFO] PluginManage:310 - Check plugin filemanager
2024-12-14 11:01:41,967 [INFO] PluginManage:359 - Loaded plugin filemanager (category:base,tabindex:10)
2024-12-14 11:01:41,968 [INFO] PluginManage:310 - Check plugin ipmanager
2024-12-14 11:01:41,993 [INFO] PluginManage:359 - Loaded plugin ipmanager (category:base,tabindex:5)
2024-12-14 11:01:41,993 [INFO] PluginManage:310 - Check plugin lpbam
2024-12-14 11:01:42,067 [INFO] PluginManage:359 - Loaded plugin lpbam (category:base,tabindex:0)
2024-12-14 11:01:42,067 [INFO] PluginManage:310 - Check plugin memorymap
2024-12-14 11:01:42,114 [INFO] PluginManage:359 - Loaded plugin memorymap (category:base,tabindex:4)
2024-12-14 11:01:42,115 [INFO] PluginManage:310 - Check plugin pinoutandconfiguration
2024-12-14 11:01:42,162 [INFO] PluginManage:359 - Loaded plugin pinoutandconfiguration (category:base,tabindex:1)
2024-12-14 11:01:42,163 [INFO] PluginManage:310 - Check plugin pinoutconfig
2024-12-14 11:01:42,376 [WARN] SupportedApi:132 - Cannot load RTOS API schema: s4s-elt-must-match.1: The content of 'definitions' must match (annotation?, (simpleType | complexType)?, (unique | key | keyref)*)). A problem was found starting at: attribute.
2024-12-14 11:01:42,625 [INFO] PluginManage:359 - Loaded plugin pinoutconfig (category:base,tabindex:0)
2024-12-14 11:01:42,625 [INFO] PluginManage:310 - Check plugin power
2024-12-14 11:01:42,725 [INFO] PluginManage:359 - Loaded plugin power (category:power,tabindex:4)
2024-12-14 11:01:42,725 [INFO] PluginManage:310 - Check plugin projectmanager
2024-12-14 11:01:42,771 [INFO] PluginManage:359 - Loaded plugin projectmanager (category:projectmanager,tabindex:4)
2024-12-14 11:01:42,771 [INFO] PluginManage:310 - Check plugin rif
2024-12-14 11:01:42,805 [INFO] PluginManage:359 - Loaded plugin rif (category:base,tabindex:3)
2024-12-14 11:01:42,806 [INFO] PluginManage:310 - Check plugin thirdparty
2024-12-14 11:01:43,379 [INFO] PluginManage:359 - Loaded plugin thirdparty (category:base,tabindex:-1)
2024-12-14 11:01:43,379 [WARN] IntegrityCheckThread:84 - waiting for thirdparty lock release [integrity check]
2024-12-14 11:01:43,395 [INFO] IntegrityCheckThread:86 - entering critical section [integrity check]
2024-12-14 11:01:43,395 [INFO] PluginManage:310 - Check plugin tools
2024-12-14 11:01:43,396 [INFO] ThirdPartyUpdaterWithRetryManager:70 - Updater plugin not ready yet. [1/15]
2024-12-14 11:01:43,467 [INFO] PluginManage:359 - Loaded plugin tools (category:base,tabindex:7)
2024-12-14 11:01:43,467 [INFO] PluginManage:310 - Check plugin tutovideos
2024-12-14 11:01:43,882 [INFO] PluginManage:359 - Loaded plugin tutovideos (category:base,tabindex:-1)
2024-12-14 11:01:43,882 [INFO] PluginManage:310 - Check plugin updater
2024-12-14 11:01:43,935 [INFO] PluginManage:359 - Loaded plugin updater (category:base,tabindex:12)
2024-12-14 11:01:43,936 [INFO] PluginManage:310 - Check plugin userauth
2024-12-14 11:01:43,969 [INFO] UserAuth:113 - Init User Auth plugin
2024-12-14 11:01:43,969 [INFO] PluginManage:359 - Loaded plugin userauth (category:base,tabindex:14)
2024-12-14 11:01:43,970 [INFO] PluginManage:283 - PluginManage : Loaded plugins [18]
2024-12-14 11:01:44,351 [INFO] PinOutPanel:1561 - setPackage(No Configuration,No Configuration)
2024-12-14 11:01:44,486 [INFO] CADModel:165 - CPN selected for project level
2024-12-14 11:01:44,486 [INFO] CADModel:114 - Register for checkConnection events
2024-12-14 11:01:44,556 [INFO] IPUIPlugin:80 - create IPUIPlugin
2024-12-14 11:01:44,556 [INFO] PluginManager:220 - loadIPPluginJar : add adc
2024-12-14 11:01:44,614 [INFO] IPUIPlugin:80 - create IPUIPlugin
2024-12-14 11:01:44,614 [INFO] PluginManager:220 - loadIPPluginJar : add aes
2024-12-14 11:01:44,689 [INFO] IPUIPlugin:80 - create IPUIPlugin
2024-12-14 11:01:44,689 [INFO] PluginManager:220 - loadIPPluginJar : add can
2024-12-14 11:01:44,734 [INFO] IPUIPlugin:80 - create IPUIPlugin
2024-12-14 11:01:44,734 [INFO] PluginManager:220 - loadIPPluginJar : add comp
2024-12-14 11:01:44,794 [INFO] IPUIPlugin:80 - create IPUIPlugin
2024-12-14 11:01:44,794 [INFO] PluginManager:220 - loadIPPluginJar : add cryp
2024-12-14 11:01:44,844 [INFO] IPUIPlugin:80 - create IPUIPlugin
2024-12-14 11:01:44,844 [INFO] PluginManager:220 - loadIPPluginJar : add ddr_ctrl_phy
2024-12-14 11:01:44,894 [INFO] IPUIPlugin:80 - create IPUIPlugin
2024-12-14 11:01:44,894 [INFO] PluginManager:220 - loadIPPluginJar : add dfsdm
2024-12-14 11:01:44,926 [INFO] IPUIPlugin:80 - create IPUIPlugin
2024-12-14 11:01:44,926 [INFO] PluginManager:220 - loadIPPluginJar : add dma
2024-12-14 11:01:45,005 [INFO] IPUIPlugin:80 - create IPUIPlugin
2024-12-14 11:01:45,005 [INFO] PluginManager:220 - loadIPPluginJar : add dma3
2024-12-14 11:01:45,090 [INFO] IPUIPlugin:80 - create IPUIPlugin
2024-12-14 11:01:45,090 [INFO] PluginManager:220 - loadIPPluginJar : add extmemmanager
2024-12-14 11:01:45,140 [INFO] IPUIPlugin:80 - create IPUIPlugin
2024-12-14 11:01:45,141 [INFO] PluginManager:220 - loadIPPluginJar : add fatfs
2024-12-14 11:01:45,213 [INFO] IPUIPlugin:80 - create IPUIPlugin
2024-12-14 11:01:45,214 [INFO] PluginManager:220 - loadIPPluginJar : add fmc
2024-12-14 11:01:45,245 [INFO] IPUIPlugin:80 - create IPUIPlugin
2024-12-14 11:01:45,245 [INFO] PluginManager:220 - loadIPPluginJar : add freertos
2024-12-14 11:01:45,275 [INFO] IPUIPlugin:80 - create IPUIPlugin
2024-12-14 11:01:45,275 [INFO] PluginManager:220 - loadIPPluginJar : add genericplugin
2024-12-14 11:01:45,420 [INFO] IPUIPlugin:80 - create IPUIPlugin
2024-12-14 11:01:45,420 [INFO] PluginManager:220 - loadIPPluginJar : add gfxmmu
2024-12-14 11:01:45,604 [INFO] IPUIPlugin:80 - create IPUIPlugin
2024-12-14 11:01:45,604 [INFO] PluginManager:220 - loadIPPluginJar : add gic
2024-12-14 11:01:45,688 [INFO] IPUIPlugin:80 - create IPUIPlugin
2024-12-14 11:01:45,689 [INFO] PluginManager:220 - loadIPPluginJar : add gpio
2024-12-14 11:01:45,815 [INFO] IPUIPlugin:80 - create IPUIPlugin
2024-12-14 11:01:45,815 [INFO] PluginManager:220 - loadIPPluginJar : add gtzc
2024-12-14 11:01:45,919 [INFO] IPUIPlugin:80 - create IPUIPlugin
2024-12-14 11:01:45,919 [INFO] PluginManager:220 - loadIPPluginJar : add hash
2024-12-14 11:01:46,000 [INFO] IPUIPlugin:80 - create IPUIPlugin
2024-12-14 11:01:46,000 [INFO] PluginManager:220 - loadIPPluginJar : add i2c
2024-12-14 11:01:46,069 [INFO] IPUIPlugin:80 - create IPUIPlugin
2024-12-14 11:01:46,070 [INFO] PluginManager:220 - loadIPPluginJar : add i2s
2024-12-14 11:01:46,136 [INFO] IPUIPlugin:80 - create IPUIPlugin
2024-12-14 11:01:46,136 [INFO] PluginManager:220 - loadIPPluginJar : add i3c
2024-12-14 11:01:46,340 [INFO] IPUIPlugin:80 - create IPUIPlugin
2024-12-14 11:01:46,340 [INFO] PluginManager:220 - loadIPPluginJar : add ipddr
2024-12-14 11:01:46,398 [INFO] ThirdPartyUpdaterWithRetryManager:70 - Updater plugin not ready yet. [2/15]
2024-12-14 11:01:46,545 [INFO] IPUIPlugin:80 - create IPUIPlugin
2024-12-14 11:01:46,546 [INFO] PluginManager:220 - loadIPPluginJar : add linkedlist
2024-12-14 11:01:46,607 [INFO] IPUIPlugin:80 - create IPUIPlugin
2024-12-14 11:01:46,607 [INFO] PluginManager:220 - loadIPPluginJar : add lorawan
2024-12-14 11:01:46,674 [INFO] IPUIPlugin:80 - create IPUIPlugin
2024-12-14 11:01:46,675 [INFO] PluginManager:220 - loadIPPluginJar : add ltdc
2024-12-14 11:01:46,711 [INFO] IPUIPlugin:80 - create IPUIPlugin
2024-12-14 11:01:46,711 [INFO] PluginManager:220 - loadIPPluginJar : add mdma
2024-12-14 11:01:46,748 [INFO] IPUIPlugin:80 - create IPUIPlugin
2024-12-14 11:01:46,748 [INFO] PluginManager:220 - loadIPPluginJar : add nvic
2024-12-14 11:01:46,816 [INFO] IPUIPlugin:80 - create IPUIPlugin
2024-12-14 11:01:46,817 [INFO] PluginManager:220 - loadIPPluginJar : add opamp
2024-12-14 11:01:46,910 [INFO] IPUIPlugin:80 - create IPUIPlugin
2024-12-14 11:01:46,910 [INFO] PluginManager:220 - loadIPPluginJar : add openamp
2024-12-14 11:01:46,991 [INFO] IPUIPlugin:80 - create IPUIPlugin
2024-12-14 11:01:46,991 [INFO] PluginManager:220 - loadIPPluginJar : add pdm2pcm
2024-12-14 11:01:47,025 [INFO] IPUIPlugin:80 - create IPUIPlugin
2024-12-14 11:01:47,030 [INFO] PluginManager:220 - loadIPPluginJar : add plateformsettings
2024-12-14 11:01:47,065 [INFO] IPUIPlugin:80 - create IPUIPlugin
2024-12-14 11:01:47,065 [INFO] PluginManager:220 - loadIPPluginJar : add quadspi
2024-12-14 11:01:47,101 [INFO] IPUIPlugin:80 - create IPUIPlugin
2024-12-14 11:01:47,113 [INFO] PluginManager:220 - loadIPPluginJar : add radio
2024-12-14 11:01:47,147 [INFO] IPUIPlugin:80 - create IPUIPlugin
2024-12-14 11:01:47,147 [INFO] PluginManager:220 - loadIPPluginJar : add resmgrutility
2024-12-14 11:01:47,234 [INFO] IPUIPlugin:80 - create IPUIPlugin
2024-12-14 11:01:47,234 [INFO] PluginManager:220 - loadIPPluginJar : add sai
2024-12-14 11:01:47,284 [INFO] IPUIPlugin:80 - create IPUIPlugin
2024-12-14 11:01:47,285 [INFO] PluginManager:220 - loadIPPluginJar : add spi
2024-12-14 11:01:47,380 [INFO] IPUIPlugin:80 - create IPUIPlugin
2024-12-14 11:01:47,380 [INFO] PluginManager:220 - loadIPPluginJar : add stm32_wpan
2024-12-14 11:01:47,513 [INFO] IPUIPlugin:80 - create IPUIPlugin
2024-12-14 11:01:47,513 [INFO] PluginManager:220 - loadIPPluginJar : add tim
2024-12-14 11:01:47,609 [INFO] IPUIPlugin:80 - create IPUIPlugin
2024-12-14 11:01:47,609 [INFO] PluginManager:220 - loadIPPluginJar : add touchsensing
2024-12-14 11:01:47,656 [INFO] IPUIPlugin:80 - create IPUIPlugin
2024-12-14 11:01:47,656 [INFO] PluginManager:220 - loadIPPluginJar : add tracer_emb
2024-12-14 11:01:47,689 [INFO] IPUIPlugin:80 - create IPUIPlugin
2024-12-14 11:01:47,689 [INFO] PluginManager:220 - loadIPPluginJar : add ts
2024-12-14 11:01:47,721 [INFO] IPUIPlugin:80 - create IPUIPlugin
2024-12-14 11:01:47,721 [INFO] PluginManager:220 - loadIPPluginJar : add tsc
2024-12-14 11:01:47,751 [INFO] IPUIPlugin:80 - create IPUIPlugin
2024-12-14 11:01:47,751 [INFO] PluginManager:220 - loadIPPluginJar : add ucpd
2024-12-14 11:01:47,831 [INFO] IPUIPlugin:80 - create IPUIPlugin
2024-12-14 11:01:47,832 [INFO] PluginManager:220 - loadIPPluginJar : add usart
2024-12-14 11:01:47,920 [INFO] IPUIPlugin:80 - create IPUIPlugin
2024-12-14 11:01:47,920 [INFO] PluginManager:220 - loadIPPluginJar : add usbx
2024-12-14 11:01:48,066 [INFO] CADModel:165 - CPN selected for project level
2024-12-14 11:01:48,066 [INFO] CADModel:114 - Register for checkConnection events
2024-12-14 11:01:48,066 [FATAL] Updater:334 - Updater called before beeing initialized
2024-12-14 11:01:48,066 [ERROR] CADModel:125 - Updater not yet initialized, retry later 
2024-12-14 11:01:48,412 [INFO] CADModel:165 - CPN selected for project level
2024-12-14 11:01:48,413 [INFO] CADModel:114 - Register for checkConnection events
2024-12-14 11:01:48,413 [FATAL] Updater:334 - Updater called before beeing initialized
2024-12-14 11:01:48,413 [ERROR] CADModel:125 - Updater not yet initialized, retry later 
2024-12-14 11:01:48,416 [FATAL] Updater:334 - Updater called before beeing initialized
2024-12-14 11:01:48,546 [FATAL] Updater:334 - Updater called before beeing initialized
2024-12-14 11:01:48,559 [INFO] DbMcusAds:53 - JSON generation date=Fri Sep 20 20:04:23 ICT 2024 (1726837463113)
2024-12-14 11:01:48,559 [FATAL] Updater:334 - Updater called before beeing initialized
2024-12-14 11:01:48,728 [WARN] DetailPanel:346 - Failed to get advertising image, set to default
2024-12-14 11:01:48,911 [FATAL] Updater:334 - Updater called before beeing initialized
2024-12-14 11:01:48,913 [FATAL] Updater:334 - Updater called before beeing initialized
2024-12-14 11:01:48,914 [FATAL] Updater:334 - Updater called before beeing initialized
2024-12-14 11:01:48,914 [WARN] DetailPanel:346 - Failed to get advertising image, set to default
2024-12-14 11:01:48,915 [FATAL] Updater:334 - Updater called before beeing initialized
2024-12-14 11:01:49,093 [ERROR] Updater:1164 - MainUpdater not yet initialized. External WinMGr cannot be set.
2024-12-14 11:01:49,124 [INFO] Updater:1100 - Updater Version found : 6.12.1
2024-12-14 11:01:49,144 [INFO] ApplicationProperties:184 - Using Application install path: D:\ST\STM32CubeIDE_1.16.0\STM32CubeIDE\plugins\com.st.stm32cube.common.mx_6.12.1.202409122256
2024-12-14 11:01:49,399 [INFO] ThirdPartyUpdaterWithRetryManager:70 - Updater plugin not ready yet. [3/15]
2024-12-14 11:01:49,731 [INFO] MainUpdater:2873 - connection check result : 10
2024-12-14 11:01:49,732 [INFO] MainUpdater:290 - Updater Check For Update Now.
2024-12-14 11:01:49,733 [INFO] MicroXplorer:498 - Change Database Version : DB.6.0.121
2024-12-14 11:01:49,773 [INFO] McuFinderGlobals:63 - Set McuFinder mode to 2 (CubeIDE integrated)
2024-12-14 11:01:49,784 [INFO] UserAuth:417 - Internet connection configuration mode: 1
2024-12-14 11:01:49,908 [INFO] JxBrowserEngine:152 - Initiate JxBrowser Engine with user profile folder
2024-12-14 11:01:50,099 [INFO] CheckServerUpdateThread:120 - End of CheckServer Thread
2024-12-14 11:01:52,884 [WARN] PackLoader:240 - Cannot read IP mode file for STMicroelectronics.FP-SNS-MOTENVWB1.1.4.0
2024-12-14 11:01:52,904 [WARN] PackLoader:240 - Cannot read IP mode file for STMicroelectronics.FP-ATR-ASTRA1.2.0.1
2024-12-14 11:01:52,924 [WARN] PackLoader:240 - Cannot read IP mode file for STMicroelectronics.X-CUBE-SMBUS.2.1.0
2024-12-14 11:01:52,951 [WARN] PackLoader:240 - Cannot read IP mode file for STMicroelectronics.X-CUBE-WB05N.1.1.0
2024-12-14 11:01:53,038 [WARN] PackLoader:240 - Cannot read IP mode file for STMicroelectronics.X-CUBE-AZRTOS-F7.1.1.0
2024-12-14 11:01:53,212 [WARN] PackLoader:240 - Cannot read IP mode file for STMicroelectronics.X-CUBE-MEMS1.11.0.0
2024-12-14 11:01:53,501 [WARN] PackLoader:240 - Cannot read IP mode file for STMicroelectronics.FP-SNS-FLIGHT1.5.0.2
2024-12-14 11:01:53,541 [WARN] PackLoader:240 - Cannot read IP mode file for STMicroelectronics.X-CUBE-DISPLAY.3.0.0
2024-12-14 11:01:53,579 [WARN] PackLoader:240 - Cannot read IP mode file for STMicroelectronics.X-CUBE-BLE1.7.0.0
2024-12-14 11:01:53,608 [WARN] PackLoader:240 - Cannot read IP mode file for STMicroelectronics.X-CUBE-NFC10.1.0.0
2024-12-14 11:01:53,643 [WARN] PackLoader:240 - Cannot read IP mode file for STMicroelectronics.X-CUBE-BLEMGR.4.0.0
2024-12-14 11:01:53,672 [WARN] PackLoader:240 - Cannot read IP mode file for emotas.I-CUBE-CANOPEN.1.3.0
2024-12-14 11:01:53,694 [WARN] PackLoader:240 - Cannot read IP mode file for STMicroelectronics.X-CUBE-BLEMGR.3.1.0
2024-12-14 11:01:53,717 [WARN] PackLoader:240 - Cannot read IP mode file for STMicroelectronics.FP-SNS-SMARTAG2.1.2.0
2024-12-14 11:01:53,753 [INFO] LogOutputStream:77 - [STDOUT_REDIRECT] 1 : Invalid condition id : UX_CORESTACK_Condition cause : null
2024-12-14 11:01:53,753 [INFO] LogOutputStream:77 - [STDOUT_REDIRECT] 1 : Invalid condition id : UX_CORESTACK_Condition cause : null
2024-12-14 11:01:53,755 [INFO] LogOutputStream:77 - [STDOUT_REDIRECT] 1 : Invalid condition id : UX_CORESTACK_Condition cause : null
2024-12-14 11:01:53,757 [INFO] LogOutputStream:77 - [STDOUT_REDIRECT] 1 : Invalid condition id : UX_CORESTACK_Condition cause : null
2024-12-14 11:01:53,758 [INFO] LogOutputStream:77 - [STDOUT_REDIRECT] 1 : Invalid condition id : UX_CORESTACK_Condition cause : null
2024-12-14 11:01:53,773 [WARN] PackLoader:240 - Cannot read IP mode file for STMicroelectronics.X-CUBE-AZRTOS-WL.2.0.0
2024-12-14 11:01:53,802 [WARN] PackLoader:240 - Cannot read IP mode file for STMicroelectronics.FP-SNS-MOTENV1.5.0.0
2024-12-14 11:01:53,827 [WARN] PackLoader:240 - Cannot read IP mode file for wolfSSL.I-CUBE-wolfMQTT.1.19.0
2024-12-14 11:01:53,863 [WARN] PackLoader:240 - Cannot read IP mode file for WES.I-CUBE-Cesium.1.3.0
2024-12-14 11:01:53,896 [WARN] PackLoader:240 - Cannot read IP mode file for STMicroelectronics.X-CUBE-BLE2.3.3.0
2024-12-14 11:01:53,931 [WARN] PackLoader:240 - Cannot read IP mode file for STMicroelectronics.X-CUBE-NFC9.1.0.0
2024-12-14 11:01:53,980 [WARN] PackLoader:240 - Cannot read IP mode file for STMicroelectronics.X-CUBE-TCPP.4.1.0
2024-12-14 11:01:54,041 [WARN] PackLoader:240 - Cannot read IP mode file for STMicroelectronics.X-CUBE-AZRTOS-G0.1.1.0
2024-12-14 11:01:54,073 [WARN] PackLoader:240 - Cannot read IP mode file for STMicroelectronics.X-CUBE-SAFEA1.1.2.2
2024-12-14 11:01:54,098 [WARN] PackLoader:240 - Cannot read IP mode file for STMicroelectronics.X-CUBE-NFC4.3.0.0
2024-12-14 11:01:54,123 [WARN] PackLoader:240 - Cannot read IP mode file for EmbeddedOffice.I-CUBE-FS-RTOS.1.0.1
2024-12-14 11:01:54,124 [ERROR] ConditionMgr:805 - Attr not supported : Dmpu
2024-12-14 11:01:54,124 [ERROR] ConditionMgr:805 - Attr not supported : Dmpu
2024-12-14 11:01:54,124 [ERROR] ConditionMgr:805 - Attr not supported : Dmpu
2024-12-14 11:01:54,124 [ERROR] ConditionMgr:805 - Attr not supported : Dmpu
2024-12-14 11:01:54,124 [ERROR] ConditionMgr:805 - Attr not supported : Dmpu
2024-12-14 11:01:54,124 [ERROR] ConditionMgr:805 - Attr not supported : Dmpu
2024-12-14 11:01:54,124 [ERROR] ConditionMgr:805 - Attr not supported : Dmpu
2024-12-14 11:01:54,124 [ERROR] ConditionMgr:805 - Attr not supported : Dmpu
2024-12-14 11:01:54,124 [ERROR] ConditionMgr:805 - Attr not supported : Dmpu
2024-12-14 11:01:54,125 [ERROR] ConditionMgr:805 - Attr not supported : Dmpu
2024-12-14 11:01:54,125 [ERROR] ConditionMgr:805 - Attr not supported : Dmpu
2024-12-14 11:01:54,125 [ERROR] ConditionMgr:805 - Attr not supported : Dmpu
2024-12-14 11:01:54,125 [ERROR] ConditionMgr:805 - Attr not supported : Dmpu
2024-12-14 11:01:54,125 [ERROR] ConditionMgr:805 - Attr not supported : Dmpu
2024-12-14 11:01:54,125 [ERROR] ConditionMgr:805 - Attr not supported : Dmpu
2024-12-14 11:01:54,125 [ERROR] ConditionMgr:805 - Attr not supported : Dmpu
2024-12-14 11:01:54,125 [ERROR] ConditionMgr:805 - Attr not supported : Dmpu
2024-12-14 11:01:54,125 [ERROR] ConditionMgr:805 - Attr not supported : Dmpu
2024-12-14 11:01:54,125 [ERROR] ConditionMgr:805 - Attr not supported : Dmpu
2024-12-14 11:01:54,125 [ERROR] ConditionMgr:805 - Attr not supported : Dmpu
2024-12-14 11:01:54,125 [ERROR] ConditionMgr:805 - Attr not supported : Dmpu
2024-12-14 11:01:54,126 [ERROR] ConditionMgr:805 - Attr not supported : Dmpu
2024-12-14 11:01:54,126 [ERROR] ConditionMgr:805 - Attr not supported : Dmpu
2024-12-14 11:01:54,126 [ERROR] ConditionMgr:805 - Attr not supported : Dmpu
2024-12-14 11:01:54,126 [ERROR] ConditionMgr:805 - Attr not supported : Dmpu
2024-12-14 11:01:54,126 [ERROR] ConditionMgr:805 - Attr not supported : Dmpu
2024-12-14 11:01:54,126 [ERROR] ConditionMgr:805 - Attr not supported : Dmpu
2024-12-14 11:01:54,126 [ERROR] ConditionMgr:805 - Attr not supported : Dmpu
2024-12-14 11:01:54,126 [ERROR] ConditionMgr:805 - Attr not supported : Dmpu
2024-12-14 11:01:54,126 [ERROR] ConditionMgr:805 - Attr not supported : Dmpu
2024-12-14 11:01:54,126 [ERROR] ConditionMgr:805 - Attr not supported : Dmpu
2024-12-14 11:01:54,126 [ERROR] ConditionMgr:805 - Attr not supported : Dmpu
2024-12-14 11:01:54,126 [ERROR] ConditionMgr:805 - Attr not supported : Dmpu
2024-12-14 11:01:54,127 [ERROR] ConditionMgr:805 - Attr not supported : Dmpu
2024-12-14 11:01:54,127 [ERROR] ConditionMgr:805 - Attr not supported : Dmpu
2024-12-14 11:01:54,127 [ERROR] ConditionMgr:805 - Attr not supported : Dmpu
2024-12-14 11:01:54,127 [ERROR] ConditionMgr:805 - Attr not supported : Dmpu
2024-12-14 11:01:54,127 [ERROR] ConditionMgr:805 - Attr not supported : Dmpu
2024-12-14 11:01:54,127 [ERROR] ConditionMgr:805 - Attr not supported : Dmpu
2024-12-14 11:01:54,127 [ERROR] ConditionMgr:805 - Attr not supported : Dmpu
2024-12-14 11:01:54,127 [ERROR] ConditionMgr:805 - Attr not supported : Dmpu
2024-12-14 11:01:54,127 [ERROR] ConditionMgr:805 - Attr not supported : Dmpu
2024-12-14 11:01:54,128 [ERROR] ConditionMgr:805 - Attr not supported : Dmpu
2024-12-14 11:01:54,128 [ERROR] ConditionMgr:805 - Attr not supported : Dmpu
2024-12-14 11:01:54,128 [ERROR] ConditionMgr:805 - Attr not supported : Dmpu
2024-12-14 11:01:54,128 [ERROR] ConditionMgr:805 - Attr not supported : Dmpu
2024-12-14 11:01:54,128 [ERROR] ConditionMgr:805 - Attr not supported : Dmpu
2024-12-14 11:01:54,128 [ERROR] ConditionMgr:805 - Attr not supported : Dmpu
2024-12-14 11:01:54,128 [ERROR] ConditionMgr:805 - Attr not supported : Dmpu
2024-12-14 11:01:54,128 [ERROR] ConditionMgr:805 - Attr not supported : Dmpu
2024-12-14 11:01:54,128 [ERROR] ConditionMgr:805 - Attr not supported : Dmpu
2024-12-14 11:01:54,128 [ERROR] ConditionMgr:805 - Attr not supported : Dmpu
2024-12-14 11:01:54,129 [ERROR] ConditionMgr:805 - Attr not supported : Dmpu
2024-12-14 11:01:54,129 [ERROR] ConditionMgr:805 - Attr not supported : Dmpu
2024-12-14 11:01:54,129 [ERROR] ConditionMgr:805 - Attr not supported : Dmpu
2024-12-14 11:01:54,129 [ERROR] ConditionMgr:805 - Attr not supported : Dmpu
2024-12-14 11:01:54,129 [ERROR] ConditionMgr:805 - Attr not supported : Dmpu
2024-12-14 11:01:54,129 [ERROR] ConditionMgr:805 - Attr not supported : Dmpu
2024-12-14 11:01:54,129 [ERROR] ConditionMgr:805 - Attr not supported : Dmpu
2024-12-14 11:01:54,129 [ERROR] ConditionMgr:805 - Attr not supported : Dmpu
2024-12-14 11:01:54,129 [ERROR] ConditionMgr:805 - Attr not supported : Dmpu
2024-12-14 11:01:54,130 [ERROR] ConditionMgr:805 - Attr not supported : Dmpu
2024-12-14 11:01:54,130 [ERROR] ConditionMgr:805 - Attr not supported : Dmpu
2024-12-14 11:01:54,130 [ERROR] ConditionMgr:805 - Attr not supported : Dmpu
2024-12-14 11:01:54,150 [ERROR] Engine:466 - C:\Users\Asus\.stm32cubemx\thirdparties\pdsc\STMicroelectronics.X-CUBE-TCPP.4.2.0.pdsc: PDSC version is not supported
2024-12-14 11:01:54,176 [WARN] PackLoader:240 - Cannot read IP mode file for RealThread.X-CUBE-RT-Thread_Nano.4.1.1
2024-12-14 11:01:54,197 [WARN] PackLoader:240 - Cannot read IP mode file for STMicroelectronics.FP-ATR-SIGFOX1.3.2.0
2024-12-14 11:01:54,216 [WARN] PackLoader:240 - Cannot read IP mode file for wolfSSL.I-CUBE-wolfSSL.5.7.2
2024-12-14 11:01:54,233 [WARN] ConditionMgr:438 - getConditionDescription Invalid condition id : Cortex-A Device cause : null
2024-12-14 11:01:54,281 [WARN] ConditionMgr:1039 - genDependencies : Invalid condition id : Cortex-A Device cause : null
2024-12-14 11:01:54,282 [WARN] ConditionMgr:1039 - genDependencies : Invalid condition id : Cortex-A Device cause : null
2024-12-14 11:01:54,282 [WARN] ConditionMgr:1039 - genDependencies : Invalid condition id : Cortex-A Device cause : null
2024-12-14 11:01:54,305 [WARN] PackLoader:240 - Cannot read IP mode file for STMicroelectronics.X-CUBE-EEPRMA1.5.1.0
2024-12-14 11:01:54,333 [WARN] PackLoader:240 - Cannot read IP mode file for ITTIA_DB.I-CUBE-ITTIADB.8.9.0
2024-12-14 11:01:54,417 [WARN] PackLoader:240 - Cannot read IP mode file for SEGGER.I-CUBE-embOS.1.3.1
2024-12-14 11:01:54,515 [WARN] PackLoader:240 - Cannot read IP mode file for STMicroelectronics.X-CUBE-ALGOBUILD.1.4.0
2024-12-14 11:01:54,538 [WARN] PackLoader:240 - Cannot read IP mode file for STMicroelectronics.X-CUBE-AI.9.1.0
2024-12-14 11:01:54,561 [WARN] PackLoader:240 - Cannot read IP mode file for STMicroelectronics.X-CUBE-GNSS1.6.0.0
2024-12-14 11:01:54,601 [WARN] PackLoader:240 - Cannot read IP mode file for STMicroelectronics.X-CUBE-AZRTOS-F4.1.1.0
2024-12-14 11:01:54,623 [WARN] PackLoader:240 - Cannot read IP mode file for STMicroelectronics.X-CUBE-ISPU.2.1.0
2024-12-14 11:01:54,641 [WARN] PackLoader:240 - Cannot read IP mode file for STMicroelectronics.X-CUBE-FREERTOS.1.2.0
2024-12-14 11:01:54,686 [WARN] PackLoader:240 - Cannot read IP mode file for STMicroelectronics.X-CUBE-AZRTOS-L5.2.0.0
2024-12-14 11:01:54,711 [WARN] PackLoader:240 - Cannot read IP mode file for STMicroelectronics.X-CUBE-NFC6.3.1.0
2024-12-14 11:01:54,730 [WARN] PackLoader:240 - Cannot read IP mode file for STMicroelectronics.X-CUBE-DPower.1.2.0
2024-12-14 11:01:54,751 [WARN] PackLoader:240 - Cannot read IP mode file for STMicroelectronics.X-CUBE-AI.9.0.0
2024-12-14 11:01:54,771 [WARN] PackLoader:240 - Cannot read IP mode file for STMicroelectronics.X-CUBE-FREERTOS.1.3.0
2024-12-14 11:01:54,793 [WARN] PackLoader:240 - Cannot read IP mode file for STMicroelectronics.X-CUBE-NFC7.1.0.1
2024-12-14 11:01:54,812 [WARN] PackLoader:240 - Cannot read IP mode file for wolfSSL.I-CUBE-wolfTPM.3.2.0
2024-12-14 11:01:54,865 [WARN] ConditionMgr:438 - getConditionDescription Invalid condition id : LAN8742 Phy interface Condition cause : null
2024-12-14 11:01:54,866 [WARN] PackLoader:240 - Cannot read IP mode file for STMicroelectronics.X-CUBE-AZRTOS-L4.2.0.0
2024-12-14 11:01:54,868 [WARN] ConditionMgr:1039 - genDependencies : Invalid condition id : LAN8742 Phy interface Condition cause : null
2024-12-14 11:01:54,869 [WARN] ConditionMgr:1039 - genDependencies : Invalid condition id : LAN8742 Phy interface Condition cause : null
2024-12-14 11:01:54,870 [WARN] ConditionMgr:1039 - genDependencies : Invalid condition id : LAN8742 Phy interface Condition cause : null
2024-12-14 11:01:54,906 [WARN] PackLoader:240 - Cannot read IP mode file for STMicroelectronics.X-CUBE-SFXS2LP1.4.0.0
2024-12-14 11:01:54,978 [WARN] PackLoader:240 - Cannot read IP mode file for STMicroelectronics.X-CUBE-AZRTOS-H7.3.3.0
2024-12-14 11:01:55,023 [WARN] PackLoader:240 - Cannot read IP mode file for STMicroelectronics.X-CUBE-IPS.3.0.0
2024-12-14 11:01:55,063 [WARN] ConditionMgr:438 - getConditionDescription Invalid condition id : UX DEVICE CLASS RTOS Condition cause : null
2024-12-14 11:01:55,063 [WARN] ConditionMgr:438 - getConditionDescription Invalid condition id : UX DEVICE CLASS RTOS Condition cause : null
2024-12-14 11:01:55,066 [WARN] PackLoader:240 - Cannot read IP mode file for STMicroelectronics.X-CUBE-AZRTOS-WB.2.0.0
2024-12-14 11:01:55,067 [WARN] ConditionMgr:1039 - genDependencies : Invalid condition id : UX DEVICE CLASS RTOS Condition cause : null
2024-12-14 11:01:55,067 [WARN] ConditionMgr:1039 - genDependencies : Invalid condition id : UX DEVICE CLASS RTOS Condition cause : null
2024-12-14 11:01:55,067 [WARN] ConditionMgr:1039 - genDependencies : Invalid condition id : UX DEVICE CLASS RTOS Condition cause : null
2024-12-14 11:01:55,067 [WARN] ConditionMgr:1039 - genDependencies : Invalid condition id : UX DEVICE CLASS RTOS Condition cause : null
2024-12-14 11:01:55,068 [WARN] ConditionMgr:1039 - genDependencies : Invalid condition id : UX DEVICE CLASS RTOS Condition cause : null
2024-12-14 11:01:55,090 [WARN] PackLoader:240 - Cannot read IP mode file for STMicroelectronics.X-CUBE-GNSS1.7.0.0
2024-12-14 11:01:55,115 [WARN] PackLoader:240 - Cannot read IP mode file for STMicroelectronics.FP-SNS-STBOX1.2.0.0
2024-12-14 11:01:55,156 [WARN] PackLoader:240 - Cannot read IP mode file for STMicroelectronics.X-CUBE-SUBG2.5.0.0
2024-12-14 11:01:55,185 [WARN] PackLoader:240 - Cannot read IP mode file for Cesanta.I-CUBE-Mongoose.7.13.0
2024-12-14 11:01:55,229 [WARN] PackLoader:240 - Cannot read IP mode file for STMicroelectronics.X-CUBE-AZRTOS-G4.2.0.0
2024-12-14 11:01:55,256 [WARN] PackLoader:240 - Cannot read IP mode file for STMicroelectronics.X-CUBE-ISPU.2.0.0
2024-12-14 11:01:55,280 [WARN] PackLoader:240 - Cannot read IP mode file for STMicroelectronics.X-CUBE-ALS.1.0.2
2024-12-14 11:01:55,395 [WARN] PackLoader:240 - Cannot read IP mode file for STMicroelectronics.X-CUBE-MEMS1.10.0.0
2024-12-14 11:01:55,597 [WARN] PackLoader:240 - Cannot read IP mode file for STMicroelectronics.X-CUBE-TOUCHGFX.4.24.0
2024-12-14 11:01:55,619 [WARN] PackLoader:240 - Cannot read IP mode file for STMicroelectronics.X-CUBE-TOUCHGFX.4.24.1
2024-12-14 11:01:55,642 [WARN] PackLoader:240 - Cannot read IP mode file for portGmbH.I-Cube-SoM-uGOAL.1.1.0
2024-12-14 11:01:55,686 [WARN] PackLoader:240 - Cannot read IP mode file for STMicroelectronics.X-CUBE-AZRTOS-H7RS.1.0.0
2024-12-14 11:01:55,707 [WARN] PackLoader:240 - Cannot read IP mode file for STMicroelectronics.FP-ATR-ASTRA1.2.0.0
2024-12-14 11:01:55,734 [WARN] PackLoader:240 - Cannot read IP mode file for STMicroelectronics.X-CUBE-TOF1.3.4.2
2024-12-14 11:01:55,789 [WARN] PackLoader:240 - Cannot read IP mode file for STMicroelectronics.X-CUBE-AZRTOS-H7.3.2.0
2024-12-14 11:01:55,838 [WARN] PackLoader:240 - Cannot read IP mode file for Infineon.AIROC-Wi-Fi-Bluetooth-STM32.1.6.0
2024-12-14 11:01:55,859 [WARN] PackLoader:240 - Cannot read IP mode file for wolfSSL.I-CUBE-wolfSSH.1.4.17
2024-12-14 11:01:55,860 [INFO] ThirdParty:978 - Integrity check success = true
2024-12-14 11:01:55,860 [INFO] IntegrityCheckThread:100 - exiting critical section [integrity check]
2024-12-14 11:01:55,860 [INFO] IntegrityCheckThread:103 - End integrity checks thread
2024-12-14 11:02:00,025 [INFO] WebApp:167 - Instantiating new browser for Auth
2024-12-14 11:02:01,617 [INFO] WebApp:448 - Apply proxy settings
2024-12-14 11:02:01,618 [INFO] WebApp:533 - Chromium requires no authentication
2024-12-14 11:02:01,639 [INFO] WebApp:476 - Direct internet connection detected
2024-12-14 11:02:01,686 [INFO] WebApp:869 - Register for checkConnection events
2024-12-14 11:02:01,686 [INFO] WebApp:448 - Apply proxy settings
2024-12-14 11:02:01,686 [INFO] WebApp:533 - Chromium requires no authentication
2024-12-14 11:02:01,687 [INFO] WebApp:476 - Direct internet connection detected
2024-12-14 11:02:02,038 [INFO] WebApp:186 - Connection restablished
2024-12-14 11:02:02,111 [INFO] WebApp:220 - Starting web application
2024-12-14 11:02:02,111 [INFO] WebApp:578 - Web application path used D:\ST\STM32CubeIDE_1.16.0\STM32CubeIDE\plugins\com.st.stm32cube.common.mx_6.12.1.202409122256\db\plugins\mcufinder\reactClient1\index.html
2024-12-14 11:02:02,582 [INFO] UserAuth:417 - Internet connection configuration mode: 1
2024-12-14 21:27:36,123 [ERROR] LogOutputStream:75 - [STDERR_REDIRECT] 
2024-12-14 21:29:13,767 [INFO] Activator:176 - 


2024-12-14 21:29:13,771 [INFO] Activator:177 - !SESSION log4j initialized
2024-12-14 21:29:30,132 [INFO] LogOutputStream:77 - [STDOUT_REDIRECT] 
2024-12-14 21:30:20,469 [INFO] ApplicationProperties:184 - Using Application install path: D:\ST\STM32CubeIDE_1.16.0\STM32CubeIDE\plugins\com.st.stm32cube.common.mx_6.12.1.202409122256
2024-12-14 21:30:20,545 [INFO] DbMcusXml:78 - Set database path to: D:\ST\STM32CubeIDE_1.16.0\STM32CubeIDE\plugins\com.st.stm32cube.common.mx_6.12.1.202409122256\\db\/mcu/
2024-12-14 21:30:20,545 [INFO] ApiDb:274 - Set plugin database path to: D:\ST\STM32CubeIDE_1.16.0\STM32CubeIDE\plugins\com.st.stm32cube.common.mx_6.12.1.202409122256\\db\/plugins/boardmanager/
2024-12-14 21:30:20,546 [WARN] ApiDb:259 - Overriding images path with different value:  => D:\ST\STM32CubeIDE_1.16.0\STM32CubeIDE\plugins\com.st.stm32cube.common.mx_6.12.1.202409122256\\db\/plugins/mcufinder/images/
2024-12-14 21:30:20,629 [INFO] ApiDb:250 - Set database path to: C:\Users\Asus\.stmcufinder\plugins\mcufinder//mcu/
2024-12-14 21:30:20,631 [INFO] DbMcusAds:125 - Set database path to: C:\Users\Asus\.stmcufinder\plugins\mcufinder//mcu/
2024-12-14 21:30:20,674 [INFO] CrossReferenceDbSqlite:203 - Set database path to: C:\Users\Asus\.stmcufinder\plugins\mcufinder//mcu/cs/
2024-12-14 21:30:21,155 [INFO] RulesReader:64 - Compatibility file has been processed (297 Rules)
2024-12-14 21:30:21,381 [INFO] DbMcusXml:78 - Set database path to: D:\ST\STM32CubeIDE_1.16.0\STM32CubeIDE\plugins\com.st.stm32cube.common.mx_6.12.1.202409122256\\db\/mcu/
2024-12-14 21:30:21,382 [INFO] ApiDb:274 - Set plugin database path to: D:\ST\STM32CubeIDE_1.16.0\STM32CubeIDE\plugins\com.st.stm32cube.common.mx_6.12.1.202409122256\\db\/plugins/boardmanager/
2024-12-14 21:30:21,382 [INFO] ApiDb:261 - Set plugin images path to: D:\ST\STM32CubeIDE_1.16.0\STM32CubeIDE\plugins\com.st.stm32cube.common.mx_6.12.1.202409122256\\db\/plugins/mcufinder/images/
2024-12-14 21:30:21,383 [WARN] DbFile:41 - Overriding database path with different value: C:\Users\Asus\.stmcufinder\plugins\mcufinder/ => C:\Users\Asus\.stmcufinder\plugins\mcufinder
2024-12-14 21:30:21,383 [INFO] ApiDb:250 - Set database path to: C:\Users\Asus\.stmcufinder\plugins\mcufinder//mcu/
2024-12-14 21:30:21,383 [WARN] DbFile:41 - Overriding database path with different value: C:\Users\Asus\.stmcufinder\plugins\mcufinder/ => C:\Users\Asus\.stmcufinder\plugins\mcufinder
2024-12-14 21:30:21,384 [INFO] DbMcusAds:125 - Set database path to: C:\Users\Asus\.stmcufinder\plugins\mcufinder//mcu/
2024-12-14 21:30:21,384 [WARN] DbFile:41 - Overriding database path with different value: C:\Users\Asus\.stmcufinder\plugins\mcufinder/ => C:\Users\Asus\.stmcufinder\plugins\mcufinder
2024-12-14 21:30:21,384 [WARN] DbFile:41 - Overriding database path with different value: C:\Users\Asus\.stmcufinder\plugins\mcufinder/ => C:\Users\Asus\.stmcufinder\plugins\mcufinder
2024-12-14 21:30:21,384 [INFO] CrossReferenceDbSqlite:203 - Set database path to: C:\Users\Asus\.stmcufinder\plugins\mcufinder//mcu/cs/
2024-12-14 21:30:21,608 [INFO] MainPanel:268 - HeapMemory: 268435456
2024-12-14 21:30:22,177 [INFO] DbMcusXml:78 - Set database path to: D:\ST\STM32CubeIDE_1.16.0\STM32CubeIDE\plugins\com.st.stm32cube.common.mx_6.12.1.202409122256\\db\/mcu/
2024-12-14 21:30:22,177 [INFO] ApiDb:274 - Set plugin database path to: D:\ST\STM32CubeIDE_1.16.0\STM32CubeIDE\plugins\com.st.stm32cube.common.mx_6.12.1.202409122256\\db\/plugins/boardmanager/
2024-12-14 21:30:22,178 [INFO] ApiDb:261 - Set plugin images path to: D:\ST\STM32CubeIDE_1.16.0\STM32CubeIDE\plugins\com.st.stm32cube.common.mx_6.12.1.202409122256\\db\/plugins/mcufinder/images/
2024-12-14 21:30:22,178 [WARN] DbFile:41 - Overriding database path with different value: C:\Users\Asus\.stmcufinder\plugins\mcufinder/ => C:\Users\Asus\.stmcufinder\plugins\mcufinder
2024-12-14 21:30:22,178 [INFO] ApiDb:250 - Set database path to: C:\Users\Asus\.stmcufinder\plugins\mcufinder//mcu/
2024-12-14 21:30:22,178 [WARN] DbFile:41 - Overriding database path with different value: C:\Users\Asus\.stmcufinder\plugins\mcufinder/ => C:\Users\Asus\.stmcufinder\plugins\mcufinder
2024-12-14 21:30:22,180 [INFO] DbMcusAds:125 - Set database path to: C:\Users\Asus\.stmcufinder\plugins\mcufinder//mcu/
2024-12-14 21:30:22,180 [WARN] DbFile:41 - Overriding database path with different value: C:\Users\Asus\.stmcufinder\plugins\mcufinder/ => C:\Users\Asus\.stmcufinder\plugins\mcufinder
2024-12-14 21:30:22,180 [WARN] DbFile:41 - Overriding database path with different value: C:\Users\Asus\.stmcufinder\plugins\mcufinder/ => C:\Users\Asus\.stmcufinder\plugins\mcufinder
2024-12-14 21:30:22,180 [INFO] CrossReferenceDbSqlite:203 - Set database path to: C:\Users\Asus\.stmcufinder\plugins\mcufinder//mcu/cs/
2024-12-14 21:30:22,212 [INFO] ApplicationProperties:184 - Using Application install path: D:\ST\STM32CubeIDE_1.16.0\STM32CubeIDE\plugins\com.st.stm32cube.common.mx_6.12.1.202409122256
2024-12-14 21:30:22,216 [INFO] PluginManage:196 - Search for loadable plugins [exclusion list=, ]
2024-12-14 21:30:22,219 [INFO] PluginManage:310 - Check plugin analytics
2024-12-14 21:30:32,080 [INFO] AnalyticsPlugin:253 - Accepted Software Licenses: STM32CubeMX.6.5.0
2024-12-14 21:30:32,081 [INFO] AnalyticsPlugin:255 - Accepted CMSIS Pack Licenses: 
2024-12-14 21:30:32,081 [INFO] AnalyticsPlugin:257 - Accepted Firmware Licenses: FW.F4.1.27.0,FW.F4.1.28.0
2024-12-14 21:30:32,083 [INFO] PluginManage:359 - Loaded plugin analytics (category:tool,tabindex:-1)
2024-12-14 21:30:32,098 [INFO] PluginManage:310 - Check plugin cadmodel
2024-12-14 21:30:32,192 [INFO] CADModel:105 - Init CAD model plugin
2024-12-14 21:30:32,192 [INFO] PluginManage:359 - Loaded plugin cadmodel (category:power,tabindex:5)
2024-12-14 21:30:32,192 [INFO] PluginManage:310 - Check plugin clock
2024-12-14 21:30:32,251 [INFO] PluginManage:359 - Loaded plugin clock (category:base,tabindex:2)
2024-12-14 21:30:32,251 [INFO] PluginManage:310 - Check plugin ddr
2024-12-14 21:30:32,274 [INFO] PluginManage:359 - Loaded plugin ddr (category:tool,tabindex:6)
2024-12-14 21:30:32,275 [INFO] PluginManage:310 - Check plugin filemanager
2024-12-14 21:30:32,625 [INFO] PluginManage:359 - Loaded plugin filemanager (category:base,tabindex:10)
2024-12-14 21:30:32,625 [INFO] PluginManage:310 - Check plugin ipmanager
2024-12-14 21:30:32,651 [INFO] PluginManage:359 - Loaded plugin ipmanager (category:base,tabindex:5)
2024-12-14 21:30:32,651 [INFO] PluginManage:310 - Check plugin lpbam
2024-12-14 21:30:32,720 [INFO] PluginManage:359 - Loaded plugin lpbam (category:base,tabindex:0)
2024-12-14 21:30:32,720 [INFO] PluginManage:310 - Check plugin memorymap
2024-12-14 21:30:32,805 [INFO] PluginManage:359 - Loaded plugin memorymap (category:base,tabindex:4)
2024-12-14 21:30:32,806 [INFO] PluginManage:310 - Check plugin pinoutandconfiguration
2024-12-14 21:30:32,889 [INFO] PluginManage:359 - Loaded plugin pinoutandconfiguration (category:base,tabindex:1)
2024-12-14 21:30:32,889 [INFO] PluginManage:310 - Check plugin pinoutconfig
2024-12-14 21:30:33,120 [WARN] SupportedApi:132 - Cannot load RTOS API schema: s4s-elt-must-match.1: The content of 'definitions' must match (annotation?, (simpleType | complexType)?, (unique | key | keyref)*)). A problem was found starting at: attribute.
2024-12-14 21:30:33,376 [INFO] PluginManage:359 - Loaded plugin pinoutconfig (category:base,tabindex:0)
2024-12-14 21:30:33,376 [INFO] PluginManage:310 - Check plugin power
2024-12-14 21:30:33,452 [INFO] PluginManage:359 - Loaded plugin power (category:power,tabindex:4)
2024-12-14 21:30:33,452 [INFO] PluginManage:310 - Check plugin projectmanager
2024-12-14 21:30:33,505 [INFO] PluginManage:359 - Loaded plugin projectmanager (category:projectmanager,tabindex:4)
2024-12-14 21:30:33,506 [INFO] PluginManage:310 - Check plugin rif
2024-12-14 21:30:33,542 [INFO] PluginManage:359 - Loaded plugin rif (category:base,tabindex:3)
2024-12-14 21:30:33,542 [INFO] PluginManage:310 - Check plugin thirdparty
2024-12-14 21:30:34,291 [INFO] PluginManage:359 - Loaded plugin thirdparty (category:base,tabindex:-1)
2024-12-14 21:30:34,291 [WARN] IntegrityCheckThread:84 - waiting for thirdparty lock release [integrity check]
2024-12-14 21:30:34,291 [INFO] IntegrityCheckThread:86 - entering critical section [integrity check]
2024-12-14 21:30:34,291 [INFO] PluginManage:310 - Check plugin tools
2024-12-14 21:30:34,292 [INFO] ThirdPartyUpdaterWithRetryManager:70 - Updater plugin not ready yet. [1/15]
2024-12-14 21:30:34,376 [INFO] PluginManage:359 - Loaded plugin tools (category:base,tabindex:7)
2024-12-14 21:30:34,376 [INFO] PluginManage:310 - Check plugin tutovideos
2024-12-14 21:30:34,925 [INFO] PluginManage:359 - Loaded plugin tutovideos (category:base,tabindex:-1)
2024-12-14 21:30:34,925 [INFO] PluginManage:310 - Check plugin updater
2024-12-14 21:30:34,970 [INFO] PluginManage:359 - Loaded plugin updater (category:base,tabindex:12)
2024-12-14 21:30:34,970 [INFO] PluginManage:310 - Check plugin userauth
2024-12-14 21:30:35,015 [INFO] UserAuth:113 - Init User Auth plugin
2024-12-14 21:30:35,015 [INFO] PluginManage:359 - Loaded plugin userauth (category:base,tabindex:14)
2024-12-14 21:30:35,016 [INFO] PluginManage:283 - PluginManage : Loaded plugins [18]
2024-12-14 21:30:35,452 [INFO] PinOutPanel:1561 - setPackage(No Configuration,No Configuration)
2024-12-14 21:30:35,604 [INFO] CADModel:165 - CPN selected for project level
2024-12-14 21:30:35,604 [INFO] CADModel:114 - Register for checkConnection events
2024-12-14 21:30:35,685 [INFO] IPUIPlugin:80 - create IPUIPlugin
2024-12-14 21:30:35,686 [INFO] PluginManager:220 - loadIPPluginJar : add adc
2024-12-14 21:30:35,777 [INFO] IPUIPlugin:80 - create IPUIPlugin
2024-12-14 21:30:35,777 [INFO] PluginManager:220 - loadIPPluginJar : add aes
2024-12-14 21:30:35,922 [INFO] IPUIPlugin:80 - create IPUIPlugin
2024-12-14 21:30:35,923 [INFO] PluginManager:220 - loadIPPluginJar : add can
2024-12-14 21:30:36,016 [INFO] IPUIPlugin:80 - create IPUIPlugin
2024-12-14 21:30:36,017 [INFO] PluginManager:220 - loadIPPluginJar : add comp
2024-12-14 21:30:36,120 [INFO] IPUIPlugin:80 - create IPUIPlugin
2024-12-14 21:30:36,120 [INFO] PluginManager:220 - loadIPPluginJar : add cryp
2024-12-14 21:30:36,190 [INFO] IPUIPlugin:80 - create IPUIPlugin
2024-12-14 21:30:36,191 [INFO] PluginManager:220 - loadIPPluginJar : add ddr_ctrl_phy
2024-12-14 21:30:36,292 [INFO] IPUIPlugin:80 - create IPUIPlugin
2024-12-14 21:30:36,292 [INFO] PluginManager:220 - loadIPPluginJar : add dfsdm
2024-12-14 21:30:36,357 [INFO] IPUIPlugin:80 - create IPUIPlugin
2024-12-14 21:30:36,358 [INFO] PluginManager:220 - loadIPPluginJar : add dma
2024-12-14 21:30:36,474 [INFO] IPUIPlugin:80 - create IPUIPlugin
2024-12-14 21:30:36,474 [INFO] PluginManager:220 - loadIPPluginJar : add dma3
2024-12-14 21:30:36,646 [INFO] IPUIPlugin:80 - create IPUIPlugin
2024-12-14 21:30:36,646 [INFO] PluginManager:220 - loadIPPluginJar : add extmemmanager
2024-12-14 21:30:36,699 [INFO] IPUIPlugin:80 - create IPUIPlugin
2024-12-14 21:30:36,699 [INFO] PluginManager:220 - loadIPPluginJar : add fatfs
2024-12-14 21:30:36,949 [INFO] IPUIPlugin:80 - create IPUIPlugin
2024-12-14 21:30:36,949 [INFO] PluginManager:220 - loadIPPluginJar : add fmc
2024-12-14 21:30:36,987 [INFO] IPUIPlugin:80 - create IPUIPlugin
2024-12-14 21:30:36,987 [INFO] PluginManager:220 - loadIPPluginJar : add freertos
2024-12-14 21:30:37,022 [INFO] IPUIPlugin:80 - create IPUIPlugin
2024-12-14 21:30:37,022 [INFO] PluginManager:220 - loadIPPluginJar : add genericplugin
2024-12-14 21:30:37,257 [INFO] IPUIPlugin:80 - create IPUIPlugin
2024-12-14 21:30:37,257 [INFO] PluginManager:220 - loadIPPluginJar : add gfxmmu
2024-12-14 21:30:37,294 [INFO] ThirdPartyUpdaterWithRetryManager:70 - Updater plugin not ready yet. [2/15]
2024-12-14 21:30:37,584 [INFO] IPUIPlugin:80 - create IPUIPlugin
2024-12-14 21:30:37,584 [INFO] PluginManager:220 - loadIPPluginJar : add gic
2024-12-14 21:30:37,638 [INFO] IPUIPlugin:80 - create IPUIPlugin
2024-12-14 21:30:37,639 [INFO] PluginManager:220 - loadIPPluginJar : add gpio
2024-12-14 21:30:37,821 [INFO] IPUIPlugin:80 - create IPUIPlugin
2024-12-14 21:30:37,821 [INFO] PluginManager:220 - loadIPPluginJar : add gtzc
2024-12-14 21:30:37,956 [INFO] IPUIPlugin:80 - create IPUIPlugin
2024-12-14 21:30:37,956 [INFO] PluginManager:220 - loadIPPluginJar : add hash
2024-12-14 21:30:38,100 [INFO] IPUIPlugin:80 - create IPUIPlugin
2024-12-14 21:30:38,100 [INFO] PluginManager:220 - loadIPPluginJar : add i2c
2024-12-14 21:30:38,221 [INFO] IPUIPlugin:80 - create IPUIPlugin
2024-12-14 21:30:38,221 [INFO] PluginManager:220 - loadIPPluginJar : add i2s
2024-12-14 21:30:38,308 [INFO] IPUIPlugin:80 - create IPUIPlugin
2024-12-14 21:30:38,308 [INFO] PluginManager:220 - loadIPPluginJar : add i3c
2024-12-14 21:30:38,544 [INFO] IPUIPlugin:80 - create IPUIPlugin
2024-12-14 21:30:38,545 [INFO] PluginManager:220 - loadIPPluginJar : add ipddr
2024-12-14 21:30:38,802 [INFO] IPUIPlugin:80 - create IPUIPlugin
2024-12-14 21:30:38,803 [INFO] PluginManager:220 - loadIPPluginJar : add linkedlist
2024-12-14 21:30:38,905 [INFO] IPUIPlugin:80 - create IPUIPlugin
2024-12-14 21:30:38,905 [INFO] PluginManager:220 - loadIPPluginJar : add lorawan
2024-12-14 21:30:39,014 [INFO] IPUIPlugin:80 - create IPUIPlugin
2024-12-14 21:30:39,014 [INFO] PluginManager:220 - loadIPPluginJar : add ltdc
2024-12-14 21:30:39,066 [INFO] IPUIPlugin:80 - create IPUIPlugin
2024-12-14 21:30:39,066 [INFO] PluginManager:220 - loadIPPluginJar : add mdma
2024-12-14 21:30:39,095 [INFO] IPUIPlugin:80 - create IPUIPlugin
2024-12-14 21:30:39,095 [INFO] PluginManager:220 - loadIPPluginJar : add nvic
2024-12-14 21:30:39,177 [INFO] IPUIPlugin:80 - create IPUIPlugin
2024-12-14 21:30:39,177 [INFO] PluginManager:220 - loadIPPluginJar : add opamp
2024-12-14 21:30:39,281 [INFO] IPUIPlugin:80 - create IPUIPlugin
2024-12-14 21:30:39,281 [INFO] PluginManager:220 - loadIPPluginJar : add openamp
2024-12-14 21:30:39,391 [INFO] IPUIPlugin:80 - create IPUIPlugin
2024-12-14 21:30:39,391 [INFO] PluginManager:220 - loadIPPluginJar : add pdm2pcm
2024-12-14 21:30:39,420 [INFO] IPUIPlugin:80 - create IPUIPlugin
2024-12-14 21:30:39,428 [INFO] PluginManager:220 - loadIPPluginJar : add plateformsettings
2024-12-14 21:30:39,467 [INFO] IPUIPlugin:80 - create IPUIPlugin
2024-12-14 21:30:39,468 [INFO] PluginManager:220 - loadIPPluginJar : add quadspi
2024-12-14 21:30:39,511 [INFO] IPUIPlugin:80 - create IPUIPlugin
2024-12-14 21:30:39,525 [INFO] PluginManager:220 - loadIPPluginJar : add radio
2024-12-14 21:30:39,564 [INFO] IPUIPlugin:80 - create IPUIPlugin
2024-12-14 21:30:39,564 [INFO] PluginManager:220 - loadIPPluginJar : add resmgrutility
2024-12-14 21:30:39,655 [INFO] IPUIPlugin:80 - create IPUIPlugin
2024-12-14 21:30:39,655 [INFO] PluginManager:220 - loadIPPluginJar : add sai
2024-12-14 21:30:39,706 [INFO] IPUIPlugin:80 - create IPUIPlugin
2024-12-14 21:30:39,706 [INFO] PluginManager:220 - loadIPPluginJar : add spi
2024-12-14 21:30:39,800 [INFO] IPUIPlugin:80 - create IPUIPlugin
2024-12-14 21:30:39,800 [INFO] PluginManager:220 - loadIPPluginJar : add stm32_wpan
2024-12-14 21:30:39,865 [INFO] IPUIPlugin:80 - create IPUIPlugin
2024-12-14 21:30:39,866 [INFO] PluginManager:220 - loadIPPluginJar : add tim
2024-12-14 21:30:40,008 [INFO] IPUIPlugin:80 - create IPUIPlugin
2024-12-14 21:30:40,009 [INFO] PluginManager:220 - loadIPPluginJar : add touchsensing
2024-12-14 21:30:40,076 [INFO] IPUIPlugin:80 - create IPUIPlugin
2024-12-14 21:30:40,076 [INFO] PluginManager:220 - loadIPPluginJar : add tracer_emb
2024-12-14 21:30:40,156 [INFO] IPUIPlugin:80 - create IPUIPlugin
2024-12-14 21:30:40,156 [INFO] PluginManager:220 - loadIPPluginJar : add ts
2024-12-14 21:30:40,211 [INFO] IPUIPlugin:80 - create IPUIPlugin
2024-12-14 21:30:40,211 [INFO] PluginManager:220 - loadIPPluginJar : add tsc
2024-12-14 21:30:40,267 [INFO] IPUIPlugin:80 - create IPUIPlugin
2024-12-14 21:30:40,268 [INFO] PluginManager:220 - loadIPPluginJar : add ucpd
2024-12-14 21:30:40,296 [INFO] ThirdPartyUpdaterWithRetryManager:70 - Updater plugin not ready yet. [3/15]
2024-12-14 21:30:40,393 [INFO] IPUIPlugin:80 - create IPUIPlugin
2024-12-14 21:30:40,393 [INFO] PluginManager:220 - loadIPPluginJar : add usart
2024-12-14 21:30:40,486 [INFO] IPUIPlugin:80 - create IPUIPlugin
2024-12-14 21:30:40,487 [INFO] PluginManager:220 - loadIPPluginJar : add usbx
2024-12-14 21:30:40,692 [INFO] CADModel:165 - CPN selected for project level
2024-12-14 21:30:40,693 [INFO] CADModel:114 - Register for checkConnection events
2024-12-14 21:30:40,693 [FATAL] Updater:334 - Updater called before beeing initialized
2024-12-14 21:30:40,693 [ERROR] CADModel:125 - Updater not yet initialized, retry later 
2024-12-14 21:30:41,204 [INFO] CADModel:165 - CPN selected for project level
2024-12-14 21:30:41,204 [INFO] CADModel:114 - Register for checkConnection events
2024-12-14 21:30:41,205 [FATAL] Updater:334 - Updater called before beeing initialized
2024-12-14 21:30:41,205 [ERROR] CADModel:125 - Updater not yet initialized, retry later 
2024-12-14 21:30:41,209 [FATAL] Updater:334 - Updater called before beeing initialized
2024-12-14 21:30:41,355 [FATAL] Updater:334 - Updater called before beeing initialized
2024-12-14 21:30:41,369 [INFO] DbMcusAds:53 - JSON generation date=Fri Sep 20 20:04:23 ICT 2024 (1726837463113)
2024-12-14 21:30:41,369 [FATAL] Updater:334 - Updater called before beeing initialized
2024-12-14 21:30:41,643 [WARN] DetailPanel:346 - Failed to get advertising image, set to default
2024-12-14 21:30:41,803 [FATAL] Updater:334 - Updater called before beeing initialized
2024-12-14 21:30:41,804 [FATAL] Updater:334 - Updater called before beeing initialized
2024-12-14 21:30:41,804 [FATAL] Updater:334 - Updater called before beeing initialized
2024-12-14 21:30:41,804 [WARN] DetailPanel:346 - Failed to get advertising image, set to default
2024-12-14 21:30:41,805 [FATAL] Updater:334 - Updater called before beeing initialized
2024-12-14 21:30:42,006 [ERROR] Updater:1164 - MainUpdater not yet initialized. External WinMGr cannot be set.
2024-12-14 21:30:42,041 [INFO] Updater:1100 - Updater Version found : 6.12.1
2024-12-14 21:30:42,113 [INFO] ApplicationProperties:184 - Using Application install path: D:\ST\STM32CubeIDE_1.16.0\STM32CubeIDE\plugins\com.st.stm32cube.common.mx_6.12.1.202409122256
2024-12-14 21:30:43,136 [INFO] MainUpdater:2873 - connection check result : 10
2024-12-14 21:30:43,138 [INFO] MainUpdater:290 - Updater Check For Update Now.
2024-12-14 21:30:43,139 [INFO] MicroXplorer:498 - Change Database Version : DB.6.0.121
2024-12-14 21:30:43,182 [INFO] McuFinderGlobals:63 - Set McuFinder mode to 2 (CubeIDE integrated)
2024-12-14 21:30:43,195 [INFO] UserAuth:417 - Internet connection configuration mode: 1
2024-12-14 21:30:43,297 [WARN] MainUpdater:1194 - Updater busy. Cannot search thirdparties
2024-12-14 21:30:43,298 [INFO] ThirdPartyUpdaterWithRetryManager:96 - Updater plugin is busy. [1/15]
2024-12-14 21:30:43,310 [INFO] JxBrowserEngine:152 - Initiate JxBrowser Engine with user profile folder
2024-12-14 21:30:43,542 [INFO] CheckServerUpdateThread:120 - End of CheckServer Thread
2024-12-14 21:30:46,746 [WARN] PackLoader:240 - Cannot read IP mode file for STMicroelectronics.FP-SNS-MOTENVWB1.1.4.0
2024-12-14 21:30:46,770 [WARN] PackLoader:240 - Cannot read IP mode file for STMicroelectronics.FP-ATR-ASTRA1.2.0.1
2024-12-14 21:30:46,789 [WARN] PackLoader:240 - Cannot read IP mode file for STMicroelectronics.X-CUBE-SMBUS.2.1.0
2024-12-14 21:30:46,810 [WARN] PackLoader:240 - Cannot read IP mode file for STMicroelectronics.X-CUBE-WB05N.1.1.0
2024-12-14 21:30:46,892 [WARN] PackLoader:240 - Cannot read IP mode file for STMicroelectronics.X-CUBE-AZRTOS-F7.1.1.0
2024-12-14 21:30:47,035 [WARN] PackLoader:240 - Cannot read IP mode file for STMicroelectronics.X-CUBE-MEMS1.11.0.0
2024-12-14 21:30:47,292 [WARN] PackLoader:240 - Cannot read IP mode file for STMicroelectronics.FP-SNS-FLIGHT1.5.0.2
2024-12-14 21:30:47,321 [WARN] PackLoader:240 - Cannot read IP mode file for STMicroelectronics.X-CUBE-DISPLAY.3.0.0
2024-12-14 21:30:47,352 [WARN] PackLoader:240 - Cannot read IP mode file for STMicroelectronics.X-CUBE-BLE1.7.0.0
2024-12-14 21:30:47,387 [WARN] PackLoader:240 - Cannot read IP mode file for STMicroelectronics.X-CUBE-NFC10.1.0.0
2024-12-14 21:30:47,421 [WARN] PackLoader:240 - Cannot read IP mode file for STMicroelectronics.X-CUBE-BLEMGR.4.0.0
2024-12-14 21:30:47,447 [WARN] PackLoader:240 - Cannot read IP mode file for emotas.I-CUBE-CANOPEN.1.3.0
2024-12-14 21:30:47,476 [WARN] PackLoader:240 - Cannot read IP mode file for STMicroelectronics.X-CUBE-BLEMGR.3.1.0
2024-12-14 21:30:47,502 [WARN] PackLoader:240 - Cannot read IP mode file for STMicroelectronics.FP-SNS-SMARTAG2.1.2.0
2024-12-14 21:30:47,540 [INFO] LogOutputStream:77 - [STDOUT_REDIRECT] 1 : Invalid condition id : UX_CORESTACK_Condition cause : null
2024-12-14 21:30:47,541 [INFO] LogOutputStream:77 - [STDOUT_REDIRECT] 1 : Invalid condition id : UX_CORESTACK_Condition cause : null
2024-12-14 21:30:47,543 [INFO] LogOutputStream:77 - [STDOUT_REDIRECT] 1 : Invalid condition id : UX_CORESTACK_Condition cause : null
2024-12-14 21:30:47,546 [INFO] LogOutputStream:77 - [STDOUT_REDIRECT] 1 : Invalid condition id : UX_CORESTACK_Condition cause : null
2024-12-14 21:30:47,548 [INFO] LogOutputStream:77 - [STDOUT_REDIRECT] 1 : Invalid condition id : UX_CORESTACK_Condition cause : null
2024-12-14 21:30:47,554 [WARN] PackLoader:240 - Cannot read IP mode file for STMicroelectronics.X-CUBE-AZRTOS-WL.2.0.0
2024-12-14 21:30:47,582 [WARN] PackLoader:240 - Cannot read IP mode file for STMicroelectronics.FP-SNS-MOTENV1.5.0.0
2024-12-14 21:30:47,603 [WARN] PackLoader:240 - Cannot read IP mode file for wolfSSL.I-CUBE-wolfMQTT.1.19.0
2024-12-14 21:30:47,629 [WARN] PackLoader:240 - Cannot read IP mode file for WES.I-CUBE-Cesium.1.3.0
2024-12-14 21:30:47,658 [WARN] PackLoader:240 - Cannot read IP mode file for STMicroelectronics.X-CUBE-BLE2.3.3.0
2024-12-14 21:30:47,686 [WARN] PackLoader:240 - Cannot read IP mode file for STMicroelectronics.X-CUBE-NFC9.1.0.0
2024-12-14 21:30:47,710 [WARN] PackLoader:240 - Cannot read IP mode file for STMicroelectronics.X-CUBE-TCPP.4.1.0
2024-12-14 21:30:47,759 [WARN] PackLoader:240 - Cannot read IP mode file for STMicroelectronics.X-CUBE-AZRTOS-G0.1.1.0
2024-12-14 21:30:47,791 [WARN] PackLoader:240 - Cannot read IP mode file for STMicroelectronics.X-CUBE-SAFEA1.1.2.2
2024-12-14 21:30:47,827 [WARN] PackLoader:240 - Cannot read IP mode file for STMicroelectronics.X-CUBE-NFC4.3.0.0
2024-12-14 21:30:47,862 [WARN] PackLoader:240 - Cannot read IP mode file for EmbeddedOffice.I-CUBE-FS-RTOS.1.0.1
2024-12-14 21:30:47,863 [ERROR] ConditionMgr:805 - Attr not supported : Dmpu
2024-12-14 21:30:47,863 [ERROR] ConditionMgr:805 - Attr not supported : Dmpu
2024-12-14 21:30:47,863 [ERROR] ConditionMgr:805 - Attr not supported : Dmpu
2024-12-14 21:30:47,863 [ERROR] ConditionMgr:805 - Attr not supported : Dmpu
2024-12-14 21:30:47,863 [ERROR] ConditionMgr:805 - Attr not supported : Dmpu
2024-12-14 21:30:47,863 [ERROR] ConditionMgr:805 - Attr not supported : Dmpu
2024-12-14 21:30:47,863 [ERROR] ConditionMgr:805 - Attr not supported : Dmpu
2024-12-14 21:30:47,863 [ERROR] ConditionMgr:805 - Attr not supported : Dmpu
2024-12-14 21:30:47,863 [ERROR] ConditionMgr:805 - Attr not supported : Dmpu
2024-12-14 21:30:47,863 [ERROR] ConditionMgr:805 - Attr not supported : Dmpu
2024-12-14 21:30:47,863 [ERROR] ConditionMgr:805 - Attr not supported : Dmpu
2024-12-14 21:30:47,864 [ERROR] ConditionMgr:805 - Attr not supported : Dmpu
2024-12-14 21:30:47,864 [ERROR] ConditionMgr:805 - Attr not supported : Dmpu
2024-12-14 21:30:47,864 [ERROR] ConditionMgr:805 - Attr not supported : Dmpu
2024-12-14 21:30:47,864 [ERROR] ConditionMgr:805 - Attr not supported : Dmpu
2024-12-14 21:30:47,864 [ERROR] ConditionMgr:805 - Attr not supported : Dmpu
2024-12-14 21:30:47,864 [ERROR] ConditionMgr:805 - Attr not supported : Dmpu
2024-12-14 21:30:47,864 [ERROR] ConditionMgr:805 - Attr not supported : Dmpu
2024-12-14 21:30:47,864 [ERROR] ConditionMgr:805 - Attr not supported : Dmpu
2024-12-14 21:30:47,865 [ERROR] ConditionMgr:805 - Attr not supported : Dmpu
2024-12-14 21:30:47,865 [ERROR] ConditionMgr:805 - Attr not supported : Dmpu
2024-12-14 21:30:47,865 [ERROR] ConditionMgr:805 - Attr not supported : Dmpu
2024-12-14 21:30:47,865 [ERROR] ConditionMgr:805 - Attr not supported : Dmpu
2024-12-14 21:30:47,865 [ERROR] ConditionMgr:805 - Attr not supported : Dmpu
2024-12-14 21:30:47,865 [ERROR] ConditionMgr:805 - Attr not supported : Dmpu
2024-12-14 21:30:47,865 [ERROR] ConditionMgr:805 - Attr not supported : Dmpu
2024-12-14 21:30:47,865 [ERROR] ConditionMgr:805 - Attr not supported : Dmpu
2024-12-14 21:30:47,866 [ERROR] ConditionMgr:805 - Attr not supported : Dmpu
2024-12-14 21:30:47,866 [ERROR] ConditionMgr:805 - Attr not supported : Dmpu
2024-12-14 21:30:47,866 [ERROR] ConditionMgr:805 - Attr not supported : Dmpu
2024-12-14 21:30:47,866 [ERROR] ConditionMgr:805 - Attr not supported : Dmpu
2024-12-14 21:30:47,866 [ERROR] ConditionMgr:805 - Attr not supported : Dmpu
2024-12-14 21:30:47,866 [ERROR] ConditionMgr:805 - Attr not supported : Dmpu
2024-12-14 21:30:47,867 [ERROR] ConditionMgr:805 - Attr not supported : Dmpu
2024-12-14 21:30:47,867 [ERROR] ConditionMgr:805 - Attr not supported : Dmpu
2024-12-14 21:30:47,867 [ERROR] ConditionMgr:805 - Attr not supported : Dmpu
2024-12-14 21:30:47,867 [ERROR] ConditionMgr:805 - Attr not supported : Dmpu
2024-12-14 21:30:47,867 [ERROR] ConditionMgr:805 - Attr not supported : Dmpu
2024-12-14 21:30:47,867 [ERROR] ConditionMgr:805 - Attr not supported : Dmpu
2024-12-14 21:30:47,867 [ERROR] ConditionMgr:805 - Attr not supported : Dmpu
2024-12-14 21:30:47,867 [ERROR] ConditionMgr:805 - Attr not supported : Dmpu
2024-12-14 21:30:47,867 [ERROR] ConditionMgr:805 - Attr not supported : Dmpu
2024-12-14 21:30:47,867 [ERROR] ConditionMgr:805 - Attr not supported : Dmpu
2024-12-14 21:30:47,868 [ERROR] ConditionMgr:805 - Attr not supported : Dmpu
2024-12-14 21:30:47,868 [ERROR] ConditionMgr:805 - Attr not supported : Dmpu
2024-12-14 21:30:47,868 [ERROR] ConditionMgr:805 - Attr not supported : Dmpu
2024-12-14 21:30:47,868 [ERROR] ConditionMgr:805 - Attr not supported : Dmpu
2024-12-14 21:30:47,868 [ERROR] ConditionMgr:805 - Attr not supported : Dmpu
2024-12-14 21:30:47,868 [ERROR] ConditionMgr:805 - Attr not supported : Dmpu
2024-12-14 21:30:47,868 [ERROR] ConditionMgr:805 - Attr not supported : Dmpu
2024-12-14 21:30:47,868 [ERROR] ConditionMgr:805 - Attr not supported : Dmpu
2024-12-14 21:30:47,869 [ERROR] ConditionMgr:805 - Attr not supported : Dmpu
2024-12-14 21:30:47,869 [ERROR] ConditionMgr:805 - Attr not supported : Dmpu
2024-12-14 21:30:47,869 [ERROR] ConditionMgr:805 - Attr not supported : Dmpu
2024-12-14 21:30:47,869 [ERROR] ConditionMgr:805 - Attr not supported : Dmpu
2024-12-14 21:30:47,869 [ERROR] ConditionMgr:805 - Attr not supported : Dmpu
2024-12-14 21:30:47,869 [ERROR] ConditionMgr:805 - Attr not supported : Dmpu
2024-12-14 21:30:47,869 [ERROR] ConditionMgr:805 - Attr not supported : Dmpu
2024-12-14 21:30:47,869 [ERROR] ConditionMgr:805 - Attr not supported : Dmpu
2024-12-14 21:30:47,870 [ERROR] ConditionMgr:805 - Attr not supported : Dmpu
2024-12-14 21:30:47,870 [ERROR] ConditionMgr:805 - Attr not supported : Dmpu
2024-12-14 21:30:47,870 [ERROR] ConditionMgr:805 - Attr not supported : Dmpu
2024-12-14 21:30:47,870 [ERROR] ConditionMgr:805 - Attr not supported : Dmpu
2024-12-14 21:30:47,870 [ERROR] ConditionMgr:805 - Attr not supported : Dmpu
2024-12-14 21:30:47,893 [ERROR] Engine:466 - C:\Users\Asus\.stm32cubemx\thirdparties\pdsc\STMicroelectronics.X-CUBE-TCPP.4.2.0.pdsc: PDSC version is not supported
2024-12-14 21:30:47,916 [WARN] PackLoader:240 - Cannot read IP mode file for RealThread.X-CUBE-RT-Thread_Nano.4.1.1
2024-12-14 21:30:47,938 [WARN] PackLoader:240 - Cannot read IP mode file for STMicroelectronics.FP-ATR-SIGFOX1.3.2.0
2024-12-14 21:30:47,959 [WARN] PackLoader:240 - Cannot read IP mode file for wolfSSL.I-CUBE-wolfSSL.5.7.2
2024-12-14 21:30:47,977 [WARN] ConditionMgr:438 - getConditionDescription Invalid condition id : Cortex-A Device cause : null
2024-12-14 21:30:48,037 [WARN] ConditionMgr:1039 - genDependencies : Invalid condition id : Cortex-A Device cause : null
2024-12-14 21:30:48,037 [WARN] ConditionMgr:1039 - genDependencies : Invalid condition id : Cortex-A Device cause : null
2024-12-14 21:30:48,037 [WARN] ConditionMgr:1039 - genDependencies : Invalid condition id : Cortex-A Device cause : null
2024-12-14 21:30:48,063 [WARN] PackLoader:240 - Cannot read IP mode file for STMicroelectronics.X-CUBE-EEPRMA1.5.1.0
2024-12-14 21:30:48,091 [WARN] PackLoader:240 - Cannot read IP mode file for ITTIA_DB.I-CUBE-ITTIADB.8.9.0
2024-12-14 21:30:48,186 [WARN] PackLoader:240 - Cannot read IP mode file for SEGGER.I-CUBE-embOS.1.3.1
2024-12-14 21:30:48,301 [WARN] PackLoader:240 - Cannot read IP mode file for STMicroelectronics.X-CUBE-ALGOBUILD.1.4.0
2024-12-14 21:30:48,329 [WARN] PackLoader:240 - Cannot read IP mode file for STMicroelectronics.X-CUBE-AI.9.1.0
2024-12-14 21:30:48,362 [WARN] PackLoader:240 - Cannot read IP mode file for STMicroelectronics.X-CUBE-GNSS1.6.0.0
2024-12-14 21:30:48,426 [WARN] PackLoader:240 - Cannot read IP mode file for STMicroelectronics.X-CUBE-AZRTOS-F4.1.1.0
2024-12-14 21:30:48,458 [WARN] PackLoader:240 - Cannot read IP mode file for STMicroelectronics.X-CUBE-ISPU.2.1.0
2024-12-14 21:30:48,486 [WARN] PackLoader:240 - Cannot read IP mode file for STMicroelectronics.X-CUBE-FREERTOS.1.2.0
2024-12-14 21:30:48,546 [WARN] PackLoader:240 - Cannot read IP mode file for STMicroelectronics.X-CUBE-AZRTOS-L5.2.0.0
2024-12-14 21:30:48,589 [WARN] PackLoader:240 - Cannot read IP mode file for STMicroelectronics.X-CUBE-NFC6.3.1.0
2024-12-14 21:30:48,621 [WARN] PackLoader:240 - Cannot read IP mode file for STMicroelectronics.X-CUBE-DPower.1.2.0
2024-12-14 21:30:48,662 [WARN] PackLoader:240 - Cannot read IP mode file for STMicroelectronics.X-CUBE-AI.9.0.0
2024-12-14 21:30:48,696 [WARN] PackLoader:240 - Cannot read IP mode file for STMicroelectronics.X-CUBE-FREERTOS.1.3.0
2024-12-14 21:30:48,725 [WARN] PackLoader:240 - Cannot read IP mode file for STMicroelectronics.X-CUBE-NFC7.1.0.1
2024-12-14 21:30:48,757 [WARN] PackLoader:240 - Cannot read IP mode file for wolfSSL.I-CUBE-wolfTPM.3.2.0
2024-12-14 21:30:48,834 [WARN] ConditionMgr:438 - getConditionDescription Invalid condition id : LAN8742 Phy interface Condition cause : null
2024-12-14 21:30:48,836 [WARN] PackLoader:240 - Cannot read IP mode file for STMicroelectronics.X-CUBE-AZRTOS-L4.2.0.0
2024-12-14 21:30:48,839 [WARN] ConditionMgr:1039 - genDependencies : Invalid condition id : LAN8742 Phy interface Condition cause : null
2024-12-14 21:30:48,839 [WARN] ConditionMgr:1039 - genDependencies : Invalid condition id : LAN8742 Phy interface Condition cause : null
2024-12-14 21:30:48,841 [WARN] ConditionMgr:1039 - genDependencies : Invalid condition id : LAN8742 Phy interface Condition cause : null
2024-12-14 21:30:48,885 [WARN] PackLoader:240 - Cannot read IP mode file for STMicroelectronics.X-CUBE-SFXS2LP1.4.0.0
2024-12-14 21:30:48,955 [WARN] PackLoader:240 - Cannot read IP mode file for STMicroelectronics.X-CUBE-AZRTOS-H7.3.3.0
2024-12-14 21:30:49,009 [WARN] PackLoader:240 - Cannot read IP mode file for STMicroelectronics.X-CUBE-IPS.3.0.0
2024-12-14 21:30:49,079 [WARN] ConditionMgr:438 - getConditionDescription Invalid condition id : UX DEVICE CLASS RTOS Condition cause : null
2024-12-14 21:30:49,080 [WARN] ConditionMgr:438 - getConditionDescription Invalid condition id : UX DEVICE CLASS RTOS Condition cause : null
2024-12-14 21:30:49,085 [WARN] PackLoader:240 - Cannot read IP mode file for STMicroelectronics.X-CUBE-AZRTOS-WB.2.0.0
2024-12-14 21:30:49,087 [WARN] ConditionMgr:1039 - genDependencies : Invalid condition id : UX DEVICE CLASS RTOS Condition cause : null
2024-12-14 21:30:49,087 [WARN] ConditionMgr:1039 - genDependencies : Invalid condition id : UX DEVICE CLASS RTOS Condition cause : null
2024-12-14 21:30:49,088 [WARN] ConditionMgr:1039 - genDependencies : Invalid condition id : UX DEVICE CLASS RTOS Condition cause : null
2024-12-14 21:30:49,089 [WARN] ConditionMgr:1039 - genDependencies : Invalid condition id : UX DEVICE CLASS RTOS Condition cause : null
2024-12-14 21:30:49,089 [WARN] ConditionMgr:1039 - genDependencies : Invalid condition id : UX DEVICE CLASS RTOS Condition cause : null
2024-12-14 21:30:49,127 [WARN] PackLoader:240 - Cannot read IP mode file for STMicroelectronics.X-CUBE-GNSS1.7.0.0
2024-12-14 21:30:49,162 [WARN] PackLoader:240 - Cannot read IP mode file for STMicroelectronics.FP-SNS-STBOX1.2.0.0
2024-12-14 21:30:49,206 [WARN] PackLoader:240 - Cannot read IP mode file for STMicroelectronics.X-CUBE-SUBG2.5.0.0
2024-12-14 21:30:49,245 [WARN] PackLoader:240 - Cannot read IP mode file for Cesanta.I-CUBE-Mongoose.7.13.0
2024-12-14 21:30:49,309 [WARN] PackLoader:240 - Cannot read IP mode file for STMicroelectronics.X-CUBE-AZRTOS-G4.2.0.0
2024-12-14 21:30:49,349 [WARN] PackLoader:240 - Cannot read IP mode file for STMicroelectronics.X-CUBE-ISPU.2.0.0
2024-12-14 21:30:49,382 [WARN] PackLoader:240 - Cannot read IP mode file for STMicroelectronics.X-CUBE-ALS.1.0.2
2024-12-14 21:30:49,520 [WARN] PackLoader:240 - Cannot read IP mode file for STMicroelectronics.X-CUBE-MEMS1.10.0.0
2024-12-14 21:30:49,742 [WARN] PackLoader:240 - Cannot read IP mode file for STMicroelectronics.X-CUBE-TOUCHGFX.4.24.0
2024-12-14 21:30:49,766 [WARN] PackLoader:240 - Cannot read IP mode file for STMicroelectronics.X-CUBE-TOUCHGFX.4.24.1
2024-12-14 21:30:49,793 [WARN] PackLoader:240 - Cannot read IP mode file for portGmbH.I-Cube-SoM-uGOAL.1.1.0
2024-12-14 21:30:49,852 [WARN] PackLoader:240 - Cannot read IP mode file for STMicroelectronics.X-CUBE-AZRTOS-H7RS.1.0.0
2024-12-14 21:30:49,883 [WARN] PackLoader:240 - Cannot read IP mode file for STMicroelectronics.FP-ATR-ASTRA1.2.0.0
2024-12-14 21:30:49,923 [WARN] PackLoader:240 - Cannot read IP mode file for STMicroelectronics.X-CUBE-TOF1.3.4.2
2024-12-14 21:30:50,002 [WARN] PackLoader:240 - Cannot read IP mode file for STMicroelectronics.X-CUBE-AZRTOS-H7.3.2.0
2024-12-14 21:30:50,068 [WARN] PackLoader:240 - Cannot read IP mode file for Infineon.AIROC-Wi-Fi-Bluetooth-STM32.1.6.0
2024-12-14 21:30:50,101 [WARN] PackLoader:240 - Cannot read IP mode file for wolfSSL.I-CUBE-wolfSSH.1.4.17
2024-12-14 21:30:50,102 [INFO] ThirdParty:978 - Integrity check success = true
2024-12-14 21:30:50,102 [INFO] IntegrityCheckThread:100 - exiting critical section [integrity check]
2024-12-14 21:30:50,102 [INFO] IntegrityCheckThread:103 - End integrity checks thread
2024-12-14 21:30:56,991 [INFO] WebApp:167 - Instantiating new browser for Auth
2024-12-14 21:30:58,714 [INFO] WebApp:448 - Apply proxy settings
2024-12-14 21:30:58,715 [INFO] WebApp:533 - Chromium requires no authentication
2024-12-14 21:30:58,749 [INFO] WebApp:476 - Direct internet connection detected
2024-12-14 21:30:58,815 [INFO] WebApp:869 - Register for checkConnection events
2024-12-14 21:30:58,816 [INFO] WebApp:448 - Apply proxy settings
2024-12-14 21:30:58,816 [INFO] WebApp:533 - Chromium requires no authentication
2024-12-14 21:30:58,818 [INFO] WebApp:476 - Direct internet connection detected
2024-12-14 21:30:59,229 [INFO] WebApp:186 - Connection restablished
2024-12-14 21:30:59,627 [INFO] WebApp:220 - Starting web application
2024-12-14 21:30:59,628 [INFO] WebApp:578 - Web application path used D:\ST\STM32CubeIDE_1.16.0\STM32CubeIDE\plugins\com.st.stm32cube.common.mx_6.12.1.202409122256\db\plugins\mcufinder\reactClient1\index.html
2024-12-14 21:31:00,184 [INFO] UserAuth:417 - Internet connection configuration mode: 1
