2024-12-01 12:18:37,844 [INFO] Activator:176 - 


2024-12-01 12:18:37,878 [INFO] Activator:177 - !SESSION log4j initialized
2024-12-01 12:18:50,856 [INFO] LogOutputStream:77 - [STDOUT_REDIRECT] 
2024-12-01 12:19:07,914 [INFO] ApplicationProperties:184 - Using Application install path: D:\ST\STM32CubeIDE_1.16.0\STM32CubeIDE\plugins\com.st.stm32cube.common.mx_6.12.1.202409122256
2024-12-01 12:19:08,002 [INFO] DbMcusXml:78 - Set database path to: D:\ST\STM32CubeIDE_1.16.0\STM32CubeIDE\plugins\com.st.stm32cube.common.mx_6.12.1.202409122256\\db\/mcu/
2024-12-01 12:19:08,002 [INFO] ApiDb:274 - Set plugin database path to: D:\ST\STM32CubeIDE_1.16.0\STM32CubeIDE\plugins\com.st.stm32cube.common.mx_6.12.1.202409122256\\db\/plugins/boardmanager/
2024-12-01 12:19:08,003 [WARN] ApiDb:259 - Overriding images path with different value:  => D:\ST\STM32CubeIDE_1.16.0\STM32CubeIDE\plugins\com.st.stm32cube.common.mx_6.12.1.202409122256\\db\/plugins/mcufinder/images/
2024-12-01 12:19:08,167 [INFO] ApiDb:250 - Set database path to: C:\Users\Asus\.stmcufinder\plugins\mcufinder//mcu/
2024-12-01 12:19:08,168 [INFO] DbMcusAds:125 - Set database path to: C:\Users\Asus\.stmcufinder\plugins\mcufinder//mcu/
2024-12-01 12:19:08,183 [INFO] CrossReferenceDbSqlite:203 - Set database path to: C:\Users\Asus\.stmcufinder\plugins\mcufinder//mcu/cs/
2024-12-01 12:19:08,482 [INFO] RulesReader:64 - Compatibility file has been processed (297 Rules)
2024-12-01 12:19:08,663 [INFO] DbMcusXml:78 - Set database path to: D:\ST\STM32CubeIDE_1.16.0\STM32CubeIDE\plugins\com.st.stm32cube.common.mx_6.12.1.202409122256\\db\/mcu/
2024-12-01 12:19:08,663 [INFO] ApiDb:274 - Set plugin database path to: D:\ST\STM32CubeIDE_1.16.0\STM32CubeIDE\plugins\com.st.stm32cube.common.mx_6.12.1.202409122256\\db\/plugins/boardmanager/
2024-12-01 12:19:08,664 [INFO] ApiDb:261 - Set plugin images path to: D:\ST\STM32CubeIDE_1.16.0\STM32CubeIDE\plugins\com.st.stm32cube.common.mx_6.12.1.202409122256\\db\/plugins/mcufinder/images/
2024-12-01 12:19:08,664 [WARN] DbFile:41 - Overriding database path with different value: C:\Users\Asus\.stmcufinder\plugins\mcufinder/ => C:\Users\Asus\.stmcufinder\plugins\mcufinder
2024-12-01 12:19:08,664 [INFO] ApiDb:250 - Set database path to: C:\Users\Asus\.stmcufinder\plugins\mcufinder//mcu/
2024-12-01 12:19:08,664 [WARN] DbFile:41 - Overriding database path with different value: C:\Users\Asus\.stmcufinder\plugins\mcufinder/ => C:\Users\Asus\.stmcufinder\plugins\mcufinder
2024-12-01 12:19:08,665 [INFO] DbMcusAds:125 - Set database path to: C:\Users\Asus\.stmcufinder\plugins\mcufinder//mcu/
2024-12-01 12:19:08,665 [WARN] DbFile:41 - Overriding database path with different value: C:\Users\Asus\.stmcufinder\plugins\mcufinder/ => C:\Users\Asus\.stmcufinder\plugins\mcufinder
2024-12-01 12:19:08,665 [WARN] DbFile:41 - Overriding database path with different value: C:\Users\Asus\.stmcufinder\plugins\mcufinder/ => C:\Users\Asus\.stmcufinder\plugins\mcufinder
2024-12-01 12:19:08,665 [INFO] CrossReferenceDbSqlite:203 - Set database path to: C:\Users\Asus\.stmcufinder\plugins\mcufinder//mcu/cs/
2024-12-01 12:19:08,854 [INFO] MainPanel:268 - HeapMemory: 268435456
2024-12-01 12:19:09,372 [INFO] DbMcusXml:78 - Set database path to: D:\ST\STM32CubeIDE_1.16.0\STM32CubeIDE\plugins\com.st.stm32cube.common.mx_6.12.1.202409122256\\db\/mcu/
2024-12-01 12:19:09,373 [INFO] ApiDb:274 - Set plugin database path to: D:\ST\STM32CubeIDE_1.16.0\STM32CubeIDE\plugins\com.st.stm32cube.common.mx_6.12.1.202409122256\\db\/plugins/boardmanager/
2024-12-01 12:19:09,373 [INFO] ApiDb:261 - Set plugin images path to: D:\ST\STM32CubeIDE_1.16.0\STM32CubeIDE\plugins\com.st.stm32cube.common.mx_6.12.1.202409122256\\db\/plugins/mcufinder/images/
2024-12-01 12:19:09,373 [WARN] DbFile:41 - Overriding database path with different value: C:\Users\Asus\.stmcufinder\plugins\mcufinder/ => C:\Users\Asus\.stmcufinder\plugins\mcufinder
2024-12-01 12:19:09,373 [INFO] ApiDb:250 - Set database path to: C:\Users\Asus\.stmcufinder\plugins\mcufinder//mcu/
2024-12-01 12:19:09,373 [WARN] DbFile:41 - Overriding database path with different value: C:\Users\Asus\.stmcufinder\plugins\mcufinder/ => C:\Users\Asus\.stmcufinder\plugins\mcufinder
2024-12-01 12:19:09,392 [INFO] DbMcusAds:125 - Set database path to: C:\Users\Asus\.stmcufinder\plugins\mcufinder//mcu/
2024-12-01 12:19:09,393 [WARN] DbFile:41 - Overriding database path with different value: C:\Users\Asus\.stmcufinder\plugins\mcufinder/ => C:\Users\Asus\.stmcufinder\plugins\mcufinder
2024-12-01 12:19:09,393 [WARN] DbFile:41 - Overriding database path with different value: C:\Users\Asus\.stmcufinder\plugins\mcufinder/ => C:\Users\Asus\.stmcufinder\plugins\mcufinder
2024-12-01 12:19:09,393 [INFO] CrossReferenceDbSqlite:203 - Set database path to: C:\Users\Asus\.stmcufinder\plugins\mcufinder//mcu/cs/
2024-12-01 12:19:09,421 [INFO] ApplicationProperties:184 - Using Application install path: D:\ST\STM32CubeIDE_1.16.0\STM32CubeIDE\plugins\com.st.stm32cube.common.mx_6.12.1.202409122256
2024-12-01 12:19:09,423 [INFO] PluginManage:196 - Search for loadable plugins [exclusion list=, ]
2024-12-01 12:19:09,426 [INFO] PluginManage:310 - Check plugin analytics
2024-12-01 12:19:19,271 [INFO] AnalyticsPlugin:253 - Accepted Software Licenses: STM32CubeMX.6.5.0
2024-12-01 12:19:19,271 [INFO] AnalyticsPlugin:255 - Accepted CMSIS Pack Licenses: 
2024-12-01 12:19:19,272 [INFO] AnalyticsPlugin:257 - Accepted Firmware Licenses: FW.F4.1.27.0,FW.F4.1.28.0
2024-12-01 12:19:19,277 [INFO] PluginManage:359 - Loaded plugin analytics (category:tool,tabindex:-1)
2024-12-01 12:19:19,278 [INFO] PluginManage:310 - Check plugin cadmodel
2024-12-01 12:19:19,345 [INFO] CADModel:105 - Init CAD model plugin
2024-12-01 12:19:19,346 [INFO] PluginManage:359 - Loaded plugin cadmodel (category:power,tabindex:5)
2024-12-01 12:19:19,347 [INFO] PluginManage:310 - Check plugin clock
2024-12-01 12:19:19,438 [INFO] PluginManage:359 - Loaded plugin clock (category:base,tabindex:2)
2024-12-01 12:19:19,438 [INFO] PluginManage:310 - Check plugin ddr
2024-12-01 12:19:19,458 [INFO] PluginManage:359 - Loaded plugin ddr (category:tool,tabindex:6)
2024-12-01 12:19:19,459 [INFO] PluginManage:310 - Check plugin filemanager
2024-12-01 12:19:19,928 [INFO] PluginManage:359 - Loaded plugin filemanager (category:base,tabindex:10)
2024-12-01 12:19:19,929 [INFO] PluginManage:310 - Check plugin ipmanager
2024-12-01 12:19:20,138 [INFO] PluginManage:359 - Loaded plugin ipmanager (category:base,tabindex:5)
2024-12-01 12:19:20,138 [INFO] PluginManage:310 - Check plugin lpbam
2024-12-01 12:19:20,205 [INFO] PluginManage:359 - Loaded plugin lpbam (category:base,tabindex:0)
2024-12-01 12:19:20,205 [INFO] PluginManage:310 - Check plugin memorymap
2024-12-01 12:19:20,306 [INFO] PluginManage:359 - Loaded plugin memorymap (category:base,tabindex:4)
2024-12-01 12:19:20,306 [INFO] PluginManage:310 - Check plugin pinoutandconfiguration
2024-12-01 12:19:20,356 [INFO] PluginManage:359 - Loaded plugin pinoutandconfiguration (category:base,tabindex:1)
2024-12-01 12:19:20,356 [INFO] PluginManage:310 - Check plugin pinoutconfig
2024-12-01 12:19:20,528 [WARN] SupportedApi:132 - Cannot load RTOS API schema: s4s-elt-must-match.1: The content of 'definitions' must match (annotation?, (simpleType | complexType)?, (unique | key | keyref)*)). A problem was found starting at: attribute.
2024-12-01 12:19:20,823 [INFO] PluginManage:359 - Loaded plugin pinoutconfig (category:base,tabindex:0)
2024-12-01 12:19:20,823 [INFO] PluginManage:310 - Check plugin power
2024-12-01 12:19:20,905 [INFO] PluginManage:359 - Loaded plugin power (category:power,tabindex:4)
2024-12-01 12:19:20,905 [INFO] PluginManage:310 - Check plugin projectmanager
2024-12-01 12:19:20,940 [INFO] PluginManage:359 - Loaded plugin projectmanager (category:projectmanager,tabindex:4)
2024-12-01 12:19:20,941 [INFO] PluginManage:310 - Check plugin rif
2024-12-01 12:19:20,982 [INFO] PluginManage:359 - Loaded plugin rif (category:base,tabindex:3)
2024-12-01 12:19:20,982 [INFO] PluginManage:310 - Check plugin thirdparty
2024-12-01 12:19:21,729 [INFO] PluginManage:359 - Loaded plugin thirdparty (category:base,tabindex:-1)
2024-12-01 12:19:21,729 [WARN] IntegrityCheckThread:84 - waiting for thirdparty lock release [integrity check]
2024-12-01 12:19:21,751 [INFO] IntegrityCheckThread:86 - entering critical section [integrity check]
2024-12-01 12:19:21,751 [INFO] PluginManage:310 - Check plugin tools
2024-12-01 12:19:21,752 [INFO] ThirdPartyUpdaterWithRetryManager:70 - Updater plugin not ready yet. [1/15]
2024-12-01 12:19:21,827 [INFO] PluginManage:359 - Loaded plugin tools (category:base,tabindex:7)
2024-12-01 12:19:21,827 [INFO] PluginManage:310 - Check plugin tutovideos
2024-12-01 12:19:22,200 [INFO] PluginManage:359 - Loaded plugin tutovideos (category:base,tabindex:-1)
2024-12-01 12:19:22,200 [INFO] PluginManage:310 - Check plugin updater
2024-12-01 12:19:22,246 [INFO] PluginManage:359 - Loaded plugin updater (category:base,tabindex:12)
2024-12-01 12:19:22,246 [INFO] PluginManage:310 - Check plugin userauth
2024-12-01 12:19:22,291 [INFO] UserAuth:113 - Init User Auth plugin
2024-12-01 12:19:22,291 [INFO] PluginManage:359 - Loaded plugin userauth (category:base,tabindex:14)
2024-12-01 12:19:22,292 [INFO] PluginManage:283 - PluginManage : Loaded plugins [18]
2024-12-01 12:19:22,838 [INFO] PinOutPanel:1561 - setPackage(No Configuration,No Configuration)
2024-12-01 12:19:23,057 [INFO] CADModel:165 - CPN selected for project level
2024-12-01 12:19:23,057 [INFO] CADModel:114 - Register for checkConnection events
2024-12-01 12:19:23,128 [INFO] IPUIPlugin:80 - create IPUIPlugin
2024-12-01 12:19:23,129 [INFO] PluginManager:220 - loadIPPluginJar : add adc
2024-12-01 12:19:23,183 [INFO] IPUIPlugin:80 - create IPUIPlugin
2024-12-01 12:19:23,183 [INFO] PluginManager:220 - loadIPPluginJar : add aes
2024-12-01 12:19:23,249 [INFO] IPUIPlugin:80 - create IPUIPlugin
2024-12-01 12:19:23,249 [INFO] PluginManager:220 - loadIPPluginJar : add can
2024-12-01 12:19:23,299 [INFO] IPUIPlugin:80 - create IPUIPlugin
2024-12-01 12:19:23,299 [INFO] PluginManager:220 - loadIPPluginJar : add comp
2024-12-01 12:19:23,349 [INFO] IPUIPlugin:80 - create IPUIPlugin
2024-12-01 12:19:23,349 [INFO] PluginManager:220 - loadIPPluginJar : add cryp
2024-12-01 12:19:23,381 [INFO] IPUIPlugin:80 - create IPUIPlugin
2024-12-01 12:19:23,381 [INFO] PluginManager:220 - loadIPPluginJar : add ddr_ctrl_phy
2024-12-01 12:19:23,434 [INFO] IPUIPlugin:80 - create IPUIPlugin
2024-12-01 12:19:23,434 [INFO] PluginManager:220 - loadIPPluginJar : add dfsdm
2024-12-01 12:19:23,458 [INFO] IPUIPlugin:80 - create IPUIPlugin
2024-12-01 12:19:23,458 [INFO] PluginManager:220 - loadIPPluginJar : add dma
2024-12-01 12:19:23,555 [INFO] IPUIPlugin:80 - create IPUIPlugin
2024-12-01 12:19:23,556 [INFO] PluginManager:220 - loadIPPluginJar : add dma3
2024-12-01 12:19:23,616 [INFO] IPUIPlugin:80 - create IPUIPlugin
2024-12-01 12:19:23,616 [INFO] PluginManager:220 - loadIPPluginJar : add extmemmanager
2024-12-01 12:19:23,645 [INFO] IPUIPlugin:80 - create IPUIPlugin
2024-12-01 12:19:23,645 [INFO] PluginManager:220 - loadIPPluginJar : add fatfs
2024-12-01 12:19:23,706 [INFO] IPUIPlugin:80 - create IPUIPlugin
2024-12-01 12:19:23,706 [INFO] PluginManager:220 - loadIPPluginJar : add fmc
2024-12-01 12:19:23,726 [INFO] IPUIPlugin:80 - create IPUIPlugin
2024-12-01 12:19:23,726 [INFO] PluginManager:220 - loadIPPluginJar : add freertos
2024-12-01 12:19:23,775 [INFO] IPUIPlugin:80 - create IPUIPlugin
2024-12-01 12:19:23,776 [INFO] PluginManager:220 - loadIPPluginJar : add genericplugin
2024-12-01 12:19:23,967 [INFO] IPUIPlugin:80 - create IPUIPlugin
2024-12-01 12:19:23,967 [INFO] PluginManager:220 - loadIPPluginJar : add gfxmmu
2024-12-01 12:19:24,139 [INFO] IPUIPlugin:80 - create IPUIPlugin
2024-12-01 12:19:24,140 [INFO] PluginManager:220 - loadIPPluginJar : add gic
2024-12-01 12:19:24,161 [INFO] IPUIPlugin:80 - create IPUIPlugin
2024-12-01 12:19:24,161 [INFO] PluginManager:220 - loadIPPluginJar : add gpio
2024-12-01 12:19:24,285 [INFO] IPUIPlugin:80 - create IPUIPlugin
2024-12-01 12:19:24,286 [INFO] PluginManager:220 - loadIPPluginJar : add gtzc
2024-12-01 12:19:24,340 [INFO] IPUIPlugin:80 - create IPUIPlugin
2024-12-01 12:19:24,340 [INFO] PluginManager:220 - loadIPPluginJar : add hash
2024-12-01 12:19:24,413 [INFO] IPUIPlugin:80 - create IPUIPlugin
2024-12-01 12:19:24,414 [INFO] PluginManager:220 - loadIPPluginJar : add i2c
2024-12-01 12:19:24,469 [INFO] IPUIPlugin:80 - create IPUIPlugin
2024-12-01 12:19:24,469 [INFO] PluginManager:220 - loadIPPluginJar : add i2s
2024-12-01 12:19:24,524 [INFO] IPUIPlugin:80 - create IPUIPlugin
2024-12-01 12:19:24,525 [INFO] PluginManager:220 - loadIPPluginJar : add i3c
2024-12-01 12:19:24,725 [INFO] IPUIPlugin:80 - create IPUIPlugin
2024-12-01 12:19:24,726 [INFO] PluginManager:220 - loadIPPluginJar : add ipddr
2024-12-01 12:19:24,754 [INFO] ThirdPartyUpdaterWithRetryManager:70 - Updater plugin not ready yet. [2/15]
2024-12-01 12:19:24,902 [INFO] IPUIPlugin:80 - create IPUIPlugin
2024-12-01 12:19:24,902 [INFO] PluginManager:220 - loadIPPluginJar : add linkedlist
2024-12-01 12:19:24,957 [INFO] IPUIPlugin:80 - create IPUIPlugin
2024-12-01 12:19:24,957 [INFO] PluginManager:220 - loadIPPluginJar : add lorawan
2024-12-01 12:19:25,012 [INFO] IPUIPlugin:80 - create IPUIPlugin
2024-12-01 12:19:25,012 [INFO] PluginManager:220 - loadIPPluginJar : add ltdc
2024-12-01 12:19:25,033 [INFO] IPUIPlugin:80 - create IPUIPlugin
2024-12-01 12:19:25,033 [INFO] PluginManager:220 - loadIPPluginJar : add mdma
2024-12-01 12:19:25,049 [INFO] IPUIPlugin:80 - create IPUIPlugin
2024-12-01 12:19:25,049 [INFO] PluginManager:220 - loadIPPluginJar : add nvic
2024-12-01 12:19:25,099 [INFO] IPUIPlugin:80 - create IPUIPlugin
2024-12-01 12:19:25,099 [INFO] PluginManager:220 - loadIPPluginJar : add opamp
2024-12-01 12:19:25,185 [INFO] IPUIPlugin:80 - create IPUIPlugin
2024-12-01 12:19:25,185 [INFO] PluginManager:220 - loadIPPluginJar : add openamp
2024-12-01 12:19:25,244 [INFO] IPUIPlugin:80 - create IPUIPlugin
2024-12-01 12:19:25,244 [INFO] PluginManager:220 - loadIPPluginJar : add pdm2pcm
2024-12-01 12:19:25,263 [INFO] IPUIPlugin:80 - create IPUIPlugin
2024-12-01 12:19:25,265 [INFO] PluginManager:220 - loadIPPluginJar : add plateformsettings
2024-12-01 12:19:25,296 [INFO] IPUIPlugin:80 - create IPUIPlugin
2024-12-01 12:19:25,296 [INFO] PluginManager:220 - loadIPPluginJar : add quadspi
2024-12-01 12:19:25,330 [INFO] IPUIPlugin:80 - create IPUIPlugin
2024-12-01 12:19:25,332 [INFO] PluginManager:220 - loadIPPluginJar : add radio
2024-12-01 12:19:25,349 [INFO] IPUIPlugin:80 - create IPUIPlugin
2024-12-01 12:19:25,350 [INFO] PluginManager:220 - loadIPPluginJar : add resmgrutility
2024-12-01 12:19:25,411 [INFO] IPUIPlugin:80 - create IPUIPlugin
2024-12-01 12:19:25,411 [INFO] PluginManager:220 - loadIPPluginJar : add sai
2024-12-01 12:19:25,466 [INFO] IPUIPlugin:80 - create IPUIPlugin
2024-12-01 12:19:25,466 [INFO] PluginManager:220 - loadIPPluginJar : add spi
2024-12-01 12:19:25,558 [INFO] IPUIPlugin:80 - create IPUIPlugin
2024-12-01 12:19:25,558 [INFO] PluginManager:220 - loadIPPluginJar : add stm32_wpan
2024-12-01 12:19:25,590 [INFO] IPUIPlugin:80 - create IPUIPlugin
2024-12-01 12:19:25,590 [INFO] PluginManager:220 - loadIPPluginJar : add tim
2024-12-01 12:19:25,671 [INFO] IPUIPlugin:80 - create IPUIPlugin
2024-12-01 12:19:25,671 [INFO] PluginManager:220 - loadIPPluginJar : add touchsensing
2024-12-01 12:19:25,716 [INFO] IPUIPlugin:80 - create IPUIPlugin
2024-12-01 12:19:25,716 [INFO] PluginManager:220 - loadIPPluginJar : add tracer_emb
2024-12-01 12:19:25,760 [INFO] IPUIPlugin:80 - create IPUIPlugin
2024-12-01 12:19:25,761 [INFO] PluginManager:220 - loadIPPluginJar : add ts
2024-12-01 12:19:25,803 [INFO] IPUIPlugin:80 - create IPUIPlugin
2024-12-01 12:19:25,803 [INFO] PluginManager:220 - loadIPPluginJar : add tsc
2024-12-01 12:19:25,843 [INFO] IPUIPlugin:80 - create IPUIPlugin
2024-12-01 12:19:25,843 [INFO] PluginManager:220 - loadIPPluginJar : add ucpd
2024-12-01 12:19:25,914 [INFO] IPUIPlugin:80 - create IPUIPlugin
2024-12-01 12:19:25,914 [INFO] PluginManager:220 - loadIPPluginJar : add usart
2024-12-01 12:19:25,970 [INFO] IPUIPlugin:80 - create IPUIPlugin
2024-12-01 12:19:25,970 [INFO] PluginManager:220 - loadIPPluginJar : add usbx
2024-12-01 12:19:26,125 [INFO] CADModel:165 - CPN selected for project level
2024-12-01 12:19:26,126 [INFO] CADModel:114 - Register for checkConnection events
2024-12-01 12:19:26,127 [FATAL] Updater:334 - Updater called before beeing initialized
2024-12-01 12:19:26,127 [ERROR] CADModel:125 - Updater not yet initialized, retry later 
2024-12-01 12:19:26,476 [INFO] CADModel:165 - CPN selected for project level
2024-12-01 12:19:26,476 [INFO] CADModel:114 - Register for checkConnection events
2024-12-01 12:19:26,476 [FATAL] Updater:334 - Updater called before beeing initialized
2024-12-01 12:19:26,476 [ERROR] CADModel:125 - Updater not yet initialized, retry later 
2024-12-01 12:19:26,483 [FATAL] Updater:334 - Updater called before beeing initialized
2024-12-01 12:19:26,622 [FATAL] Updater:334 - Updater called before beeing initialized
2024-12-01 12:19:26,659 [INFO] DbMcusAds:53 - JSON generation date=Fri Sep 20 20:04:38 ICT 2024 (1726837478367)
2024-12-01 12:19:26,659 [FATAL] Updater:334 - Updater called before beeing initialized
2024-12-01 12:19:26,858 [WARN] DetailPanel:346 - Failed to get advertising image, set to default
2024-12-01 12:19:26,968 [FATAL] Updater:334 - Updater called before beeing initialized
2024-12-01 12:19:26,971 [FATAL] Updater:334 - Updater called before beeing initialized
2024-12-01 12:19:26,971 [FATAL] Updater:334 - Updater called before beeing initialized
2024-12-01 12:19:26,971 [WARN] DetailPanel:346 - Failed to get advertising image, set to default
2024-12-01 12:19:26,973 [FATAL] Updater:334 - Updater called before beeing initialized
2024-12-01 12:19:27,153 [ERROR] Updater:1164 - MainUpdater not yet initialized. External WinMGr cannot be set.
2024-12-01 12:19:27,200 [INFO] Updater:1100 - Updater Version found : 6.12.1
2024-12-01 12:19:27,238 [INFO] ApplicationProperties:184 - Using Application install path: D:\ST\STM32CubeIDE_1.16.0\STM32CubeIDE\plugins\com.st.stm32cube.common.mx_6.12.1.202409122256
2024-12-01 12:19:27,755 [INFO] ThirdPartyUpdaterWithRetryManager:70 - Updater plugin not ready yet. [3/15]
2024-12-01 12:19:28,024 [INFO] MainUpdater:2873 - connection check result : 10
2024-12-01 12:19:28,024 [INFO] MainUpdater:290 - Updater Check For Update Now.
2024-12-01 12:19:28,025 [INFO] MicroXplorer:498 - Change Database Version : DB.6.0.121
2024-12-01 12:19:28,082 [INFO] McuFinderGlobals:63 - Set McuFinder mode to 2 (CubeIDE integrated)
2024-12-01 12:19:28,099 [INFO] UserAuth:417 - Internet connection configuration mode: 1
2024-12-01 12:19:28,232 [INFO] JxBrowserEngine:152 - Initiate JxBrowser Engine with user profile folder
2024-12-01 12:19:28,394 [INFO] CheckServerUpdateThread:120 - End of CheckServer Thread
2024-12-01 12:19:31,086 [WARN] PackLoader:240 - Cannot read IP mode file for STMicroelectronics.FP-SNS-MOTENVWB1.1.4.0
2024-12-01 12:19:31,108 [WARN] PackLoader:240 - Cannot read IP mode file for STMicroelectronics.FP-ATR-ASTRA1.2.0.1
2024-12-01 12:19:31,126 [WARN] PackLoader:240 - Cannot read IP mode file for STMicroelectronics.X-CUBE-SMBUS.2.1.0
2024-12-01 12:19:31,154 [WARN] PackLoader:240 - Cannot read IP mode file for STMicroelectronics.X-CUBE-WB05N.1.1.0
2024-12-01 12:19:31,217 [WARN] PackLoader:240 - Cannot read IP mode file for STMicroelectronics.X-CUBE-AZRTOS-F7.1.1.0
2024-12-01 12:19:31,358 [WARN] PackLoader:240 - Cannot read IP mode file for STMicroelectronics.X-CUBE-MEMS1.11.0.0
2024-12-01 12:19:31,592 [WARN] PackLoader:240 - Cannot read IP mode file for STMicroelectronics.FP-SNS-FLIGHT1.5.0.2
2024-12-01 12:19:31,627 [WARN] PackLoader:240 - Cannot read IP mode file for STMicroelectronics.X-CUBE-DISPLAY.3.0.0
2024-12-01 12:19:31,666 [WARN] PackLoader:240 - Cannot read IP mode file for STMicroelectronics.X-CUBE-BLE1.7.0.0
2024-12-01 12:19:31,697 [WARN] PackLoader:240 - Cannot read IP mode file for STMicroelectronics.X-CUBE-NFC10.1.0.0
2024-12-01 12:19:31,732 [WARN] PackLoader:240 - Cannot read IP mode file for emotas.I-CUBE-CANOPEN.1.3.0
2024-12-01 12:19:31,770 [WARN] PackLoader:240 - Cannot read IP mode file for STMicroelectronics.X-CUBE-BLEMGR.3.1.0
2024-12-01 12:19:31,795 [WARN] PackLoader:240 - Cannot read IP mode file for STMicroelectronics.FP-SNS-SMARTAG2.1.2.0
2024-12-01 12:19:31,826 [INFO] LogOutputStream:77 - [STDOUT_REDIRECT] 1 : Invalid condition id : UX_CORESTACK_Condition cause : null
2024-12-01 12:19:31,827 [INFO] LogOutputStream:77 - [STDOUT_REDIRECT] 1 : Invalid condition id : UX_CORESTACK_Condition cause : null
2024-12-01 12:19:31,829 [INFO] LogOutputStream:77 - [STDOUT_REDIRECT] 1 : Invalid condition id : UX_CORESTACK_Condition cause : null
2024-12-01 12:19:31,831 [INFO] LogOutputStream:77 - [STDOUT_REDIRECT] 1 : Invalid condition id : UX_CORESTACK_Condition cause : null
2024-12-01 12:19:31,833 [INFO] LogOutputStream:77 - [STDOUT_REDIRECT] 1 : Invalid condition id : UX_CORESTACK_Condition cause : null
2024-12-01 12:19:31,845 [WARN] PackLoader:240 - Cannot read IP mode file for STMicroelectronics.X-CUBE-AZRTOS-WL.2.0.0
2024-12-01 12:19:31,868 [WARN] PackLoader:240 - Cannot read IP mode file for STMicroelectronics.FP-SNS-MOTENV1.5.0.0
2024-12-01 12:19:31,889 [WARN] PackLoader:240 - Cannot read IP mode file for wolfSSL.I-CUBE-wolfMQTT.1.19.0
2024-12-01 12:19:31,911 [WARN] PackLoader:240 - Cannot read IP mode file for WES.I-CUBE-Cesium.1.3.0
2024-12-01 12:19:31,934 [WARN] PackLoader:240 - Cannot read IP mode file for STMicroelectronics.X-CUBE-BLE2.3.3.0
2024-12-01 12:19:31,962 [WARN] PackLoader:240 - Cannot read IP mode file for STMicroelectronics.X-CUBE-NFC9.1.0.0
2024-12-01 12:19:31,984 [WARN] PackLoader:240 - Cannot read IP mode file for STMicroelectronics.X-CUBE-TCPP.4.1.0
2024-12-01 12:19:32,027 [WARN] PackLoader:240 - Cannot read IP mode file for STMicroelectronics.X-CUBE-AZRTOS-G0.1.1.0
2024-12-01 12:19:32,062 [WARN] PackLoader:240 - Cannot read IP mode file for STMicroelectronics.X-CUBE-SAFEA1.1.2.2
2024-12-01 12:19:32,086 [WARN] PackLoader:240 - Cannot read IP mode file for STMicroelectronics.X-CUBE-NFC4.3.0.0
2024-12-01 12:19:32,113 [WARN] PackLoader:240 - Cannot read IP mode file for EmbeddedOffice.I-CUBE-FS-RTOS.1.0.1
2024-12-01 12:19:32,113 [ERROR] ConditionMgr:805 - Attr not supported : Dmpu
2024-12-01 12:19:32,113 [ERROR] ConditionMgr:805 - Attr not supported : Dmpu
2024-12-01 12:19:32,113 [ERROR] ConditionMgr:805 - Attr not supported : Dmpu
2024-12-01 12:19:32,114 [ERROR] ConditionMgr:805 - Attr not supported : Dmpu
2024-12-01 12:19:32,114 [ERROR] ConditionMgr:805 - Attr not supported : Dmpu
2024-12-01 12:19:32,114 [ERROR] ConditionMgr:805 - Attr not supported : Dmpu
2024-12-01 12:19:32,114 [ERROR] ConditionMgr:805 - Attr not supported : Dmpu
2024-12-01 12:19:32,114 [ERROR] ConditionMgr:805 - Attr not supported : Dmpu
2024-12-01 12:19:32,114 [ERROR] ConditionMgr:805 - Attr not supported : Dmpu
2024-12-01 12:19:32,114 [ERROR] ConditionMgr:805 - Attr not supported : Dmpu
2024-12-01 12:19:32,114 [ERROR] ConditionMgr:805 - Attr not supported : Dmpu
2024-12-01 12:19:32,114 [ERROR] ConditionMgr:805 - Attr not supported : Dmpu
2024-12-01 12:19:32,114 [ERROR] ConditionMgr:805 - Attr not supported : Dmpu
2024-12-01 12:19:32,114 [ERROR] ConditionMgr:805 - Attr not supported : Dmpu
2024-12-01 12:19:32,114 [ERROR] ConditionMgr:805 - Attr not supported : Dmpu
2024-12-01 12:19:32,115 [ERROR] ConditionMgr:805 - Attr not supported : Dmpu
2024-12-01 12:19:32,115 [ERROR] ConditionMgr:805 - Attr not supported : Dmpu
2024-12-01 12:19:32,115 [ERROR] ConditionMgr:805 - Attr not supported : Dmpu
2024-12-01 12:19:32,115 [ERROR] ConditionMgr:805 - Attr not supported : Dmpu
2024-12-01 12:19:32,115 [ERROR] ConditionMgr:805 - Attr not supported : Dmpu
2024-12-01 12:19:32,115 [ERROR] ConditionMgr:805 - Attr not supported : Dmpu
2024-12-01 12:19:32,115 [ERROR] ConditionMgr:805 - Attr not supported : Dmpu
2024-12-01 12:19:32,115 [ERROR] ConditionMgr:805 - Attr not supported : Dmpu
2024-12-01 12:19:32,115 [ERROR] ConditionMgr:805 - Attr not supported : Dmpu
2024-12-01 12:19:32,115 [ERROR] ConditionMgr:805 - Attr not supported : Dmpu
2024-12-01 12:19:32,115 [ERROR] ConditionMgr:805 - Attr not supported : Dmpu
2024-12-01 12:19:32,116 [ERROR] ConditionMgr:805 - Attr not supported : Dmpu
2024-12-01 12:19:32,116 [ERROR] ConditionMgr:805 - Attr not supported : Dmpu
2024-12-01 12:19:32,116 [ERROR] ConditionMgr:805 - Attr not supported : Dmpu
2024-12-01 12:19:32,116 [ERROR] ConditionMgr:805 - Attr not supported : Dmpu
2024-12-01 12:19:32,116 [ERROR] ConditionMgr:805 - Attr not supported : Dmpu
2024-12-01 12:19:32,116 [ERROR] ConditionMgr:805 - Attr not supported : Dmpu
2024-12-01 12:19:32,116 [ERROR] ConditionMgr:805 - Attr not supported : Dmpu
2024-12-01 12:19:32,116 [ERROR] ConditionMgr:805 - Attr not supported : Dmpu
2024-12-01 12:19:32,116 [ERROR] ConditionMgr:805 - Attr not supported : Dmpu
2024-12-01 12:19:32,116 [ERROR] ConditionMgr:805 - Attr not supported : Dmpu
2024-12-01 12:19:32,116 [ERROR] ConditionMgr:805 - Attr not supported : Dmpu
2024-12-01 12:19:32,117 [ERROR] ConditionMgr:805 - Attr not supported : Dmpu
2024-12-01 12:19:32,117 [ERROR] ConditionMgr:805 - Attr not supported : Dmpu
2024-12-01 12:19:32,117 [ERROR] ConditionMgr:805 - Attr not supported : Dmpu
2024-12-01 12:19:32,117 [ERROR] ConditionMgr:805 - Attr not supported : Dmpu
2024-12-01 12:19:32,117 [ERROR] ConditionMgr:805 - Attr not supported : Dmpu
2024-12-01 12:19:32,117 [ERROR] ConditionMgr:805 - Attr not supported : Dmpu
2024-12-01 12:19:32,117 [ERROR] ConditionMgr:805 - Attr not supported : Dmpu
2024-12-01 12:19:32,117 [ERROR] ConditionMgr:805 - Attr not supported : Dmpu
2024-12-01 12:19:32,117 [ERROR] ConditionMgr:805 - Attr not supported : Dmpu
2024-12-01 12:19:32,117 [ERROR] ConditionMgr:805 - Attr not supported : Dmpu
2024-12-01 12:19:32,118 [ERROR] ConditionMgr:805 - Attr not supported : Dmpu
2024-12-01 12:19:32,118 [ERROR] ConditionMgr:805 - Attr not supported : Dmpu
2024-12-01 12:19:32,118 [ERROR] ConditionMgr:805 - Attr not supported : Dmpu
2024-12-01 12:19:32,118 [ERROR] ConditionMgr:805 - Attr not supported : Dmpu
2024-12-01 12:19:32,118 [ERROR] ConditionMgr:805 - Attr not supported : Dmpu
2024-12-01 12:19:32,118 [ERROR] ConditionMgr:805 - Attr not supported : Dmpu
2024-12-01 12:19:32,118 [ERROR] ConditionMgr:805 - Attr not supported : Dmpu
2024-12-01 12:19:32,118 [ERROR] ConditionMgr:805 - Attr not supported : Dmpu
2024-12-01 12:19:32,118 [ERROR] ConditionMgr:805 - Attr not supported : Dmpu
2024-12-01 12:19:32,119 [ERROR] ConditionMgr:805 - Attr not supported : Dmpu
2024-12-01 12:19:32,119 [ERROR] ConditionMgr:805 - Attr not supported : Dmpu
2024-12-01 12:19:32,119 [ERROR] ConditionMgr:805 - Attr not supported : Dmpu
2024-12-01 12:19:32,119 [ERROR] ConditionMgr:805 - Attr not supported : Dmpu
2024-12-01 12:19:32,119 [ERROR] ConditionMgr:805 - Attr not supported : Dmpu
2024-12-01 12:19:32,119 [ERROR] ConditionMgr:805 - Attr not supported : Dmpu
2024-12-01 12:19:32,119 [ERROR] ConditionMgr:805 - Attr not supported : Dmpu
2024-12-01 12:19:32,120 [ERROR] ConditionMgr:805 - Attr not supported : Dmpu
2024-12-01 12:19:32,142 [WARN] PackLoader:240 - Cannot read IP mode file for RealThread.X-CUBE-RT-Thread_Nano.4.1.1
2024-12-01 12:19:32,163 [WARN] PackLoader:240 - Cannot read IP mode file for STMicroelectronics.FP-ATR-SIGFOX1.3.2.0
2024-12-01 12:19:32,182 [WARN] PackLoader:240 - Cannot read IP mode file for wolfSSL.I-CUBE-wolfSSL.5.7.2
2024-12-01 12:19:32,203 [WARN] ConditionMgr:438 - getConditionDescription Invalid condition id : Cortex-A Device cause : null
2024-12-01 12:19:32,278 [WARN] ConditionMgr:1039 - genDependencies : Invalid condition id : Cortex-A Device cause : null
2024-12-01 12:19:32,278 [WARN] ConditionMgr:1039 - genDependencies : Invalid condition id : Cortex-A Device cause : null
2024-12-01 12:19:32,278 [WARN] ConditionMgr:1039 - genDependencies : Invalid condition id : Cortex-A Device cause : null
2024-12-01 12:19:32,306 [WARN] PackLoader:240 - Cannot read IP mode file for STMicroelectronics.X-CUBE-EEPRMA1.5.1.0
2024-12-01 12:19:32,330 [WARN] PackLoader:240 - Cannot read IP mode file for ITTIA_DB.I-CUBE-ITTIADB.8.9.0
2024-12-01 12:19:32,387 [WARN] PackLoader:240 - Cannot read IP mode file for SEGGER.I-CUBE-embOS.1.3.1
2024-12-01 12:19:32,472 [WARN] PackLoader:240 - Cannot read IP mode file for STMicroelectronics.X-CUBE-ALGOBUILD.1.4.0
2024-12-01 12:19:32,494 [WARN] PackLoader:240 - Cannot read IP mode file for STMicroelectronics.X-CUBE-AI.9.1.0
2024-12-01 12:19:32,514 [WARN] PackLoader:240 - Cannot read IP mode file for STMicroelectronics.X-CUBE-GNSS1.6.0.0
2024-12-01 12:19:32,550 [WARN] PackLoader:240 - Cannot read IP mode file for STMicroelectronics.X-CUBE-AZRTOS-F4.1.1.0
2024-12-01 12:19:32,570 [WARN] PackLoader:240 - Cannot read IP mode file for STMicroelectronics.X-CUBE-ISPU.2.1.0
2024-12-01 12:19:32,591 [WARN] PackLoader:240 - Cannot read IP mode file for STMicroelectronics.X-CUBE-FREERTOS.1.2.0
2024-12-01 12:19:32,643 [WARN] PackLoader:240 - Cannot read IP mode file for STMicroelectronics.X-CUBE-AZRTOS-L5.2.0.0
2024-12-01 12:19:32,690 [WARN] PackLoader:240 - Cannot read IP mode file for STMicroelectronics.X-CUBE-NFC6.3.1.0
2024-12-01 12:19:32,717 [WARN] PackLoader:240 - Cannot read IP mode file for STMicroelectronics.X-CUBE-DPower.1.2.0
2024-12-01 12:19:32,743 [WARN] PackLoader:240 - Cannot read IP mode file for STMicroelectronics.X-CUBE-AI.9.0.0
2024-12-01 12:19:32,828 [WARN] PackLoader:240 - Cannot read IP mode file for STMicroelectronics.X-CUBE-NFC7.1.0.1
2024-12-01 12:19:32,854 [WARN] PackLoader:240 - Cannot read IP mode file for wolfSSL.I-CUBE-wolfTPM.3.2.0
2024-12-01 12:19:32,925 [WARN] ConditionMgr:438 - getConditionDescription Invalid condition id : LAN8742 Phy interface Condition cause : null
2024-12-01 12:19:32,927 [WARN] PackLoader:240 - Cannot read IP mode file for STMicroelectronics.X-CUBE-AZRTOS-L4.2.0.0
2024-12-01 12:19:32,929 [WARN] ConditionMgr:1039 - genDependencies : Invalid condition id : LAN8742 Phy interface Condition cause : null
2024-12-01 12:19:32,930 [WARN] ConditionMgr:1039 - genDependencies : Invalid condition id : LAN8742 Phy interface Condition cause : null
2024-12-01 12:19:32,931 [WARN] ConditionMgr:1039 - genDependencies : Invalid condition id : LAN8742 Phy interface Condition cause : null
2024-12-01 12:19:32,961 [WARN] PackLoader:240 - Cannot read IP mode file for STMicroelectronics.X-CUBE-SFXS2LP1.4.0.0
2024-12-01 12:19:33,024 [WARN] PackLoader:240 - Cannot read IP mode file for STMicroelectronics.X-CUBE-AZRTOS-H7.3.3.0
2024-12-01 12:19:33,062 [WARN] PackLoader:240 - Cannot read IP mode file for STMicroelectronics.X-CUBE-IPS.3.0.0
2024-12-01 12:19:33,108 [WARN] ConditionMgr:438 - getConditionDescription Invalid condition id : UX DEVICE CLASS RTOS Condition cause : null
2024-12-01 12:19:33,109 [WARN] ConditionMgr:438 - getConditionDescription Invalid condition id : UX DEVICE CLASS RTOS Condition cause : null
2024-12-01 12:19:33,112 [WARN] PackLoader:240 - Cannot read IP mode file for STMicroelectronics.X-CUBE-AZRTOS-WB.2.0.0
2024-12-01 12:19:33,113 [WARN] ConditionMgr:1039 - genDependencies : Invalid condition id : UX DEVICE CLASS RTOS Condition cause : null
2024-12-01 12:19:33,113 [WARN] ConditionMgr:1039 - genDependencies : Invalid condition id : UX DEVICE CLASS RTOS Condition cause : null
2024-12-01 12:19:33,114 [WARN] ConditionMgr:1039 - genDependencies : Invalid condition id : UX DEVICE CLASS RTOS Condition cause : null
2024-12-01 12:19:33,114 [WARN] ConditionMgr:1039 - genDependencies : Invalid condition id : UX DEVICE CLASS RTOS Condition cause : null
2024-12-01 12:19:33,114 [WARN] ConditionMgr:1039 - genDependencies : Invalid condition id : UX DEVICE CLASS RTOS Condition cause : null
2024-12-01 12:19:33,137 [WARN] PackLoader:240 - Cannot read IP mode file for STMicroelectronics.X-CUBE-GNSS1.7.0.0
2024-12-01 12:19:33,163 [WARN] PackLoader:240 - Cannot read IP mode file for STMicroelectronics.FP-SNS-STBOX1.2.0.0
2024-12-01 12:19:33,200 [WARN] PackLoader:240 - Cannot read IP mode file for STMicroelectronics.X-CUBE-SUBG2.5.0.0
2024-12-01 12:19:33,224 [WARN] PackLoader:240 - Cannot read IP mode file for Cesanta.I-CUBE-Mongoose.7.13.0
2024-12-01 12:19:33,265 [WARN] PackLoader:240 - Cannot read IP mode file for STMicroelectronics.X-CUBE-AZRTOS-G4.2.0.0
2024-12-01 12:19:33,291 [WARN] PackLoader:240 - Cannot read IP mode file for STMicroelectronics.X-CUBE-ISPU.2.0.0
2024-12-01 12:19:33,313 [WARN] PackLoader:240 - Cannot read IP mode file for STMicroelectronics.X-CUBE-ALS.1.0.2
2024-12-01 12:19:33,390 [WARN] PackLoader:240 - Cannot read IP mode file for STMicroelectronics.X-CUBE-MEMS1.10.0.0
2024-12-01 12:19:33,584 [WARN] PackLoader:240 - Cannot read IP mode file for STMicroelectronics.X-CUBE-TOUCHGFX.4.24.0
2024-12-01 12:19:33,601 [WARN] PackLoader:240 - Cannot read IP mode file for STMicroelectronics.X-CUBE-TOUCHGFX.4.24.1
2024-12-01 12:19:33,620 [WARN] PackLoader:240 - Cannot read IP mode file for portGmbH.I-Cube-SoM-uGOAL.1.1.0
2024-12-01 12:19:33,663 [WARN] PackLoader:240 - Cannot read IP mode file for STMicroelectronics.X-CUBE-AZRTOS-H7RS.1.0.0
2024-12-01 12:19:33,682 [WARN] PackLoader:240 - Cannot read IP mode file for STMicroelectronics.FP-ATR-ASTRA1.2.0.0
2024-12-01 12:19:33,717 [WARN] PackLoader:240 - Cannot read IP mode file for STMicroelectronics.X-CUBE-TOF1.3.4.2
2024-12-01 12:19:33,786 [WARN] PackLoader:240 - Cannot read IP mode file for STMicroelectronics.X-CUBE-AZRTOS-H7.3.2.0
2024-12-01 12:19:33,836 [WARN] PackLoader:240 - Cannot read IP mode file for Infineon.AIROC-Wi-Fi-Bluetooth-STM32.1.6.0
2024-12-01 12:19:33,872 [WARN] PackLoader:240 - Cannot read IP mode file for wolfSSL.I-CUBE-wolfSSH.1.4.17
2024-12-01 12:19:33,873 [INFO] ThirdParty:978 - Integrity check success = true
2024-12-01 12:19:33,873 [INFO] IntegrityCheckThread:100 - exiting critical section [integrity check]
2024-12-01 12:19:33,873 [INFO] IntegrityCheckThread:103 - End integrity checks thread
2024-12-01 12:19:38,618 [INFO] WebApp:167 - Instantiating new browser for Auth
2024-12-01 12:19:40,228 [INFO] WebApp:448 - Apply proxy settings
2024-12-01 12:19:40,229 [INFO] WebApp:533 - Chromium requires no authentication
2024-12-01 12:19:40,252 [INFO] WebApp:476 - Direct internet connection detected
2024-12-01 12:19:40,307 [INFO] WebApp:869 - Register for checkConnection events
2024-12-01 12:19:40,308 [INFO] WebApp:448 - Apply proxy settings
2024-12-01 12:19:40,308 [INFO] WebApp:533 - Chromium requires no authentication
2024-12-01 12:19:40,309 [INFO] WebApp:476 - Direct internet connection detected
2024-12-01 12:19:40,661 [INFO] WebApp:186 - Connection restablished
2024-12-01 12:19:40,692 [INFO] WebApp:220 - Starting web application
2024-12-01 12:19:40,692 [INFO] WebApp:578 - Web application path used D:\ST\STM32CubeIDE_1.16.0\STM32CubeIDE\plugins\com.st.stm32cube.common.mx_6.12.1.202409122256\db\plugins\mcufinder\reactClient1\index.html
2024-12-01 12:19:41,199 [INFO] UserAuth:417 - Internet connection configuration mode: 1
2024-12-01 19:19:18,670 [INFO] WebApp:189 - Connection lost
2024-12-01 19:19:19,798 [INFO] WebApp:186 - Connection restablished
2024-12-01 19:19:20,333 [INFO] WebApp:189 - Connection lost
2024-12-01 19:19:20,542 [INFO] WebApp:186 - Connection restablished
2024-12-01 19:19:23,264 [INFO] WebApp:189 - Connection lost
2024-12-01 19:19:23,506 [INFO] WebApp:186 - Connection restablished
2024-12-01 19:22:07,025 [INFO] WebApp:189 - Connection lost
2024-12-01 19:22:07,309 [INFO] WebApp:186 - Connection restablished
2024-12-01 19:22:10,203 [INFO] WebApp:189 - Connection lost
2024-12-01 19:22:10,368 [INFO] WebApp:186 - Connection restablished
