2024-11-27 01:09:52,510 [ERROR] LogOutputStream:75 - [STDERR_REDIRECT] 
2024-11-27 21:01:35,075 [INFO] Activator:176 - 


2024-11-27 21:01:35,093 [INFO] Activator:177 - !SESSION log4j initialized
2024-11-27 21:01:52,746 [INFO] LogOutputStream:77 - [STDOUT_REDIRECT] 
2024-11-27 21:02:10,260 [INFO] ApplicationProperties:184 - Using Application install path: D:\ST\STM32CubeIDE_1.16.0\STM32CubeIDE\plugins\com.st.stm32cube.common.mx_6.12.1.202409122256
2024-11-27 21:02:10,328 [INFO] DbMcusXml:78 - Set database path to: D:\ST\STM32CubeIDE_1.16.0\STM32CubeIDE\plugins\com.st.stm32cube.common.mx_6.12.1.202409122256\\db\/mcu/
2024-11-27 21:02:10,350 [INFO] ApiDb:274 - Set plugin database path to: D:\ST\STM32CubeIDE_1.16.0\STM32CubeIDE\plugins\com.st.stm32cube.common.mx_6.12.1.202409122256\\db\/plugins/boardmanager/
2024-11-27 21:02:10,351 [WARN] ApiDb:259 - Overriding images path with different value:  => D:\ST\STM32CubeIDE_1.16.0\STM32CubeIDE\plugins\com.st.stm32cube.common.mx_6.12.1.202409122256\\db\/plugins/mcufinder/images/
2024-11-27 21:02:10,478 [INFO] ApiDb:250 - Set database path to: C:\Users\Asus\.stmcufinder\plugins\mcufinder//mcu/
2024-11-27 21:02:10,480 [INFO] DbMcusAds:125 - Set database path to: C:\Users\Asus\.stmcufinder\plugins\mcufinder//mcu/
2024-11-27 21:02:10,494 [INFO] CrossReferenceDbSqlite:203 - Set database path to: C:\Users\Asus\.stmcufinder\plugins\mcufinder//mcu/cs/
2024-11-27 21:02:10,907 [INFO] RulesReader:64 - Compatibility file has been processed (297 Rules)
2024-11-27 21:02:11,183 [INFO] DbMcusXml:78 - Set database path to: D:\ST\STM32CubeIDE_1.16.0\STM32CubeIDE\plugins\com.st.stm32cube.common.mx_6.12.1.202409122256\\db\/mcu/
2024-11-27 21:02:11,183 [INFO] ApiDb:274 - Set plugin database path to: D:\ST\STM32CubeIDE_1.16.0\STM32CubeIDE\plugins\com.st.stm32cube.common.mx_6.12.1.202409122256\\db\/plugins/boardmanager/
2024-11-27 21:02:11,183 [INFO] ApiDb:261 - Set plugin images path to: D:\ST\STM32CubeIDE_1.16.0\STM32CubeIDE\plugins\com.st.stm32cube.common.mx_6.12.1.202409122256\\db\/plugins/mcufinder/images/
2024-11-27 21:02:11,184 [WARN] DbFile:41 - Overriding database path with different value: C:\Users\Asus\.stmcufinder\plugins\mcufinder/ => C:\Users\Asus\.stmcufinder\plugins\mcufinder
2024-11-27 21:02:11,184 [INFO] ApiDb:250 - Set database path to: C:\Users\Asus\.stmcufinder\plugins\mcufinder//mcu/
2024-11-27 21:02:11,184 [WARN] DbFile:41 - Overriding database path with different value: C:\Users\Asus\.stmcufinder\plugins\mcufinder/ => C:\Users\Asus\.stmcufinder\plugins\mcufinder
2024-11-27 21:02:11,184 [INFO] DbMcusAds:125 - Set database path to: C:\Users\Asus\.stmcufinder\plugins\mcufinder//mcu/
2024-11-27 21:02:11,184 [WARN] DbFile:41 - Overriding database path with different value: C:\Users\Asus\.stmcufinder\plugins\mcufinder/ => C:\Users\Asus\.stmcufinder\plugins\mcufinder
2024-11-27 21:02:11,185 [WARN] DbFile:41 - Overriding database path with different value: C:\Users\Asus\.stmcufinder\plugins\mcufinder/ => C:\Users\Asus\.stmcufinder\plugins\mcufinder
2024-11-27 21:02:11,185 [INFO] CrossReferenceDbSqlite:203 - Set database path to: C:\Users\Asus\.stmcufinder\plugins\mcufinder//mcu/cs/
2024-11-27 21:02:11,406 [INFO] MainPanel:268 - HeapMemory: 268435456
2024-11-27 21:02:12,159 [INFO] DbMcusXml:78 - Set database path to: D:\ST\STM32CubeIDE_1.16.0\STM32CubeIDE\plugins\com.st.stm32cube.common.mx_6.12.1.202409122256\\db\/mcu/
2024-11-27 21:02:12,159 [INFO] ApiDb:274 - Set plugin database path to: D:\ST\STM32CubeIDE_1.16.0\STM32CubeIDE\plugins\com.st.stm32cube.common.mx_6.12.1.202409122256\\db\/plugins/boardmanager/
2024-11-27 21:02:12,159 [INFO] ApiDb:261 - Set plugin images path to: D:\ST\STM32CubeIDE_1.16.0\STM32CubeIDE\plugins\com.st.stm32cube.common.mx_6.12.1.202409122256\\db\/plugins/mcufinder/images/
2024-11-27 21:02:12,160 [WARN] DbFile:41 - Overriding database path with different value: C:\Users\Asus\.stmcufinder\plugins\mcufinder/ => C:\Users\Asus\.stmcufinder\plugins\mcufinder
2024-11-27 21:02:12,160 [INFO] ApiDb:250 - Set database path to: C:\Users\Asus\.stmcufinder\plugins\mcufinder//mcu/
2024-11-27 21:02:12,178 [WARN] DbFile:41 - Overriding database path with different value: C:\Users\Asus\.stmcufinder\plugins\mcufinder/ => C:\Users\Asus\.stmcufinder\plugins\mcufinder
2024-11-27 21:02:12,178 [INFO] DbMcusAds:125 - Set database path to: C:\Users\Asus\.stmcufinder\plugins\mcufinder//mcu/
2024-11-27 21:02:12,178 [WARN] DbFile:41 - Overriding database path with different value: C:\Users\Asus\.stmcufinder\plugins\mcufinder/ => C:\Users\Asus\.stmcufinder\plugins\mcufinder
2024-11-27 21:02:12,179 [WARN] DbFile:41 - Overriding database path with different value: C:\Users\Asus\.stmcufinder\plugins\mcufinder/ => C:\Users\Asus\.stmcufinder\plugins\mcufinder
2024-11-27 21:02:12,179 [INFO] CrossReferenceDbSqlite:203 - Set database path to: C:\Users\Asus\.stmcufinder\plugins\mcufinder//mcu/cs/
2024-11-27 21:02:12,229 [INFO] ApplicationProperties:184 - Using Application install path: D:\ST\STM32CubeIDE_1.16.0\STM32CubeIDE\plugins\com.st.stm32cube.common.mx_6.12.1.202409122256
2024-11-27 21:02:12,233 [INFO] PluginManage:196 - Search for loadable plugins [exclusion list=, ]
2024-11-27 21:02:12,238 [INFO] PluginManage:310 - Check plugin analytics
2024-11-27 21:02:22,345 [INFO] AnalyticsPlugin:253 - Accepted Software Licenses: STM32CubeMX.6.5.0
2024-11-27 21:02:22,345 [INFO] AnalyticsPlugin:255 - Accepted CMSIS Pack Licenses: 
2024-11-27 21:02:22,346 [INFO] AnalyticsPlugin:257 - Accepted Firmware Licenses: FW.F4.1.27.0,FW.F4.1.28.0
2024-11-27 21:02:22,351 [INFO] PluginManage:359 - Loaded plugin analytics (category:tool,tabindex:-1)
2024-11-27 21:02:22,352 [INFO] PluginManage:310 - Check plugin cadmodel
2024-11-27 21:02:22,412 [INFO] CADModel:105 - Init CAD model plugin
2024-11-27 21:02:22,412 [INFO] PluginManage:359 - Loaded plugin cadmodel (category:power,tabindex:5)
2024-11-27 21:02:22,413 [INFO] PluginManage:310 - Check plugin clock
2024-11-27 21:02:22,445 [INFO] PluginManage:359 - Loaded plugin clock (category:base,tabindex:2)
2024-11-27 21:02:22,446 [INFO] PluginManage:310 - Check plugin ddr
2024-11-27 21:02:22,475 [INFO] PluginManage:359 - Loaded plugin ddr (category:tool,tabindex:6)
2024-11-27 21:02:22,476 [INFO] PluginManage:310 - Check plugin filemanager
2024-11-27 21:02:23,034 [INFO] PluginManage:359 - Loaded plugin filemanager (category:base,tabindex:10)
2024-11-27 21:02:23,034 [INFO] PluginManage:310 - Check plugin ipmanager
2024-11-27 21:02:23,060 [INFO] PluginManage:359 - Loaded plugin ipmanager (category:base,tabindex:5)
2024-11-27 21:02:23,060 [INFO] PluginManage:310 - Check plugin lpbam
2024-11-27 21:02:23,118 [INFO] PluginManage:359 - Loaded plugin lpbam (category:base,tabindex:0)
2024-11-27 21:02:23,119 [INFO] PluginManage:310 - Check plugin memorymap
2024-11-27 21:02:23,184 [INFO] PluginManage:359 - Loaded plugin memorymap (category:base,tabindex:4)
2024-11-27 21:02:23,186 [INFO] PluginManage:310 - Check plugin pinoutandconfiguration
2024-11-27 21:02:23,243 [INFO] PluginManage:359 - Loaded plugin pinoutandconfiguration (category:base,tabindex:1)
2024-11-27 21:02:23,244 [INFO] PluginManage:310 - Check plugin pinoutconfig
2024-11-27 21:02:23,478 [WARN] SupportedApi:132 - Cannot load RTOS API schema: s4s-elt-must-match.1: The content of 'definitions' must match (annotation?, (simpleType | complexType)?, (unique | key | keyref)*)). A problem was found starting at: attribute.
2024-11-27 21:02:23,871 [INFO] PluginManage:359 - Loaded plugin pinoutconfig (category:base,tabindex:0)
2024-11-27 21:02:23,871 [INFO] PluginManage:310 - Check plugin power
2024-11-27 21:02:23,989 [INFO] PluginManage:359 - Loaded plugin power (category:power,tabindex:4)
2024-11-27 21:02:23,990 [INFO] PluginManage:310 - Check plugin projectmanager
2024-11-27 21:02:24,069 [INFO] PluginManage:359 - Loaded plugin projectmanager (category:projectmanager,tabindex:4)
2024-11-27 21:02:24,070 [INFO] PluginManage:310 - Check plugin rif
2024-11-27 21:02:24,125 [INFO] PluginManage:359 - Loaded plugin rif (category:base,tabindex:3)
2024-11-27 21:02:24,125 [INFO] PluginManage:310 - Check plugin thirdparty
2024-11-27 21:02:24,940 [INFO] PluginManage:359 - Loaded plugin thirdparty (category:base,tabindex:-1)
2024-11-27 21:02:24,940 [WARN] IntegrityCheckThread:84 - waiting for thirdparty lock release [integrity check]
2024-11-27 21:02:24,941 [INFO] PluginManage:310 - Check plugin tools
2024-11-27 21:02:24,941 [INFO] IntegrityCheckThread:86 - entering critical section [integrity check]
2024-11-27 21:02:24,941 [INFO] ThirdPartyUpdaterWithRetryManager:70 - Updater plugin not ready yet. [1/15]
2024-11-27 21:02:25,007 [INFO] PluginManage:359 - Loaded plugin tools (category:base,tabindex:7)
2024-11-27 21:02:25,008 [INFO] PluginManage:310 - Check plugin tutovideos
2024-11-27 21:02:25,679 [INFO] PluginManage:359 - Loaded plugin tutovideos (category:base,tabindex:-1)
2024-11-27 21:02:25,679 [INFO] PluginManage:310 - Check plugin updater
2024-11-27 21:02:25,750 [INFO] PluginManage:359 - Loaded plugin updater (category:base,tabindex:12)
2024-11-27 21:02:25,751 [INFO] PluginManage:310 - Check plugin userauth
2024-11-27 21:02:25,775 [INFO] UserAuth:113 - Init User Auth plugin
2024-11-27 21:02:25,775 [INFO] PluginManage:359 - Loaded plugin userauth (category:base,tabindex:14)
2024-11-27 21:02:25,776 [INFO] PluginManage:283 - PluginManage : Loaded plugins [18]
2024-11-27 21:02:26,372 [INFO] PinOutPanel:1561 - setPackage(No Configuration,No Configuration)
2024-11-27 21:02:26,627 [INFO] CADModel:165 - CPN selected for project level
2024-11-27 21:02:26,627 [INFO] CADModel:114 - Register for checkConnection events
2024-11-27 21:02:26,727 [INFO] IPUIPlugin:80 - create IPUIPlugin
2024-11-27 21:02:26,728 [INFO] PluginManager:220 - loadIPPluginJar : add adc
2024-11-27 21:02:26,871 [INFO] IPUIPlugin:80 - create IPUIPlugin
2024-11-27 21:02:26,871 [INFO] PluginManager:220 - loadIPPluginJar : add aes
2024-11-27 21:02:26,960 [INFO] IPUIPlugin:80 - create IPUIPlugin
2024-11-27 21:02:26,961 [INFO] PluginManager:220 - loadIPPluginJar : add can
2024-11-27 21:02:27,038 [INFO] IPUIPlugin:80 - create IPUIPlugin
2024-11-27 21:02:27,039 [INFO] PluginManager:220 - loadIPPluginJar : add comp
2024-11-27 21:02:27,124 [INFO] IPUIPlugin:80 - create IPUIPlugin
2024-11-27 21:02:27,124 [INFO] PluginManager:220 - loadIPPluginJar : add cryp
2024-11-27 21:02:27,175 [INFO] IPUIPlugin:80 - create IPUIPlugin
2024-11-27 21:02:27,175 [INFO] PluginManager:220 - loadIPPluginJar : add ddr_ctrl_phy
2024-11-27 21:02:27,233 [INFO] IPUIPlugin:80 - create IPUIPlugin
2024-11-27 21:02:27,234 [INFO] PluginManager:220 - loadIPPluginJar : add dfsdm
2024-11-27 21:02:27,264 [INFO] IPUIPlugin:80 - create IPUIPlugin
2024-11-27 21:02:27,265 [INFO] PluginManager:220 - loadIPPluginJar : add dma
2024-11-27 21:02:27,371 [INFO] IPUIPlugin:80 - create IPUIPlugin
2024-11-27 21:02:27,371 [INFO] PluginManager:220 - loadIPPluginJar : add dma3
2024-11-27 21:02:27,500 [INFO] IPUIPlugin:80 - create IPUIPlugin
2024-11-27 21:02:27,500 [INFO] PluginManager:220 - loadIPPluginJar : add extmemmanager
2024-11-27 21:02:27,557 [INFO] IPUIPlugin:80 - create IPUIPlugin
2024-11-27 21:02:27,557 [INFO] PluginManager:220 - loadIPPluginJar : add fatfs
2024-11-27 21:02:27,686 [INFO] IPUIPlugin:80 - create IPUIPlugin
2024-11-27 21:02:27,686 [INFO] PluginManager:220 - loadIPPluginJar : add fmc
2024-11-27 21:02:27,828 [INFO] IPUIPlugin:80 - create IPUIPlugin
2024-11-27 21:02:27,829 [INFO] PluginManager:220 - loadIPPluginJar : add freertos
2024-11-27 21:02:27,946 [INFO] IPUIPlugin:80 - create IPUIPlugin
2024-11-27 21:02:27,946 [INFO] PluginManager:220 - loadIPPluginJar : add genericplugin
2024-11-27 21:02:27,950 [INFO] ThirdPartyUpdaterWithRetryManager:70 - Updater plugin not ready yet. [2/15]
2024-11-27 21:02:28,157 [INFO] IPUIPlugin:80 - create IPUIPlugin
2024-11-27 21:02:28,157 [INFO] PluginManager:220 - loadIPPluginJar : add gfxmmu
2024-11-27 21:02:28,445 [INFO] IPUIPlugin:80 - create IPUIPlugin
2024-11-27 21:02:28,445 [INFO] PluginManager:220 - loadIPPluginJar : add gic
2024-11-27 21:02:28,476 [INFO] IPUIPlugin:80 - create IPUIPlugin
2024-11-27 21:02:28,477 [INFO] PluginManager:220 - loadIPPluginJar : add gpio
2024-11-27 21:02:28,707 [INFO] IPUIPlugin:80 - create IPUIPlugin
2024-11-27 21:02:28,707 [INFO] PluginManager:220 - loadIPPluginJar : add gtzc
2024-11-27 21:02:28,800 [INFO] IPUIPlugin:80 - create IPUIPlugin
2024-11-27 21:02:28,800 [INFO] PluginManager:220 - loadIPPluginJar : add hash
2024-11-27 21:02:28,925 [INFO] IPUIPlugin:80 - create IPUIPlugin
2024-11-27 21:02:28,925 [INFO] PluginManager:220 - loadIPPluginJar : add i2c
2024-11-27 21:02:29,026 [INFO] IPUIPlugin:80 - create IPUIPlugin
2024-11-27 21:02:29,027 [INFO] PluginManager:220 - loadIPPluginJar : add i2s
2024-11-27 21:02:29,172 [INFO] IPUIPlugin:80 - create IPUIPlugin
2024-11-27 21:02:29,172 [INFO] PluginManager:220 - loadIPPluginJar : add i3c
2024-11-27 21:02:29,519 [INFO] IPUIPlugin:80 - create IPUIPlugin
2024-11-27 21:02:29,519 [INFO] PluginManager:220 - loadIPPluginJar : add ipddr
2024-11-27 21:02:29,792 [INFO] IPUIPlugin:80 - create IPUIPlugin
2024-11-27 21:02:29,795 [INFO] PluginManager:220 - loadIPPluginJar : add linkedlist
2024-11-27 21:02:30,031 [INFO] IPUIPlugin:80 - create IPUIPlugin
2024-11-27 21:02:30,032 [INFO] PluginManager:220 - loadIPPluginJar : add lorawan
2024-11-27 21:02:30,183 [INFO] IPUIPlugin:80 - create IPUIPlugin
2024-11-27 21:02:30,183 [INFO] PluginManager:220 - loadIPPluginJar : add ltdc
2024-11-27 21:02:30,235 [INFO] IPUIPlugin:80 - create IPUIPlugin
2024-11-27 21:02:30,235 [INFO] PluginManager:220 - loadIPPluginJar : add mdma
2024-11-27 21:02:30,263 [INFO] IPUIPlugin:80 - create IPUIPlugin
2024-11-27 21:02:30,263 [INFO] PluginManager:220 - loadIPPluginJar : add nvic
2024-11-27 21:02:30,353 [INFO] IPUIPlugin:80 - create IPUIPlugin
2024-11-27 21:02:30,353 [INFO] PluginManager:220 - loadIPPluginJar : add opamp
2024-11-27 21:02:30,534 [INFO] IPUIPlugin:80 - create IPUIPlugin
2024-11-27 21:02:30,535 [INFO] PluginManager:220 - loadIPPluginJar : add openamp
2024-11-27 21:02:30,648 [INFO] IPUIPlugin:80 - create IPUIPlugin
2024-11-27 21:02:30,648 [INFO] PluginManager:220 - loadIPPluginJar : add pdm2pcm
2024-11-27 21:02:30,681 [INFO] IPUIPlugin:80 - create IPUIPlugin
2024-11-27 21:02:30,685 [INFO] PluginManager:220 - loadIPPluginJar : add plateformsettings
2024-11-27 21:02:30,771 [INFO] IPUIPlugin:80 - create IPUIPlugin
2024-11-27 21:02:30,771 [INFO] PluginManager:220 - loadIPPluginJar : add quadspi
2024-11-27 21:02:30,858 [INFO] IPUIPlugin:80 - create IPUIPlugin
2024-11-27 21:02:30,952 [INFO] ThirdPartyUpdaterWithRetryManager:70 - Updater plugin not ready yet. [3/15]
2024-11-27 21:02:30,962 [INFO] PluginManager:220 - loadIPPluginJar : add radio
2024-11-27 21:02:31,140 [INFO] IPUIPlugin:80 - create IPUIPlugin
2024-11-27 21:02:31,141 [INFO] PluginManager:220 - loadIPPluginJar : add resmgrutility
2024-11-27 21:02:31,247 [INFO] IPUIPlugin:80 - create IPUIPlugin
2024-11-27 21:02:31,248 [INFO] PluginManager:220 - loadIPPluginJar : add sai
2024-11-27 21:02:31,355 [INFO] IPUIPlugin:80 - create IPUIPlugin
2024-11-27 21:02:31,356 [INFO] PluginManager:220 - loadIPPluginJar : add spi
2024-11-27 21:02:31,552 [INFO] IPUIPlugin:80 - create IPUIPlugin
2024-11-27 21:02:31,552 [INFO] PluginManager:220 - loadIPPluginJar : add stm32_wpan
2024-11-27 21:02:31,590 [INFO] IPUIPlugin:80 - create IPUIPlugin
2024-11-27 21:02:31,590 [INFO] PluginManager:220 - loadIPPluginJar : add tim
2024-11-27 21:02:31,706 [INFO] IPUIPlugin:80 - create IPUIPlugin
2024-11-27 21:02:31,706 [INFO] PluginManager:220 - loadIPPluginJar : add touchsensing
2024-11-27 21:02:31,735 [INFO] IPUIPlugin:80 - create IPUIPlugin
2024-11-27 21:02:31,735 [INFO] PluginManager:220 - loadIPPluginJar : add tracer_emb
2024-11-27 21:02:31,765 [INFO] IPUIPlugin:80 - create IPUIPlugin
2024-11-27 21:02:31,766 [INFO] PluginManager:220 - loadIPPluginJar : add ts
2024-11-27 21:02:31,794 [INFO] IPUIPlugin:80 - create IPUIPlugin
2024-11-27 21:02:31,794 [INFO] PluginManager:220 - loadIPPluginJar : add tsc
2024-11-27 21:02:31,824 [INFO] IPUIPlugin:80 - create IPUIPlugin
2024-11-27 21:02:31,824 [INFO] PluginManager:220 - loadIPPluginJar : add ucpd
2024-11-27 21:02:31,883 [INFO] IPUIPlugin:80 - create IPUIPlugin
2024-11-27 21:02:31,883 [INFO] PluginManager:220 - loadIPPluginJar : add usart
2024-11-27 21:02:31,940 [INFO] IPUIPlugin:80 - create IPUIPlugin
2024-11-27 21:02:31,940 [INFO] PluginManager:220 - loadIPPluginJar : add usbx
2024-11-27 21:02:32,089 [INFO] CADModel:165 - CPN selected for project level
2024-11-27 21:02:32,090 [INFO] CADModel:114 - Register for checkConnection events
2024-11-27 21:02:32,090 [FATAL] Updater:334 - Updater called before beeing initialized
2024-11-27 21:02:32,090 [ERROR] CADModel:125 - Updater not yet initialized, retry later 
2024-11-27 21:02:32,406 [INFO] CADModel:165 - CPN selected for project level
2024-11-27 21:02:32,406 [INFO] CADModel:114 - Register for checkConnection events
2024-11-27 21:02:32,406 [FATAL] Updater:334 - Updater called before beeing initialized
2024-11-27 21:02:32,406 [ERROR] CADModel:125 - Updater not yet initialized, retry later 
2024-11-27 21:02:32,411 [FATAL] Updater:334 - Updater called before beeing initialized
2024-11-27 21:02:32,563 [FATAL] Updater:334 - Updater called before beeing initialized
2024-11-27 21:02:32,590 [INFO] DbMcusAds:53 - JSON generation date=Fri Sep 20 20:04:38 ICT 2024 (1726837478367)
2024-11-27 21:02:32,591 [FATAL] Updater:334 - Updater called before beeing initialized
2024-11-27 21:02:32,829 [WARN] DetailPanel:346 - Failed to get advertising image, set to default
2024-11-27 21:02:32,988 [FATAL] Updater:334 - Updater called before beeing initialized
2024-11-27 21:02:32,990 [FATAL] Updater:334 - Updater called before beeing initialized
2024-11-27 21:02:32,990 [FATAL] Updater:334 - Updater called before beeing initialized
2024-11-27 21:02:32,990 [WARN] DetailPanel:346 - Failed to get advertising image, set to default
2024-11-27 21:02:32,991 [FATAL] Updater:334 - Updater called before beeing initialized
2024-11-27 21:02:33,169 [ERROR] Updater:1164 - MainUpdater not yet initialized. External WinMGr cannot be set.
2024-11-27 21:02:33,217 [INFO] Updater:1100 - Updater Version found : 6.12.1
2024-11-27 21:02:33,236 [INFO] ApplicationProperties:184 - Using Application install path: D:\ST\STM32CubeIDE_1.16.0\STM32CubeIDE\plugins\com.st.stm32cube.common.mx_6.12.1.202409122256
2024-11-27 21:02:33,936 [INFO] MainUpdater:2873 - connection check result : 10
2024-11-27 21:02:33,937 [INFO] MainUpdater:290 - Updater Check For Update Now.
2024-11-27 21:02:33,937 [INFO] MicroXplorer:498 - Change Database Version : DB.6.0.121
2024-11-27 21:02:33,961 [WARN] MainUpdater:1194 - Updater busy. Cannot search thirdparties
2024-11-27 21:02:33,963 [INFO] ThirdPartyUpdaterWithRetryManager:96 - Updater plugin is busy. [1/15]
2024-11-27 21:02:33,985 [INFO] McuFinderGlobals:63 - Set McuFinder mode to 2 (CubeIDE integrated)
2024-11-27 21:02:33,998 [INFO] UserAuth:417 - Internet connection configuration mode: 1
2024-11-27 21:02:34,125 [INFO] JxBrowserEngine:152 - Initiate JxBrowser Engine with user profile folder
2024-11-27 21:02:34,357 [INFO] CheckServerUpdateThread:120 - End of CheckServer Thread
2024-11-27 21:02:37,464 [WARN] PackLoader:240 - Cannot read IP mode file for STMicroelectronics.FP-SNS-MOTENVWB1.1.4.0
2024-11-27 21:02:37,510 [WARN] PackLoader:240 - Cannot read IP mode file for STMicroelectronics.FP-ATR-ASTRA1.2.0.1
2024-11-27 21:02:37,536 [WARN] PackLoader:240 - Cannot read IP mode file for STMicroelectronics.X-CUBE-SMBUS.2.1.0
2024-11-27 21:02:37,563 [WARN] PackLoader:240 - Cannot read IP mode file for STMicroelectronics.X-CUBE-WB05N.1.1.0
2024-11-27 21:02:37,628 [WARN] PackLoader:240 - Cannot read IP mode file for STMicroelectronics.X-CUBE-AZRTOS-F7.1.1.0
2024-11-27 21:02:37,810 [WARN] PackLoader:240 - Cannot read IP mode file for STMicroelectronics.X-CUBE-MEMS1.11.0.0
2024-11-27 21:02:38,187 [WARN] PackLoader:240 - Cannot read IP mode file for STMicroelectronics.FP-SNS-FLIGHT1.5.0.2
2024-11-27 21:02:38,218 [WARN] PackLoader:240 - Cannot read IP mode file for STMicroelectronics.X-CUBE-DISPLAY.3.0.0
2024-11-27 21:02:38,251 [WARN] PackLoader:240 - Cannot read IP mode file for STMicroelectronics.X-CUBE-BLE1.7.0.0
2024-11-27 21:02:38,293 [WARN] PackLoader:240 - Cannot read IP mode file for STMicroelectronics.X-CUBE-NFC10.1.0.0
2024-11-27 21:02:38,331 [WARN] PackLoader:240 - Cannot read IP mode file for emotas.I-CUBE-CANOPEN.1.3.0
2024-11-27 21:02:38,374 [WARN] PackLoader:240 - Cannot read IP mode file for STMicroelectronics.X-CUBE-BLEMGR.3.1.0
2024-11-27 21:02:38,412 [WARN] PackLoader:240 - Cannot read IP mode file for STMicroelectronics.FP-SNS-SMARTAG2.1.2.0
2024-11-27 21:02:38,448 [INFO] LogOutputStream:77 - [STDOUT_REDIRECT] 1 : Invalid condition id : UX_CORESTACK_Condition cause : null
2024-11-27 21:02:38,449 [INFO] LogOutputStream:77 - [STDOUT_REDIRECT] 1 : Invalid condition id : UX_CORESTACK_Condition cause : null
2024-11-27 21:02:38,451 [INFO] LogOutputStream:77 - [STDOUT_REDIRECT] 1 : Invalid condition id : UX_CORESTACK_Condition cause : null
2024-11-27 21:02:38,453 [INFO] LogOutputStream:77 - [STDOUT_REDIRECT] 1 : Invalid condition id : UX_CORESTACK_Condition cause : null
2024-11-27 21:02:38,455 [INFO] LogOutputStream:77 - [STDOUT_REDIRECT] 1 : Invalid condition id : UX_CORESTACK_Condition cause : null
2024-11-27 21:02:38,463 [WARN] PackLoader:240 - Cannot read IP mode file for STMicroelectronics.X-CUBE-AZRTOS-WL.2.0.0
2024-11-27 21:02:38,494 [WARN] PackLoader:240 - Cannot read IP mode file for STMicroelectronics.FP-SNS-MOTENV1.5.0.0
2024-11-27 21:02:38,519 [WARN] PackLoader:240 - Cannot read IP mode file for wolfSSL.I-CUBE-wolfMQTT.1.19.0
2024-11-27 21:02:38,552 [WARN] PackLoader:240 - Cannot read IP mode file for WES.I-CUBE-Cesium.1.3.0
2024-11-27 21:02:38,584 [WARN] PackLoader:240 - Cannot read IP mode file for STMicroelectronics.X-CUBE-BLE2.3.3.0
2024-11-27 21:02:38,614 [WARN] PackLoader:240 - Cannot read IP mode file for STMicroelectronics.X-CUBE-NFC9.1.0.0
2024-11-27 21:02:38,643 [WARN] PackLoader:240 - Cannot read IP mode file for STMicroelectronics.X-CUBE-TCPP.4.1.0
2024-11-27 21:02:38,708 [WARN] PackLoader:240 - Cannot read IP mode file for STMicroelectronics.X-CUBE-AZRTOS-G0.1.1.0
2024-11-27 21:02:38,747 [WARN] PackLoader:240 - Cannot read IP mode file for STMicroelectronics.X-CUBE-SAFEA1.1.2.2
2024-11-27 21:02:38,785 [WARN] PackLoader:240 - Cannot read IP mode file for STMicroelectronics.X-CUBE-NFC4.3.0.0
2024-11-27 21:02:38,848 [WARN] PackLoader:240 - Cannot read IP mode file for EmbeddedOffice.I-CUBE-FS-RTOS.1.0.1
2024-11-27 21:02:38,849 [ERROR] ConditionMgr:805 - Attr not supported : Dmpu
2024-11-27 21:02:38,851 [ERROR] ConditionMgr:805 - Attr not supported : Dmpu
2024-11-27 21:02:38,851 [ERROR] ConditionMgr:805 - Attr not supported : Dmpu
2024-11-27 21:02:38,851 [ERROR] ConditionMgr:805 - Attr not supported : Dmpu
2024-11-27 21:02:38,851 [ERROR] ConditionMgr:805 - Attr not supported : Dmpu
2024-11-27 21:02:38,851 [ERROR] ConditionMgr:805 - Attr not supported : Dmpu
2024-11-27 21:02:38,851 [ERROR] ConditionMgr:805 - Attr not supported : Dmpu
2024-11-27 21:02:38,852 [ERROR] ConditionMgr:805 - Attr not supported : Dmpu
2024-11-27 21:02:38,852 [ERROR] ConditionMgr:805 - Attr not supported : Dmpu
2024-11-27 21:02:38,852 [ERROR] ConditionMgr:805 - Attr not supported : Dmpu
2024-11-27 21:02:38,852 [ERROR] ConditionMgr:805 - Attr not supported : Dmpu
2024-11-27 21:02:38,852 [ERROR] ConditionMgr:805 - Attr not supported : Dmpu
2024-11-27 21:02:38,852 [ERROR] ConditionMgr:805 - Attr not supported : Dmpu
2024-11-27 21:02:38,852 [ERROR] ConditionMgr:805 - Attr not supported : Dmpu
2024-11-27 21:02:38,852 [ERROR] ConditionMgr:805 - Attr not supported : Dmpu
2024-11-27 21:02:38,853 [ERROR] ConditionMgr:805 - Attr not supported : Dmpu
2024-11-27 21:02:38,853 [ERROR] ConditionMgr:805 - Attr not supported : Dmpu
2024-11-27 21:02:38,853 [ERROR] ConditionMgr:805 - Attr not supported : Dmpu
2024-11-27 21:02:38,853 [ERROR] ConditionMgr:805 - Attr not supported : Dmpu
2024-11-27 21:02:38,853 [ERROR] ConditionMgr:805 - Attr not supported : Dmpu
2024-11-27 21:02:38,853 [ERROR] ConditionMgr:805 - Attr not supported : Dmpu
2024-11-27 21:02:38,853 [ERROR] ConditionMgr:805 - Attr not supported : Dmpu
2024-11-27 21:02:38,853 [ERROR] ConditionMgr:805 - Attr not supported : Dmpu
2024-11-27 21:02:38,854 [ERROR] ConditionMgr:805 - Attr not supported : Dmpu
2024-11-27 21:02:38,854 [ERROR] ConditionMgr:805 - Attr not supported : Dmpu
2024-11-27 21:02:38,854 [ERROR] ConditionMgr:805 - Attr not supported : Dmpu
2024-11-27 21:02:38,854 [ERROR] ConditionMgr:805 - Attr not supported : Dmpu
2024-11-27 21:02:38,854 [ERROR] ConditionMgr:805 - Attr not supported : Dmpu
2024-11-27 21:02:38,854 [ERROR] ConditionMgr:805 - Attr not supported : Dmpu
2024-11-27 21:02:38,855 [ERROR] ConditionMgr:805 - Attr not supported : Dmpu
2024-11-27 21:02:38,855 [ERROR] ConditionMgr:805 - Attr not supported : Dmpu
2024-11-27 21:02:38,855 [ERROR] ConditionMgr:805 - Attr not supported : Dmpu
2024-11-27 21:02:38,855 [ERROR] ConditionMgr:805 - Attr not supported : Dmpu
2024-11-27 21:02:38,855 [ERROR] ConditionMgr:805 - Attr not supported : Dmpu
2024-11-27 21:02:38,855 [ERROR] ConditionMgr:805 - Attr not supported : Dmpu
2024-11-27 21:02:38,855 [ERROR] ConditionMgr:805 - Attr not supported : Dmpu
2024-11-27 21:02:38,856 [ERROR] ConditionMgr:805 - Attr not supported : Dmpu
2024-11-27 21:02:38,856 [ERROR] ConditionMgr:805 - Attr not supported : Dmpu
2024-11-27 21:02:38,856 [ERROR] ConditionMgr:805 - Attr not supported : Dmpu
2024-11-27 21:02:38,856 [ERROR] ConditionMgr:805 - Attr not supported : Dmpu
2024-11-27 21:02:38,856 [ERROR] ConditionMgr:805 - Attr not supported : Dmpu
2024-11-27 21:02:38,856 [ERROR] ConditionMgr:805 - Attr not supported : Dmpu
2024-11-27 21:02:38,857 [ERROR] ConditionMgr:805 - Attr not supported : Dmpu
2024-11-27 21:02:38,857 [ERROR] ConditionMgr:805 - Attr not supported : Dmpu
2024-11-27 21:02:38,857 [ERROR] ConditionMgr:805 - Attr not supported : Dmpu
2024-11-27 21:02:38,857 [ERROR] ConditionMgr:805 - Attr not supported : Dmpu
2024-11-27 21:02:38,857 [ERROR] ConditionMgr:805 - Attr not supported : Dmpu
2024-11-27 21:02:38,857 [ERROR] ConditionMgr:805 - Attr not supported : Dmpu
2024-11-27 21:02:38,857 [ERROR] ConditionMgr:805 - Attr not supported : Dmpu
2024-11-27 21:02:38,857 [ERROR] ConditionMgr:805 - Attr not supported : Dmpu
2024-11-27 21:02:38,857 [ERROR] ConditionMgr:805 - Attr not supported : Dmpu
2024-11-27 21:02:38,857 [ERROR] ConditionMgr:805 - Attr not supported : Dmpu
2024-11-27 21:02:38,858 [ERROR] ConditionMgr:805 - Attr not supported : Dmpu
2024-11-27 21:02:38,858 [ERROR] ConditionMgr:805 - Attr not supported : Dmpu
2024-11-27 21:02:38,858 [ERROR] ConditionMgr:805 - Attr not supported : Dmpu
2024-11-27 21:02:38,858 [ERROR] ConditionMgr:805 - Attr not supported : Dmpu
2024-11-27 21:02:38,858 [ERROR] ConditionMgr:805 - Attr not supported : Dmpu
2024-11-27 21:02:38,859 [ERROR] ConditionMgr:805 - Attr not supported : Dmpu
2024-11-27 21:02:38,859 [ERROR] ConditionMgr:805 - Attr not supported : Dmpu
2024-11-27 21:02:38,859 [ERROR] ConditionMgr:805 - Attr not supported : Dmpu
2024-11-27 21:02:38,859 [ERROR] ConditionMgr:805 - Attr not supported : Dmpu
2024-11-27 21:02:38,859 [ERROR] ConditionMgr:805 - Attr not supported : Dmpu
2024-11-27 21:02:38,859 [ERROR] ConditionMgr:805 - Attr not supported : Dmpu
2024-11-27 21:02:38,860 [ERROR] ConditionMgr:805 - Attr not supported : Dmpu
2024-11-27 21:02:38,908 [WARN] PackLoader:240 - Cannot read IP mode file for RealThread.X-CUBE-RT-Thread_Nano.4.1.1
2024-11-27 21:02:38,938 [WARN] PackLoader:240 - Cannot read IP mode file for STMicroelectronics.FP-ATR-SIGFOX1.3.2.0
2024-11-27 21:02:38,959 [WARN] PackLoader:240 - Cannot read IP mode file for wolfSSL.I-CUBE-wolfSSL.5.7.2
2024-11-27 21:02:38,982 [WARN] ConditionMgr:438 - getConditionDescription Invalid condition id : Cortex-A Device cause : null
2024-11-27 21:02:39,045 [WARN] ConditionMgr:1039 - genDependencies : Invalid condition id : Cortex-A Device cause : null
2024-11-27 21:02:39,045 [WARN] ConditionMgr:1039 - genDependencies : Invalid condition id : Cortex-A Device cause : null
2024-11-27 21:02:39,045 [WARN] ConditionMgr:1039 - genDependencies : Invalid condition id : Cortex-A Device cause : null
2024-11-27 21:02:39,083 [WARN] PackLoader:240 - Cannot read IP mode file for STMicroelectronics.X-CUBE-EEPRMA1.5.1.0
2024-11-27 21:02:39,121 [WARN] PackLoader:240 - Cannot read IP mode file for ITTIA_DB.I-CUBE-ITTIADB.8.9.0
2024-11-27 21:02:39,205 [WARN] PackLoader:240 - Cannot read IP mode file for SEGGER.I-CUBE-embOS.1.3.1
2024-11-27 21:02:39,326 [WARN] PackLoader:240 - Cannot read IP mode file for STMicroelectronics.X-CUBE-ALGOBUILD.1.4.0
2024-11-27 21:02:39,433 [WARN] PackLoader:240 - Cannot read IP mode file for STMicroelectronics.X-CUBE-AI.9.1.0
2024-11-27 21:02:39,483 [WARN] PackLoader:240 - Cannot read IP mode file for STMicroelectronics.X-CUBE-GNSS1.6.0.0
2024-11-27 21:02:39,549 [WARN] PackLoader:240 - Cannot read IP mode file for STMicroelectronics.X-CUBE-AZRTOS-F4.1.1.0
2024-11-27 21:02:39,600 [WARN] PackLoader:240 - Cannot read IP mode file for STMicroelectronics.X-CUBE-ISPU.2.1.0
2024-11-27 21:02:39,629 [WARN] PackLoader:240 - Cannot read IP mode file for STMicroelectronics.X-CUBE-FREERTOS.1.2.0
2024-11-27 21:02:39,682 [WARN] PackLoader:240 - Cannot read IP mode file for STMicroelectronics.X-CUBE-AZRTOS-L5.2.0.0
2024-11-27 21:02:39,720 [WARN] PackLoader:240 - Cannot read IP mode file for STMicroelectronics.X-CUBE-NFC6.3.1.0
2024-11-27 21:02:39,748 [WARN] PackLoader:240 - Cannot read IP mode file for STMicroelectronics.X-CUBE-DPower.1.2.0
2024-11-27 21:02:39,773 [WARN] PackLoader:240 - Cannot read IP mode file for STMicroelectronics.X-CUBE-AI.9.0.0
2024-11-27 21:02:39,805 [WARN] PackLoader:240 - Cannot read IP mode file for STMicroelectronics.X-CUBE-NFC7.1.0.1
2024-11-27 21:02:39,833 [WARN] PackLoader:240 - Cannot read IP mode file for wolfSSL.I-CUBE-wolfTPM.3.2.0
2024-11-27 21:02:39,898 [WARN] ConditionMgr:438 - getConditionDescription Invalid condition id : LAN8742 Phy interface Condition cause : null
2024-11-27 21:02:39,931 [WARN] PackLoader:240 - Cannot read IP mode file for STMicroelectronics.X-CUBE-AZRTOS-L4.2.0.0
2024-11-27 21:02:39,935 [WARN] ConditionMgr:1039 - genDependencies : Invalid condition id : LAN8742 Phy interface Condition cause : null
2024-11-27 21:02:39,936 [WARN] ConditionMgr:1039 - genDependencies : Invalid condition id : LAN8742 Phy interface Condition cause : null
2024-11-27 21:02:39,941 [WARN] ConditionMgr:1039 - genDependencies : Invalid condition id : LAN8742 Phy interface Condition cause : null
2024-11-27 21:02:40,043 [WARN] PackLoader:240 - Cannot read IP mode file for STMicroelectronics.X-CUBE-SFXS2LP1.4.0.0
2024-11-27 21:02:40,161 [WARN] PackLoader:240 - Cannot read IP mode file for STMicroelectronics.X-CUBE-AZRTOS-H7.3.3.0
2024-11-27 21:02:40,210 [WARN] PackLoader:240 - Cannot read IP mode file for STMicroelectronics.X-CUBE-IPS.3.0.0
2024-11-27 21:02:40,311 [WARN] ConditionMgr:438 - getConditionDescription Invalid condition id : UX DEVICE CLASS RTOS Condition cause : null
2024-11-27 21:02:40,312 [WARN] ConditionMgr:438 - getConditionDescription Invalid condition id : UX DEVICE CLASS RTOS Condition cause : null
2024-11-27 21:02:40,315 [WARN] PackLoader:240 - Cannot read IP mode file for STMicroelectronics.X-CUBE-AZRTOS-WB.2.0.0
2024-11-27 21:02:40,317 [WARN] ConditionMgr:1039 - genDependencies : Invalid condition id : UX DEVICE CLASS RTOS Condition cause : null
2024-11-27 21:02:40,317 [WARN] ConditionMgr:1039 - genDependencies : Invalid condition id : UX DEVICE CLASS RTOS Condition cause : null
2024-11-27 21:02:40,318 [WARN] ConditionMgr:1039 - genDependencies : Invalid condition id : UX DEVICE CLASS RTOS Condition cause : null
2024-11-27 21:02:40,319 [WARN] ConditionMgr:1039 - genDependencies : Invalid condition id : UX DEVICE CLASS RTOS Condition cause : null
2024-11-27 21:02:40,319 [WARN] ConditionMgr:1039 - genDependencies : Invalid condition id : UX DEVICE CLASS RTOS Condition cause : null
2024-11-27 21:02:40,351 [WARN] PackLoader:240 - Cannot read IP mode file for STMicroelectronics.X-CUBE-GNSS1.7.0.0
2024-11-27 21:02:40,392 [WARN] PackLoader:240 - Cannot read IP mode file for STMicroelectronics.FP-SNS-STBOX1.2.0.0
2024-11-27 21:02:40,432 [WARN] PackLoader:240 - Cannot read IP mode file for STMicroelectronics.X-CUBE-SUBG2.5.0.0
2024-11-27 21:02:40,457 [WARN] PackLoader:240 - Cannot read IP mode file for Cesanta.I-CUBE-Mongoose.7.13.0
2024-11-27 21:02:40,506 [WARN] PackLoader:240 - Cannot read IP mode file for STMicroelectronics.X-CUBE-AZRTOS-G4.2.0.0
2024-11-27 21:02:40,542 [WARN] PackLoader:240 - Cannot read IP mode file for STMicroelectronics.X-CUBE-ISPU.2.0.0
2024-11-27 21:02:40,570 [WARN] PackLoader:240 - Cannot read IP mode file for STMicroelectronics.X-CUBE-ALS.1.0.2
2024-11-27 21:02:40,699 [WARN] PackLoader:240 - Cannot read IP mode file for STMicroelectronics.X-CUBE-MEMS1.10.0.0
2024-11-27 21:02:40,905 [WARN] PackLoader:240 - Cannot read IP mode file for STMicroelectronics.X-CUBE-TOUCHGFX.4.24.0
2024-11-27 21:02:40,930 [WARN] PackLoader:240 - Cannot read IP mode file for STMicroelectronics.X-CUBE-TOUCHGFX.4.24.1
2024-11-27 21:02:40,960 [WARN] PackLoader:240 - Cannot read IP mode file for portGmbH.I-Cube-SoM-uGOAL.1.1.0
2024-11-27 21:02:41,022 [WARN] PackLoader:240 - Cannot read IP mode file for STMicroelectronics.X-CUBE-AZRTOS-H7RS.1.0.0
2024-11-27 21:02:41,048 [WARN] PackLoader:240 - Cannot read IP mode file for STMicroelectronics.FP-ATR-ASTRA1.2.0.0
2024-11-27 21:02:41,096 [WARN] PackLoader:240 - Cannot read IP mode file for STMicroelectronics.X-CUBE-TOF1.3.4.2
2024-11-27 21:02:41,188 [WARN] PackLoader:240 - Cannot read IP mode file for STMicroelectronics.X-CUBE-AZRTOS-H7.3.2.0
2024-11-27 21:02:41,294 [WARN] PackLoader:240 - Cannot read IP mode file for Infineon.AIROC-Wi-Fi-Bluetooth-STM32.1.6.0
2024-11-27 21:02:41,326 [WARN] PackLoader:240 - Cannot read IP mode file for wolfSSL.I-CUBE-wolfSSH.1.4.17
2024-11-27 21:02:41,328 [INFO] ThirdParty:978 - Integrity check success = true
2024-11-27 21:02:41,329 [INFO] IntegrityCheckThread:100 - exiting critical section [integrity check]
2024-11-27 21:02:41,329 [INFO] IntegrityCheckThread:103 - End integrity checks thread
2024-11-27 21:02:48,201 [INFO] WebApp:167 - Instantiating new browser for Auth
2024-11-27 21:02:50,270 [INFO] WebApp:448 - Apply proxy settings
2024-11-27 21:02:50,271 [INFO] WebApp:533 - Chromium requires no authentication
2024-11-27 21:02:50,289 [INFO] WebApp:476 - Direct internet connection detected
2024-11-27 21:02:50,335 [INFO] WebApp:869 - Register for checkConnection events
2024-11-27 21:02:50,335 [INFO] WebApp:448 - Apply proxy settings
2024-11-27 21:02:50,336 [INFO] WebApp:533 - Chromium requires no authentication
2024-11-27 21:02:50,336 [INFO] WebApp:476 - Direct internet connection detected
2024-11-27 21:02:50,668 [INFO] WebApp:186 - Connection restablished
2024-11-27 21:02:50,730 [INFO] WebApp:220 - Starting web application
2024-11-27 21:02:50,731 [INFO] WebApp:578 - Web application path used D:\ST\STM32CubeIDE_1.16.0\STM32CubeIDE\plugins\com.st.stm32cube.common.mx_6.12.1.202409122256\db\plugins\mcufinder\reactClient1\index.html
2024-11-27 21:02:51,426 [INFO] UserAuth:417 - Internet connection configuration mode: 1
