2024-11-29 00:59:42,258 [ERROR] LogOutputStream:75 - [STDERR_REDIRECT] Exception in thread "SWV client thread" java.lang.NullPointerException: Cannot invoke "com.st.stm32cube.ide.mcu.debug.swv.core.SWVPlugin.isDebugging()" because "com.st.stm32cube.ide.mcu.debug.swv.core.SWVPlugin.plugin" is null
2024-11-29 00:59:43,293 [ERROR] LogOutputStream:75 - [STDERR_REDIRECT] 	at com.st.stm32cube.ide.mcu.debug.swv.core.SWVPlugin.debugTrace(SWVPlugin.java:85)
2024-11-29 00:59:43,296 [ERROR] LogOutputStream:75 - [STDERR_REDIRECT] 	at com.st.stm32cube.ide.mcu.debug.swv.core.SWVClient.TRACE(SWVClient.java:768)
2024-11-29 00:59:43,298 [ERROR] LogOutputStream:75 - [STDERR_REDIRECT] 	at com.st.stm32cube.ide.mcu.debug.swv.core.SWVClient.readByte(SWVClient.java:296)
2024-11-29 00:59:43,300 [ERROR] LogOutputStream:75 - [STDERR_REDIRECT] 	at com.st.stm32cube.ide.mcu.debug.swv.core.SWVClient.getNextByte(SWVClient.java:277)
2024-11-29 00:59:43,302 [ERROR] LogOutputStream:75 - [STDERR_REDIRECT] 	at com.st.stm32cube.ide.mcu.debug.swv.core.SWVClient.run(SWVClient.java:313)
2024-11-29 00:59:44,334 [ERROR] LogOutputStream:75 - [STDERR_REDIRECT] 
2024-11-29 12:54:11,103 [INFO] Activator:176 - 


2024-11-29 12:54:11,127 [INFO] Activator:177 - !SESSION log4j initialized
2024-11-29 12:54:27,230 [INFO] LogOutputStream:77 - [STDOUT_REDIRECT] 
2024-11-29 12:54:45,730 [INFO] ApplicationProperties:184 - Using Application install path: D:\ST\STM32CubeIDE_1.16.0\STM32CubeIDE\plugins\com.st.stm32cube.common.mx_6.12.1.202409122256
2024-11-29 12:54:45,827 [INFO] DbMcusXml:78 - Set database path to: D:\ST\STM32CubeIDE_1.16.0\STM32CubeIDE\plugins\com.st.stm32cube.common.mx_6.12.1.202409122256\\db\/mcu/
2024-11-29 12:54:45,828 [INFO] ApiDb:274 - Set plugin database path to: D:\ST\STM32CubeIDE_1.16.0\STM32CubeIDE\plugins\com.st.stm32cube.common.mx_6.12.1.202409122256\\db\/plugins/boardmanager/
2024-11-29 12:54:45,829 [WARN] ApiDb:259 - Overriding images path with different value:  => D:\ST\STM32CubeIDE_1.16.0\STM32CubeIDE\plugins\com.st.stm32cube.common.mx_6.12.1.202409122256\\db\/plugins/mcufinder/images/
2024-11-29 12:54:45,966 [INFO] ApiDb:250 - Set database path to: C:\Users\Asus\.stmcufinder\plugins\mcufinder//mcu/
2024-11-29 12:54:45,968 [INFO] DbMcusAds:125 - Set database path to: C:\Users\Asus\.stmcufinder\plugins\mcufinder//mcu/
2024-11-29 12:54:45,990 [INFO] CrossReferenceDbSqlite:203 - Set database path to: C:\Users\Asus\.stmcufinder\plugins\mcufinder//mcu/cs/
2024-11-29 12:54:46,405 [INFO] RulesReader:64 - Compatibility file has been processed (297 Rules)
2024-11-29 12:54:46,708 [INFO] DbMcusXml:78 - Set database path to: D:\ST\STM32CubeIDE_1.16.0\STM32CubeIDE\plugins\com.st.stm32cube.common.mx_6.12.1.202409122256\\db\/mcu/
2024-11-29 12:54:46,708 [INFO] ApiDb:274 - Set plugin database path to: D:\ST\STM32CubeIDE_1.16.0\STM32CubeIDE\plugins\com.st.stm32cube.common.mx_6.12.1.202409122256\\db\/plugins/boardmanager/
2024-11-29 12:54:46,708 [INFO] ApiDb:261 - Set plugin images path to: D:\ST\STM32CubeIDE_1.16.0\STM32CubeIDE\plugins\com.st.stm32cube.common.mx_6.12.1.202409122256\\db\/plugins/mcufinder/images/
2024-11-29 12:54:46,709 [WARN] DbFile:41 - Overriding database path with different value: C:\Users\Asus\.stmcufinder\plugins\mcufinder/ => C:\Users\Asus\.stmcufinder\plugins\mcufinder
2024-11-29 12:54:46,709 [INFO] ApiDb:250 - Set database path to: C:\Users\Asus\.stmcufinder\plugins\mcufinder//mcu/
2024-11-29 12:54:46,709 [WARN] DbFile:41 - Overriding database path with different value: C:\Users\Asus\.stmcufinder\plugins\mcufinder/ => C:\Users\Asus\.stmcufinder\plugins\mcufinder
2024-11-29 12:54:46,709 [INFO] DbMcusAds:125 - Set database path to: C:\Users\Asus\.stmcufinder\plugins\mcufinder//mcu/
2024-11-29 12:54:46,710 [WARN] DbFile:41 - Overriding database path with different value: C:\Users\Asus\.stmcufinder\plugins\mcufinder/ => C:\Users\Asus\.stmcufinder\plugins\mcufinder
2024-11-29 12:54:46,710 [WARN] DbFile:41 - Overriding database path with different value: C:\Users\Asus\.stmcufinder\plugins\mcufinder/ => C:\Users\Asus\.stmcufinder\plugins\mcufinder
2024-11-29 12:54:46,710 [INFO] CrossReferenceDbSqlite:203 - Set database path to: C:\Users\Asus\.stmcufinder\plugins\mcufinder//mcu/cs/
2024-11-29 12:54:46,958 [INFO] MainPanel:268 - HeapMemory: 268435456
2024-11-29 12:54:47,528 [INFO] DbMcusXml:78 - Set database path to: D:\ST\STM32CubeIDE_1.16.0\STM32CubeIDE\plugins\com.st.stm32cube.common.mx_6.12.1.202409122256\\db\/mcu/
2024-11-29 12:54:47,529 [INFO] ApiDb:274 - Set plugin database path to: D:\ST\STM32CubeIDE_1.16.0\STM32CubeIDE\plugins\com.st.stm32cube.common.mx_6.12.1.202409122256\\db\/plugins/boardmanager/
2024-11-29 12:54:47,529 [INFO] ApiDb:261 - Set plugin images path to: D:\ST\STM32CubeIDE_1.16.0\STM32CubeIDE\plugins\com.st.stm32cube.common.mx_6.12.1.202409122256\\db\/plugins/mcufinder/images/
2024-11-29 12:54:47,530 [WARN] DbFile:41 - Overriding database path with different value: C:\Users\Asus\.stmcufinder\plugins\mcufinder/ => C:\Users\Asus\.stmcufinder\plugins\mcufinder
2024-11-29 12:54:47,530 [INFO] ApiDb:250 - Set database path to: C:\Users\Asus\.stmcufinder\plugins\mcufinder//mcu/
2024-11-29 12:54:47,530 [WARN] DbFile:41 - Overriding database path with different value: C:\Users\Asus\.stmcufinder\plugins\mcufinder/ => C:\Users\Asus\.stmcufinder\plugins\mcufinder
2024-11-29 12:54:47,530 [INFO] DbMcusAds:125 - Set database path to: C:\Users\Asus\.stmcufinder\plugins\mcufinder//mcu/
2024-11-29 12:54:47,530 [WARN] DbFile:41 - Overriding database path with different value: C:\Users\Asus\.stmcufinder\plugins\mcufinder/ => C:\Users\Asus\.stmcufinder\plugins\mcufinder
2024-11-29 12:54:47,531 [WARN] DbFile:41 - Overriding database path with different value: C:\Users\Asus\.stmcufinder\plugins\mcufinder/ => C:\Users\Asus\.stmcufinder\plugins\mcufinder
2024-11-29 12:54:47,531 [INFO] CrossReferenceDbSqlite:203 - Set database path to: C:\Users\Asus\.stmcufinder\plugins\mcufinder//mcu/cs/
2024-11-29 12:54:47,566 [INFO] ApplicationProperties:184 - Using Application install path: D:\ST\STM32CubeIDE_1.16.0\STM32CubeIDE\plugins\com.st.stm32cube.common.mx_6.12.1.202409122256
2024-11-29 12:54:47,570 [INFO] PluginManage:196 - Search for loadable plugins [exclusion list=, ]
2024-11-29 12:54:47,575 [INFO] PluginManage:310 - Check plugin analytics
2024-11-29 12:54:57,758 [INFO] AnalyticsPlugin:253 - Accepted Software Licenses: STM32CubeMX.6.5.0
2024-11-29 12:54:57,759 [INFO] AnalyticsPlugin:255 - Accepted CMSIS Pack Licenses: 
2024-11-29 12:54:57,760 [INFO] AnalyticsPlugin:257 - Accepted Firmware Licenses: FW.F4.1.27.0,FW.F4.1.28.0
2024-11-29 12:54:57,772 [INFO] PluginManage:359 - Loaded plugin analytics (category:tool,tabindex:-1)
2024-11-29 12:54:57,773 [INFO] PluginManage:310 - Check plugin cadmodel
2024-11-29 12:54:57,870 [INFO] CADModel:105 - Init CAD model plugin
2024-11-29 12:54:57,871 [INFO] PluginManage:359 - Loaded plugin cadmodel (category:power,tabindex:5)
2024-11-29 12:54:57,871 [INFO] PluginManage:310 - Check plugin clock
2024-11-29 12:54:57,911 [INFO] PluginManage:359 - Loaded plugin clock (category:base,tabindex:2)
2024-11-29 12:54:57,911 [INFO] PluginManage:310 - Check plugin ddr
2024-11-29 12:54:57,929 [INFO] PluginManage:359 - Loaded plugin ddr (category:tool,tabindex:6)
2024-11-29 12:54:57,929 [INFO] PluginManage:310 - Check plugin filemanager
2024-11-29 12:54:58,600 [INFO] PluginManage:359 - Loaded plugin filemanager (category:base,tabindex:10)
2024-11-29 12:54:58,600 [INFO] PluginManage:310 - Check plugin ipmanager
2024-11-29 12:54:58,622 [INFO] PluginManage:359 - Loaded plugin ipmanager (category:base,tabindex:5)
2024-11-29 12:54:58,623 [INFO] PluginManage:310 - Check plugin lpbam
2024-11-29 12:54:58,676 [INFO] PluginManage:359 - Loaded plugin lpbam (category:base,tabindex:0)
2024-11-29 12:54:58,676 [INFO] PluginManage:310 - Check plugin memorymap
2024-11-29 12:54:58,741 [INFO] PluginManage:359 - Loaded plugin memorymap (category:base,tabindex:4)
2024-11-29 12:54:58,741 [INFO] PluginManage:310 - Check plugin pinoutandconfiguration
2024-11-29 12:54:58,798 [INFO] PluginManage:359 - Loaded plugin pinoutandconfiguration (category:base,tabindex:1)
2024-11-29 12:54:58,799 [INFO] PluginManage:310 - Check plugin pinoutconfig
2024-11-29 12:54:59,045 [WARN] SupportedApi:132 - Cannot load RTOS API schema: s4s-elt-must-match.1: The content of 'definitions' must match (annotation?, (simpleType | complexType)?, (unique | key | keyref)*)). A problem was found starting at: attribute.
2024-11-29 12:54:59,387 [INFO] PluginManage:359 - Loaded plugin pinoutconfig (category:base,tabindex:0)
2024-11-29 12:54:59,388 [INFO] PluginManage:310 - Check plugin power
2024-11-29 12:54:59,462 [INFO] PluginManage:359 - Loaded plugin power (category:power,tabindex:4)
2024-11-29 12:54:59,462 [INFO] PluginManage:310 - Check plugin projectmanager
2024-11-29 12:54:59,495 [INFO] PluginManage:359 - Loaded plugin projectmanager (category:projectmanager,tabindex:4)
2024-11-29 12:54:59,495 [INFO] PluginManage:310 - Check plugin rif
2024-11-29 12:54:59,548 [INFO] PluginManage:359 - Loaded plugin rif (category:base,tabindex:3)
2024-11-29 12:54:59,549 [INFO] PluginManage:310 - Check plugin thirdparty
2024-11-29 12:55:00,296 [WARN] IntegrityCheckThread:84 - waiting for thirdparty lock release [integrity check]
2024-11-29 12:55:00,296 [INFO] PluginManage:359 - Loaded plugin thirdparty (category:base,tabindex:-1)
2024-11-29 12:55:00,296 [INFO] IntegrityCheckThread:86 - entering critical section [integrity check]
2024-11-29 12:55:00,296 [INFO] PluginManage:310 - Check plugin tools
2024-11-29 12:55:00,297 [INFO] ThirdPartyUpdaterWithRetryManager:70 - Updater plugin not ready yet. [1/15]
2024-11-29 12:55:00,362 [INFO] PluginManage:359 - Loaded plugin tools (category:base,tabindex:7)
2024-11-29 12:55:00,362 [INFO] PluginManage:310 - Check plugin tutovideos
2024-11-29 12:55:00,839 [INFO] PluginManage:359 - Loaded plugin tutovideos (category:base,tabindex:-1)
2024-11-29 12:55:00,839 [INFO] PluginManage:310 - Check plugin updater
2024-11-29 12:55:00,905 [INFO] PluginManage:359 - Loaded plugin updater (category:base,tabindex:12)
2024-11-29 12:55:00,905 [INFO] PluginManage:310 - Check plugin userauth
2024-11-29 12:55:00,930 [INFO] UserAuth:113 - Init User Auth plugin
2024-11-29 12:55:00,931 [INFO] PluginManage:359 - Loaded plugin userauth (category:base,tabindex:14)
2024-11-29 12:55:00,932 [INFO] PluginManage:283 - PluginManage : Loaded plugins [18]
2024-11-29 12:55:01,506 [INFO] PinOutPanel:1561 - setPackage(No Configuration,No Configuration)
2024-11-29 12:55:01,773 [INFO] CADModel:165 - CPN selected for project level
2024-11-29 12:55:01,773 [INFO] CADModel:114 - Register for checkConnection events
2024-11-29 12:55:01,850 [INFO] IPUIPlugin:80 - create IPUIPlugin
2024-11-29 12:55:01,851 [INFO] PluginManager:220 - loadIPPluginJar : add adc
2024-11-29 12:55:01,922 [INFO] IPUIPlugin:80 - create IPUIPlugin
2024-11-29 12:55:01,922 [INFO] PluginManager:220 - loadIPPluginJar : add aes
2024-11-29 12:55:02,020 [INFO] IPUIPlugin:80 - create IPUIPlugin
2024-11-29 12:55:02,020 [INFO] PluginManager:220 - loadIPPluginJar : add can
2024-11-29 12:55:02,230 [INFO] IPUIPlugin:80 - create IPUIPlugin
2024-11-29 12:55:02,230 [INFO] PluginManager:220 - loadIPPluginJar : add comp
2024-11-29 12:55:02,309 [INFO] IPUIPlugin:80 - create IPUIPlugin
2024-11-29 12:55:02,310 [INFO] PluginManager:220 - loadIPPluginJar : add cryp
2024-11-29 12:55:02,379 [INFO] IPUIPlugin:80 - create IPUIPlugin
2024-11-29 12:55:02,380 [INFO] PluginManager:220 - loadIPPluginJar : add ddr_ctrl_phy
2024-11-29 12:55:02,442 [INFO] IPUIPlugin:80 - create IPUIPlugin
2024-11-29 12:55:02,442 [INFO] PluginManager:220 - loadIPPluginJar : add dfsdm
2024-11-29 12:55:02,466 [INFO] IPUIPlugin:80 - create IPUIPlugin
2024-11-29 12:55:02,467 [INFO] PluginManager:220 - loadIPPluginJar : add dma
2024-11-29 12:55:02,579 [INFO] IPUIPlugin:80 - create IPUIPlugin
2024-11-29 12:55:02,579 [INFO] PluginManager:220 - loadIPPluginJar : add dma3
2024-11-29 12:55:02,684 [INFO] IPUIPlugin:80 - create IPUIPlugin
2024-11-29 12:55:02,684 [INFO] PluginManager:220 - loadIPPluginJar : add extmemmanager
2024-11-29 12:55:02,737 [INFO] IPUIPlugin:80 - create IPUIPlugin
2024-11-29 12:55:02,738 [INFO] PluginManager:220 - loadIPPluginJar : add fatfs
2024-11-29 12:55:02,854 [INFO] IPUIPlugin:80 - create IPUIPlugin
2024-11-29 12:55:02,855 [INFO] PluginManager:220 - loadIPPluginJar : add fmc
2024-11-29 12:55:02,939 [INFO] IPUIPlugin:80 - create IPUIPlugin
2024-11-29 12:55:02,939 [INFO] PluginManager:220 - loadIPPluginJar : add freertos
2024-11-29 12:55:02,991 [INFO] IPUIPlugin:80 - create IPUIPlugin
2024-11-29 12:55:02,991 [INFO] PluginManager:220 - loadIPPluginJar : add genericplugin
2024-11-29 12:55:03,219 [INFO] IPUIPlugin:80 - create IPUIPlugin
2024-11-29 12:55:03,219 [INFO] PluginManager:220 - loadIPPluginJar : add gfxmmu
2024-11-29 12:55:03,300 [INFO] ThirdPartyUpdaterWithRetryManager:70 - Updater plugin not ready yet. [2/15]
2024-11-29 12:55:03,494 [INFO] IPUIPlugin:80 - create IPUIPlugin
2024-11-29 12:55:03,494 [INFO] PluginManager:220 - loadIPPluginJar : add gic
2024-11-29 12:55:03,526 [INFO] IPUIPlugin:80 - create IPUIPlugin
2024-11-29 12:55:03,526 [INFO] PluginManager:220 - loadIPPluginJar : add gpio
2024-11-29 12:55:03,672 [INFO] IPUIPlugin:80 - create IPUIPlugin
2024-11-29 12:55:03,672 [INFO] PluginManager:220 - loadIPPluginJar : add gtzc
2024-11-29 12:55:03,725 [INFO] IPUIPlugin:80 - create IPUIPlugin
2024-11-29 12:55:03,725 [INFO] PluginManager:220 - loadIPPluginJar : add hash
2024-11-29 12:55:03,808 [INFO] IPUIPlugin:80 - create IPUIPlugin
2024-11-29 12:55:03,808 [INFO] PluginManager:220 - loadIPPluginJar : add i2c
2024-11-29 12:55:03,883 [INFO] IPUIPlugin:80 - create IPUIPlugin
2024-11-29 12:55:03,884 [INFO] PluginManager:220 - loadIPPluginJar : add i2s
2024-11-29 12:55:03,977 [INFO] IPUIPlugin:80 - create IPUIPlugin
2024-11-29 12:55:03,977 [INFO] PluginManager:220 - loadIPPluginJar : add i3c
2024-11-29 12:55:04,247 [INFO] IPUIPlugin:80 - create IPUIPlugin
2024-11-29 12:55:04,247 [INFO] PluginManager:220 - loadIPPluginJar : add ipddr
2024-11-29 12:55:04,448 [INFO] IPUIPlugin:80 - create IPUIPlugin
2024-11-29 12:55:04,449 [INFO] PluginManager:220 - loadIPPluginJar : add linkedlist
2024-11-29 12:55:04,541 [INFO] IPUIPlugin:80 - create IPUIPlugin
2024-11-29 12:55:04,541 [INFO] PluginManager:220 - loadIPPluginJar : add lorawan
2024-11-29 12:55:04,639 [INFO] IPUIPlugin:80 - create IPUIPlugin
2024-11-29 12:55:04,640 [INFO] PluginManager:220 - loadIPPluginJar : add ltdc
2024-11-29 12:55:04,672 [INFO] IPUIPlugin:80 - create IPUIPlugin
2024-11-29 12:55:04,672 [INFO] PluginManager:220 - loadIPPluginJar : add mdma
2024-11-29 12:55:04,696 [INFO] IPUIPlugin:80 - create IPUIPlugin
2024-11-29 12:55:04,696 [INFO] PluginManager:220 - loadIPPluginJar : add nvic
2024-11-29 12:55:04,764 [INFO] IPUIPlugin:80 - create IPUIPlugin
2024-11-29 12:55:04,764 [INFO] PluginManager:220 - loadIPPluginJar : add opamp
2024-11-29 12:55:04,884 [INFO] IPUIPlugin:80 - create IPUIPlugin
2024-11-29 12:55:04,884 [INFO] PluginManager:220 - loadIPPluginJar : add openamp
2024-11-29 12:55:05,026 [INFO] IPUIPlugin:80 - create IPUIPlugin
2024-11-29 12:55:05,027 [INFO] PluginManager:220 - loadIPPluginJar : add pdm2pcm
2024-11-29 12:55:05,058 [INFO] IPUIPlugin:80 - create IPUIPlugin
2024-11-29 12:55:05,062 [INFO] PluginManager:220 - loadIPPluginJar : add plateformsettings
2024-11-29 12:55:05,113 [INFO] IPUIPlugin:80 - create IPUIPlugin
2024-11-29 12:55:05,113 [INFO] PluginManager:220 - loadIPPluginJar : add quadspi
2024-11-29 12:55:05,176 [INFO] IPUIPlugin:80 - create IPUIPlugin
2024-11-29 12:55:05,181 [INFO] PluginManager:220 - loadIPPluginJar : add radio
2024-11-29 12:55:05,205 [INFO] IPUIPlugin:80 - create IPUIPlugin
2024-11-29 12:55:05,205 [INFO] PluginManager:220 - loadIPPluginJar : add resmgrutility
2024-11-29 12:55:05,282 [INFO] IPUIPlugin:80 - create IPUIPlugin
2024-11-29 12:55:05,282 [INFO] PluginManager:220 - loadIPPluginJar : add sai
2024-11-29 12:55:05,363 [INFO] IPUIPlugin:80 - create IPUIPlugin
2024-11-29 12:55:05,363 [INFO] PluginManager:220 - loadIPPluginJar : add spi
2024-11-29 12:55:05,512 [INFO] IPUIPlugin:80 - create IPUIPlugin
2024-11-29 12:55:05,536 [INFO] PluginManager:220 - loadIPPluginJar : add stm32_wpan
2024-11-29 12:55:05,573 [INFO] IPUIPlugin:80 - create IPUIPlugin
2024-11-29 12:55:05,573 [INFO] PluginManager:220 - loadIPPluginJar : add tim
2024-11-29 12:55:05,676 [INFO] IPUIPlugin:80 - create IPUIPlugin
2024-11-29 12:55:05,676 [INFO] PluginManager:220 - loadIPPluginJar : add touchsensing
2024-11-29 12:55:05,720 [INFO] IPUIPlugin:80 - create IPUIPlugin
2024-11-29 12:55:05,720 [INFO] PluginManager:220 - loadIPPluginJar : add tracer_emb
2024-11-29 12:55:05,767 [INFO] IPUIPlugin:80 - create IPUIPlugin
2024-11-29 12:55:05,767 [INFO] PluginManager:220 - loadIPPluginJar : add ts
2024-11-29 12:55:05,817 [INFO] IPUIPlugin:80 - create IPUIPlugin
2024-11-29 12:55:05,818 [INFO] PluginManager:220 - loadIPPluginJar : add tsc
2024-11-29 12:55:05,866 [INFO] IPUIPlugin:80 - create IPUIPlugin
2024-11-29 12:55:05,867 [INFO] PluginManager:220 - loadIPPluginJar : add ucpd
2024-11-29 12:55:05,967 [INFO] IPUIPlugin:80 - create IPUIPlugin
2024-11-29 12:55:05,968 [INFO] PluginManager:220 - loadIPPluginJar : add usart
2024-11-29 12:55:06,109 [INFO] IPUIPlugin:80 - create IPUIPlugin
2024-11-29 12:55:06,109 [INFO] PluginManager:220 - loadIPPluginJar : add usbx
2024-11-29 12:55:06,301 [INFO] CADModel:165 - CPN selected for project level
2024-11-29 12:55:06,302 [INFO] CADModel:114 - Register for checkConnection events
2024-11-29 12:55:06,303 [FATAL] Updater:334 - Updater called before beeing initialized
2024-11-29 12:55:06,304 [ERROR] CADModel:125 - Updater not yet initialized, retry later 
2024-11-29 12:55:06,310 [INFO] ThirdPartyUpdaterWithRetryManager:70 - Updater plugin not ready yet. [3/15]
2024-11-29 12:55:06,818 [INFO] CADModel:165 - CPN selected for project level
2024-11-29 12:55:06,818 [INFO] CADModel:114 - Register for checkConnection events
2024-11-29 12:55:06,818 [FATAL] Updater:334 - Updater called before beeing initialized
2024-11-29 12:55:06,818 [ERROR] CADModel:125 - Updater not yet initialized, retry later 
2024-11-29 12:55:06,825 [FATAL] Updater:334 - Updater called before beeing initialized
2024-11-29 12:55:06,972 [FATAL] Updater:334 - Updater called before beeing initialized
2024-11-29 12:55:06,985 [INFO] DbMcusAds:53 - JSON generation date=Fri Sep 20 20:04:38 ICT 2024 (1726837478367)
2024-11-29 12:55:06,985 [FATAL] Updater:334 - Updater called before beeing initialized
2024-11-29 12:55:07,177 [WARN] DetailPanel:346 - Failed to get advertising image, set to default
2024-11-29 12:55:07,377 [FATAL] Updater:334 - Updater called before beeing initialized
2024-11-29 12:55:07,380 [FATAL] Updater:334 - Updater called before beeing initialized
2024-11-29 12:55:07,381 [FATAL] Updater:334 - Updater called before beeing initialized
2024-11-29 12:55:07,381 [WARN] DetailPanel:346 - Failed to get advertising image, set to default
2024-11-29 12:55:07,382 [FATAL] Updater:334 - Updater called before beeing initialized
2024-11-29 12:55:07,615 [ERROR] Updater:1164 - MainUpdater not yet initialized. External WinMGr cannot be set.
2024-11-29 12:55:07,657 [INFO] Updater:1100 - Updater Version found : 6.12.1
2024-11-29 12:55:07,698 [INFO] ApplicationProperties:184 - Using Application install path: D:\ST\STM32CubeIDE_1.16.0\STM32CubeIDE\plugins\com.st.stm32cube.common.mx_6.12.1.202409122256
2024-11-29 12:55:08,592 [INFO] MainUpdater:2873 - connection check result : 10
2024-11-29 12:55:08,593 [INFO] MainUpdater:290 - Updater Check For Update Now.
2024-11-29 12:55:08,594 [INFO] MicroXplorer:498 - Change Database Version : DB.6.0.121
2024-11-29 12:55:08,677 [INFO] McuFinderGlobals:63 - Set McuFinder mode to 2 (CubeIDE integrated)
2024-11-29 12:55:08,692 [INFO] UserAuth:417 - Internet connection configuration mode: 1
2024-11-29 12:55:08,840 [INFO] JxBrowserEngine:152 - Initiate JxBrowser Engine with user profile folder
2024-11-29 12:55:09,051 [INFO] CheckServerUpdateThread:120 - End of CheckServer Thread
2024-11-29 12:55:09,797 [WARN] PackLoader:240 - Cannot read IP mode file for STMicroelectronics.FP-SNS-MOTENVWB1.1.4.0
2024-11-29 12:55:09,824 [WARN] PackLoader:240 - Cannot read IP mode file for STMicroelectronics.FP-ATR-ASTRA1.2.0.1
2024-11-29 12:55:09,853 [WARN] PackLoader:240 - Cannot read IP mode file for STMicroelectronics.X-CUBE-SMBUS.2.1.0
2024-11-29 12:55:09,880 [WARN] PackLoader:240 - Cannot read IP mode file for STMicroelectronics.X-CUBE-WB05N.1.1.0
2024-11-29 12:55:09,968 [WARN] PackLoader:240 - Cannot read IP mode file for STMicroelectronics.X-CUBE-AZRTOS-F7.1.1.0
2024-11-29 12:55:10,145 [WARN] PackLoader:240 - Cannot read IP mode file for STMicroelectronics.X-CUBE-MEMS1.11.0.0
2024-11-29 12:55:10,640 [WARN] PackLoader:240 - Cannot read IP mode file for STMicroelectronics.FP-SNS-FLIGHT1.5.0.2
2024-11-29 12:55:10,670 [WARN] PackLoader:240 - Cannot read IP mode file for STMicroelectronics.X-CUBE-DISPLAY.3.0.0
2024-11-29 12:55:10,715 [WARN] PackLoader:240 - Cannot read IP mode file for STMicroelectronics.X-CUBE-BLE1.7.0.0
2024-11-29 12:55:10,745 [WARN] PackLoader:240 - Cannot read IP mode file for STMicroelectronics.X-CUBE-NFC10.1.0.0
2024-11-29 12:55:10,777 [WARN] PackLoader:240 - Cannot read IP mode file for emotas.I-CUBE-CANOPEN.1.3.0
2024-11-29 12:55:10,804 [WARN] PackLoader:240 - Cannot read IP mode file for STMicroelectronics.X-CUBE-BLEMGR.3.1.0
2024-11-29 12:55:10,828 [WARN] PackLoader:240 - Cannot read IP mode file for STMicroelectronics.FP-SNS-SMARTAG2.1.2.0
2024-11-29 12:55:10,864 [INFO] LogOutputStream:77 - [STDOUT_REDIRECT] 1 : Invalid condition id : UX_CORESTACK_Condition cause : null
2024-11-29 12:55:10,865 [INFO] LogOutputStream:77 - [STDOUT_REDIRECT] 1 : Invalid condition id : UX_CORESTACK_Condition cause : null
2024-11-29 12:55:10,868 [INFO] LogOutputStream:77 - [STDOUT_REDIRECT] 1 : Invalid condition id : UX_CORESTACK_Condition cause : null
2024-11-29 12:55:10,871 [INFO] LogOutputStream:77 - [STDOUT_REDIRECT] 1 : Invalid condition id : UX_CORESTACK_Condition cause : null
2024-11-29 12:55:10,873 [INFO] LogOutputStream:77 - [STDOUT_REDIRECT] 1 : Invalid condition id : UX_CORESTACK_Condition cause : null
2024-11-29 12:55:10,882 [WARN] PackLoader:240 - Cannot read IP mode file for STMicroelectronics.X-CUBE-AZRTOS-WL.2.0.0
2024-11-29 12:55:10,916 [WARN] PackLoader:240 - Cannot read IP mode file for STMicroelectronics.FP-SNS-MOTENV1.5.0.0
2024-11-29 12:55:10,949 [WARN] PackLoader:240 - Cannot read IP mode file for wolfSSL.I-CUBE-wolfMQTT.1.19.0
2024-11-29 12:55:10,971 [WARN] PackLoader:240 - Cannot read IP mode file for WES.I-CUBE-Cesium.1.3.0
2024-11-29 12:55:10,997 [WARN] PackLoader:240 - Cannot read IP mode file for STMicroelectronics.X-CUBE-BLE2.3.3.0
2024-11-29 12:55:11,021 [WARN] PackLoader:240 - Cannot read IP mode file for STMicroelectronics.X-CUBE-NFC9.1.0.0
2024-11-29 12:55:11,043 [WARN] PackLoader:240 - Cannot read IP mode file for STMicroelectronics.X-CUBE-TCPP.4.1.0
2024-11-29 12:55:11,097 [WARN] PackLoader:240 - Cannot read IP mode file for STMicroelectronics.X-CUBE-AZRTOS-G0.1.1.0
2024-11-29 12:55:11,134 [WARN] PackLoader:240 - Cannot read IP mode file for STMicroelectronics.X-CUBE-SAFEA1.1.2.2
2024-11-29 12:55:11,161 [WARN] PackLoader:240 - Cannot read IP mode file for STMicroelectronics.X-CUBE-NFC4.3.0.0
2024-11-29 12:55:11,193 [WARN] PackLoader:240 - Cannot read IP mode file for EmbeddedOffice.I-CUBE-FS-RTOS.1.0.1
2024-11-29 12:55:11,193 [ERROR] ConditionMgr:805 - Attr not supported : Dmpu
2024-11-29 12:55:11,193 [ERROR] ConditionMgr:805 - Attr not supported : Dmpu
2024-11-29 12:55:11,194 [ERROR] ConditionMgr:805 - Attr not supported : Dmpu
2024-11-29 12:55:11,194 [ERROR] ConditionMgr:805 - Attr not supported : Dmpu
2024-11-29 12:55:11,194 [ERROR] ConditionMgr:805 - Attr not supported : Dmpu
2024-11-29 12:55:11,194 [ERROR] ConditionMgr:805 - Attr not supported : Dmpu
2024-11-29 12:55:11,194 [ERROR] ConditionMgr:805 - Attr not supported : Dmpu
2024-11-29 12:55:11,195 [ERROR] ConditionMgr:805 - Attr not supported : Dmpu
2024-11-29 12:55:11,195 [ERROR] ConditionMgr:805 - Attr not supported : Dmpu
2024-11-29 12:55:11,195 [ERROR] ConditionMgr:805 - Attr not supported : Dmpu
2024-11-29 12:55:11,195 [ERROR] ConditionMgr:805 - Attr not supported : Dmpu
2024-11-29 12:55:11,195 [ERROR] ConditionMgr:805 - Attr not supported : Dmpu
2024-11-29 12:55:11,196 [ERROR] ConditionMgr:805 - Attr not supported : Dmpu
2024-11-29 12:55:11,196 [ERROR] ConditionMgr:805 - Attr not supported : Dmpu
2024-11-29 12:55:11,196 [ERROR] ConditionMgr:805 - Attr not supported : Dmpu
2024-11-29 12:55:11,196 [ERROR] ConditionMgr:805 - Attr not supported : Dmpu
2024-11-29 12:55:11,196 [ERROR] ConditionMgr:805 - Attr not supported : Dmpu
2024-11-29 12:55:11,196 [ERROR] ConditionMgr:805 - Attr not supported : Dmpu
2024-11-29 12:55:11,197 [ERROR] ConditionMgr:805 - Attr not supported : Dmpu
2024-11-29 12:55:11,197 [ERROR] ConditionMgr:805 - Attr not supported : Dmpu
2024-11-29 12:55:11,197 [ERROR] ConditionMgr:805 - Attr not supported : Dmpu
2024-11-29 12:55:11,197 [ERROR] ConditionMgr:805 - Attr not supported : Dmpu
2024-11-29 12:55:11,197 [ERROR] ConditionMgr:805 - Attr not supported : Dmpu
2024-11-29 12:55:11,197 [ERROR] ConditionMgr:805 - Attr not supported : Dmpu
2024-11-29 12:55:11,198 [ERROR] ConditionMgr:805 - Attr not supported : Dmpu
2024-11-29 12:55:11,198 [ERROR] ConditionMgr:805 - Attr not supported : Dmpu
2024-11-29 12:55:11,198 [ERROR] ConditionMgr:805 - Attr not supported : Dmpu
2024-11-29 12:55:11,198 [ERROR] ConditionMgr:805 - Attr not supported : Dmpu
2024-11-29 12:55:11,198 [ERROR] ConditionMgr:805 - Attr not supported : Dmpu
2024-11-29 12:55:11,198 [ERROR] ConditionMgr:805 - Attr not supported : Dmpu
2024-11-29 12:55:11,199 [ERROR] ConditionMgr:805 - Attr not supported : Dmpu
2024-11-29 12:55:11,199 [ERROR] ConditionMgr:805 - Attr not supported : Dmpu
2024-11-29 12:55:11,199 [ERROR] ConditionMgr:805 - Attr not supported : Dmpu
2024-11-29 12:55:11,199 [ERROR] ConditionMgr:805 - Attr not supported : Dmpu
2024-11-29 12:55:11,199 [ERROR] ConditionMgr:805 - Attr not supported : Dmpu
2024-11-29 12:55:11,199 [ERROR] ConditionMgr:805 - Attr not supported : Dmpu
2024-11-29 12:55:11,199 [ERROR] ConditionMgr:805 - Attr not supported : Dmpu
2024-11-29 12:55:11,200 [ERROR] ConditionMgr:805 - Attr not supported : Dmpu
2024-11-29 12:55:11,200 [ERROR] ConditionMgr:805 - Attr not supported : Dmpu
2024-11-29 12:55:11,200 [ERROR] ConditionMgr:805 - Attr not supported : Dmpu
2024-11-29 12:55:11,200 [ERROR] ConditionMgr:805 - Attr not supported : Dmpu
2024-11-29 12:55:11,200 [ERROR] ConditionMgr:805 - Attr not supported : Dmpu
2024-11-29 12:55:11,200 [ERROR] ConditionMgr:805 - Attr not supported : Dmpu
2024-11-29 12:55:11,201 [ERROR] ConditionMgr:805 - Attr not supported : Dmpu
2024-11-29 12:55:11,201 [ERROR] ConditionMgr:805 - Attr not supported : Dmpu
2024-11-29 12:55:11,201 [ERROR] ConditionMgr:805 - Attr not supported : Dmpu
2024-11-29 12:55:11,201 [ERROR] ConditionMgr:805 - Attr not supported : Dmpu
2024-11-29 12:55:11,201 [ERROR] ConditionMgr:805 - Attr not supported : Dmpu
2024-11-29 12:55:11,202 [ERROR] ConditionMgr:805 - Attr not supported : Dmpu
2024-11-29 12:55:11,202 [ERROR] ConditionMgr:805 - Attr not supported : Dmpu
2024-11-29 12:55:11,202 [ERROR] ConditionMgr:805 - Attr not supported : Dmpu
2024-11-29 12:55:11,202 [ERROR] ConditionMgr:805 - Attr not supported : Dmpu
2024-11-29 12:55:11,202 [ERROR] ConditionMgr:805 - Attr not supported : Dmpu
2024-11-29 12:55:11,202 [ERROR] ConditionMgr:805 - Attr not supported : Dmpu
2024-11-29 12:55:11,203 [ERROR] ConditionMgr:805 - Attr not supported : Dmpu
2024-11-29 12:55:11,203 [ERROR] ConditionMgr:805 - Attr not supported : Dmpu
2024-11-29 12:55:11,203 [ERROR] ConditionMgr:805 - Attr not supported : Dmpu
2024-11-29 12:55:11,203 [ERROR] ConditionMgr:805 - Attr not supported : Dmpu
2024-11-29 12:55:11,204 [ERROR] ConditionMgr:805 - Attr not supported : Dmpu
2024-11-29 12:55:11,204 [ERROR] ConditionMgr:805 - Attr not supported : Dmpu
2024-11-29 12:55:11,204 [ERROR] ConditionMgr:805 - Attr not supported : Dmpu
2024-11-29 12:55:11,204 [ERROR] ConditionMgr:805 - Attr not supported : Dmpu
2024-11-29 12:55:11,204 [ERROR] ConditionMgr:805 - Attr not supported : Dmpu
2024-11-29 12:55:11,204 [ERROR] ConditionMgr:805 - Attr not supported : Dmpu
2024-11-29 12:55:11,226 [WARN] PackLoader:240 - Cannot read IP mode file for RealThread.X-CUBE-RT-Thread_Nano.4.1.1
2024-11-29 12:55:11,251 [WARN] PackLoader:240 - Cannot read IP mode file for STMicroelectronics.FP-ATR-SIGFOX1.3.2.0
2024-11-29 12:55:11,272 [WARN] PackLoader:240 - Cannot read IP mode file for wolfSSL.I-CUBE-wolfSSL.5.7.2
2024-11-29 12:55:11,300 [WARN] ConditionMgr:438 - getConditionDescription Invalid condition id : Cortex-A Device cause : null
2024-11-29 12:55:11,373 [WARN] ConditionMgr:1039 - genDependencies : Invalid condition id : Cortex-A Device cause : null
2024-11-29 12:55:11,373 [WARN] ConditionMgr:1039 - genDependencies : Invalid condition id : Cortex-A Device cause : null
2024-11-29 12:55:11,373 [WARN] ConditionMgr:1039 - genDependencies : Invalid condition id : Cortex-A Device cause : null
2024-11-29 12:55:11,401 [WARN] PackLoader:240 - Cannot read IP mode file for STMicroelectronics.X-CUBE-EEPRMA1.5.1.0
2024-11-29 12:55:11,431 [WARN] PackLoader:240 - Cannot read IP mode file for ITTIA_DB.I-CUBE-ITTIADB.8.9.0
2024-11-29 12:55:11,508 [WARN] PackLoader:240 - Cannot read IP mode file for SEGGER.I-CUBE-embOS.1.3.1
2024-11-29 12:55:11,607 [WARN] PackLoader:240 - Cannot read IP mode file for STMicroelectronics.X-CUBE-ALGOBUILD.1.4.0
2024-11-29 12:55:11,635 [WARN] PackLoader:240 - Cannot read IP mode file for STMicroelectronics.X-CUBE-AI.9.1.0
2024-11-29 12:55:11,663 [WARN] PackLoader:240 - Cannot read IP mode file for STMicroelectronics.X-CUBE-GNSS1.6.0.0
2024-11-29 12:55:11,717 [WARN] PackLoader:240 - Cannot read IP mode file for STMicroelectronics.X-CUBE-AZRTOS-F4.1.1.0
2024-11-29 12:55:11,750 [WARN] PackLoader:240 - Cannot read IP mode file for STMicroelectronics.X-CUBE-ISPU.2.1.0
2024-11-29 12:55:11,778 [WARN] PackLoader:240 - Cannot read IP mode file for STMicroelectronics.X-CUBE-FREERTOS.1.2.0
2024-11-29 12:55:11,827 [WARN] PackLoader:240 - Cannot read IP mode file for STMicroelectronics.X-CUBE-AZRTOS-L5.2.0.0
2024-11-29 12:55:11,866 [WARN] PackLoader:240 - Cannot read IP mode file for STMicroelectronics.X-CUBE-NFC6.3.1.0
2024-11-29 12:55:11,897 [WARN] PackLoader:240 - Cannot read IP mode file for STMicroelectronics.X-CUBE-DPower.1.2.0
2024-11-29 12:55:11,924 [WARN] PackLoader:240 - Cannot read IP mode file for STMicroelectronics.X-CUBE-AI.9.0.0
2024-11-29 12:55:11,954 [WARN] PackLoader:240 - Cannot read IP mode file for STMicroelectronics.X-CUBE-NFC7.1.0.1
2024-11-29 12:55:11,979 [WARN] PackLoader:240 - Cannot read IP mode file for wolfSSL.I-CUBE-wolfTPM.3.2.0
2024-11-29 12:55:12,046 [WARN] ConditionMgr:438 - getConditionDescription Invalid condition id : LAN8742 Phy interface Condition cause : null
2024-11-29 12:55:12,047 [WARN] PackLoader:240 - Cannot read IP mode file for STMicroelectronics.X-CUBE-AZRTOS-L4.2.0.0
2024-11-29 12:55:12,050 [WARN] ConditionMgr:1039 - genDependencies : Invalid condition id : LAN8742 Phy interface Condition cause : null
2024-11-29 12:55:12,050 [WARN] ConditionMgr:1039 - genDependencies : Invalid condition id : LAN8742 Phy interface Condition cause : null
2024-11-29 12:55:12,052 [WARN] ConditionMgr:1039 - genDependencies : Invalid condition id : LAN8742 Phy interface Condition cause : null
2024-11-29 12:55:12,091 [WARN] PackLoader:240 - Cannot read IP mode file for STMicroelectronics.X-CUBE-SFXS2LP1.4.0.0
2024-11-29 12:55:12,168 [WARN] PackLoader:240 - Cannot read IP mode file for STMicroelectronics.X-CUBE-AZRTOS-H7.3.3.0
2024-11-29 12:55:12,236 [WARN] PackLoader:240 - Cannot read IP mode file for STMicroelectronics.X-CUBE-IPS.3.0.0
2024-11-29 12:55:12,295 [WARN] ConditionMgr:438 - getConditionDescription Invalid condition id : UX DEVICE CLASS RTOS Condition cause : null
2024-11-29 12:55:12,295 [WARN] ConditionMgr:438 - getConditionDescription Invalid condition id : UX DEVICE CLASS RTOS Condition cause : null
2024-11-29 12:55:12,298 [WARN] PackLoader:240 - Cannot read IP mode file for STMicroelectronics.X-CUBE-AZRTOS-WB.2.0.0
2024-11-29 12:55:12,301 [WARN] ConditionMgr:1039 - genDependencies : Invalid condition id : UX DEVICE CLASS RTOS Condition cause : null
2024-11-29 12:55:12,301 [WARN] ConditionMgr:1039 - genDependencies : Invalid condition id : UX DEVICE CLASS RTOS Condition cause : null
2024-11-29 12:55:12,303 [WARN] ConditionMgr:1039 - genDependencies : Invalid condition id : UX DEVICE CLASS RTOS Condition cause : null
2024-11-29 12:55:12,303 [WARN] ConditionMgr:1039 - genDependencies : Invalid condition id : UX DEVICE CLASS RTOS Condition cause : null
2024-11-29 12:55:12,304 [WARN] ConditionMgr:1039 - genDependencies : Invalid condition id : UX DEVICE CLASS RTOS Condition cause : null
2024-11-29 12:55:12,329 [WARN] PackLoader:240 - Cannot read IP mode file for STMicroelectronics.X-CUBE-GNSS1.7.0.0
2024-11-29 12:55:12,360 [WARN] PackLoader:240 - Cannot read IP mode file for STMicroelectronics.FP-SNS-STBOX1.2.0.0
2024-11-29 12:55:12,392 [WARN] PackLoader:240 - Cannot read IP mode file for STMicroelectronics.X-CUBE-SUBG2.5.0.0
2024-11-29 12:55:12,418 [WARN] PackLoader:240 - Cannot read IP mode file for Cesanta.I-CUBE-Mongoose.7.13.0
2024-11-29 12:55:12,461 [WARN] PackLoader:240 - Cannot read IP mode file for STMicroelectronics.X-CUBE-AZRTOS-G4.2.0.0
2024-11-29 12:55:12,486 [WARN] PackLoader:240 - Cannot read IP mode file for STMicroelectronics.X-CUBE-ISPU.2.0.0
2024-11-29 12:55:12,509 [WARN] PackLoader:240 - Cannot read IP mode file for STMicroelectronics.X-CUBE-ALS.1.0.2
2024-11-29 12:55:12,606 [WARN] PackLoader:240 - Cannot read IP mode file for STMicroelectronics.X-CUBE-MEMS1.10.0.0
2024-11-29 12:55:12,847 [WARN] PackLoader:240 - Cannot read IP mode file for STMicroelectronics.X-CUBE-TOUCHGFX.4.24.0
2024-11-29 12:55:12,866 [WARN] PackLoader:240 - Cannot read IP mode file for STMicroelectronics.X-CUBE-TOUCHGFX.4.24.1
2024-11-29 12:55:12,884 [WARN] PackLoader:240 - Cannot read IP mode file for portGmbH.I-Cube-SoM-uGOAL.1.1.0
2024-11-29 12:55:12,923 [WARN] PackLoader:240 - Cannot read IP mode file for STMicroelectronics.X-CUBE-AZRTOS-H7RS.1.0.0
2024-11-29 12:55:12,945 [WARN] PackLoader:240 - Cannot read IP mode file for STMicroelectronics.FP-ATR-ASTRA1.2.0.0
2024-11-29 12:55:12,984 [WARN] PackLoader:240 - Cannot read IP mode file for STMicroelectronics.X-CUBE-TOF1.3.4.2
2024-11-29 12:55:13,071 [WARN] PackLoader:240 - Cannot read IP mode file for STMicroelectronics.X-CUBE-AZRTOS-H7.3.2.0
2024-11-29 12:55:13,146 [WARN] PackLoader:240 - Cannot read IP mode file for Infineon.AIROC-Wi-Fi-Bluetooth-STM32.1.6.0
2024-11-29 12:55:13,175 [WARN] PackLoader:240 - Cannot read IP mode file for wolfSSL.I-CUBE-wolfSSH.1.4.17
2024-11-29 12:55:13,176 [INFO] ThirdParty:978 - Integrity check success = true
2024-11-29 12:55:13,176 [INFO] IntegrityCheckThread:100 - exiting critical section [integrity check]
2024-11-29 12:55:13,176 [INFO] IntegrityCheckThread:103 - End integrity checks thread
2024-11-29 12:55:21,847 [INFO] WebApp:167 - Instantiating new browser for Auth
2024-11-29 12:55:23,708 [INFO] WebApp:448 - Apply proxy settings
2024-11-29 12:55:23,708 [INFO] WebApp:533 - Chromium requires no authentication
2024-11-29 12:55:23,737 [INFO] WebApp:476 - Direct internet connection detected
2024-11-29 12:55:23,797 [INFO] WebApp:869 - Register for checkConnection events
2024-11-29 12:55:23,798 [INFO] WebApp:448 - Apply proxy settings
2024-11-29 12:55:23,798 [INFO] WebApp:533 - Chromium requires no authentication
2024-11-29 12:55:23,803 [INFO] WebApp:476 - Direct internet connection detected
2024-11-29 12:55:24,152 [INFO] WebApp:186 - Connection restablished
2024-11-29 12:55:24,423 [INFO] WebApp:220 - Starting web application
2024-11-29 12:55:24,423 [INFO] WebApp:578 - Web application path used D:\ST\STM32CubeIDE_1.16.0\STM32CubeIDE\plugins\com.st.stm32cube.common.mx_6.12.1.202409122256\db\plugins\mcufinder\reactClient1\index.html
2024-11-29 12:55:24,839 [INFO] UserAuth:417 - Internet connection configuration mode: 1
2024-11-29 15:11:07,706 [ERROR] LogOutputStream:75 - [STDERR_REDIRECT] 
