2024-11-28 00:50:17,248 [ERROR] LogOutputStream:75 - [STDERR_REDIRECT] 
2024-11-28 14:43:57,784 [INFO] Activator:176 - 


2024-11-28 14:43:57,792 [INFO] Activator:177 - !SESSION log4j initialized
2024-11-28 14:44:17,869 [INFO] LogOutputStream:77 - [STDOUT_REDIRECT] 
2024-11-28 14:44:34,310 [INFO] ApplicationProperties:184 - Using Application install path: D:\ST\STM32CubeIDE_1.16.0\STM32CubeIDE\plugins\com.st.stm32cube.common.mx_6.12.1.202409122256
2024-11-28 14:44:34,413 [INFO] DbMcusXml:78 - Set database path to: D:\ST\STM32CubeIDE_1.16.0\STM32CubeIDE\plugins\com.st.stm32cube.common.mx_6.12.1.202409122256\\db\/mcu/
2024-11-28 14:44:34,415 [INFO] ApiDb:274 - Set plugin database path to: D:\ST\STM32CubeIDE_1.16.0\STM32CubeIDE\plugins\com.st.stm32cube.common.mx_6.12.1.202409122256\\db\/plugins/boardmanager/
2024-11-28 14:44:34,416 [WARN] ApiDb:259 - Overriding images path with different value:  => D:\ST\STM32CubeIDE_1.16.0\STM32CubeIDE\plugins\com.st.stm32cube.common.mx_6.12.1.202409122256\\db\/plugins/mcufinder/images/
2024-11-28 14:44:34,611 [INFO] ApiDb:250 - Set database path to: C:\Users\Asus\.stmcufinder\plugins\mcufinder//mcu/
2024-11-28 14:44:34,614 [INFO] DbMcusAds:125 - Set database path to: C:\Users\Asus\.stmcufinder\plugins\mcufinder//mcu/
2024-11-28 14:44:34,635 [INFO] CrossReferenceDbSqlite:203 - Set database path to: C:\Users\Asus\.stmcufinder\plugins\mcufinder//mcu/cs/
2024-11-28 14:44:34,985 [INFO] RulesReader:64 - Compatibility file has been processed (297 Rules)
2024-11-28 14:44:35,230 [INFO] DbMcusXml:78 - Set database path to: D:\ST\STM32CubeIDE_1.16.0\STM32CubeIDE\plugins\com.st.stm32cube.common.mx_6.12.1.202409122256\\db\/mcu/
2024-11-28 14:44:35,230 [INFO] ApiDb:274 - Set plugin database path to: D:\ST\STM32CubeIDE_1.16.0\STM32CubeIDE\plugins\com.st.stm32cube.common.mx_6.12.1.202409122256\\db\/plugins/boardmanager/
2024-11-28 14:44:35,231 [INFO] ApiDb:261 - Set plugin images path to: D:\ST\STM32CubeIDE_1.16.0\STM32CubeIDE\plugins\com.st.stm32cube.common.mx_6.12.1.202409122256\\db\/plugins/mcufinder/images/
2024-11-28 14:44:35,231 [WARN] DbFile:41 - Overriding database path with different value: C:\Users\Asus\.stmcufinder\plugins\mcufinder/ => C:\Users\Asus\.stmcufinder\plugins\mcufinder
2024-11-28 14:44:35,231 [INFO] ApiDb:250 - Set database path to: C:\Users\Asus\.stmcufinder\plugins\mcufinder//mcu/
2024-11-28 14:44:35,231 [WARN] DbFile:41 - Overriding database path with different value: C:\Users\Asus\.stmcufinder\plugins\mcufinder/ => C:\Users\Asus\.stmcufinder\plugins\mcufinder
2024-11-28 14:44:35,232 [INFO] DbMcusAds:125 - Set database path to: C:\Users\Asus\.stmcufinder\plugins\mcufinder//mcu/
2024-11-28 14:44:35,232 [WARN] DbFile:41 - Overriding database path with different value: C:\Users\Asus\.stmcufinder\plugins\mcufinder/ => C:\Users\Asus\.stmcufinder\plugins\mcufinder
2024-11-28 14:44:35,232 [WARN] DbFile:41 - Overriding database path with different value: C:\Users\Asus\.stmcufinder\plugins\mcufinder/ => C:\Users\Asus\.stmcufinder\plugins\mcufinder
2024-11-28 14:44:35,232 [INFO] CrossReferenceDbSqlite:203 - Set database path to: C:\Users\Asus\.stmcufinder\plugins\mcufinder//mcu/cs/
2024-11-28 14:44:35,485 [INFO] MainPanel:268 - HeapMemory: 268435456
2024-11-28 14:44:36,143 [INFO] DbMcusXml:78 - Set database path to: D:\ST\STM32CubeIDE_1.16.0\STM32CubeIDE\plugins\com.st.stm32cube.common.mx_6.12.1.202409122256\\db\/mcu/
2024-11-28 14:44:36,144 [INFO] ApiDb:274 - Set plugin database path to: D:\ST\STM32CubeIDE_1.16.0\STM32CubeIDE\plugins\com.st.stm32cube.common.mx_6.12.1.202409122256\\db\/plugins/boardmanager/
2024-11-28 14:44:36,144 [INFO] ApiDb:261 - Set plugin images path to: D:\ST\STM32CubeIDE_1.16.0\STM32CubeIDE\plugins\com.st.stm32cube.common.mx_6.12.1.202409122256\\db\/plugins/mcufinder/images/
2024-11-28 14:44:36,145 [WARN] DbFile:41 - Overriding database path with different value: C:\Users\Asus\.stmcufinder\plugins\mcufinder/ => C:\Users\Asus\.stmcufinder\plugins\mcufinder
2024-11-28 14:44:36,145 [INFO] ApiDb:250 - Set database path to: C:\Users\Asus\.stmcufinder\plugins\mcufinder//mcu/
2024-11-28 14:44:36,146 [WARN] DbFile:41 - Overriding database path with different value: C:\Users\Asus\.stmcufinder\plugins\mcufinder/ => C:\Users\Asus\.stmcufinder\plugins\mcufinder
2024-11-28 14:44:36,146 [INFO] DbMcusAds:125 - Set database path to: C:\Users\Asus\.stmcufinder\plugins\mcufinder//mcu/
2024-11-28 14:44:36,146 [WARN] DbFile:41 - Overriding database path with different value: C:\Users\Asus\.stmcufinder\plugins\mcufinder/ => C:\Users\Asus\.stmcufinder\plugins\mcufinder
2024-11-28 14:44:36,146 [WARN] DbFile:41 - Overriding database path with different value: C:\Users\Asus\.stmcufinder\plugins\mcufinder/ => C:\Users\Asus\.stmcufinder\plugins\mcufinder
2024-11-28 14:44:36,147 [INFO] CrossReferenceDbSqlite:203 - Set database path to: C:\Users\Asus\.stmcufinder\plugins\mcufinder//mcu/cs/
2024-11-28 14:44:36,185 [INFO] ApplicationProperties:184 - Using Application install path: D:\ST\STM32CubeIDE_1.16.0\STM32CubeIDE\plugins\com.st.stm32cube.common.mx_6.12.1.202409122256
2024-11-28 14:44:36,189 [INFO] PluginManage:196 - Search for loadable plugins [exclusion list=, ]
2024-11-28 14:44:36,208 [INFO] PluginManage:310 - Check plugin analytics
2024-11-28 14:44:46,229 [INFO] AnalyticsPlugin:253 - Accepted Software Licenses: STM32CubeMX.6.5.0
2024-11-28 14:44:46,229 [INFO] AnalyticsPlugin:255 - Accepted CMSIS Pack Licenses: 
2024-11-28 14:44:46,230 [INFO] AnalyticsPlugin:257 - Accepted Firmware Licenses: FW.F4.1.27.0,FW.F4.1.28.0
2024-11-28 14:44:46,233 [INFO] PluginManage:359 - Loaded plugin analytics (category:tool,tabindex:-1)
2024-11-28 14:44:46,233 [INFO] PluginManage:310 - Check plugin cadmodel
2024-11-28 14:44:46,289 [INFO] CADModel:105 - Init CAD model plugin
2024-11-28 14:44:46,290 [INFO] PluginManage:359 - Loaded plugin cadmodel (category:power,tabindex:5)
2024-11-28 14:44:46,290 [INFO] PluginManage:310 - Check plugin clock
2024-11-28 14:44:46,318 [INFO] PluginManage:359 - Loaded plugin clock (category:base,tabindex:2)
2024-11-28 14:44:46,318 [INFO] PluginManage:310 - Check plugin ddr
2024-11-28 14:44:46,337 [INFO] PluginManage:359 - Loaded plugin ddr (category:tool,tabindex:6)
2024-11-28 14:44:46,338 [INFO] PluginManage:310 - Check plugin filemanager
2024-11-28 14:44:46,712 [INFO] PluginManage:359 - Loaded plugin filemanager (category:base,tabindex:10)
2024-11-28 14:44:46,712 [INFO] PluginManage:310 - Check plugin ipmanager
2024-11-28 14:44:46,734 [INFO] PluginManage:359 - Loaded plugin ipmanager (category:base,tabindex:5)
2024-11-28 14:44:46,734 [INFO] PluginManage:310 - Check plugin lpbam
2024-11-28 14:44:46,779 [INFO] PluginManage:359 - Loaded plugin lpbam (category:base,tabindex:0)
2024-11-28 14:44:46,779 [INFO] PluginManage:310 - Check plugin memorymap
2024-11-28 14:44:46,833 [INFO] PluginManage:359 - Loaded plugin memorymap (category:base,tabindex:4)
2024-11-28 14:44:46,833 [INFO] PluginManage:310 - Check plugin pinoutandconfiguration
2024-11-28 14:44:46,875 [INFO] PluginManage:359 - Loaded plugin pinoutandconfiguration (category:base,tabindex:1)
2024-11-28 14:44:46,875 [INFO] PluginManage:310 - Check plugin pinoutconfig
2024-11-28 14:44:47,128 [WARN] SupportedApi:132 - Cannot load RTOS API schema: s4s-elt-must-match.1: The content of 'definitions' must match (annotation?, (simpleType | complexType)?, (unique | key | keyref)*)). A problem was found starting at: attribute.
2024-11-28 14:44:47,532 [INFO] PluginManage:359 - Loaded plugin pinoutconfig (category:base,tabindex:0)
2024-11-28 14:44:47,532 [INFO] PluginManage:310 - Check plugin power
2024-11-28 14:44:47,599 [INFO] PluginManage:359 - Loaded plugin power (category:power,tabindex:4)
2024-11-28 14:44:47,600 [INFO] PluginManage:310 - Check plugin projectmanager
2024-11-28 14:44:47,644 [INFO] PluginManage:359 - Loaded plugin projectmanager (category:projectmanager,tabindex:4)
2024-11-28 14:44:47,644 [INFO] PluginManage:310 - Check plugin rif
2024-11-28 14:44:47,701 [INFO] PluginManage:359 - Loaded plugin rif (category:base,tabindex:3)
2024-11-28 14:44:47,701 [INFO] PluginManage:310 - Check plugin thirdparty
2024-11-28 14:44:48,433 [INFO] PluginManage:359 - Loaded plugin thirdparty (category:base,tabindex:-1)
2024-11-28 14:44:48,433 [WARN] IntegrityCheckThread:84 - waiting for thirdparty lock release [integrity check]
2024-11-28 14:44:48,433 [INFO] PluginManage:310 - Check plugin tools
2024-11-28 14:44:48,433 [INFO] IntegrityCheckThread:86 - entering critical section [integrity check]
2024-11-28 14:44:48,434 [INFO] ThirdPartyUpdaterWithRetryManager:70 - Updater plugin not ready yet. [1/15]
2024-11-28 14:44:48,514 [INFO] PluginManage:359 - Loaded plugin tools (category:base,tabindex:7)
2024-11-28 14:44:48,515 [INFO] PluginManage:310 - Check plugin tutovideos
2024-11-28 14:44:49,121 [INFO] PluginManage:359 - Loaded plugin tutovideos (category:base,tabindex:-1)
2024-11-28 14:44:49,121 [INFO] PluginManage:310 - Check plugin updater
2024-11-28 14:44:49,197 [INFO] PluginManage:359 - Loaded plugin updater (category:base,tabindex:12)
2024-11-28 14:44:49,198 [INFO] PluginManage:310 - Check plugin userauth
2024-11-28 14:44:49,226 [INFO] UserAuth:113 - Init User Auth plugin
2024-11-28 14:44:49,227 [INFO] PluginManage:359 - Loaded plugin userauth (category:base,tabindex:14)
2024-11-28 14:44:49,227 [INFO] PluginManage:283 - PluginManage : Loaded plugins [18]
2024-11-28 14:44:49,737 [INFO] PinOutPanel:1561 - setPackage(No Configuration,No Configuration)
2024-11-28 14:44:50,020 [INFO] CADModel:165 - CPN selected for project level
2024-11-28 14:44:50,020 [INFO] CADModel:114 - Register for checkConnection events
2024-11-28 14:44:50,097 [INFO] IPUIPlugin:80 - create IPUIPlugin
2024-11-28 14:44:50,098 [INFO] PluginManager:220 - loadIPPluginJar : add adc
2024-11-28 14:44:50,155 [INFO] IPUIPlugin:80 - create IPUIPlugin
2024-11-28 14:44:50,155 [INFO] PluginManager:220 - loadIPPluginJar : add aes
2024-11-28 14:44:50,230 [INFO] IPUIPlugin:80 - create IPUIPlugin
2024-11-28 14:44:50,231 [INFO] PluginManager:220 - loadIPPluginJar : add can
2024-11-28 14:44:50,281 [INFO] IPUIPlugin:80 - create IPUIPlugin
2024-11-28 14:44:50,282 [INFO] PluginManager:220 - loadIPPluginJar : add comp
2024-11-28 14:44:50,334 [INFO] IPUIPlugin:80 - create IPUIPlugin
2024-11-28 14:44:50,335 [INFO] PluginManager:220 - loadIPPluginJar : add cryp
2024-11-28 14:44:50,363 [INFO] IPUIPlugin:80 - create IPUIPlugin
2024-11-28 14:44:50,363 [INFO] PluginManager:220 - loadIPPluginJar : add ddr_ctrl_phy
2024-11-28 14:44:50,411 [INFO] IPUIPlugin:80 - create IPUIPlugin
2024-11-28 14:44:50,411 [INFO] PluginManager:220 - loadIPPluginJar : add dfsdm
2024-11-28 14:44:50,433 [INFO] IPUIPlugin:80 - create IPUIPlugin
2024-11-28 14:44:50,434 [INFO] PluginManager:220 - loadIPPluginJar : add dma
2024-11-28 14:44:50,539 [INFO] IPUIPlugin:80 - create IPUIPlugin
2024-11-28 14:44:50,539 [INFO] PluginManager:220 - loadIPPluginJar : add dma3
2024-11-28 14:44:50,641 [INFO] IPUIPlugin:80 - create IPUIPlugin
2024-11-28 14:44:50,642 [INFO] PluginManager:220 - loadIPPluginJar : add extmemmanager
2024-11-28 14:44:50,702 [INFO] IPUIPlugin:80 - create IPUIPlugin
2024-11-28 14:44:50,703 [INFO] PluginManager:220 - loadIPPluginJar : add fatfs
2024-11-28 14:44:50,836 [INFO] IPUIPlugin:80 - create IPUIPlugin
2024-11-28 14:44:50,836 [INFO] PluginManager:220 - loadIPPluginJar : add fmc
2024-11-28 14:44:50,886 [INFO] IPUIPlugin:80 - create IPUIPlugin
2024-11-28 14:44:50,886 [INFO] PluginManager:220 - loadIPPluginJar : add freertos
2024-11-28 14:44:50,932 [INFO] IPUIPlugin:80 - create IPUIPlugin
2024-11-28 14:44:50,932 [INFO] PluginManager:220 - loadIPPluginJar : add genericplugin
2024-11-28 14:44:51,114 [INFO] IPUIPlugin:80 - create IPUIPlugin
2024-11-28 14:44:51,114 [INFO] PluginManager:220 - loadIPPluginJar : add gfxmmu
2024-11-28 14:44:51,363 [INFO] IPUIPlugin:80 - create IPUIPlugin
2024-11-28 14:44:51,364 [INFO] PluginManager:220 - loadIPPluginJar : add gic
2024-11-28 14:44:51,391 [INFO] IPUIPlugin:80 - create IPUIPlugin
2024-11-28 14:44:51,391 [INFO] PluginManager:220 - loadIPPluginJar : add gpio
2024-11-28 14:44:51,441 [INFO] ThirdPartyUpdaterWithRetryManager:70 - Updater plugin not ready yet. [2/15]
2024-11-28 14:44:51,597 [INFO] IPUIPlugin:80 - create IPUIPlugin
2024-11-28 14:44:51,597 [INFO] PluginManager:220 - loadIPPluginJar : add gtzc
2024-11-28 14:44:51,675 [INFO] IPUIPlugin:80 - create IPUIPlugin
2024-11-28 14:44:51,676 [INFO] PluginManager:220 - loadIPPluginJar : add hash
2024-11-28 14:44:51,798 [INFO] IPUIPlugin:80 - create IPUIPlugin
2024-11-28 14:44:51,798 [INFO] PluginManager:220 - loadIPPluginJar : add i2c
2024-11-28 14:44:51,898 [INFO] IPUIPlugin:80 - create IPUIPlugin
2024-11-28 14:44:51,899 [INFO] PluginManager:220 - loadIPPluginJar : add i2s
2024-11-28 14:44:52,027 [INFO] IPUIPlugin:80 - create IPUIPlugin
2024-11-28 14:44:52,027 [INFO] PluginManager:220 - loadIPPluginJar : add i3c
2024-11-28 14:44:52,281 [INFO] IPUIPlugin:80 - create IPUIPlugin
2024-11-28 14:44:52,281 [INFO] PluginManager:220 - loadIPPluginJar : add ipddr
2024-11-28 14:44:52,564 [INFO] IPUIPlugin:80 - create IPUIPlugin
2024-11-28 14:44:52,565 [INFO] PluginManager:220 - loadIPPluginJar : add linkedlist
2024-11-28 14:44:52,632 [INFO] IPUIPlugin:80 - create IPUIPlugin
2024-11-28 14:44:52,632 [INFO] PluginManager:220 - loadIPPluginJar : add lorawan
2024-11-28 14:44:52,735 [INFO] IPUIPlugin:80 - create IPUIPlugin
2024-11-28 14:44:52,735 [INFO] PluginManager:220 - loadIPPluginJar : add ltdc
2024-11-28 14:44:52,768 [INFO] IPUIPlugin:80 - create IPUIPlugin
2024-11-28 14:44:52,769 [INFO] PluginManager:220 - loadIPPluginJar : add mdma
2024-11-28 14:44:52,796 [INFO] IPUIPlugin:80 - create IPUIPlugin
2024-11-28 14:44:52,796 [INFO] PluginManager:220 - loadIPPluginJar : add nvic
2024-11-28 14:44:52,921 [INFO] IPUIPlugin:80 - create IPUIPlugin
2024-11-28 14:44:52,923 [INFO] PluginManager:220 - loadIPPluginJar : add opamp
2024-11-28 14:44:53,123 [INFO] IPUIPlugin:80 - create IPUIPlugin
2024-11-28 14:44:53,123 [INFO] PluginManager:220 - loadIPPluginJar : add openamp
2024-11-28 14:44:53,221 [INFO] IPUIPlugin:80 - create IPUIPlugin
2024-11-28 14:44:53,221 [INFO] PluginManager:220 - loadIPPluginJar : add pdm2pcm
2024-11-28 14:44:53,244 [INFO] IPUIPlugin:80 - create IPUIPlugin
2024-11-28 14:44:53,250 [INFO] PluginManager:220 - loadIPPluginJar : add plateformsettings
2024-11-28 14:44:53,294 [INFO] IPUIPlugin:80 - create IPUIPlugin
2024-11-28 14:44:53,294 [INFO] PluginManager:220 - loadIPPluginJar : add quadspi
2024-11-28 14:44:53,363 [INFO] IPUIPlugin:80 - create IPUIPlugin
2024-11-28 14:44:53,382 [INFO] PluginManager:220 - loadIPPluginJar : add radio
2024-11-28 14:44:53,413 [INFO] IPUIPlugin:80 - create IPUIPlugin
2024-11-28 14:44:53,413 [INFO] PluginManager:220 - loadIPPluginJar : add resmgrutility
2024-11-28 14:44:53,528 [INFO] IPUIPlugin:80 - create IPUIPlugin
2024-11-28 14:44:53,528 [INFO] PluginManager:220 - loadIPPluginJar : add sai
2024-11-28 14:44:53,667 [INFO] IPUIPlugin:80 - create IPUIPlugin
2024-11-28 14:44:53,667 [INFO] PluginManager:220 - loadIPPluginJar : add spi
2024-11-28 14:44:53,870 [INFO] IPUIPlugin:80 - create IPUIPlugin
2024-11-28 14:44:53,870 [INFO] PluginManager:220 - loadIPPluginJar : add stm32_wpan
2024-11-28 14:44:53,923 [INFO] IPUIPlugin:80 - create IPUIPlugin
2024-11-28 14:44:53,923 [INFO] PluginManager:220 - loadIPPluginJar : add tim
2024-11-28 14:44:54,055 [INFO] IPUIPlugin:80 - create IPUIPlugin
2024-11-28 14:44:54,055 [INFO] PluginManager:220 - loadIPPluginJar : add touchsensing
2024-11-28 14:44:54,118 [INFO] IPUIPlugin:80 - create IPUIPlugin
2024-11-28 14:44:54,118 [INFO] PluginManager:220 - loadIPPluginJar : add tracer_emb
2024-11-28 14:44:54,164 [INFO] IPUIPlugin:80 - create IPUIPlugin
2024-11-28 14:44:54,164 [INFO] PluginManager:220 - loadIPPluginJar : add ts
2024-11-28 14:44:54,248 [INFO] IPUIPlugin:80 - create IPUIPlugin
2024-11-28 14:44:54,248 [INFO] PluginManager:220 - loadIPPluginJar : add tsc
2024-11-28 14:44:54,319 [INFO] IPUIPlugin:80 - create IPUIPlugin
2024-11-28 14:44:54,320 [INFO] PluginManager:220 - loadIPPluginJar : add ucpd
2024-11-28 14:44:54,459 [INFO] ThirdPartyUpdaterWithRetryManager:70 - Updater plugin not ready yet. [3/15]
2024-11-28 14:44:54,535 [INFO] IPUIPlugin:80 - create IPUIPlugin
2024-11-28 14:44:54,536 [INFO] PluginManager:220 - loadIPPluginJar : add usart
2024-11-28 14:44:54,746 [INFO] IPUIPlugin:80 - create IPUIPlugin
2024-11-28 14:44:54,746 [INFO] PluginManager:220 - loadIPPluginJar : add usbx
2024-11-28 14:44:55,144 [INFO] CADModel:165 - CPN selected for project level
2024-11-28 14:44:55,144 [INFO] CADModel:114 - Register for checkConnection events
2024-11-28 14:44:55,144 [FATAL] Updater:334 - Updater called before beeing initialized
2024-11-28 14:44:55,145 [ERROR] CADModel:125 - Updater not yet initialized, retry later 
2024-11-28 14:44:56,316 [INFO] CADModel:165 - CPN selected for project level
2024-11-28 14:44:56,316 [INFO] CADModel:114 - Register for checkConnection events
2024-11-28 14:44:56,316 [FATAL] Updater:334 - Updater called before beeing initialized
2024-11-28 14:44:56,316 [ERROR] CADModel:125 - Updater not yet initialized, retry later 
2024-11-28 14:44:56,337 [FATAL] Updater:334 - Updater called before beeing initialized
2024-11-28 14:44:56,951 [FATAL] Updater:334 - Updater called before beeing initialized
2024-11-28 14:44:57,007 [INFO] DbMcusAds:53 - JSON generation date=Fri Sep 20 20:04:38 ICT 2024 (1726837478367)
2024-11-28 14:44:57,008 [FATAL] Updater:334 - Updater called before beeing initialized
2024-11-28 14:44:57,354 [WARN] DetailPanel:346 - Failed to get advertising image, set to default
2024-11-28 14:44:57,465 [INFO] ThirdPartyUpdaterWithRetryManager:70 - Updater plugin not ready yet. [4/15]
2024-11-28 14:44:57,647 [FATAL] Updater:334 - Updater called before beeing initialized
2024-11-28 14:44:57,651 [FATAL] Updater:334 - Updater called before beeing initialized
2024-11-28 14:44:57,651 [FATAL] Updater:334 - Updater called before beeing initialized
2024-11-28 14:44:57,651 [WARN] DetailPanel:346 - Failed to get advertising image, set to default
2024-11-28 14:44:57,653 [FATAL] Updater:334 - Updater called before beeing initialized
2024-11-28 14:44:57,955 [ERROR] Updater:1164 - MainUpdater not yet initialized. External WinMGr cannot be set.
2024-11-28 14:44:58,010 [INFO] Updater:1100 - Updater Version found : 6.12.1
2024-11-28 14:44:58,061 [INFO] ApplicationProperties:184 - Using Application install path: D:\ST\STM32CubeIDE_1.16.0\STM32CubeIDE\plugins\com.st.stm32cube.common.mx_6.12.1.202409122256
2024-11-28 14:44:59,092 [INFO] MainUpdater:2873 - connection check result : 10
2024-11-28 14:44:59,093 [INFO] MainUpdater:290 - Updater Check For Update Now.
2024-11-28 14:44:59,093 [INFO] MicroXplorer:498 - Change Database Version : DB.6.0.121
2024-11-28 14:44:59,181 [INFO] McuFinderGlobals:63 - Set McuFinder mode to 2 (CubeIDE integrated)
2024-11-28 14:44:59,201 [INFO] UserAuth:417 - Internet connection configuration mode: 1
2024-11-28 14:44:59,358 [INFO] JxBrowserEngine:152 - Initiate JxBrowser Engine with user profile folder
2024-11-28 14:44:59,793 [INFO] CheckServerUpdateThread:120 - End of CheckServer Thread
2024-11-28 14:45:01,424 [WARN] PackLoader:240 - Cannot read IP mode file for STMicroelectronics.FP-SNS-MOTENVWB1.1.4.0
2024-11-28 14:45:01,480 [WARN] PackLoader:240 - Cannot read IP mode file for STMicroelectronics.FP-ATR-ASTRA1.2.0.1
2024-11-28 14:45:01,555 [WARN] PackLoader:240 - Cannot read IP mode file for STMicroelectronics.X-CUBE-SMBUS.2.1.0
2024-11-28 14:45:01,603 [WARN] PackLoader:240 - Cannot read IP mode file for STMicroelectronics.X-CUBE-WB05N.1.1.0
2024-11-28 14:45:01,782 [WARN] PackLoader:240 - Cannot read IP mode file for STMicroelectronics.X-CUBE-AZRTOS-F7.1.1.0
2024-11-28 14:45:02,126 [WARN] PackLoader:240 - Cannot read IP mode file for STMicroelectronics.X-CUBE-MEMS1.11.0.0
2024-11-28 14:45:03,306 [WARN] PackLoader:240 - Cannot read IP mode file for STMicroelectronics.FP-SNS-FLIGHT1.5.0.2
2024-11-28 14:45:03,348 [WARN] PackLoader:240 - Cannot read IP mode file for STMicroelectronics.X-CUBE-DISPLAY.3.0.0
2024-11-28 14:45:03,499 [WARN] PackLoader:240 - Cannot read IP mode file for STMicroelectronics.X-CUBE-BLE1.7.0.0
2024-11-28 14:45:03,590 [WARN] PackLoader:240 - Cannot read IP mode file for STMicroelectronics.X-CUBE-NFC10.1.0.0
2024-11-28 14:45:03,672 [WARN] PackLoader:240 - Cannot read IP mode file for emotas.I-CUBE-CANOPEN.1.3.0
2024-11-28 14:45:03,865 [WARN] PackLoader:240 - Cannot read IP mode file for STMicroelectronics.X-CUBE-BLEMGR.3.1.0
2024-11-28 14:45:03,910 [WARN] PackLoader:240 - Cannot read IP mode file for STMicroelectronics.FP-SNS-SMARTAG2.1.2.0
2024-11-28 14:45:03,980 [INFO] LogOutputStream:77 - [STDOUT_REDIRECT] 1 : Invalid condition id : UX_CORESTACK_Condition cause : null
2024-11-28 14:45:03,982 [INFO] LogOutputStream:77 - [STDOUT_REDIRECT] 1 : Invalid condition id : UX_CORESTACK_Condition cause : null
2024-11-28 14:45:03,988 [INFO] LogOutputStream:77 - [STDOUT_REDIRECT] 1 : Invalid condition id : UX_CORESTACK_Condition cause : null
2024-11-28 14:45:03,992 [INFO] LogOutputStream:77 - [STDOUT_REDIRECT] 1 : Invalid condition id : UX_CORESTACK_Condition cause : null
2024-11-28 14:45:03,995 [INFO] LogOutputStream:77 - [STDOUT_REDIRECT] 1 : Invalid condition id : UX_CORESTACK_Condition cause : null
2024-11-28 14:45:04,006 [WARN] PackLoader:240 - Cannot read IP mode file for STMicroelectronics.X-CUBE-AZRTOS-WL.2.0.0
2024-11-28 14:45:04,046 [WARN] PackLoader:240 - Cannot read IP mode file for STMicroelectronics.FP-SNS-MOTENV1.5.0.0
2024-11-28 14:45:04,097 [WARN] PackLoader:240 - Cannot read IP mode file for wolfSSL.I-CUBE-wolfMQTT.1.19.0
2024-11-28 14:45:04,146 [WARN] PackLoader:240 - Cannot read IP mode file for WES.I-CUBE-Cesium.1.3.0
2024-11-28 14:45:04,256 [WARN] PackLoader:240 - Cannot read IP mode file for STMicroelectronics.X-CUBE-BLE2.3.3.0
2024-11-28 14:45:04,372 [WARN] PackLoader:240 - Cannot read IP mode file for STMicroelectronics.X-CUBE-NFC9.1.0.0
2024-11-28 14:45:04,436 [WARN] PackLoader:240 - Cannot read IP mode file for STMicroelectronics.X-CUBE-TCPP.4.1.0
2024-11-28 14:45:04,519 [WARN] PackLoader:240 - Cannot read IP mode file for STMicroelectronics.X-CUBE-AZRTOS-G0.1.1.0
2024-11-28 14:45:04,601 [WARN] PackLoader:240 - Cannot read IP mode file for STMicroelectronics.X-CUBE-SAFEA1.1.2.2
2024-11-28 14:45:04,647 [WARN] PackLoader:240 - Cannot read IP mode file for STMicroelectronics.X-CUBE-NFC4.3.0.0
2024-11-28 14:45:04,704 [WARN] PackLoader:240 - Cannot read IP mode file for EmbeddedOffice.I-CUBE-FS-RTOS.1.0.1
2024-11-28 14:45:04,704 [ERROR] ConditionMgr:805 - Attr not supported : Dmpu
2024-11-28 14:45:04,705 [ERROR] ConditionMgr:805 - Attr not supported : Dmpu
2024-11-28 14:45:04,705 [ERROR] ConditionMgr:805 - Attr not supported : Dmpu
2024-11-28 14:45:04,705 [ERROR] ConditionMgr:805 - Attr not supported : Dmpu
2024-11-28 14:45:04,705 [ERROR] ConditionMgr:805 - Attr not supported : Dmpu
2024-11-28 14:45:04,705 [ERROR] ConditionMgr:805 - Attr not supported : Dmpu
2024-11-28 14:45:04,706 [ERROR] ConditionMgr:805 - Attr not supported : Dmpu
2024-11-28 14:45:04,707 [ERROR] ConditionMgr:805 - Attr not supported : Dmpu
2024-11-28 14:45:04,707 [ERROR] ConditionMgr:805 - Attr not supported : Dmpu
2024-11-28 14:45:04,707 [ERROR] ConditionMgr:805 - Attr not supported : Dmpu
2024-11-28 14:45:04,707 [ERROR] ConditionMgr:805 - Attr not supported : Dmpu
2024-11-28 14:45:04,708 [ERROR] ConditionMgr:805 - Attr not supported : Dmpu
2024-11-28 14:45:04,709 [ERROR] ConditionMgr:805 - Attr not supported : Dmpu
2024-11-28 14:45:04,709 [ERROR] ConditionMgr:805 - Attr not supported : Dmpu
2024-11-28 14:45:04,709 [ERROR] ConditionMgr:805 - Attr not supported : Dmpu
2024-11-28 14:45:04,709 [ERROR] ConditionMgr:805 - Attr not supported : Dmpu
2024-11-28 14:45:04,710 [ERROR] ConditionMgr:805 - Attr not supported : Dmpu
2024-11-28 14:45:04,710 [ERROR] ConditionMgr:805 - Attr not supported : Dmpu
2024-11-28 14:45:04,710 [ERROR] ConditionMgr:805 - Attr not supported : Dmpu
2024-11-28 14:45:04,710 [ERROR] ConditionMgr:805 - Attr not supported : Dmpu
2024-11-28 14:45:04,711 [ERROR] ConditionMgr:805 - Attr not supported : Dmpu
2024-11-28 14:45:04,711 [ERROR] ConditionMgr:805 - Attr not supported : Dmpu
2024-11-28 14:45:04,711 [ERROR] ConditionMgr:805 - Attr not supported : Dmpu
2024-11-28 14:45:04,712 [ERROR] ConditionMgr:805 - Attr not supported : Dmpu
2024-11-28 14:45:04,712 [ERROR] ConditionMgr:805 - Attr not supported : Dmpu
2024-11-28 14:45:04,712 [ERROR] ConditionMgr:805 - Attr not supported : Dmpu
2024-11-28 14:45:04,712 [ERROR] ConditionMgr:805 - Attr not supported : Dmpu
2024-11-28 14:45:04,712 [ERROR] ConditionMgr:805 - Attr not supported : Dmpu
2024-11-28 14:45:04,713 [ERROR] ConditionMgr:805 - Attr not supported : Dmpu
2024-11-28 14:45:04,713 [ERROR] ConditionMgr:805 - Attr not supported : Dmpu
2024-11-28 14:45:04,713 [ERROR] ConditionMgr:805 - Attr not supported : Dmpu
2024-11-28 14:45:04,713 [ERROR] ConditionMgr:805 - Attr not supported : Dmpu
2024-11-28 14:45:04,713 [ERROR] ConditionMgr:805 - Attr not supported : Dmpu
2024-11-28 14:45:04,714 [ERROR] ConditionMgr:805 - Attr not supported : Dmpu
2024-11-28 14:45:04,714 [ERROR] ConditionMgr:805 - Attr not supported : Dmpu
2024-11-28 14:45:04,714 [ERROR] ConditionMgr:805 - Attr not supported : Dmpu
2024-11-28 14:45:04,714 [ERROR] ConditionMgr:805 - Attr not supported : Dmpu
2024-11-28 14:45:04,715 [ERROR] ConditionMgr:805 - Attr not supported : Dmpu
2024-11-28 14:45:04,715 [ERROR] ConditionMgr:805 - Attr not supported : Dmpu
2024-11-28 14:45:04,715 [ERROR] ConditionMgr:805 - Attr not supported : Dmpu
2024-11-28 14:45:04,715 [ERROR] ConditionMgr:805 - Attr not supported : Dmpu
2024-11-28 14:45:04,715 [ERROR] ConditionMgr:805 - Attr not supported : Dmpu
2024-11-28 14:45:04,715 [ERROR] ConditionMgr:805 - Attr not supported : Dmpu
2024-11-28 14:45:04,716 [ERROR] ConditionMgr:805 - Attr not supported : Dmpu
2024-11-28 14:45:04,716 [ERROR] ConditionMgr:805 - Attr not supported : Dmpu
2024-11-28 14:45:04,716 [ERROR] ConditionMgr:805 - Attr not supported : Dmpu
2024-11-28 14:45:04,716 [ERROR] ConditionMgr:805 - Attr not supported : Dmpu
2024-11-28 14:45:04,716 [ERROR] ConditionMgr:805 - Attr not supported : Dmpu
2024-11-28 14:45:04,716 [ERROR] ConditionMgr:805 - Attr not supported : Dmpu
2024-11-28 14:45:04,716 [ERROR] ConditionMgr:805 - Attr not supported : Dmpu
2024-11-28 14:45:04,717 [ERROR] ConditionMgr:805 - Attr not supported : Dmpu
2024-11-28 14:45:04,718 [ERROR] ConditionMgr:805 - Attr not supported : Dmpu
2024-11-28 14:45:04,719 [ERROR] ConditionMgr:805 - Attr not supported : Dmpu
2024-11-28 14:45:04,719 [ERROR] ConditionMgr:805 - Attr not supported : Dmpu
2024-11-28 14:45:04,719 [ERROR] ConditionMgr:805 - Attr not supported : Dmpu
2024-11-28 14:45:04,719 [ERROR] ConditionMgr:805 - Attr not supported : Dmpu
2024-11-28 14:45:04,720 [ERROR] ConditionMgr:805 - Attr not supported : Dmpu
2024-11-28 14:45:04,720 [ERROR] ConditionMgr:805 - Attr not supported : Dmpu
2024-11-28 14:45:04,720 [ERROR] ConditionMgr:805 - Attr not supported : Dmpu
2024-11-28 14:45:04,720 [ERROR] ConditionMgr:805 - Attr not supported : Dmpu
2024-11-28 14:45:04,720 [ERROR] ConditionMgr:805 - Attr not supported : Dmpu
2024-11-28 14:45:04,720 [ERROR] ConditionMgr:805 - Attr not supported : Dmpu
2024-11-28 14:45:04,721 [ERROR] ConditionMgr:805 - Attr not supported : Dmpu
2024-11-28 14:45:04,721 [ERROR] ConditionMgr:805 - Attr not supported : Dmpu
2024-11-28 14:45:04,785 [WARN] PackLoader:240 - Cannot read IP mode file for RealThread.X-CUBE-RT-Thread_Nano.4.1.1
2024-11-28 14:45:04,860 [WARN] PackLoader:240 - Cannot read IP mode file for STMicroelectronics.FP-ATR-SIGFOX1.3.2.0
2024-11-28 14:45:04,904 [WARN] PackLoader:240 - Cannot read IP mode file for wolfSSL.I-CUBE-wolfSSL.5.7.2
2024-11-28 14:45:04,941 [WARN] ConditionMgr:438 - getConditionDescription Invalid condition id : Cortex-A Device cause : null
2024-11-28 14:45:05,037 [WARN] ConditionMgr:1039 - genDependencies : Invalid condition id : Cortex-A Device cause : null
2024-11-28 14:45:05,038 [WARN] ConditionMgr:1039 - genDependencies : Invalid condition id : Cortex-A Device cause : null
2024-11-28 14:45:05,039 [WARN] ConditionMgr:1039 - genDependencies : Invalid condition id : Cortex-A Device cause : null
2024-11-28 14:45:05,095 [WARN] PackLoader:240 - Cannot read IP mode file for STMicroelectronics.X-CUBE-EEPRMA1.5.1.0
2024-11-28 14:45:05,155 [WARN] PackLoader:240 - Cannot read IP mode file for ITTIA_DB.I-CUBE-ITTIADB.8.9.0
2024-11-28 14:45:05,288 [WARN] PackLoader:240 - Cannot read IP mode file for SEGGER.I-CUBE-embOS.1.3.1
2024-11-28 14:45:05,541 [WARN] PackLoader:240 - Cannot read IP mode file for STMicroelectronics.X-CUBE-ALGOBUILD.1.4.0
2024-11-28 14:45:05,609 [WARN] PackLoader:240 - Cannot read IP mode file for STMicroelectronics.X-CUBE-AI.9.1.0
2024-11-28 14:45:05,729 [WARN] PackLoader:240 - Cannot read IP mode file for STMicroelectronics.X-CUBE-GNSS1.6.0.0
2024-11-28 14:45:05,831 [WARN] PackLoader:240 - Cannot read IP mode file for STMicroelectronics.X-CUBE-AZRTOS-F4.1.1.0
2024-11-28 14:45:05,920 [WARN] PackLoader:240 - Cannot read IP mode file for STMicroelectronics.X-CUBE-ISPU.2.1.0
2024-11-28 14:45:05,978 [WARN] PackLoader:240 - Cannot read IP mode file for STMicroelectronics.X-CUBE-FREERTOS.1.2.0
2024-11-28 14:45:06,077 [WARN] PackLoader:240 - Cannot read IP mode file for STMicroelectronics.X-CUBE-AZRTOS-L5.2.0.0
2024-11-28 14:45:06,156 [WARN] PackLoader:240 - Cannot read IP mode file for STMicroelectronics.X-CUBE-NFC6.3.1.0
2024-11-28 14:45:06,259 [WARN] PackLoader:240 - Cannot read IP mode file for STMicroelectronics.X-CUBE-DPower.1.2.0
2024-11-28 14:45:06,420 [WARN] PackLoader:240 - Cannot read IP mode file for STMicroelectronics.X-CUBE-AI.9.0.0
2024-11-28 14:45:06,488 [WARN] PackLoader:240 - Cannot read IP mode file for STMicroelectronics.X-CUBE-NFC7.1.0.1
2024-11-28 14:45:06,558 [WARN] PackLoader:240 - Cannot read IP mode file for wolfSSL.I-CUBE-wolfTPM.3.2.0
2024-11-28 14:45:07,036 [WARN] ConditionMgr:438 - getConditionDescription Invalid condition id : LAN8742 Phy interface Condition cause : null
2024-11-28 14:45:07,037 [WARN] PackLoader:240 - Cannot read IP mode file for STMicroelectronics.X-CUBE-AZRTOS-L4.2.0.0
2024-11-28 14:45:07,039 [WARN] ConditionMgr:1039 - genDependencies : Invalid condition id : LAN8742 Phy interface Condition cause : null
2024-11-28 14:45:07,040 [WARN] ConditionMgr:1039 - genDependencies : Invalid condition id : LAN8742 Phy interface Condition cause : null
2024-11-28 14:45:07,043 [WARN] ConditionMgr:1039 - genDependencies : Invalid condition id : LAN8742 Phy interface Condition cause : null
2024-11-28 14:45:07,260 [WARN] PackLoader:240 - Cannot read IP mode file for STMicroelectronics.X-CUBE-SFXS2LP1.4.0.0
2024-11-28 14:45:07,378 [WARN] PackLoader:240 - Cannot read IP mode file for STMicroelectronics.X-CUBE-AZRTOS-H7.3.3.0
2024-11-28 14:45:07,468 [WARN] PackLoader:240 - Cannot read IP mode file for STMicroelectronics.X-CUBE-IPS.3.0.0
2024-11-28 14:45:07,596 [WARN] ConditionMgr:438 - getConditionDescription Invalid condition id : UX DEVICE CLASS RTOS Condition cause : null
2024-11-28 14:45:07,597 [WARN] ConditionMgr:438 - getConditionDescription Invalid condition id : UX DEVICE CLASS RTOS Condition cause : null
2024-11-28 14:45:07,608 [WARN] PackLoader:240 - Cannot read IP mode file for STMicroelectronics.X-CUBE-AZRTOS-WB.2.0.0
2024-11-28 14:45:07,609 [WARN] ConditionMgr:1039 - genDependencies : Invalid condition id : UX DEVICE CLASS RTOS Condition cause : null
2024-11-28 14:45:07,609 [WARN] ConditionMgr:1039 - genDependencies : Invalid condition id : UX DEVICE CLASS RTOS Condition cause : null
2024-11-28 14:45:07,610 [WARN] ConditionMgr:1039 - genDependencies : Invalid condition id : UX DEVICE CLASS RTOS Condition cause : null
2024-11-28 14:45:07,611 [WARN] ConditionMgr:1039 - genDependencies : Invalid condition id : UX DEVICE CLASS RTOS Condition cause : null
2024-11-28 14:45:07,611 [WARN] ConditionMgr:1039 - genDependencies : Invalid condition id : UX DEVICE CLASS RTOS Condition cause : null
2024-11-28 14:45:07,886 [WARN] PackLoader:240 - Cannot read IP mode file for STMicroelectronics.X-CUBE-GNSS1.7.0.0
2024-11-28 14:45:08,010 [WARN] PackLoader:240 - Cannot read IP mode file for STMicroelectronics.FP-SNS-STBOX1.2.0.0
2024-11-28 14:45:08,106 [WARN] PackLoader:240 - Cannot read IP mode file for STMicroelectronics.X-CUBE-SUBG2.5.0.0
2024-11-28 14:45:08,145 [WARN] PackLoader:240 - Cannot read IP mode file for Cesanta.I-CUBE-Mongoose.7.13.0
2024-11-28 14:45:08,258 [WARN] PackLoader:240 - Cannot read IP mode file for STMicroelectronics.X-CUBE-AZRTOS-G4.2.0.0
2024-11-28 14:45:08,352 [WARN] PackLoader:240 - Cannot read IP mode file for STMicroelectronics.X-CUBE-ISPU.2.0.0
2024-11-28 14:45:08,562 [WARN] PackLoader:240 - Cannot read IP mode file for STMicroelectronics.X-CUBE-ALS.1.0.2
2024-11-28 14:45:08,737 [WARN] PackLoader:240 - Cannot read IP mode file for STMicroelectronics.X-CUBE-MEMS1.10.0.0
2024-11-28 14:45:09,264 [WARN] PackLoader:240 - Cannot read IP mode file for STMicroelectronics.X-CUBE-TOUCHGFX.4.24.0
2024-11-28 14:45:09,294 [WARN] PackLoader:240 - Cannot read IP mode file for STMicroelectronics.X-CUBE-TOUCHGFX.4.24.1
2024-11-28 14:45:09,328 [WARN] PackLoader:240 - Cannot read IP mode file for portGmbH.I-Cube-SoM-uGOAL.1.1.0
2024-11-28 14:45:09,402 [WARN] PackLoader:240 - Cannot read IP mode file for STMicroelectronics.X-CUBE-AZRTOS-H7RS.1.0.0
2024-11-28 14:45:09,432 [WARN] PackLoader:240 - Cannot read IP mode file for STMicroelectronics.FP-ATR-ASTRA1.2.0.0
2024-11-28 14:45:09,482 [WARN] PackLoader:240 - Cannot read IP mode file for STMicroelectronics.X-CUBE-TOF1.3.4.2
2024-11-28 14:45:09,593 [WARN] PackLoader:240 - Cannot read IP mode file for STMicroelectronics.X-CUBE-AZRTOS-H7.3.2.0
2024-11-28 14:45:09,679 [WARN] PackLoader:240 - Cannot read IP mode file for Infineon.AIROC-Wi-Fi-Bluetooth-STM32.1.6.0
2024-11-28 14:45:09,922 [WARN] PackLoader:240 - Cannot read IP mode file for wolfSSL.I-CUBE-wolfSSH.1.4.17
2024-11-28 14:45:09,924 [INFO] ThirdParty:978 - Integrity check success = true
2024-11-28 14:45:09,924 [INFO] IntegrityCheckThread:100 - exiting critical section [integrity check]
2024-11-28 14:45:09,924 [INFO] IntegrityCheckThread:103 - End integrity checks thread
2024-11-28 14:45:27,950 [INFO] WebApp:167 - Instantiating new browser for Auth
2024-11-28 14:45:32,529 [INFO] WebApp:448 - Apply proxy settings
2024-11-28 14:45:32,530 [INFO] WebApp:533 - Chromium requires no authentication
2024-11-28 14:45:32,579 [INFO] WebApp:476 - Direct internet connection detected
2024-11-28 14:45:32,721 [INFO] WebApp:869 - Register for checkConnection events
2024-11-28 14:45:32,721 [INFO] WebApp:448 - Apply proxy settings
2024-11-28 14:45:32,722 [INFO] WebApp:533 - Chromium requires no authentication
2024-11-28 14:45:32,722 [INFO] WebApp:476 - Direct internet connection detected
2024-11-28 14:45:33,807 [INFO] WebApp:220 - Starting web application
2024-11-28 14:45:33,808 [INFO] WebApp:578 - Web application path used D:\ST\STM32CubeIDE_1.16.0\STM32CubeIDE\plugins\com.st.stm32cube.common.mx_6.12.1.202409122256\db\plugins\mcufinder\reactClient1\index.html
2024-11-28 14:45:34,132 [INFO] WebApp:186 - Connection restablished
2024-11-28 14:45:34,621 [INFO] UserAuth:417 - Internet connection configuration mode: 1
2024-11-28 20:33:59,181 [INFO] WebApp:189 - Connection lost
2024-11-28 20:34:00,344 [INFO] WebApp:186 - Connection restablished
2024-11-28 20:34:01,256 [INFO] WebApp:189 - Connection lost
2024-11-28 20:34:01,667 [INFO] WebApp:186 - Connection restablished
2024-11-28 20:34:04,992 [INFO] WebApp:189 - Connection lost
2024-11-28 20:34:05,306 [INFO] WebApp:186 - Connection restablished
2024-11-28 20:35:41,273 [INFO] WebApp:189 - Connection lost
2024-11-28 20:35:41,581 [INFO] WebApp:186 - Connection restablished
2024-11-28 20:35:44,725 [INFO] WebApp:189 - Connection lost
2024-11-28 20:35:45,994 [INFO] WebApp:186 - Connection restablished
